----------------- Options ---------------
               batch_size: 1                             
                    beta1: 0.5                           
          checkpoints_dir: /home/otto.tavares/public/iltbi/rxpixp2pixcycle/checkpoints
           continue_train: False                         
                crop_size: 256                           
       custom_images_path: /home/otto.tavares/public/iltbi/train/images/santa_casa_pares/	[default: None]
        custom_masks_path: None                          
       custom_paired_path: None                          
                 dataroot: /home/otto.tavares/public/iltbi/train/images/santa_casa_pares/	[default: None]
           dataset_action: False                         
     dataset_download_dir: /home/otto.tavares/public/iltbi/rxpixp2pixcycle
             dataset_mode: santacasaskfold               	[default: aligned]
             dataset_name: Shenzhen                      
                direction: AtoB                          
              display_env: main                          
             display_freq: 400                           
               display_id: 1                             
            display_ncols: 4                             
             display_port: 8097                          
           display_server: http://localhost              
          display_winsize: 256                           
            download_imgs: False                         
                    epoch: latest                        
              epoch_count: 1                             
                 gan_mode: lsgan                         	[default: vanilla]
  generate_paths_data_csv: False                         
                  gpu_ids: 0                             
                init_gain: 0.02                          
                init_type: normal                        
                 input_nc: 3                             
                     isTB: False                         
                  isTrain: True                          	[default: None]
          is_resume_wandb: False                         
                      job: None                          
                lambda_L1: 50.0                          	[default: 100.0]
                load_iter: 0                             	[default: 0]
                load_size: 256                           	[default: 286]
                       lr: 0.0002                        
           lr_decay_iters: 50                            
                lr_policy: linear                        
         max_dataset_size: inf                           
                    model: pix2pix                       	[default: cycle_gan]
                 n_epochs: 100                           
           n_epochs_decay: 100                           
                  n_folds: 10                            
               n_layers_D: 3                             
                     name: santacasa_test_0_sort_1       	[default: experiment_name]
                      ndf: 64                            
                     netD: basic                         
                     netG: unet_256                      
                      ngf: 64                            
               no_dropout: False                         
                  no_flip: False                         
                  no_html: False                         
                     norm: batch                         
              num_threads: 4                             
                  num_val: 400                           
                output_nc: 3                             
                    phase: train                         
                pool_size: 0                             
               preprocess: resize_and_scale_width        	[default: resize_and_crop]
               print_freq: 100                           
                  project: p2p_santacasa                 	[default: None]
             save_by_iter: False                         
          save_epoch_freq: 5                             
         save_latest_freq: 5000                          
                     seed: 512                           	[default: 512]
           serial_batches: False                         
                     sort: 1                             	[default: 0]
                   suffix:                               
                     test: 0                             
                    token:                               
            train_dataset: True                          
         update_html_freq: 1000                          
                use_wandb: True                          	[default: False]
                 val_freq: 10                            	[default: 400]
                  verbose: False                         
             wandb_entity: otavares                      	[default: brics-tb]
            wandb_fold_id: def_wandb_test_0_sort_1       	[default: None]
----------------- End -------------------
GPU with device 0
                 images    gauss  ... all_together target
0   20220315_184023.jpg      seg  ...          seg      0
1   20220315_184432.jpg      seg  ...          seg      0
2   20220315_184701.jpg  not seg  ...          seg      0
3   20220315_184740.jpg      seg  ...          seg      0
4   20220315_185230.jpg      seg  ...          seg      0
..                  ...      ...  ...          ...    ...
83         IMG_5503.JPG  not seg  ...      not seg      0
84         IMG_5505.JPG      seg  ...          seg      0
85         IMG_5507.JPG      seg  ...          seg      0
86         IMG_5509.JPG      seg  ...          seg      0
87         IMG_5604.JPG      seg  ...          seg      0

[88 rows x 5 columns]
bins selected for val: [1, 2, 3, 4, 5, 6, 7, 8, 9]
bins selected for val: [0, 2, 3, 4, 5, 6, 7, 8, 9]
bins selected for val: [0, 1, 3, 4, 5, 6, 7, 8, 9]
bins selected for val: [0, 1, 2, 4, 5, 6, 7, 8, 9]
bins selected for val: [0, 1, 2, 3, 5, 6, 7, 8, 9]
bins selected for val: [0, 1, 2, 3, 4, 6, 7, 8, 9]
bins selected for val: [0, 1, 2, 3, 4, 5, 7, 8, 9]
bins selected for val: [0, 1, 2, 3, 4, 5, 6, 8, 9]
bins selected for val: [0, 1, 2, 3, 4, 5, 6, 7, 9]
bins selected for val: [0, 1, 2, 3, 4, 5, 6, 7, 8]
dataset [SantaCasaSkfoldDataset] was created
                 images    gauss  ... all_together target
0   20220315_184023.jpg      seg  ...          seg      0
1   20220315_184432.jpg      seg  ...          seg      0
2   20220315_184701.jpg  not seg  ...          seg      0
3   20220315_184740.jpg      seg  ...          seg      0
4   20220315_185230.jpg      seg  ...          seg      0
..                  ...      ...  ...          ...    ...
83         IMG_5503.JPG  not seg  ...      not seg      0
84         IMG_5505.JPG      seg  ...          seg      0
85         IMG_5507.JPG      seg  ...          seg      0
86         IMG_5509.JPG      seg  ...          seg      0
87         IMG_5604.JPG      seg  ...          seg      0

[88 rows x 5 columns]
bins selected for val: [1, 2, 3, 4, 5, 6, 7, 8, 9]
bins selected for val: [0, 2, 3, 4, 5, 6, 7, 8, 9]
bins selected for val: [0, 1, 3, 4, 5, 6, 7, 8, 9]
bins selected for val: [0, 1, 2, 4, 5, 6, 7, 8, 9]
bins selected for val: [0, 1, 2, 3, 5, 6, 7, 8, 9]
bins selected for val: [0, 1, 2, 3, 4, 6, 7, 8, 9]
bins selected for val: [0, 1, 2, 3, 4, 5, 7, 8, 9]
bins selected for val: [0, 1, 2, 3, 4, 5, 6, 8, 9]
bins selected for val: [0, 1, 2, 3, 4, 5, 6, 7, 9]
bins selected for val: [0, 1, 2, 3, 4, 5, 6, 7, 8]
dataset [SantaCasaSkfoldDataset] was created
The number of training images = 40
The number of val images = 6
initialize network with normal
initialize network with normal
model [Pix2PixModel] was created
---------- Networks initialized -------------
[Network G] Total number of parameters : 54.414 M
[Network D] Total number of parameters : 2.769 M
-----------------------------------------------
Exception in user code:
------------------------------------------------------------


Could not connect to Visdom server. 
 Trying to start a server....
Command: /usr/bin/python3 -m visdom.server -p 8097 &>/dev/null &
create web directory /home/otto.tavares/public/iltbi/rxpixp2pixcycle/checkpoints/santacasa_test_0_sort_1/web...
learning rate 0.0002000 -> 0.0002000
OrderedDict([('G_GAN_val', 0.8037390112876892), ('G_L1_val', 26.303180694580078), ('D_real_val', 0.5753793120384216), ('D_fake_val', 0.6301078200340271), ('KL_realB_fakeB_val', 2.100931327430025)])
end of validation step
OrderedDict([('G_GAN_val', 0.9361682534217834), ('G_L1_val', 28.613174438476562), ('D_real_val', 0.8827797770500183), ('D_fake_val', 0.7417592406272888), ('KL_realB_fakeB_val', 1.3864793631548125)])
end of validation step
OrderedDict([('G_GAN_val', 0.7283968925476074), ('G_L1_val', 25.639707565307617), ('D_real_val', 0.6721704006195068), ('D_fake_val', 0.6687381863594055), ('KL_realB_fakeB_val', 2.133675545532584)])
end of validation step
OrderedDict([('G_GAN_val', 0.7980993390083313), ('G_L1_val', 32.89249038696289), ('D_real_val', 0.8675433397293091), ('D_fake_val', 0.7606551051139832), ('KL_realB_fakeB_val', 1.9868262270773134)])
end of validation step
OrderedDict([('G_GAN_val', 1.0082347393035889), ('G_L1_val', 32.271949768066406), ('D_real_val', 0.8346826434135437), ('D_fake_val', 0.7729722857475281), ('KL_realB_fakeB_val', 1.9197311809741908)])
end of validation step
OrderedDict([('G_GAN_val', 0.8745420575141907), ('G_L1_val', 21.571224212646484), ('D_real_val', 0.6828176975250244), ('D_fake_val', 0.6821560263633728), ('KL_realB_fakeB_val', 1.0754232719805392)])
end of validation step
OrderedDict([('G_GAN_val', 1.0844191312789917), ('G_L1_val', 18.27079963684082), ('D_real_val', 0.8826425671577454), ('D_fake_val', 1.0792516469955444), ('KL_realB_fakeB_val', 0.3122733032984037)])
end of validation step
OrderedDict([('G_GAN_val', 0.9504866600036621), ('G_L1_val', 13.232633590698242), ('D_real_val', 0.8066060543060303), ('D_fake_val', 0.8634397983551025), ('KL_realB_fakeB_val', 0.4189567830000219)])
end of validation step
OrderedDict([('G_GAN_val', 0.8562168478965759), ('G_L1_val', 13.820833206176758), ('D_real_val', 0.7346774935722351), ('D_fake_val', 0.8503867387771606), ('KL_realB_fakeB_val', 0.3865131330418394)])
end of validation step
OrderedDict([('G_GAN_val', 1.020400881767273), ('G_L1_val', 19.418930053710938), ('D_real_val', 0.942443311214447), ('D_fake_val', 0.9374200105667114), ('KL_realB_fakeB_val', 0.4658869099688119)])
end of validation step
OrderedDict([('G_GAN_val', 0.849767804145813), ('G_L1_val', 16.273889541625977), ('D_real_val', 0.7819209694862366), ('D_fake_val', 0.9310031533241272), ('KL_realB_fakeB_val', 0.32480451495369295)])
end of validation step
OrderedDict([('G_GAN_val', 1.4485752582550049), ('G_L1_val', 26.679956436157227), ('D_real_val', 1.2654231786727905), ('D_fake_val', 1.4695513248443604), ('KL_realB_fakeB_val', 0.48899108424464627)])
end of validation step
OrderedDict([('G_GAN_val', 0.3679845631122589), ('G_L1_val', 13.53738784790039), ('D_real_val', 0.3515361249446869), ('D_fake_val', 0.3892417252063751), ('KL_realB_fakeB_val', 0.17055149602313602)])
end of validation step
OrderedDict([('G_GAN_val', 0.5251032710075378), ('G_L1_val', 20.42982292175293), ('D_real_val', 0.46771275997161865), ('D_fake_val', 0.49563154578208923), ('KL_realB_fakeB_val', 0.19296560695913362)])
end of validation step
OrderedDict([('G_GAN_val', 0.41141074895858765), ('G_L1_val', 8.905820846557617), ('D_real_val', 0.3578488528728485), ('D_fake_val', 0.4167507588863373), ('KL_realB_fakeB_val', 0.22028212441942552)])
end of validation step
OrderedDict([('G_GAN_val', 0.4974106550216675), ('G_L1_val', 11.301356315612793), ('D_real_val', 0.4418916404247284), ('D_fake_val', 0.4452565014362335), ('KL_realB_fakeB_val', 0.22923548744308875)])
end of validation step
OrderedDict([('G_GAN_val', 0.43956422805786133), ('G_L1_val', 10.019922256469727), ('D_real_val', 0.4545811116695404), ('D_fake_val', 0.4006483256816864), ('KL_realB_fakeB_val', 0.28507485324426196)])
end of validation step
OrderedDict([('G_GAN_val', 0.5116691589355469), ('G_L1_val', 14.5341215133667), ('D_real_val', 0.44941073656082153), ('D_fake_val', 0.5154649019241333), ('KL_realB_fakeB_val', 0.2143912284017342)])
end of validation step
OrderedDict([('G_GAN_val', 0.4500865042209625), ('G_L1_val', 9.549494743347168), ('D_real_val', 0.4284301996231079), ('D_fake_val', 0.4362105131149292), ('KL_realB_fakeB_val', 0.16460292768870147)])
end of validation step
OrderedDict([('G_GAN_val', 0.5084195137023926), ('G_L1_val', 10.384380340576172), ('D_real_val', 0.5404269695281982), ('D_fake_val', 0.4011911153793335), ('KL_realB_fakeB_val', 0.16330392261466886)])
end of validation step
OrderedDict([('G_GAN_val', 0.6180523633956909), ('G_L1_val', 12.490972518920898), ('D_real_val', 0.5347427129745483), ('D_fake_val', 0.5105662941932678), ('KL_realB_fakeB_val', 0.23369979590265239)])
end of validation step
OrderedDict([('G_GAN_val', 0.43931788206100464), ('G_L1_val', 7.683249473571777), ('D_real_val', 0.4147867262363434), ('D_fake_val', 0.4136209189891815), ('KL_realB_fakeB_val', 0.2269514871399985)])
end of validation step
OrderedDict([('G_GAN_val', 0.637340247631073), ('G_L1_val', 15.454314231872559), ('D_real_val', 0.4983847737312317), ('D_fake_val', 0.5500665903091431), ('KL_realB_fakeB_val', 0.11032409779707862)])
end of validation step
OrderedDict([('G_GAN_val', 0.6044501066207886), ('G_L1_val', 12.534475326538086), ('D_real_val', 0.5354228019714355), ('D_fake_val', 0.5386329889297485), ('KL_realB_fakeB_val', 0.19299780116219098)])
end of validation step
End of epoch 1 / 200 	 Time Taken: 7 sec
learning rate 0.0002000 -> 0.0002000
OrderedDict([('G_GAN_val', 0.6873547434806824), ('G_L1_val', 15.17990493774414), ('D_real_val', 0.6063399314880371), ('D_fake_val', 0.5790917873382568), ('KL_realB_fakeB_val', 0.1752020798143124)])
end of validation step
OrderedDict([('G_GAN_val', 0.4449441730976105), ('G_L1_val', 9.490052223205566), ('D_real_val', 0.4211216866970062), ('D_fake_val', 0.3928024470806122), ('KL_realB_fakeB_val', 0.17977992603098364)])
end of validation step
OrderedDict([('G_GAN_val', 0.42922312021255493), ('G_L1_val', 6.358565330505371), ('D_real_val', 0.3691863417625427), ('D_fake_val', 0.3841519355773926), ('KL_realB_fakeB_val', 0.1359103891789876)])
end of validation step
OrderedDict([('G_GAN_val', 0.4714353680610657), ('G_L1_val', 9.762328147888184), ('D_real_val', 0.42794302105903625), ('D_fake_val', 0.3396833837032318), ('KL_realB_fakeB_val', 0.2879397987906353)])
end of validation step
OrderedDict([('G_GAN_val', 0.5352175831794739), ('G_L1_val', 11.913980484008789), ('D_real_val', 0.5284126996994019), ('D_fake_val', 0.45949268341064453), ('KL_realB_fakeB_val', 0.22064652775735377)])
end of validation step
OrderedDict([('G_GAN_val', 0.45639097690582275), ('G_L1_val', 9.553682327270508), ('D_real_val', 0.4487115144729614), ('D_fake_val', 0.38807475566864014), ('KL_realB_fakeB_val', 0.12751370365171394)])
end of validation step
OrderedDict([('G_GAN_val', 0.6943789720535278), ('G_L1_val', 8.017139434814453), ('D_real_val', 0.6960949897766113), ('D_fake_val', 0.6103086471557617), ('KL_realB_fakeB_val', 0.0989631849988814)])
end of validation step
OrderedDict([('G_GAN_val', 0.48250874876976013), ('G_L1_val', 15.456889152526855), ('D_real_val', 0.4344567358493805), ('D_fake_val', 0.35494494438171387), ('KL_realB_fakeB_val', 0.13372056822675027)])
end of validation step
OrderedDict([('G_GAN_val', 0.79141765832901), ('G_L1_val', 4.784947395324707), ('D_real_val', 0.8220969438552856), ('D_fake_val', 0.7448031306266785), ('KL_realB_fakeB_val', 0.10819131331362689)])
end of validation step
OrderedDict([('G_GAN_val', 0.7099481821060181), ('G_L1_val', 10.16035270690918), ('D_real_val', 0.665503740310669), ('D_fake_val', 0.6411043405532837), ('KL_realB_fakeB_val', 0.28192333538831377)])
end of validation step
OrderedDict([('G_GAN_val', 0.8492282629013062), ('G_L1_val', 8.011811256408691), ('D_real_val', 0.9744313359260559), ('D_fake_val', 0.6738609075546265), ('KL_realB_fakeB_val', 0.3108467367872776)])
end of validation step
OrderedDict([('G_GAN_val', 0.7027760148048401), ('G_L1_val', 8.53232192993164), ('D_real_val', 0.7078660726547241), ('D_fake_val', 0.6769849061965942), ('KL_realB_fakeB_val', 0.2725664571386645)])
end of validation step
OrderedDict([('G_GAN_val', 0.33570536971092224), ('G_L1_val', 7.96901798248291), ('D_real_val', 0.348860502243042), ('D_fake_val', 0.36494818329811096), ('KL_realB_fakeB_val', 0.13817974188229692)])
end of validation step
OrderedDict([('G_GAN_val', 0.3640623986721039), ('G_L1_val', 13.917329788208008), ('D_real_val', 0.3493746221065521), ('D_fake_val', 0.33372926712036133), ('KL_realB_fakeB_val', 0.14289658233541824)])
end of validation step
OrderedDict([('G_GAN_val', 0.3890516459941864), ('G_L1_val', 11.836020469665527), ('D_real_val', 0.459004670381546), ('D_fake_val', 0.3131387531757355), ('KL_realB_fakeB_val', 0.2539313776899823)])
end of validation step
OrderedDict([('G_GAN_val', 0.41454288363456726), ('G_L1_val', 14.761524200439453), ('D_real_val', 0.3276471793651581), ('D_fake_val', 0.3427826762199402), ('KL_realB_fakeB_val', 0.5065289887249771)])
end of validation step
OrderedDict([('G_GAN_val', 0.3810864984989166), ('G_L1_val', 12.72026252746582), ('D_real_val', 0.32146450877189636), ('D_fake_val', 0.3548731505870819), ('KL_realB_fakeB_val', 0.20041525195703236)])
end of validation step
OrderedDict([('G_GAN_val', 0.43030354380607605), ('G_L1_val', 16.007160186767578), ('D_real_val', 0.3411322236061096), ('D_fake_val', 0.37714576721191406), ('KL_realB_fakeB_val', 0.24709655038643621)])
end of validation step
OrderedDict([('G_GAN_val', 0.45132651925086975), ('G_L1_val', 15.604537963867188), ('D_real_val', 0.3713158369064331), ('D_fake_val', 0.3034815788269043), ('KL_realB_fakeB_val', 0.15314354981976883)])
end of validation step
OrderedDict([('G_GAN_val', 0.33208543062210083), ('G_L1_val', 5.874987602233887), ('D_real_val', 0.3081711530685425), ('D_fake_val', 0.2842733860015869), ('KL_realB_fakeB_val', 0.14455076743657883)])
end of validation step
OrderedDict([('G_GAN_val', 0.44660523533821106), ('G_L1_val', 14.105611801147461), ('D_real_val', 0.35433220863342285), ('D_fake_val', 0.29363366961479187), ('KL_realB_fakeB_val', 0.13714287522049573)])
end of validation step
OrderedDict([('G_GAN_val', 0.47185301780700684), ('G_L1_val', 13.581859588623047), ('D_real_val', 0.3745453655719757), ('D_fake_val', 0.3497275114059448), ('KL_realB_fakeB_val', 0.2443909518167459)])
end of validation step
OrderedDict([('G_GAN_val', 0.3876655399799347), ('G_L1_val', 10.04671859741211), ('D_real_val', 0.4015175402164459), ('D_fake_val', 0.26086410880088806), ('KL_realB_fakeB_val', 0.3883088874620353)])
end of validation step
OrderedDict([('G_GAN_val', 0.37913820147514343), ('G_L1_val', 11.493627548217773), ('D_real_val', 0.33405977487564087), ('D_fake_val', 0.2669585049152374), ('KL_realB_fakeB_val', 0.20660570824612393)])
end of validation step
End of epoch 2 / 200 	 Time Taken: 4 sec
learning rate 0.0002000 -> 0.0002000
OrderedDict([('G_GAN_val', 0.2943456768989563), ('G_L1_val', 4.033141136169434), ('D_real_val', 0.2762915790081024), ('D_fake_val', 0.3551101088523865), ('KL_realB_fakeB_val', 0.27859777063129365)])
end of validation step
OrderedDict([('G_GAN_val', 0.36549142003059387), ('G_L1_val', 8.11463451385498), ('D_real_val', 0.32924214005470276), ('D_fake_val', 0.3625721037387848), ('KL_realB_fakeB_val', 0.13063416469595804)])
end of validation step
OrderedDict([('G_GAN_val', 0.3503514230251312), ('G_L1_val', 7.512792110443115), ('D_real_val', 0.3601059019565582), ('D_fake_val', 0.33237746357917786), ('KL_realB_fakeB_val', 0.1647733861148325)])
end of validation step
OrderedDict([('G_GAN_val', 0.35051530599594116), ('G_L1_val', 7.5343451499938965), ('D_real_val', 0.3217576742172241), ('D_fake_val', 0.3504955768585205), ('KL_realB_fakeB_val', 0.1882809104435404)])
end of validation step
OrderedDict([('G_GAN_val', 0.31888821721076965), ('G_L1_val', 5.586476802825928), ('D_real_val', 0.3028077185153961), ('D_fake_val', 0.3644985854625702), ('KL_realB_fakeB_val', 0.13630955812421996)])
end of validation step
OrderedDict([('G_GAN_val', 0.4074798822402954), ('G_L1_val', 12.728370666503906), ('D_real_val', 0.3396258056163788), ('D_fake_val', 0.3803640604019165), ('KL_realB_fakeB_val', 0.12326223378945872)])
end of validation step
OrderedDict([('G_GAN', 0.2892531752586365), ('G_L1', 5.78440523147583), ('D_real', 0.3124852776527405), ('D_fake', 0.29097822308540344), ('KL_realB_fakeB', 0.5840666492626282)])
(epoch: 3, iters: 20, time: 0.056, data: 0.822) G_GAN: 0.289 G_L1: 5.784 D_real: 0.312 D_fake: 0.291 KL_realB_fakeB: 0.584 
OrderedDict([('G_GAN_val', 0.29196012020111084), ('G_L1_val', 5.212711334228516), ('D_real_val', 0.28504157066345215), ('D_fake_val', 0.2927018404006958), ('KL_realB_fakeB_val', 1.2393346566110037)])
end of validation step
OrderedDict([('G_GAN_val', 0.351033091545105), ('G_L1_val', 7.840051651000977), ('D_real_val', 0.3402382433414459), ('D_fake_val', 0.30575722455978394), ('KL_realB_fakeB_val', 0.1818762572547034)])
end of validation step
OrderedDict([('G_GAN_val', 0.31932976841926575), ('G_L1_val', 11.43227481842041), ('D_real_val', 0.2820618152618408), ('D_fake_val', 0.28376880288124084), ('KL_realB_fakeB_val', 0.11138037639066112)])
end of validation step
OrderedDict([('G_GAN_val', 0.33252909779548645), ('G_L1_val', 8.073135375976562), ('D_real_val', 0.33053135871887207), ('D_fake_val', 0.25488096475601196), ('KL_realB_fakeB_val', 0.22421476442895283)])
end of validation step
OrderedDict([('G_GAN_val', 0.31459885835647583), ('G_L1_val', 6.56190299987793), ('D_real_val', 0.3175433874130249), ('D_fake_val', 0.31429728865623474), ('KL_realB_fakeB_val', 0.13400272014270503)])
end of validation step
OrderedDict([('G_GAN_val', 0.3061801493167877), ('G_L1_val', 6.31576681137085), ('D_real_val', 0.29324623942375183), ('D_fake_val', 0.27445366978645325), ('KL_realB_fakeB_val', 0.43715077867246327)])
end of validation step
OrderedDict([('G_GAN_val', 0.45630761981010437), ('G_L1_val', 8.909496307373047), ('D_real_val', 0.3693489730358124), ('D_fake_val', 0.3219415843486786), ('KL_realB_fakeB_val', 0.2203432097882406)])
end of validation step
OrderedDict([('G_GAN_val', 0.5063384175300598), ('G_L1_val', 7.063725471496582), ('D_real_val', 0.4586232602596283), ('D_fake_val', 0.35659468173980713), ('KL_realB_fakeB_val', 0.10947542321676175)])
end of validation step
OrderedDict([('G_GAN_val', 0.409343957901001), ('G_L1_val', 5.020636081695557), ('D_real_val', 0.3875299096107483), ('D_fake_val', 0.30700284242630005), ('KL_realB_fakeB_val', 0.1047225293960772)])
end of validation step
OrderedDict([('G_GAN_val', 0.4567035734653473), ('G_L1_val', 8.64400863647461), ('D_real_val', 0.44955283403396606), ('D_fake_val', 0.2956688404083252), ('KL_realB_fakeB_val', 0.24422007043104238)])
end of validation step
OrderedDict([('G_GAN_val', 0.3949408531188965), ('G_L1_val', 7.556703090667725), ('D_real_val', 0.3640604019165039), ('D_fake_val', 0.3109341859817505), ('KL_realB_fakeB_val', 0.35092312825239846)])
end of validation step
OrderedDict([('G_GAN_val', 0.45938944816589355), ('G_L1_val', 10.949006080627441), ('D_real_val', 0.4001142382621765), ('D_fake_val', 0.35334187746047974), ('KL_realB_fakeB_val', 0.23631866269548532)])
end of validation step
OrderedDict([('G_GAN_val', 0.3476935923099518), ('G_L1_val', 7.24434757232666), ('D_real_val', 0.33932924270629883), ('D_fake_val', 0.3188951313495636), ('KL_realB_fakeB_val', 0.18696230683408713)])
end of validation step
OrderedDict([('G_GAN_val', 0.34086182713508606), ('G_L1_val', 6.852839946746826), ('D_real_val', 0.3431026041507721), ('D_fake_val', 0.26524314284324646), ('KL_realB_fakeB_val', 0.18516705360332408)])
end of validation step
OrderedDict([('G_GAN_val', 0.34264472126960754), ('G_L1_val', 6.138808727264404), ('D_real_val', 0.3223084807395935), ('D_fake_val', 0.3081333637237549), ('KL_realB_fakeB_val', 0.16242966144457283)])
end of validation step
OrderedDict([('G_GAN_val', 0.30489495396614075), ('G_L1_val', 3.9854116439819336), ('D_real_val', 0.29167604446411133), ('D_fake_val', 0.29301637411117554), ('KL_realB_fakeB_val', 0.1413367588650284)])
end of validation step
OrderedDict([('G_GAN_val', 0.3295828104019165), ('G_L1_val', 10.810735702514648), ('D_real_val', 0.30936098098754883), ('D_fake_val', 0.33402398228645325), ('KL_realB_fakeB_val', 0.24376179393381908)])
end of validation step
OrderedDict([('G_GAN_val', 0.29534879326820374), ('G_L1_val', 5.1474761962890625), ('D_real_val', 0.29488450288772583), ('D_fake_val', 0.3118358850479126), ('KL_realB_fakeB_val', 0.14303481971038454)])
end of validation step
End of epoch 3 / 200 	 Time Taken: 4 sec
learning rate 0.0002000 -> 0.0002000
OrderedDict([('G_GAN_val', 0.3469286561012268), ('G_L1_val', 8.942681312561035), ('D_real_val', 0.32722654938697815), ('D_fake_val', 0.2535794675350189), ('KL_realB_fakeB_val', 0.10186224744351424)])
end of validation step
OrderedDict([('G_GAN_val', 0.35493338108062744), ('G_L1_val', 6.966269016265869), ('D_real_val', 0.34570184350013733), ('D_fake_val', 0.31763312220573425), ('KL_realB_fakeB_val', 0.10651004830614154)])
end of validation step
OrderedDict([('G_GAN_val', 0.3296360373497009), ('G_L1_val', 5.9045305252075195), ('D_real_val', 0.3150295615196228), ('D_fake_val', 0.27397918701171875), ('KL_realB_fakeB_val', 0.3230850341479182)])
end of validation step
OrderedDict([('G_GAN_val', 0.40668588876724243), ('G_L1_val', 9.479467391967773), ('D_real_val', 0.38042667508125305), ('D_fake_val', 0.3448018729686737), ('KL_realB_fakeB_val', 0.17946303386145568)])
end of validation step
OrderedDict([('G_GAN_val', 0.33055007457733154), ('G_L1_val', 6.1199188232421875), ('D_real_val', 0.3145800530910492), ('D_fake_val', 0.2518344819545746), ('KL_realB_fakeB_val', 0.15856679357925307)])
end of validation step
OrderedDict([('G_GAN_val', 0.39054661989212036), ('G_L1_val', 8.065439224243164), ('D_real_val', 0.36604228615760803), ('D_fake_val', 0.2982860803604126), ('KL_realB_fakeB_val', 0.16155745707049138)])
end of validation step
OrderedDict([('G_GAN_val', 0.3279780447483063), ('G_L1_val', 4.240701675415039), ('D_real_val', 0.3163626194000244), ('D_fake_val', 0.30605825781822205), ('KL_realB_fakeB_val', 0.18979711859782916)])
end of validation step
OrderedDict([('G_GAN_val', 0.35939890146255493), ('G_L1_val', 7.230606555938721), ('D_real_val', 0.3227687180042267), ('D_fake_val', 0.3255770206451416), ('KL_realB_fakeB_val', 0.16884266719562704)])
end of validation step
OrderedDict([('G_GAN_val', 0.35303089022636414), ('G_L1_val', 5.8979620933532715), ('D_real_val', 0.34267497062683105), ('D_fake_val', 0.3035392463207245), ('KL_realB_fakeB_val', 0.12935515852210808)])
end of validation step
OrderedDict([('G_GAN_val', 0.3427869379520416), ('G_L1_val', 5.5026984214782715), ('D_real_val', 0.3245289623737335), ('D_fake_val', 0.3499462604522705), ('KL_realB_fakeB_val', 0.11800937660628932)])
end of validation step
OrderedDict([('G_GAN_val', 0.3299998641014099), ('G_L1_val', 10.032394409179688), ('D_real_val', 0.3063620328903198), ('D_fake_val', 0.29914507269859314), ('KL_realB_fakeB_val', 0.1955026697853552)])
end of validation step
OrderedDict([('G_GAN_val', 0.376377671957016), ('G_L1_val', 7.207908630371094), ('D_real_val', 0.384294718503952), ('D_fake_val', 0.32207778096199036), ('KL_realB_fakeB_val', 0.14513821382115744)])
end of validation step
OrderedDict([('G_GAN_val', 0.40444257855415344), ('G_L1_val', 11.918785095214844), ('D_real_val', 0.32601648569107056), ('D_fake_val', 0.22964654862880707), ('KL_realB_fakeB_val', 0.1094689427012806)])
end of validation step
OrderedDict([('G_GAN_val', 0.3891913592815399), ('G_L1_val', 8.175654411315918), ('D_real_val', 0.33109602332115173), ('D_fake_val', 0.20520593225955963), ('KL_realB_fakeB_val', 0.12741434865046394)])
end of validation step
OrderedDict([('G_GAN_val', 0.34423935413360596), ('G_L1_val', 3.8084261417388916), ('D_real_val', 0.3356984555721283), ('D_fake_val', 0.24423040449619293), ('KL_realB_fakeB_val', 0.09748122716687535)])
end of validation step
OrderedDict([('G_GAN_val', 0.3620447814464569), ('G_L1_val', 7.7284016609191895), ('D_real_val', 0.32476407289505005), ('D_fake_val', 0.24317839741706848), ('KL_realB_fakeB_val', 0.11426767556452101)])
end of validation step
OrderedDict([('G_GAN_val', 0.36599352955818176), ('G_L1_val', 3.6650352478027344), ('D_real_val', 0.3493015766143799), ('D_fake_val', 0.23926445841789246), ('KL_realB_fakeB_val', 0.347474287203695)])
end of validation step
OrderedDict([('G_GAN_val', 0.36460185050964355), ('G_L1_val', 5.181734085083008), ('D_real_val', 0.3566192090511322), ('D_fake_val', 0.21886464953422546), ('KL_realB_fakeB_val', 0.10642392793346886)])
end of validation step
OrderedDict([('G_GAN_val', 0.3452916741371155), ('G_L1_val', 5.453471660614014), ('D_real_val', 0.35950833559036255), ('D_fake_val', 0.3556210696697235), ('KL_realB_fakeB_val', 0.09483821768813086)])
end of validation step
OrderedDict([('G_GAN_val', 0.3485315144062042), ('G_L1_val', 6.291260719299316), ('D_real_val', 0.3318374454975128), ('D_fake_val', 0.3033272922039032), ('KL_realB_fakeB_val', 0.11346068436546745)])
end of validation step
OrderedDict([('G_GAN_val', 0.4069306254386902), ('G_L1_val', 9.54715633392334), ('D_real_val', 0.3810725212097168), ('D_fake_val', 0.37660378217697144), ('KL_realB_fakeB_val', 0.14876444849335219)])
end of validation step
OrderedDict([('G_GAN_val', 0.340664803981781), ('G_L1_val', 7.713349342346191), ('D_real_val', 0.32886195182800293), ('D_fake_val', 0.3089789152145386), ('KL_realB_fakeB_val', 0.10010317728915066)])
end of validation step
OrderedDict([('G_GAN_val', 0.3726746439933777), ('G_L1_val', 7.186123847961426), ('D_real_val', 0.3671640455722809), ('D_fake_val', 0.33380264043807983), ('KL_realB_fakeB_val', 0.11691406324335482)])
end of validation step
OrderedDict([('G_GAN_val', 0.36585041880607605), ('G_L1_val', 4.942807674407959), ('D_real_val', 0.36614716053009033), ('D_fake_val', 0.3532589375972748), ('KL_realB_fakeB_val', 0.2632029077865924)])
end of validation step
End of epoch 4 / 200 	 Time Taken: 4 sec
learning rate 0.0002000 -> 0.0002000
OrderedDict([('G_GAN_val', 0.36370253562927246), ('G_L1_val', 3.5223941802978516), ('D_real_val', 0.3571504056453705), ('D_fake_val', 0.3197854161262512), ('KL_realB_fakeB_val', 0.35628938521545644)])
end of validation step
OrderedDict([('G_GAN_val', 0.38960355520248413), ('G_L1_val', 6.870179653167725), ('D_real_val', 0.38122454285621643), ('D_fake_val', 0.3174116313457489), ('KL_realB_fakeB_val', 0.08465933068912382)])
end of validation step
OrderedDict([('G_GAN_val', 0.37088802456855774), ('G_L1_val', 6.725729942321777), ('D_real_val', 0.339733362197876), ('D_fake_val', 0.2778743803501129), ('KL_realB_fakeB_val', 0.17929281297505079)])
end of validation step
OrderedDict([('G_GAN_val', 0.33272284269332886), ('G_L1_val', 5.082566738128662), ('D_real_val', 0.326840341091156), ('D_fake_val', 0.2828688323497772), ('KL_realB_fakeB_val', 0.11934653866829188)])
end of validation step
OrderedDict([('G_GAN_val', 0.3497432768344879), ('G_L1_val', 4.535226345062256), ('D_real_val', 0.35648107528686523), ('D_fake_val', 0.33375969529151917), ('KL_realB_fakeB_val', 0.08315769400849546)])
end of validation step
OrderedDict([('G_GAN_val', 0.45957252383232117), ('G_L1_val', 11.383201599121094), ('D_real_val', 0.39169013500213623), ('D_fake_val', 0.3585902452468872), ('KL_realB_fakeB_val', 0.10130288426308845)])
end of validation step
OrderedDict([('G_GAN_val', 0.29760298132896423), ('G_L1_val', 8.762421607971191), ('D_real_val', 0.25903066992759705), ('D_fake_val', 0.35330095887184143), ('KL_realB_fakeB_val', 0.18585208190138006)])
end of validation step
OrderedDict([('G_GAN_val', 0.2829379737377167), ('G_L1_val', 4.96342134475708), ('D_real_val', 0.2654903531074524), ('D_fake_val', 0.3689822256565094), ('KL_realB_fakeB_val', 0.22366336262612296)])
end of validation step
OrderedDict([('G_GAN_val', 0.2950933277606964), ('G_L1_val', 7.742263317108154), ('D_real_val', 0.27771562337875366), ('D_fake_val', 0.3569195866584778), ('KL_realB_fakeB_val', 0.2623493951200323)])
end of validation step
OrderedDict([('G_GAN_val', 0.3049488961696625), ('G_L1_val', 10.383435249328613), ('D_real_val', 0.276387095451355), ('D_fake_val', 0.3393993675708771), ('KL_realB_fakeB_val', 0.1598396489202557)])
end of validation step
OrderedDict([('G_GAN_val', 0.25913211703300476), ('G_L1_val', 4.198413848876953), ('D_real_val', 0.2377808541059494), ('D_fake_val', 0.3235194981098175), ('KL_realB_fakeB_val', 0.12353494336442611)])
end of validation step
OrderedDict([('G_GAN_val', 0.29638320207595825), ('G_L1_val', 7.943408012390137), ('D_real_val', 0.26771536469459534), ('D_fake_val', 0.3072054088115692), ('KL_realB_fakeB_val', 0.08318715071311365)])
end of validation step
OrderedDict([('G_GAN_val', 0.30913978815078735), ('G_L1_val', 6.281128406524658), ('D_real_val', 0.2840595543384552), ('D_fake_val', 0.2532643675804138), ('KL_realB_fakeB_val', 0.34544739223279564)])
end of validation step
OrderedDict([('G_GAN_val', 0.310626745223999), ('G_L1_val', 7.814709186553955), ('D_real_val', 0.27880412340164185), ('D_fake_val', 0.28990545868873596), ('KL_realB_fakeB_val', 0.08872115263054053)])
end of validation step
OrderedDict([('G_GAN_val', 0.32814908027648926), ('G_L1_val', 7.87522029876709), ('D_real_val', 0.29341065883636475), ('D_fake_val', 0.2708480954170227), ('KL_realB_fakeB_val', 0.10763478814509814)])
end of validation step
OrderedDict([('G_GAN_val', 0.2780989408493042), ('G_L1_val', 5.587531089782715), ('D_real_val', 0.2722066044807434), ('D_fake_val', 0.27176785469055176), ('KL_realB_fakeB_val', 0.9268300664120341)])
end of validation step
OrderedDict([('G_GAN_val', 0.30690470337867737), ('G_L1_val', 8.555863380432129), ('D_real_val', 0.3003746569156647), ('D_fake_val', 0.2864568531513214), ('KL_realB_fakeB_val', 0.17862529295410293)])
end of validation step
OrderedDict([('G_GAN_val', 0.33395248651504517), ('G_L1_val', 9.813698768615723), ('D_real_val', 0.2823583781719208), ('D_fake_val', 0.23592878878116608), ('KL_realB_fakeB_val', 0.09067600464035372)])
end of validation step
OrderedDict([('G_GAN', 0.3168766498565674), ('G_L1', 6.5533905029296875), ('D_real', 0.2961823642253876), ('D_fake', 0.2974594533443451), ('KL_realB_fakeB', 0.14405986249100483)])
(epoch: 5, iters: 40, time: 0.055, data: 2.149) G_GAN: 0.317 G_L1: 6.553 D_real: 0.296 D_fake: 0.297 KL_realB_fakeB: 0.144 
OrderedDict([('G_GAN_val', 0.3487093150615692), ('G_L1_val', 7.317294120788574), ('D_real_val', 0.3055040240287781), ('D_fake_val', 0.20986123383045197), ('KL_realB_fakeB_val', 0.10039281550193159)])
end of validation step
OrderedDict([('G_GAN_val', 0.3744919002056122), ('G_L1_val', 12.087891578674316), ('D_real_val', 0.32750698924064636), ('D_fake_val', 0.2539905309677124), ('KL_realB_fakeB_val', 0.24808134618016564)])
end of validation step
OrderedDict([('G_GAN_val', 0.3077174425125122), ('G_L1_val', 5.582139015197754), ('D_real_val', 0.29836297035217285), ('D_fake_val', 0.26160669326782227), ('KL_realB_fakeB_val', 0.1942922789844425)])
end of validation step
OrderedDict([('G_GAN_val', 0.3084762990474701), ('G_L1_val', 4.404826641082764), ('D_real_val', 0.3004467785358429), ('D_fake_val', 0.26713424921035767), ('KL_realB_fakeB_val', 0.2341997802364137)])
end of validation step
OrderedDict([('G_GAN_val', 0.3397468030452728), ('G_L1_val', 7.041501045227051), ('D_real_val', 0.30543458461761475), ('D_fake_val', 0.24532532691955566), ('KL_realB_fakeB_val', 0.1822585461101962)])
end of validation step
OrderedDict([('G_GAN_val', 0.31730008125305176), ('G_L1_val', 3.508981704711914), ('D_real_val', 0.30567967891693115), ('D_fake_val', 0.2511293292045593), ('KL_realB_fakeB_val', 0.11276261181813263)])
end of validation step
saving the model at the end of epoch 5, iters 200
End of epoch 5 / 200 	 Time Taken: 11 sec
learning rate 0.0002000 -> 0.0002000
OrderedDict([('G_GAN_val', 0.25542905926704407), ('G_L1_val', 3.500807285308838), ('D_real_val', 0.2403135448694229), ('D_fake_val', 0.27992793917655945), ('KL_realB_fakeB_val', 0.44880776295359404)])
end of validation step
OrderedDict([('G_GAN_val', 0.29421618580818176), ('G_L1_val', 6.727148532867432), ('D_real_val', 0.2535577416419983), ('D_fake_val', 0.2833492159843445), ('KL_realB_fakeB_val', 0.08723329240054407)])
end of validation step
OrderedDict([('G_GAN_val', 0.2976939082145691), ('G_L1_val', 6.75262975692749), ('D_real_val', 0.2468683123588562), ('D_fake_val', 0.23997294902801514), ('KL_realB_fakeB_val', 0.17137254941643593)])
end of validation step
OrderedDict([('G_GAN_val', 0.2654000520706177), ('G_L1_val', 4.448380470275879), ('D_real_val', 0.25996726751327515), ('D_fake_val', 0.3017830550670624), ('KL_realB_fakeB_val', 0.12250712606779088)])
end of validation step
OrderedDict([('G_GAN_val', 0.3078283667564392), ('G_L1_val', 11.453851699829102), ('D_real_val', 0.23638242483139038), ('D_fake_val', 0.25207850337028503), ('KL_realB_fakeB_val', 0.0860841772827171)])
end of validation step
OrderedDict([('G_GAN_val', 0.255215585231781), ('G_L1_val', 3.886489152908325), ('D_real_val', 0.24614661931991577), ('D_fake_val', 0.3158716559410095), ('KL_realB_fakeB_val', 0.09133191083724342)])
end of validation step
OrderedDict([('G_GAN_val', 0.3435194194316864), ('G_L1_val', 6.1222100257873535), ('D_real_val', 0.310698926448822), ('D_fake_val', 0.23841071128845215), ('KL_realB_fakeB_val', 0.13390022848080493)])
end of validation step
OrderedDict([('G_GAN_val', 0.2970483601093292), ('G_L1_val', 3.7316582202911377), ('D_real_val', 0.2881067395210266), ('D_fake_val', 0.26282989978790283), ('KL_realB_fakeB_val', 0.2585705483960589)])
end of validation step
OrderedDict([('G_GAN_val', 0.32328933477401733), ('G_L1_val', 5.5715227127075195), ('D_real_val', 0.31220099329948425), ('D_fake_val', 0.2894943058490753), ('KL_realB_fakeB_val', 0.10370620850120707)])
end of validation step
OrderedDict([('G_GAN_val', 0.3348027169704437), ('G_L1_val', 6.859472274780273), ('D_real_val', 0.30184751749038696), ('D_fake_val', 0.26525020599365234), ('KL_realB_fakeB_val', 0.13669573463273416)])
end of validation step
OrderedDict([('G_GAN_val', 0.3301454782485962), ('G_L1_val', 9.92219352722168), ('D_real_val', 0.27910706400871277), ('D_fake_val', 0.2318463772535324), ('KL_realB_fakeB_val', 0.11369206938063875)])
end of validation step
OrderedDict([('G_GAN_val', 0.2891369163990021), ('G_L1_val', 4.097860336303711), ('D_real_val', 0.2815931737422943), ('D_fake_val', 0.28593289852142334), ('KL_realB_fakeB_val', 0.10001224861876107)])
end of validation step
OrderedDict([('G_GAN_val', 0.26287126541137695), ('G_L1_val', 4.593323707580566), ('D_real_val', 0.2520603835582733), ('D_fake_val', 0.3757801949977875), ('KL_realB_fakeB_val', 0.32174782597225365)])
end of validation step
OrderedDict([('G_GAN_val', 0.2548973560333252), ('G_L1_val', 3.974547863006592), ('D_real_val', 0.24351529777050018), ('D_fake_val', 0.3380337655544281), ('KL_realB_fakeB_val', 0.12132469071493607)])
end of validation step
OrderedDict([('G_GAN_val', 0.3150249421596527), ('G_L1_val', 5.891143321990967), ('D_real_val', 0.27849051356315613), ('D_fake_val', 0.3221680223941803), ('KL_realB_fakeB_val', 0.10071666686058448)])
end of validation step
OrderedDict([('G_GAN_val', 0.2834620177745819), ('G_L1_val', 6.533329010009766), ('D_real_val', 0.27671554684638977), ('D_fake_val', 0.35394561290740967), ('KL_realB_fakeB_val', 0.2511797979137961)])
end of validation step
OrderedDict([('G_GAN_val', 0.2897232472896576), ('G_L1_val', 9.679315567016602), ('D_real_val', 0.2366313934326172), ('D_fake_val', 0.32462361454963684), ('KL_realB_fakeB_val', 0.2828824714020487)])
end of validation step
OrderedDict([('G_GAN_val', 0.3114471137523651), ('G_L1_val', 7.008490085601807), ('D_real_val', 0.2617989182472229), ('D_fake_val', 0.347360759973526), ('KL_realB_fakeB_val', 0.2574690743803618)])
end of validation step
OrderedDict([('G_GAN_val', 0.2920945882797241), ('G_L1_val', 3.4318952560424805), ('D_real_val', 0.2801629304885864), ('D_fake_val', 0.41974589228630066), ('KL_realB_fakeB_val', 0.09236292048513384)])
end of validation step
OrderedDict([('G_GAN_val', 0.378046452999115), ('G_L1_val', 4.525853633880615), ('D_real_val', 0.38423600792884827), ('D_fake_val', 0.49436435103416443), ('KL_realB_fakeB_val', 0.15264213166233648)])
end of validation step
OrderedDict([('G_GAN_val', 0.3049938380718231), ('G_L1_val', 3.3371851444244385), ('D_real_val', 0.2907886207103729), ('D_fake_val', 0.4185880422592163), ('KL_realB_fakeB_val', 0.4168074984764426)])
end of validation step
OrderedDict([('G_GAN_val', 0.26984113454818726), ('G_L1_val', 9.145845413208008), ('D_real_val', 0.24091342091560364), ('D_fake_val', 0.3347896635532379), ('KL_realB_fakeB_val', 0.1321455003190869)])
end of validation step
OrderedDict([('G_GAN_val', 0.3237316906452179), ('G_L1_val', 6.020415782928467), ('D_real_val', 0.293134480714798), ('D_fake_val', 0.3833503723144531), ('KL_realB_fakeB_val', 0.10154598721839873)])
end of validation step
OrderedDict([('G_GAN_val', 0.3292611539363861), ('G_L1_val', 5.950216770172119), ('D_real_val', 0.3026868999004364), ('D_fake_val', 0.36065712571144104), ('KL_realB_fakeB_val', 0.12488040869236994)])
end of validation step
End of epoch 6 / 200 	 Time Taken: 4 sec
learning rate 0.0002000 -> 0.0002000
OrderedDict([('G_GAN_val', 0.5043441653251648), ('G_L1_val', 6.171014785766602), ('D_real_val', 0.4897255599498749), ('D_fake_val', 0.4349435269832611), ('KL_realB_fakeB_val', 0.20413850441590384)])
end of validation step
OrderedDict([('G_GAN_val', 0.47185221314430237), ('G_L1_val', 4.4410400390625), ('D_real_val', 0.49143803119659424), ('D_fake_val', 0.4366242289543152), ('KL_realB_fakeB_val', 0.15900064853603357)])
end of validation step
OrderedDict([('G_GAN_val', 0.4831121265888214), ('G_L1_val', 6.207276344299316), ('D_real_val', 0.4782850444316864), ('D_fake_val', 0.4404839873313904), ('KL_realB_fakeB_val', 0.1146700922991146)])
end of validation step
OrderedDict([('G_GAN_val', 0.5315459370613098), ('G_L1_val', 3.8982489109039307), ('D_real_val', 0.5282841920852661), ('D_fake_val', 0.4551789462566376), ('KL_realB_fakeB_val', 0.16655664648736163)])
end of validation step
OrderedDict([('G_GAN_val', 0.5805791616439819), ('G_L1_val', 8.621739387512207), ('D_real_val', 0.5337781310081482), ('D_fake_val', 0.5055925250053406), ('KL_realB_fakeB_val', 0.18379014121758408)])
end of validation step
OrderedDict([('G_GAN_val', 0.5288798213005066), ('G_L1_val', 5.146513938903809), ('D_real_val', 0.5035038590431213), ('D_fake_val', 0.4234301745891571), ('KL_realB_fakeB_val', 0.10018523773094148)])
end of validation step
OrderedDict([('G_GAN_val', 0.33707913756370544), ('G_L1_val', 9.67623519897461), ('D_real_val', 0.2836984097957611), ('D_fake_val', 0.23051957786083221), ('KL_realB_fakeB_val', 0.21527551939601627)])
end of validation step
OrderedDict([('G_GAN_val', 0.29988694190979004), ('G_L1_val', 3.8839447498321533), ('D_real_val', 0.29354098439216614), ('D_fake_val', 0.2560875713825226), ('KL_realB_fakeB_val', 0.19566127792392013)])
end of validation step
OrderedDict([('G_GAN_val', 0.315425843000412), ('G_L1_val', 2.973674774169922), ('D_real_val', 0.30423834919929504), ('D_fake_val', 0.23511186242103577), ('KL_realB_fakeB_val', 0.11625254199391008)])
end of validation step
OrderedDict([('G_GAN_val', 0.33538535237312317), ('G_L1_val', 5.040004730224609), ('D_real_val', 0.2951975464820862), ('D_fake_val', 0.21819065511226654), ('KL_realB_fakeB_val', 0.09248053179330865)])
end of validation step
OrderedDict([('G_GAN_val', 0.30281636118888855), ('G_L1_val', 4.823312759399414), ('D_real_val', 0.29874885082244873), ('D_fake_val', 0.24066805839538574), ('KL_realB_fakeB_val', 0.15060642292297682)])
end of validation step
OrderedDict([('G_GAN_val', 0.3310309648513794), ('G_L1_val', 6.176025390625), ('D_real_val', 0.29740071296691895), ('D_fake_val', 0.24482466280460358), ('KL_realB_fakeB_val', 0.20868037993604435)])
end of validation step
OrderedDict([('G_GAN_val', 0.30997395515441895), ('G_L1_val', 6.290706157684326), ('D_real_val', 0.3108873665332794), ('D_fake_val', 0.2655777335166931), ('KL_realB_fakeB_val', 0.15185551775318856)])
end of validation step
OrderedDict([('G_GAN_val', 0.3183095455169678), ('G_L1_val', 6.415893077850342), ('D_real_val', 0.2910224199295044), ('D_fake_val', 0.27149078249931335), ('KL_realB_fakeB_val', 0.24064330776171453)])
end of validation step
OrderedDict([('G_GAN_val', 0.29610684514045715), ('G_L1_val', 4.226615905761719), ('D_real_val', 0.2938282787799835), ('D_fake_val', 0.25243768095970154), ('KL_realB_fakeB_val', 0.2136526534791272)])
end of validation step
OrderedDict([('G_GAN_val', 0.2959759533405304), ('G_L1_val', 4.1823410987854), ('D_real_val', 0.2961810231208801), ('D_fake_val', 0.29213497042655945), ('KL_realB_fakeB_val', 0.16322878610732855)])
end of validation step
OrderedDict([('G_GAN_val', 0.33110493421554565), ('G_L1_val', 5.8514299392700195), ('D_real_val', 0.3014494776725769), ('D_fake_val', 0.24326562881469727), ('KL_realB_fakeB_val', 0.1231941281267213)])
end of validation step
OrderedDict([('G_GAN_val', 0.30858805775642395), ('G_L1_val', 8.623453140258789), ('D_real_val', 0.2708878815174103), ('D_fake_val', 0.25793972611427307), ('KL_realB_fakeB_val', 0.18720476137951644)])
end of validation step
OrderedDict([('G_GAN_val', 0.27168169617652893), ('G_L1_val', 8.145414352416992), ('D_real_val', 0.2356281280517578), ('D_fake_val', 0.3184874951839447), ('KL_realB_fakeB_val', 0.10612904010042959)])
end of validation step
OrderedDict([('G_GAN_val', 0.26486751437187195), ('G_L1_val', 6.656570911407471), ('D_real_val', 0.26699402928352356), ('D_fake_val', 0.30185839533805847), ('KL_realB_fakeB_val', 0.13872432089344716)])
end of validation step
OrderedDict([('G_GAN_val', 0.2860843241214752), ('G_L1_val', 6.288275241851807), ('D_real_val', 0.260959267616272), ('D_fake_val', 0.2870171368122101), ('KL_realB_fakeB_val', 0.35094650990171694)])
end of validation step
OrderedDict([('G_GAN_val', 0.28889843821525574), ('G_L1_val', 7.109852313995361), ('D_real_val', 0.26718252897262573), ('D_fake_val', 0.3191242814064026), ('KL_realB_fakeB_val', 0.11332372701321689)])
end of validation step
OrderedDict([('G_GAN_val', 0.2619059383869171), ('G_L1_val', 4.959539890289307), ('D_real_val', 0.2595146596431732), ('D_fake_val', 0.3053571879863739), ('KL_realB_fakeB_val', 0.5368014835136036)])
end of validation step
OrderedDict([('G_GAN_val', 0.24234628677368164), ('G_L1_val', 4.763701438903809), ('D_real_val', 0.24645386636257172), ('D_fake_val', 0.34463217854499817), ('KL_realB_fakeB_val', 0.12715832939025284)])
end of validation step
End of epoch 7 / 200 	 Time Taken: 4 sec
learning rate 0.0002000 -> 0.0002000
OrderedDict([('G_GAN_val', 0.3519713878631592), ('G_L1_val', 5.998985290527344), ('D_real_val', 0.3248611390590668), ('D_fake_val', 0.2851763963699341), ('KL_realB_fakeB_val', 0.16149118539477528)])
end of validation step
OrderedDict([('G_GAN_val', 0.35550808906555176), ('G_L1_val', 3.0735886096954346), ('D_real_val', 0.33723804354667664), ('D_fake_val', 0.30397629737854004), ('KL_realB_fakeB_val', 0.18549280344182836)])
end of validation step
OrderedDict([('G_GAN_val', 0.36071282625198364), ('G_L1_val', 9.381072044372559), ('D_real_val', 0.3144466280937195), ('D_fake_val', 0.26586776971817017), ('KL_realB_fakeB_val', 0.2031550485510439)])
end of validation step
OrderedDict([('G_GAN_val', 0.3287070691585541), ('G_L1_val', 3.367239236831665), ('D_real_val', 0.3252451717853546), ('D_fake_val', 0.31903645396232605), ('KL_realB_fakeB_val', 0.11428131803395895)])
end of validation step
OrderedDict([('G_GAN_val', 0.3190363645553589), ('G_L1_val', 4.287973880767822), ('D_real_val', 0.3112919330596924), ('D_fake_val', 0.30172619223594666), ('KL_realB_fakeB_val', 0.10798814878811934)])
end of validation step
OrderedDict([('G_GAN_val', 0.3696622848510742), ('G_L1_val', 5.035893440246582), ('D_real_val', 0.33960381150245667), ('D_fake_val', 0.275577187538147), ('KL_realB_fakeB_val', 0.12606662532549134)])
end of validation step
OrderedDict([('G_GAN', 0.25813984870910645), ('G_L1', 3.645477533340454), ('D_real', 0.2259145826101303), ('D_fake', 0.2958698570728302), ('KL_realB_fakeB', 0.10984551401741724)])
(epoch: 8, iters: 20, time: 0.057, data: 0.081) G_GAN: 0.258 G_L1: 3.645 D_real: 0.226 D_fake: 0.296 KL_realB_fakeB: 0.110 
OrderedDict([('G_GAN_val', 0.26272502541542053), ('G_L1_val', 8.416454315185547), ('D_real_val', 0.22491343319416046), ('D_fake_val', 0.28799012303352356), ('KL_realB_fakeB_val', 0.21203695081604818)])
end of validation step
OrderedDict([('G_GAN_val', 0.27009880542755127), ('G_L1_val', 5.0643205642700195), ('D_real_val', 0.24872355163097382), ('D_fake_val', 0.2596004903316498), ('KL_realB_fakeB_val', 0.10888020032502625)])
end of validation step
OrderedDict([('G_GAN_val', 0.27625909447669983), ('G_L1_val', 6.442098140716553), ('D_real_val', 0.24853746592998505), ('D_fake_val', 0.27929073572158813), ('KL_realB_fakeB_val', 0.19019644430891453)])
end of validation step
OrderedDict([('G_GAN_val', 0.2478150725364685), ('G_L1_val', 6.1453680992126465), ('D_real_val', 0.2549336850643158), ('D_fake_val', 0.2786705791950226), ('KL_realB_fakeB_val', 0.1710137884706657)])
end of validation step
OrderedDict([('G_GAN_val', 0.24851883947849274), ('G_L1_val', 3.6261579990386963), ('D_real_val', 0.25004905462265015), ('D_fake_val', 0.27438831329345703), ('KL_realB_fakeB_val', 0.10142854252272171)])
end of validation step
OrderedDict([('G_GAN_val', 0.2299616038799286), ('G_L1_val', 4.757965564727783), ('D_real_val', 0.23280073702335358), ('D_fake_val', 0.3035926818847656), ('KL_realB_fakeB_val', 0.16585653598280117)])
end of validation step
OrderedDict([('G_GAN_val', 0.27007243037223816), ('G_L1_val', 5.203210353851318), ('D_real_val', 0.2686743140220642), ('D_fake_val', 0.266929030418396), ('KL_realB_fakeB_val', 0.2726611098209041)])
end of validation step
OrderedDict([('G_GAN_val', 0.30396023392677307), ('G_L1_val', 8.830672264099121), ('D_real_val', 0.25322291254997253), ('D_fake_val', 0.2681168019771576), ('KL_realB_fakeB_val', 0.29489459632265413)])
end of validation step
OrderedDict([('G_GAN_val', 0.2568787634372711), ('G_L1_val', 4.213142395019531), ('D_real_val', 0.2558915913105011), ('D_fake_val', 0.2826407551765442), ('KL_realB_fakeB_val', 0.38103923471541984)])
end of validation step
OrderedDict([('G_GAN_val', 0.3010682463645935), ('G_L1_val', 6.362615585327148), ('D_real_val', 0.26524946093559265), ('D_fake_val', 0.2609888017177582), ('KL_realB_fakeB_val', 0.2797817320633028)])
end of validation step
OrderedDict([('G_GAN_val', 0.27259305119514465), ('G_L1_val', 3.417804002761841), ('D_real_val', 0.2638111412525177), ('D_fake_val', 0.2472565472126007), ('KL_realB_fakeB_val', 0.15323402094560673)])
end of validation step
OrderedDict([('G_GAN_val', 0.31021326780319214), ('G_L1_val', 5.503679275512695), ('D_real_val', 0.2720429599285126), ('D_fake_val', 0.23147878050804138), ('KL_realB_fakeB_val', 0.20566423273234324)])
end of validation step
OrderedDict([('G_GAN_val', 0.30161622166633606), ('G_L1_val', 3.050609588623047), ('D_real_val', 0.28443610668182373), ('D_fake_val', 0.2796335220336914), ('KL_realB_fakeB_val', 0.15340373650209999)])
end of validation step
OrderedDict([('G_GAN_val', 0.32008376717567444), ('G_L1_val', 5.446938991546631), ('D_real_val', 0.27260497212409973), ('D_fake_val', 0.2373686134815216), ('KL_realB_fakeB_val', 0.08293878798367506)])
end of validation step
OrderedDict([('G_GAN_val', 0.27986133098602295), ('G_L1_val', 4.249009609222412), ('D_real_val', 0.2712223529815674), ('D_fake_val', 0.2882637679576874), ('KL_realB_fakeB_val', 0.12868335996586108)])
end of validation step
OrderedDict([('G_GAN_val', 0.2806379199028015), ('G_L1_val', 3.2080883979797363), ('D_real_val', 0.2764003872871399), ('D_fake_val', 0.3017902374267578), ('KL_realB_fakeB_val', 0.11761520452746059)])
end of validation step
OrderedDict([('G_GAN_val', 0.3039775788784027), ('G_L1_val', 6.120675086975098), ('D_real_val', 0.27646106481552124), ('D_fake_val', 0.2692488431930542), ('KL_realB_fakeB_val', 0.16896055064917445)])
end of validation step
OrderedDict([('G_GAN_val', 0.3125183880329132), ('G_L1_val', 9.070329666137695), ('D_real_val', 0.24965183436870575), ('D_fake_val', 0.2507426142692566), ('KL_realB_fakeB_val', 0.14278040817517162)])
end of validation step
End of epoch 8 / 200 	 Time Taken: 4 sec
learning rate 0.0002000 -> 0.0002000
OrderedDict([('G_GAN_val', 0.335945725440979), ('G_L1_val', 8.251492500305176), ('D_real_val', 0.28300854563713074), ('D_fake_val', 0.384563148021698), ('KL_realB_fakeB_val', 0.14277302654311366)])
end of validation step
OrderedDict([('G_GAN_val', 0.287237286567688), ('G_L1_val', 4.028901100158691), ('D_real_val', 0.28170445561408997), ('D_fake_val', 0.36287903785705566), ('KL_realB_fakeB_val', 0.14309677180869718)])
end of validation step
OrderedDict([('G_GAN_val', 0.3460613489151001), ('G_L1_val', 4.939162731170654), ('D_real_val', 0.319740891456604), ('D_fake_val', 0.38296329975128174), ('KL_realB_fakeB_val', 0.10063707544649952)])
end of validation step
OrderedDict([('G_GAN_val', 0.27799543738365173), ('G_L1_val', 4.211082935333252), ('D_real_val', 0.2754475772380829), ('D_fake_val', 0.3935469090938568), ('KL_realB_fakeB_val', 0.15543201444385374)])
end of validation step
OrderedDict([('G_GAN_val', 0.32450729608535767), ('G_L1_val', 5.958866119384766), ('D_real_val', 0.28539764881134033), ('D_fake_val', 0.3817758560180664), ('KL_realB_fakeB_val', 0.1695924762271081)])
end of validation step
OrderedDict([('G_GAN_val', 0.32962021231651306), ('G_L1_val', 5.994649887084961), ('D_real_val', 0.3309386968612671), ('D_fake_val', 0.40828531980514526), ('KL_realB_fakeB_val', 0.1326774286881879)])
end of validation step
OrderedDict([('G_GAN_val', 0.314138799905777), ('G_L1_val', 5.082502365112305), ('D_real_val', 0.2748425304889679), ('D_fake_val', 0.30528926849365234), ('KL_realB_fakeB_val', 0.09391149411067773)])
end of validation step
OrderedDict([('G_GAN_val', 0.25552988052368164), ('G_L1_val', 3.4844391345977783), ('D_real_val', 0.2539690136909485), ('D_fake_val', 0.3510475158691406), ('KL_realB_fakeB_val', 0.10825003518532779)])
end of validation step
OrderedDict([('G_GAN_val', 0.3168341815471649), ('G_L1_val', 8.832805633544922), ('D_real_val', 0.2683023512363434), ('D_fake_val', 0.32888686656951904), ('KL_realB_fakeB_val', 0.1302375427119667)])
end of validation step
OrderedDict([('G_GAN_val', 0.26884761452674866), ('G_L1_val', 3.8347084522247314), ('D_real_val', 0.26951372623443604), ('D_fake_val', 0.33668485283851624), ('KL_realB_fakeB_val', 0.08399366449441215)])
end of validation step
OrderedDict([('G_GAN_val', 0.2878720760345459), ('G_L1_val', 5.910703182220459), ('D_real_val', 0.2498769462108612), ('D_fake_val', 0.3217044472694397), ('KL_realB_fakeB_val', 0.1261632766541598)])
end of validation step
OrderedDict([('G_GAN_val', 0.26618191599845886), ('G_L1_val', 2.99843168258667), ('D_real_val', 0.25119373202323914), ('D_fake_val', 0.30873069167137146), ('KL_realB_fakeB_val', 0.19287759277276395)])
end of validation step
OrderedDict([('G_GAN_val', 0.3135031461715698), ('G_L1_val', 4.79675817489624), ('D_real_val', 0.2711734175682068), ('D_fake_val', 0.28314444422721863), ('KL_realB_fakeB_val', 0.3793674034793284)])
end of validation step
OrderedDict([('G_GAN_val', 0.28302767872810364), ('G_L1_val', 8.191822052001953), ('D_real_val', 0.23692873120307922), ('D_fake_val', 0.30147233605384827), ('KL_realB_fakeB_val', 0.11978337063806951)])
end of validation step
OrderedDict([('G_GAN_val', 0.2830675542354584), ('G_L1_val', 5.294546604156494), ('D_real_val', 0.29336610436439514), ('D_fake_val', 0.3097529411315918), ('KL_realB_fakeB_val', 0.14057157973306023)])
end of validation step
OrderedDict([('G_GAN_val', 0.2576228678226471), ('G_L1_val', 3.9791572093963623), ('D_real_val', 0.2543245255947113), ('D_fake_val', 0.2925187349319458), ('KL_realB_fakeB_val', 0.5852508621852965)])
end of validation step
OrderedDict([('G_GAN_val', 0.29635533690452576), ('G_L1_val', 5.989335536956787), ('D_real_val', 0.2529628276824951), ('D_fake_val', 0.3021378517150879), ('KL_realB_fakeB_val', 0.11598802256125301)])
end of validation step
OrderedDict([('G_GAN_val', 0.24014723300933838), ('G_L1_val', 3.9999337196350098), ('D_real_val', 0.2426658421754837), ('D_fake_val', 0.32012683153152466), ('KL_realB_fakeB_val', 0.10960026437170448)])
end of validation step
OrderedDict([('G_GAN_val', 0.35018840432167053), ('G_L1_val', 3.667973756790161), ('D_real_val', 0.34999004006385803), ('D_fake_val', 0.3199135363101959), ('KL_realB_fakeB_val', 0.09771356151541666)])
end of validation step
OrderedDict([('G_GAN_val', 0.32203346490859985), ('G_L1_val', 5.721914768218994), ('D_real_val', 0.33062928915023804), ('D_fake_val', 0.3085453510284424), ('KL_realB_fakeB_val', 0.19351443362280554)])
end of validation step
OrderedDict([('G_GAN_val', 0.336446076631546), ('G_L1_val', 6.057757377624512), ('D_real_val', 0.3232848644256592), ('D_fake_val', 0.2922259271144867), ('KL_realB_fakeB_val', 0.19283316544545567)])
end of validation step
OrderedDict([('G_GAN_val', 0.3227437436580658), ('G_L1_val', 5.24424409866333), ('D_real_val', 0.30479681491851807), ('D_fake_val', 0.2686607837677002), ('KL_realB_fakeB_val', 0.09035137046041117)])
end of validation step
OrderedDict([('G_GAN_val', 0.2849285900592804), ('G_L1_val', 7.981284141540527), ('D_real_val', 0.25173160433769226), ('D_fake_val', 0.2934515178203583), ('KL_realB_fakeB_val', 0.15448245764312407)])
end of validation step
OrderedDict([('G_GAN_val', 0.33093732595443726), ('G_L1_val', 3.9584312438964844), ('D_real_val', 0.33634474873542786), ('D_fake_val', 0.33518555760383606), ('KL_realB_fakeB_val', 0.17471330719663625)])
end of validation step
End of epoch 9 / 200 	 Time Taken: 4 sec
learning rate 0.0002000 -> 0.0002000
OrderedDict([('G_GAN_val', 0.33602145314216614), ('G_L1_val', 6.602546691894531), ('D_real_val', 0.3013584315776825), ('D_fake_val', 0.30096110701560974), ('KL_realB_fakeB_val', 0.12170008243200649)])
end of validation step
OrderedDict([('G_GAN_val', 0.3611326217651367), ('G_L1_val', 8.244796752929688), ('D_real_val', 0.31413009762763977), ('D_fake_val', 0.33357053995132446), ('KL_realB_fakeB_val', 0.1285583590572631)])
end of validation step
OrderedDict([('G_GAN_val', 0.35259926319122314), ('G_L1_val', 5.290412902832031), ('D_real_val', 0.31406041979789734), ('D_fake_val', 0.2761746346950531), ('KL_realB_fakeB_val', 0.5912439197015164)])
end of validation step
OrderedDict([('G_GAN_val', 0.29884758591651917), ('G_L1_val', 3.9144880771636963), ('D_real_val', 0.2940848171710968), ('D_fake_val', 0.2646919786930084), ('KL_realB_fakeB_val', 0.1959124532877063)])
end of validation step
OrderedDict([('G_GAN_val', 0.31900402903556824), ('G_L1_val', 5.329730987548828), ('D_real_val', 0.3058657944202423), ('D_fake_val', 0.3122727870941162), ('KL_realB_fakeB_val', 0.1081893607982848)])
end of validation step
OrderedDict([('G_GAN_val', 0.3130730986595154), ('G_L1_val', 5.895315647125244), ('D_real_val', 0.31632575392723083), ('D_fake_val', 0.2872665226459503), ('KL_realB_fakeB_val', 0.1120744641354357)])
end of validation step
OrderedDict([('G_GAN_val', 0.28745532035827637), ('G_L1_val', 4.473941802978516), ('D_real_val', 0.284549355506897), ('D_fake_val', 0.24604909121990204), ('KL_realB_fakeB_val', 0.7201873002952903)])
end of validation step
OrderedDict([('G_GAN_val', 0.30255118012428284), ('G_L1_val', 6.011211395263672), ('D_real_val', 0.31007346510887146), ('D_fake_val', 0.2593748867511749), ('KL_realB_fakeB_val', 0.11472039098353984)])
end of validation step
OrderedDict([('G_GAN_val', 0.3298826813697815), ('G_L1_val', 7.710453033447266), ('D_real_val', 0.2703392505645752), ('D_fake_val', 0.26957079768180847), ('KL_realB_fakeB_val', 0.10986053993618691)])
end of validation step
OrderedDict([('G_GAN_val', 0.3266027569770813), ('G_L1_val', 5.148885726928711), ('D_real_val', 0.29569289088249207), ('D_fake_val', 0.2509565055370331), ('KL_realB_fakeB_val', 0.2493306144212707)])
end of validation step
OrderedDict([('G_GAN_val', 0.2748096287250519), ('G_L1_val', 3.9766483306884766), ('D_real_val', 0.27492502331733704), ('D_fake_val', 0.2850572466850281), ('KL_realB_fakeB_val', 0.09559595902545226)])
end of validation step
OrderedDict([('G_GAN_val', 0.3056846261024475), ('G_L1_val', 5.597968578338623), ('D_real_val', 0.28379178047180176), ('D_fake_val', 0.27504390478134155), ('KL_realB_fakeB_val', 0.11801508485968484)])
end of validation step
OrderedDict([('G_GAN_val', 0.329130083322525), ('G_L1_val', 7.53107213973999), ('D_real_val', 0.2874464988708496), ('D_fake_val', 0.26502498984336853), ('KL_realB_fakeB_val', 0.11837759893843049)])
end of validation step
OrderedDict([('G_GAN_val', 0.3266972303390503), ('G_L1_val', 5.249858856201172), ('D_real_val', 0.3048774003982544), ('D_fake_val', 0.2691079080104828), ('KL_realB_fakeB_val', 0.1341711099520549)])
end of validation step
OrderedDict([('G_GAN_val', 0.28831619024276733), ('G_L1_val', 4.39630651473999), ('D_real_val', 0.28632670640945435), ('D_fake_val', 0.2801395654678345), ('KL_realB_fakeB_val', 0.1278142399213446)])
end of validation step
OrderedDict([('G_GAN_val', 0.31597286462783813), ('G_L1_val', 6.185367107391357), ('D_real_val', 0.28553128242492676), ('D_fake_val', 0.2713726758956909), ('KL_realB_fakeB_val', 0.16474557709635496)])
end of validation step
OrderedDict([('G_GAN_val', 0.28649652004241943), ('G_L1_val', 4.723970413208008), ('D_real_val', 0.2858458161354065), ('D_fake_val', 0.2564001679420471), ('KL_realB_fakeB_val', 0.20848189418215685)])
end of validation step
OrderedDict([('G_GAN_val', 0.30291834473609924), ('G_L1_val', 6.81823205947876), ('D_real_val', 0.3020111918449402), ('D_fake_val', 0.28117308020591736), ('KL_realB_fakeB_val', 0.11415311649753443)])
end of validation step
OrderedDict([('G_GAN', 0.2799624800682068), ('G_L1', 3.9328112602233887), ('D_real', 0.23635205626487732), ('D_fake', 0.2739781141281128), ('KL_realB_fakeB', 0.15768200911300248)])
(epoch: 10, iters: 40, time: 1.189, data: 2.658) G_GAN: 0.280 G_L1: 3.933 D_real: 0.236 D_fake: 0.274 KL_realB_fakeB: 0.158 
OrderedDict([('G_GAN_val', 0.280521422624588), ('G_L1_val', 8.8279390335083), ('D_real_val', 0.21738936007022858), ('D_fake_val', 0.2982868254184723), ('KL_realB_fakeB_val', 0.20786701323533885)])
end of validation step
OrderedDict([('G_GAN_val', 0.2561212480068207), ('G_L1_val', 6.625959873199463), ('D_real_val', 0.23076945543289185), ('D_fake_val', 0.3078712821006775), ('KL_realB_fakeB_val', 0.19124617884968526)])
end of validation step
OrderedDict([('G_GAN_val', 0.23822709918022156), ('G_L1_val', 4.201335906982422), ('D_real_val', 0.22573117911815643), ('D_fake_val', 0.3193564713001251), ('KL_realB_fakeB_val', 0.17226542701179537)])
end of validation step
OrderedDict([('G_GAN_val', 0.23184438049793243), ('G_L1_val', 4.579498767852783), ('D_real_val', 0.2337985336780548), ('D_fake_val', 0.3161453604698181), ('KL_realB_fakeB_val', 0.16927285599245506)])
end of validation step
OrderedDict([('G_GAN_val', 0.2726086378097534), ('G_L1_val', 5.315703392028809), ('D_real_val', 0.22942763566970825), ('D_fake_val', 0.26703694462776184), ('KL_realB_fakeB_val', 0.09875441205357821)])
end of validation step
OrderedDict([('G_GAN_val', 0.2527337670326233), ('G_L1_val', 2.788644552230835), ('D_real_val', 0.24433451890945435), ('D_fake_val', 0.3111547827720642), ('KL_realB_fakeB_val', 0.08634417994966884)])
end of validation step
saving the model at the end of epoch 10, iters 400
End of epoch 10 / 200 	 Time Taken: 11 sec
learning rate 0.0002000 -> 0.0002000
OrderedDict([('G_GAN_val', 0.3253038823604584), ('G_L1_val', 4.9789276123046875), ('D_real_val', 0.2685813009738922), ('D_fake_val', 0.2818754017353058), ('KL_realB_fakeB_val', 0.09464926551504355)])
end of validation step
OrderedDict([('G_GAN_val', 0.2751983404159546), ('G_L1_val', 6.090694427490234), ('D_real_val', 0.2513130009174347), ('D_fake_val', 0.3078446388244629), ('KL_realB_fakeB_val', 0.19038847828413225)])
end of validation step
OrderedDict([('G_GAN_val', 0.2611328661441803), ('G_L1_val', 3.2417263984680176), ('D_real_val', 0.2454056739807129), ('D_fake_val', 0.2837766110897064), ('KL_realB_fakeB_val', 0.15547450946411157)])
end of validation step
OrderedDict([('G_GAN_val', 0.25653961300849915), ('G_L1_val', 3.5474014282226562), ('D_real_val', 0.24283309280872345), ('D_fake_val', 0.3177981972694397), ('KL_realB_fakeB_val', 0.1389639160704422)])
end of validation step
OrderedDict([('G_GAN_val', 0.28625789284706116), ('G_L1_val', 4.667422771453857), ('D_real_val', 0.2819049060344696), ('D_fake_val', 0.3161812424659729), ('KL_realB_fakeB_val', 0.110662114124299)])
end of validation step
OrderedDict([('G_GAN_val', 0.2853371202945709), ('G_L1_val', 7.609283924102783), ('D_real_val', 0.2360757440328598), ('D_fake_val', 0.28410959243774414), ('KL_realB_fakeB_val', 0.11787436178191554)])
end of validation step
OrderedDict([('G_GAN_val', 0.5218321084976196), ('G_L1_val', 4.668010234832764), ('D_real_val', 0.5306467413902283), ('D_fake_val', 0.5164802670478821), ('KL_realB_fakeB_val', 0.14115604382636152)])
end of validation step
OrderedDict([('G_GAN_val', 0.45466020703315735), ('G_L1_val', 7.937403678894043), ('D_real_val', 0.4230242371559143), ('D_fake_val', 0.3580152690410614), ('KL_realB_fakeB_val', 0.12000307899755958)])
end of validation step
OrderedDict([('G_GAN_val', 0.6035214066505432), ('G_L1_val', 3.476414203643799), ('D_real_val', 0.5927384495735168), ('D_fake_val', 0.5507006049156189), ('KL_realB_fakeB_val', 0.1557287684302736)])
end of validation step
OrderedDict([('G_GAN_val', 0.5424206256866455), ('G_L1_val', 5.585330009460449), ('D_real_val', 0.5268959403038025), ('D_fake_val', 0.45401617884635925), ('KL_realB_fakeB_val', 0.0919740769335387)])
end of validation step
OrderedDict([('G_GAN_val', 0.542695164680481), ('G_L1_val', 6.184964656829834), ('D_real_val', 0.548373281955719), ('D_fake_val', 0.46058595180511475), ('KL_realB_fakeB_val', 0.20996565835561867)])
end of validation step
OrderedDict([('G_GAN_val', 0.569249153137207), ('G_L1_val', 3.383277654647827), ('D_real_val', 0.5668704509735107), ('D_fake_val', 0.5189526081085205), ('KL_realB_fakeB_val', 0.1401765908484211)])
end of validation step
OrderedDict([('G_GAN_val', 0.26331499218940735), ('G_L1_val', 4.323835372924805), ('D_real_val', 0.26052534580230713), ('D_fake_val', 0.2907639741897583), ('KL_realB_fakeB_val', 0.14150349848051255)])
end of validation step
OrderedDict([('G_GAN_val', 0.2642044723033905), ('G_L1_val', 3.5778415203094482), ('D_real_val', 0.25638478994369507), ('D_fake_val', 0.3260127305984497), ('KL_realB_fakeB_val', 0.18671557267446315)])
end of validation step
OrderedDict([('G_GAN_val', 0.32134073972702026), ('G_L1_val', 7.715001583099365), ('D_real_val', 0.2832815945148468), ('D_fake_val', 0.30710697174072266), ('KL_realB_fakeB_val', 0.1322768616953236)])
end of validation step
OrderedDict([('G_GAN_val', 0.29963672161102295), ('G_L1_val', 5.811356067657471), ('D_real_val', 0.25642094016075134), ('D_fake_val', 0.2889629602432251), ('KL_realB_fakeB_val', 0.18761593876322535)])
end of validation step
OrderedDict([('G_GAN_val', 0.2980732023715973), ('G_L1_val', 4.707078456878662), ('D_real_val', 0.2589253783226013), ('D_fake_val', 0.273964524269104), ('KL_realB_fakeB_val', 0.09396371014069803)])
end of validation step
OrderedDict([('G_GAN_val', 0.24827465415000916), ('G_L1_val', 3.0869808197021484), ('D_real_val', 0.2382548749446869), ('D_fake_val', 0.28435084223747253), ('KL_realB_fakeB_val', 0.1457020358884536)])
end of validation step
OrderedDict([('G_GAN_val', 0.2709219455718994), ('G_L1_val', 2.7741787433624268), ('D_real_val', 0.25098294019699097), ('D_fake_val', 0.28917649388313293), ('KL_realB_fakeB_val', 0.12378317451879792)])
end of validation step
OrderedDict([('G_GAN_val', 0.2639712989330292), ('G_L1_val', 3.1620166301727295), ('D_real_val', 0.25085732340812683), ('D_fake_val', 0.3346002995967865), ('KL_realB_fakeB_val', 0.1867731409900959)])
end of validation step
OrderedDict([('G_GAN_val', 0.34270086884498596), ('G_L1_val', 7.776378154754639), ('D_real_val', 0.2864667773246765), ('D_fake_val', 0.3884412348270416), ('KL_realB_fakeB_val', 0.1641188584609189)])
end of validation step
OrderedDict([('G_GAN_val', 0.3153489828109741), ('G_L1_val', 5.483066082000732), ('D_real_val', 0.26449811458587646), ('D_fake_val', 0.32677605748176575), ('KL_realB_fakeB_val', 0.20051369774010974)])
end of validation step
OrderedDict([('G_GAN_val', 0.28948575258255005), ('G_L1_val', 4.249363422393799), ('D_real_val', 0.28064075112342834), ('D_fake_val', 0.28158432245254517), ('KL_realB_fakeB_val', 0.17304745511730807)])
end of validation step
OrderedDict([('G_GAN_val', 0.3476092219352722), ('G_L1_val', 4.561624050140381), ('D_real_val', 0.2999553084373474), ('D_fake_val', 0.32320550084114075), ('KL_realB_fakeB_val', 0.09557295003928246)])
end of validation step
End of epoch 11 / 200 	 Time Taken: 5 sec
learning rate 0.0002000 -> 0.0002000
OrderedDict([('G_GAN_val', 0.30738338828086853), ('G_L1_val', 7.0390305519104), ('D_real_val', 0.27127549052238464), ('D_fake_val', 0.2636350691318512), ('KL_realB_fakeB_val', 0.11693165713265219)])
end of validation step
OrderedDict([('G_GAN_val', 0.26579803228378296), ('G_L1_val', 3.953733205795288), ('D_real_val', 0.27654600143432617), ('D_fake_val', 0.26769325137138367), ('KL_realB_fakeB_val', 0.15706945229654762)])
end of validation step
OrderedDict([('G_GAN_val', 0.3020663261413574), ('G_L1_val', 5.599514961242676), ('D_real_val', 0.31742849946022034), ('D_fake_val', 0.2440696656703949), ('KL_realB_fakeB_val', 0.11325417645923778)])
end of validation step
OrderedDict([('G_GAN_val', 0.2888430953025818), ('G_L1_val', 3.9850778579711914), ('D_real_val', 0.2926488518714905), ('D_fake_val', 0.24642111361026764), ('KL_realB_fakeB_val', 0.15540494845826308)])
end of validation step
OrderedDict([('G_GAN_val', 0.29728055000305176), ('G_L1_val', 5.136363983154297), ('D_real_val', 0.2769491970539093), ('D_fake_val', 0.23145325481891632), ('KL_realB_fakeB_val', 0.11005105674486804)])
end of validation step
OrderedDict([('G_GAN_val', 0.29975220561027527), ('G_L1_val', 5.894603729248047), ('D_real_val', 0.27363669872283936), ('D_fake_val', 0.2475464791059494), ('KL_realB_fakeB_val', 0.1643669173302477)])
end of validation step
OrderedDict([('G_GAN_val', 0.34717169404029846), ('G_L1_val', 2.945758104324341), ('D_real_val', 0.3365093469619751), ('D_fake_val', 0.3579176366329193), ('KL_realB_fakeB_val', 0.22917517707593876)])
end of validation step
OrderedDict([('G_GAN_val', 0.2587535083293915), ('G_L1_val', 6.959018230438232), ('D_real_val', 0.22923554480075836), ('D_fake_val', 0.30078235268592834), ('KL_realB_fakeB_val', 0.14077517709705484)])
end of validation step
OrderedDict([('G_GAN_val', 0.3068402111530304), ('G_L1_val', 4.363452434539795), ('D_real_val', 0.26692110300064087), ('D_fake_val', 0.2969897389411926), ('KL_realB_fakeB_val', 0.10317699484745767)])
end of validation step
OrderedDict([('G_GAN_val', 0.2884036600589752), ('G_L1_val', 5.037060260772705), ('D_real_val', 0.26814553141593933), ('D_fake_val', 0.31992480158805847), ('KL_realB_fakeB_val', 0.15266418131272239)])
end of validation step
OrderedDict([('G_GAN_val', 0.36608651280403137), ('G_L1_val', 3.6078341007232666), ('D_real_val', 0.3662811815738678), ('D_fake_val', 0.3769826889038086), ('KL_realB_fakeB_val', 0.09670224648612477)])
end of validation step
OrderedDict([('G_GAN_val', 0.295254647731781), ('G_L1_val', 3.165663719177246), ('D_real_val', 0.2894755005836487), ('D_fake_val', 0.33634501695632935), ('KL_realB_fakeB_val', 0.11276174167106688)])
end of validation step
OrderedDict([('G_GAN_val', 0.2954118847846985), ('G_L1_val', 7.035831928253174), ('D_real_val', 0.25940507650375366), ('D_fake_val', 0.2668927013874054), ('KL_realB_fakeB_val', 0.15434679990994127)])
end of validation step
OrderedDict([('G_GAN_val', 0.3520240783691406), ('G_L1_val', 4.8769049644470215), ('D_real_val', 0.3174787759780884), ('D_fake_val', 0.2549911141395569), ('KL_realB_fakeB_val', 0.1035410900466902)])
end of validation step
OrderedDict([('G_GAN_val', 0.3157728612422943), ('G_L1_val', 3.3619344234466553), ('D_real_val', 0.3179504871368408), ('D_fake_val', 0.30622246861457825), ('KL_realB_fakeB_val', 0.18057275627330438)])
end of validation step
OrderedDict([('G_GAN_val', 0.3973862826824188), ('G_L1_val', 4.684856414794922), ('D_real_val', 0.4203500747680664), ('D_fake_val', 0.32359978556632996), ('KL_realB_fakeB_val', 0.10762761956453774)])
end of validation step
OrderedDict([('G_GAN_val', 0.3249110281467438), ('G_L1_val', 5.455554485321045), ('D_real_val', 0.30584320425987244), ('D_fake_val', 0.2796103060245514), ('KL_realB_fakeB_val', 0.19247492147662149)])
end of validation step
OrderedDict([('G_GAN_val', 0.38074564933776855), ('G_L1_val', 3.412301540374756), ('D_real_val', 0.38354411721229553), ('D_fake_val', 0.31532755494117737), ('KL_realB_fakeB_val', 0.115758120854239)])
end of validation step
OrderedDict([('G_GAN_val', 0.3302493691444397), ('G_L1_val', 7.6590657234191895), ('D_real_val', 0.2864190936088562), ('D_fake_val', 0.29379335045814514), ('KL_realB_fakeB_val', 0.16378515860751575)])
end of validation step
OrderedDict([('G_GAN_val', 0.3331838846206665), ('G_L1_val', 5.644435882568359), ('D_real_val', 0.29141324758529663), ('D_fake_val', 0.27561748027801514), ('KL_realB_fakeB_val', 0.15801834818707788)])
end of validation step
OrderedDict([('G_GAN_val', 0.3458908498287201), ('G_L1_val', 4.2800774574279785), ('D_real_val', 0.3046969473361969), ('D_fake_val', 0.25425562262535095), ('KL_realB_fakeB_val', 0.07959086701943677)])
end of validation step
OrderedDict([('G_GAN_val', 0.3205660879611969), ('G_L1_val', 3.8128466606140137), ('D_real_val', 0.32145199179649353), ('D_fake_val', 0.23534449934959412), ('KL_realB_fakeB_val', 0.16683156058432924)])
end of validation step
OrderedDict([('G_GAN_val', 0.30578675866127014), ('G_L1_val', 3.0463790893554688), ('D_real_val', 0.29569873213768005), ('D_fake_val', 0.292631596326828), ('KL_realB_fakeB_val', 0.15640648382267133)])
end of validation step
OrderedDict([('G_GAN_val', 0.31916478276252747), ('G_L1_val', 2.588715076446533), ('D_real_val', 0.30312901735305786), ('D_fake_val', 0.24023526906967163), ('KL_realB_fakeB_val', 0.0777534831138337)])
end of validation step
End of epoch 12 / 200 	 Time Taken: 4 sec
learning rate 0.0002000 -> 0.0002000
OrderedDict([('G_GAN_val', 0.2448822408914566), ('G_L1_val', 6.881747245788574), ('D_real_val', 0.19886846840381622), ('D_fake_val', 0.2878885865211487), ('KL_realB_fakeB_val', 0.11263068722293701)])
end of validation step
OrderedDict([('G_GAN_val', 0.23663493990898132), ('G_L1_val', 3.188244581222534), ('D_real_val', 0.22340939939022064), ('D_fake_val', 0.2991349399089813), ('KL_realB_fakeB_val', 0.19014166569678992)])
end of validation step
OrderedDict([('G_GAN_val', 0.2687382698059082), ('G_L1_val', 3.797243595123291), ('D_real_val', 0.2596687078475952), ('D_fake_val', 0.27716681361198425), ('KL_realB_fakeB_val', 0.1512179723940083)])
end of validation step
OrderedDict([('G_GAN_val', 0.27132537961006165), ('G_L1_val', 4.626946926116943), ('D_real_val', 0.22375328838825226), ('D_fake_val', 0.24986861646175385), ('KL_realB_fakeB_val', 0.0830513705512651)])
end of validation step
OrderedDict([('G_GAN_val', 0.25653260946273804), ('G_L1_val', 3.0002923011779785), ('D_real_val', 0.23827333748340607), ('D_fake_val', 0.2646380364894867), ('KL_realB_fakeB_val', 0.1551442977179469)])
end of validation step
OrderedDict([('G_GAN_val', 0.25197651982307434), ('G_L1_val', 5.6724419593811035), ('D_real_val', 0.21099036931991577), ('D_fake_val', 0.2780615985393524), ('KL_realB_fakeB_val', 0.21769322515752296)])
end of validation step
OrderedDict([('G_GAN', 0.2572704255580902), ('G_L1', 2.8660616874694824), ('D_real', 0.2906535863876343), ('D_fake', 0.25318753719329834), ('KL_realB_fakeB', 0.11809477098122993)])
(epoch: 13, iters: 20, time: 0.053, data: 0.467) G_GAN: 0.257 G_L1: 2.866 D_real: 0.291 D_fake: 0.253 KL_realB_fakeB: 0.118 
