----------------- Options ---------------
               batch_size: 1                             
                    beta1: 0.5                           
          checkpoints_dir: /home/otto.tavares/public/iltbi/rxpixp2pixcycle/checkpoints
           continue_train: False                         
                crop_size: 256                           
       custom_images_path: /home/otto.tavares/public/iltbi/train/images/santa_casa_pares/	[default: None]
        custom_masks_path: None                          
       custom_paired_path: None                          
                 dataroot: /home/otto.tavares/public/iltbi/train/images/santa_casa_pares/	[default: None]
           dataset_action: False                         
     dataset_download_dir: /home/otto.tavares/public/iltbi/rxpixp2pixcycle
             dataset_mode: santacasaskfold               	[default: aligned]
             dataset_name: Shenzhen                      
                direction: AtoB                          
              display_env: main                          
             display_freq: 400                           
               display_id: 1                             
            display_ncols: 4                             
             display_port: 8097                          
           display_server: http://localhost              
          display_winsize: 256                           
            download_imgs: False                         
                    epoch: latest                        
              epoch_count: 1                             
                 gan_mode: lsgan                         	[default: vanilla]
  generate_paths_data_csv: False                         
                  gpu_ids: 0                             
                init_gain: 0.02                          
                init_type: normal                        
                 input_nc: 3                             
                     isTB: False                         
                  isTrain: True                          	[default: None]
          is_resume_wandb: False                         
                      job: None                          
                lambda_L1: 50.0                          	[default: 100.0]
                load_iter: 0                             	[default: 0]
                load_size: 256                           	[default: 286]
                       lr: 0.0002                        
           lr_decay_iters: 50                            
                lr_policy: linear                        
         max_dataset_size: inf                           
                    model: pix2pix                       	[default: cycle_gan]
                 n_epochs: 100                           
           n_epochs_decay: 100                           
                  n_folds: 10                            
               n_layers_D: 3                             
                     name: santacasa_test_0_sort_1       	[default: experiment_name]
                      ndf: 64                            
                     netD: basic                         
                     netG: unet_256                      
                      ngf: 64                            
               no_dropout: False                         
                  no_flip: False                         
                  no_html: False                         
                     norm: batch                         
              num_threads: 4                             
                  num_val: 400                           
                output_nc: 3                             
                    phase: train                         
                pool_size: 0                             
               preprocess: resize_and_scale_width        	[default: resize_and_crop]
               print_freq: 100                           
                  project: p2p_santacasa                 	[default: None]
             save_by_iter: False                         
          save_epoch_freq: 5                             
         save_latest_freq: 5000                          
                     seed: 512                           	[default: 512]
           serial_batches: False                         
                     sort: 1                             	[default: 0]
                   suffix:                               
                     test: 0                             
                    token:                               
            train_dataset: True                          
         update_html_freq: 1000                          
                use_wandb: True                          	[default: False]
                 val_freq: 10                            	[default: 400]
                  verbose: False                         
             wandb_entity: otavares                      	[default: brics-tb]
            wandb_fold_id: def_val_wandb_test_0_sort_1   	[default: None]
----------------- End -------------------
GPU with device 0
                 images    gauss  ... all_together target
0   20220315_184023.jpg      seg  ...          seg      0
1   20220315_184432.jpg      seg  ...          seg      0
2   20220315_184701.jpg  not seg  ...          seg      0
3   20220315_184740.jpg      seg  ...          seg      0
4   20220315_185230.jpg      seg  ...          seg      0
..                  ...      ...  ...          ...    ...
83         IMG_5503.JPG  not seg  ...      not seg      0
84         IMG_5505.JPG      seg  ...          seg      0
85         IMG_5507.JPG      seg  ...          seg      0
86         IMG_5509.JPG      seg  ...          seg      0
87         IMG_5604.JPG      seg  ...          seg      0

[88 rows x 5 columns]
bins selected for val: [1, 2, 3, 4, 5, 6, 7, 8, 9]
bins selected for val: [0, 2, 3, 4, 5, 6, 7, 8, 9]
bins selected for val: [0, 1, 3, 4, 5, 6, 7, 8, 9]
bins selected for val: [0, 1, 2, 4, 5, 6, 7, 8, 9]
bins selected for val: [0, 1, 2, 3, 5, 6, 7, 8, 9]
bins selected for val: [0, 1, 2, 3, 4, 6, 7, 8, 9]
bins selected for val: [0, 1, 2, 3, 4, 5, 7, 8, 9]
bins selected for val: [0, 1, 2, 3, 4, 5, 6, 8, 9]
bins selected for val: [0, 1, 2, 3, 4, 5, 6, 7, 9]
bins selected for val: [0, 1, 2, 3, 4, 5, 6, 7, 8]
dataset [SantaCasaSkfoldDataset] was created
                 images    gauss  ... all_together target
0   20220315_184023.jpg      seg  ...          seg      0
1   20220315_184432.jpg      seg  ...          seg      0
2   20220315_184701.jpg  not seg  ...          seg      0
3   20220315_184740.jpg      seg  ...          seg      0
4   20220315_185230.jpg      seg  ...          seg      0
..                  ...      ...  ...          ...    ...
83         IMG_5503.JPG  not seg  ...      not seg      0
84         IMG_5505.JPG      seg  ...          seg      0
85         IMG_5507.JPG      seg  ...          seg      0
86         IMG_5509.JPG      seg  ...          seg      0
87         IMG_5604.JPG      seg  ...          seg      0

[88 rows x 5 columns]
bins selected for val: [1, 2, 3, 4, 5, 6, 7, 8, 9]
bins selected for val: [0, 2, 3, 4, 5, 6, 7, 8, 9]
bins selected for val: [0, 1, 3, 4, 5, 6, 7, 8, 9]
bins selected for val: [0, 1, 2, 4, 5, 6, 7, 8, 9]
bins selected for val: [0, 1, 2, 3, 5, 6, 7, 8, 9]
bins selected for val: [0, 1, 2, 3, 4, 6, 7, 8, 9]
bins selected for val: [0, 1, 2, 3, 4, 5, 7, 8, 9]
bins selected for val: [0, 1, 2, 3, 4, 5, 6, 8, 9]
bins selected for val: [0, 1, 2, 3, 4, 5, 6, 7, 9]
bins selected for val: [0, 1, 2, 3, 4, 5, 6, 7, 8]
dataset [SantaCasaSkfoldDataset] was created
The number of training images = 40
The number of val images = 6
initialize network with normal
initialize network with normal
model [Pix2PixModel] was created
---------- Networks initialized -------------
[Network G] Total number of parameters : 54.414 M
[Network D] Total number of parameters : 2.769 M
-----------------------------------------------
Exception in user code:
------------------------------------------------------------


Could not connect to Visdom server. 
 Trying to start a server....
Command: /usr/bin/python3 -m visdom.server -p 8097 &>/dev/null &
create web directory /home/otto.tavares/public/iltbi/rxpixp2pixcycle/checkpoints/santacasa_test_0_sort_1/web...
learning rate 0.0002000 -> 0.0002000
OrderedDict([('G_GAN_val', 1.0787370204925537), ('G_L1_val', 29.256244659423828), ('D_real_val', 0.7599503993988037), ('D_fake_val', 0.912566602230072), ('KL_realB_fakeB_val', 2.0321288903341883)])
end of validation step
OrderedDict([('G_GAN_val', 0.9937975406646729), ('G_L1_val', 33.30081558227539), ('D_real_val', 0.5378435850143433), ('D_fake_val', 0.9521676301956177), ('KL_realB_fakeB_val', 2.0775216611666334)])
end of validation step
OrderedDict([('G_GAN_val', 0.9688810706138611), ('G_L1_val', 27.91680145263672), ('D_real_val', 0.5181118845939636), ('D_fake_val', 0.7642305493354797), ('KL_realB_fakeB_val', 2.8518803809622364)])
end of validation step
OrderedDict([('G_GAN_val', 0.8439338207244873), ('G_L1_val', 27.282602310180664), ('D_real_val', 0.6153943538665771), ('D_fake_val', 0.7263216376304626), ('KL_realB_fakeB_val', 2.576924577027432)])
end of validation step
OrderedDict([('G_GAN_val', 1.0113320350646973), ('G_L1_val', 23.259687423706055), ('D_real_val', 0.615922212600708), ('D_fake_val', 0.8190996050834656), ('KL_realB_fakeB_val', 1.7093916337003923)])
end of validation step
OrderedDict([('G_GAN_val', 1.067302942276001), ('G_L1_val', 31.998003005981445), ('D_real_val', 0.7078820466995239), ('D_fake_val', 0.8660838603973389), ('KL_realB_fakeB_val', 2.5565270926894264)])
end of validation step
OrderedDict([('G_GAN_val', 0.8375577330589294), ('G_L1_val', 15.737954139709473), ('D_real_val', 0.49969103932380676), ('D_fake_val', 0.5734962224960327), ('KL_realB_fakeB_val', 0.3388818226806084)])
end of validation step
OrderedDict([('G_GAN_val', 1.1187559366226196), ('G_L1_val', 26.174068450927734), ('D_real_val', 0.6396704912185669), ('D_fake_val', 0.960178792476654), ('KL_realB_fakeB_val', 0.4709964162213833)])
end of validation step
OrderedDict([('G_GAN_val', 0.8206900358200073), ('G_L1_val', 16.83597183227539), ('D_real_val', 0.45120903849601746), ('D_fake_val', 0.6027505397796631), ('KL_realB_fakeB_val', 0.4385586264467771)])
end of validation step
OrderedDict([('G_GAN_val', 0.9673359990119934), ('G_L1_val', 22.67532730102539), ('D_real_val', 0.6663606762886047), ('D_fake_val', 0.7165006399154663), ('KL_realB_fakeB_val', 0.410037697880241)])
end of validation step
OrderedDict([('G_GAN_val', 0.8043960928916931), ('G_L1_val', 25.55251693725586), ('D_real_val', 0.575247585773468), ('D_fake_val', 0.5322791934013367), ('KL_realB_fakeB_val', 0.5444715201715145)])
end of validation step
OrderedDict([('G_GAN_val', 1.0267999172210693), ('G_L1_val', 18.241071701049805), ('D_real_val', 0.5915797352790833), ('D_fake_val', 0.8778477311134338), ('KL_realB_fakeB_val', 0.431078335560221)])
end of validation step
OrderedDict([('G_GAN_val', 0.5827866196632385), ('G_L1_val', 13.42911434173584), ('D_real_val', 0.4896439015865326), ('D_fake_val', 0.5324850678443909), ('KL_realB_fakeB_val', 0.27882943132255816)])
end of validation step
OrderedDict([('G_GAN_val', 0.6622976660728455), ('G_L1_val', 9.977542877197266), ('D_real_val', 0.7141417860984802), ('D_fake_val', 0.6158786416053772), ('KL_realB_fakeB_val', 0.4010902336074048)])
end of validation step
OrderedDict([('G_GAN_val', 0.6912056803703308), ('G_L1_val', 12.285329818725586), ('D_real_val', 0.6819154620170593), ('D_fake_val', 0.5009503364562988), ('KL_realB_fakeB_val', 0.4247755770015951)])
end of validation step
OrderedDict([('G_GAN_val', 0.8097350597381592), ('G_L1_val', 18.597007751464844), ('D_real_val', 0.8858162760734558), ('D_fake_val', 0.5208826661109924), ('KL_realB_fakeB_val', 0.555073984437199)])
end of validation step
OrderedDict([('G_GAN_val', 0.6189213991165161), ('G_L1_val', 18.83306884765625), ('D_real_val', 0.5012630224227905), ('D_fake_val', 0.45483800768852234), ('KL_realB_fakeB_val', 0.35628906583320175)])
end of validation step
OrderedDict([('G_GAN_val', 0.7234315276145935), ('G_L1_val', 16.58324432373047), ('D_real_val', 0.6508938670158386), ('D_fake_val', 0.47201380133628845), ('KL_realB_fakeB_val', 0.4360799706077094)])
end of validation step
OrderedDict([('G_GAN_val', 0.47705337405204773), ('G_L1_val', 18.234956741333008), ('D_real_val', 0.4308091998100281), ('D_fake_val', 0.32973212003707886), ('KL_realB_fakeB_val', 0.2807252962851163)])
end of validation step
OrderedDict([('G_GAN_val', 0.40490540862083435), ('G_L1_val', 12.694681167602539), ('D_real_val', 0.3397124707698822), ('D_fake_val', 0.34056946635246277), ('KL_realB_fakeB_val', 0.19160127001077482)])
end of validation step
OrderedDict([('G_GAN_val', 0.5463036894798279), ('G_L1_val', 16.880584716796875), ('D_real_val', 0.4665560722351074), ('D_fake_val', 0.4375251829624176), ('KL_realB_fakeB_val', 0.31024519933536404)])
end of validation step
OrderedDict([('G_GAN_val', 0.6246837973594666), ('G_L1_val', 18.66059684753418), ('D_real_val', 0.5633448958396912), ('D_fake_val', 0.4544411301612854), ('KL_realB_fakeB_val', 0.5252892910683591)])
end of validation step
OrderedDict([('G_GAN_val', 0.456028014421463), ('G_L1_val', 6.931903839111328), ('D_real_val', 0.41717252135276794), ('D_fake_val', 0.41663748025894165), ('KL_realB_fakeB_val', 0.2726917779488676)])
end of validation step
OrderedDict([('G_GAN_val', 0.49935680627822876), ('G_L1_val', 9.72828197479248), ('D_real_val', 0.518208920955658), ('D_fake_val', 0.4031662344932556), ('KL_realB_fakeB_val', 0.33428458097687874)])
end of validation step
End of epoch 1 / 200 	 Time Taken: 4 sec
learning rate 0.0002000 -> 0.0002000
OrderedDict([('G_GAN_val', 0.42827823758125305), ('G_L1_val', 10.531584739685059), ('D_real_val', 0.39789894223213196), ('D_fake_val', 0.394550621509552), ('KL_realB_fakeB_val', 0.3468982040671108)])
end of validation step
OrderedDict([('G_GAN_val', 0.34433454275131226), ('G_L1_val', 14.763858795166016), ('D_real_val', 0.28690698742866516), ('D_fake_val', 0.2995520234107971), ('KL_realB_fakeB_val', 0.278675720190024)])
end of validation step
OrderedDict([('G_GAN_val', 0.34963417053222656), ('G_L1_val', 6.236844539642334), ('D_real_val', 0.2998217046260834), ('D_fake_val', 0.38990283012390137), ('KL_realB_fakeB_val', 0.17509308180715777)])
end of validation step
OrderedDict([('G_GAN_val', 0.46811339259147644), ('G_L1_val', 12.160311698913574), ('D_real_val', 0.37977513670921326), ('D_fake_val', 0.4676561951637268), ('KL_realB_fakeB_val', 0.5836093045568483)])
end of validation step
OrderedDict([('G_GAN_val', 0.314147412776947), ('G_L1_val', 8.650287628173828), ('D_real_val', 0.25713491439819336), ('D_fake_val', 0.34574419260025024), ('KL_realB_fakeB_val', 0.1122688621591921)])
end of validation step
OrderedDict([('G_GAN_val', 0.4175073206424713), ('G_L1_val', 11.873619079589844), ('D_real_val', 0.35842809081077576), ('D_fake_val', 0.3988281488418579), ('KL_realB_fakeB_val', 0.35711549655737973)])
end of validation step
OrderedDict([('G_GAN_val', 0.4515114724636078), ('G_L1_val', 14.622992515563965), ('D_real_val', 0.3638472557067871), ('D_fake_val', 0.27843984961509705), ('KL_realB_fakeB_val', 0.3118909311467791)])
end of validation step
OrderedDict([('G_GAN_val', 0.4251146912574768), ('G_L1_val', 11.27046012878418), ('D_real_val', 0.3601095378398895), ('D_fake_val', 0.283221960067749), ('KL_realB_fakeB_val', 0.4606245049770287)])
end of validation step
OrderedDict([('G_GAN_val', 0.38248637318611145), ('G_L1_val', 8.90920639038086), ('D_real_val', 0.3581636846065521), ('D_fake_val', 0.2781863510608673), ('KL_realB_fakeB_val', 0.4182906177519403)])
end of validation step
OrderedDict([('G_GAN_val', 0.33906495571136475), ('G_L1_val', 5.277037620544434), ('D_real_val', 0.29267337918281555), ('D_fake_val', 0.2682327926158905), ('KL_realB_fakeB_val', 0.1643013194521819)])
end of validation step
OrderedDict([('G_GAN_val', 0.3710278868675232), ('G_L1_val', 10.914228439331055), ('D_real_val', 0.3306691646575928), ('D_fake_val', 0.2689977288246155), ('KL_realB_fakeB_val', 0.11585680926236085)])
end of validation step
OrderedDict([('G_GAN_val', 0.37796834111213684), ('G_L1_val', 8.616007804870605), ('D_real_val', 0.32933634519577026), ('D_fake_val', 0.28255972266197205), ('KL_realB_fakeB_val', 0.6184187978166099)])
end of validation step
OrderedDict([('G_GAN_val', 0.4255864918231964), ('G_L1_val', 15.103178977966309), ('D_real_val', 0.3152107000350952), ('D_fake_val', 0.2814381718635559), ('KL_realB_fakeB_val', 0.1544821754572296)])
end of validation step
OrderedDict([('G_GAN_val', 0.35963648557662964), ('G_L1_val', 6.784243106842041), ('D_real_val', 0.3148084282875061), ('D_fake_val', 0.2592797577381134), ('KL_realB_fakeB_val', 0.16247066917736827)])
end of validation step
OrderedDict([('G_GAN_val', 0.42195481061935425), ('G_L1_val', 10.233881950378418), ('D_real_val', 0.3635029196739197), ('D_fake_val', 0.2765587568283081), ('KL_realB_fakeB_val', 0.18844555967770607)])
end of validation step
OrderedDict([('G_GAN_val', 0.3820553421974182), ('G_L1_val', 7.976147651672363), ('D_real_val', 0.33491531014442444), ('D_fake_val', 0.3088243007659912), ('KL_realB_fakeB_val', 0.25174698071230334)])
end of validation step
OrderedDict([('G_GAN_val', 0.36735156178474426), ('G_L1_val', 9.49060344696045), ('D_real_val', 0.31060105562210083), ('D_fake_val', 0.24922512471675873), ('KL_realB_fakeB_val', 0.13381423623789823)])
end of validation step
OrderedDict([('G_GAN_val', 0.33785441517829895), ('G_L1_val', 4.408939838409424), ('D_real_val', 0.29915472865104675), ('D_fake_val', 0.286837637424469), ('KL_realB_fakeB_val', 0.15704081837209422)])
end of validation step
OrderedDict([('G_GAN_val', 0.42159757018089294), ('G_L1_val', 6.966188430786133), ('D_real_val', 0.3994295299053192), ('D_fake_val', 0.325420618057251), ('KL_realB_fakeB_val', 0.3381653788854069)])
end of validation step
OrderedDict([('G_GAN_val', 0.39433857798576355), ('G_L1_val', 8.621853828430176), ('D_real_val', 0.3144170641899109), ('D_fake_val', 0.27284613251686096), ('KL_realB_fakeB_val', 0.12613594242680462)])
end of validation step
OrderedDict([('G_GAN_val', 0.40345439314842224), ('G_L1_val', 7.754422664642334), ('D_real_val', 0.36301907896995544), ('D_fake_val', 0.3185761272907257), ('KL_realB_fakeB_val', 0.4229154023240438)])
end of validation step
OrderedDict([('G_GAN_val', 0.4108007252216339), ('G_L1_val', 15.062029838562012), ('D_real_val', 0.3115672767162323), ('D_fake_val', 0.24564704298973083), ('KL_realB_fakeB_val', 0.22320518820399532)])
end of validation step
OrderedDict([('G_GAN_val', 0.4390430450439453), ('G_L1_val', 9.951953887939453), ('D_real_val', 0.3860968053340912), ('D_fake_val', 0.2856835424900055), ('KL_realB_fakeB_val', 0.3352034611434707)])
end of validation step
OrderedDict([('G_GAN_val', 0.3856181204319), ('G_L1_val', 4.027950763702393), ('D_real_val', 0.33622226119041443), ('D_fake_val', 0.3188473582267761), ('KL_realB_fakeB_val', 0.1308030131546008)])
end of validation step
End of epoch 2 / 200 	 Time Taken: 4 sec
learning rate 0.0002000 -> 0.0002000
OrderedDict([('G_GAN_val', 0.38918355107307434), ('G_L1_val', 12.419256210327148), ('D_real_val', 0.3038296103477478), ('D_fake_val', 0.2803644835948944), ('KL_realB_fakeB_val', 0.12327231726094091)])
end of validation step
OrderedDict([('G_GAN_val', 0.3796975910663605), ('G_L1_val', 9.09489917755127), ('D_real_val', 0.35402756929397583), ('D_fake_val', 0.2813941240310669), ('KL_realB_fakeB_val', 0.17100864175562352)])
end of validation step
OrderedDict([('G_GAN_val', 0.4023348391056061), ('G_L1_val', 11.176237106323242), ('D_real_val', 0.3345380425453186), ('D_fake_val', 0.2955174744129181), ('KL_realB_fakeB_val', 0.18284330047081596)])
end of validation step
OrderedDict([('G_GAN_val', 0.37777671217918396), ('G_L1_val', 7.9911651611328125), ('D_real_val', 0.3261968195438385), ('D_fake_val', 0.2793158292770386), ('KL_realB_fakeB_val', 0.1341155200025022)])
end of validation step
OrderedDict([('G_GAN_val', 0.35585257411003113), ('G_L1_val', 10.276552200317383), ('D_real_val', 0.31519728899002075), ('D_fake_val', 0.30243515968322754), ('KL_realB_fakeB_val', 0.23414560941677204)])
end of validation step
OrderedDict([('G_GAN_val', 0.3418613076210022), ('G_L1_val', 5.647426605224609), ('D_real_val', 0.3158237040042877), ('D_fake_val', 0.29372161626815796), ('KL_realB_fakeB_val', 0.12961678126051324)])
end of validation step
OrderedDict([('G_GAN', 0.34897345304489136), ('G_L1', 5.756504058837891), ('D_real', 0.2892536520957947), ('D_fake', 0.2869281470775604), ('KL_realB_fakeB', 0.4113124116127458)])
(epoch: 3, iters: 20, time: 0.054, data: 0.082) G_GAN: 0.349 G_L1: 5.757 D_real: 0.289 D_fake: 0.287 KL_realB_fakeB: 0.411 
OrderedDict([('G_GAN_val', 0.3560575842857361), ('G_L1_val', 5.337002277374268), ('D_real_val', 0.3428972661495209), ('D_fake_val', 0.3434053957462311), ('KL_realB_fakeB_val', 0.18423105792744376)])
end of validation step
OrderedDict([('G_GAN_val', 0.34429818391799927), ('G_L1_val', 5.204533576965332), ('D_real_val', 0.322221964597702), ('D_fake_val', 0.272333562374115), ('KL_realB_fakeB_val', 0.19184880340072624)])
end of validation step
OrderedDict([('G_GAN_val', 0.36551493406295776), ('G_L1_val', 15.44204044342041), ('D_real_val', 0.2850504517555237), ('D_fake_val', 0.2397526055574417), ('KL_realB_fakeB_val', 0.15713055986451124)])
end of validation step
OrderedDict([('G_GAN_val', 0.3534826636314392), ('G_L1_val', 8.786724090576172), ('D_real_val', 0.28894200921058655), ('D_fake_val', 0.24277198314666748), ('KL_realB_fakeB_val', 0.11779292183661409)])
end of validation step
OrderedDict([('G_GAN_val', 0.3377118706703186), ('G_L1_val', 3.479982852935791), ('D_real_val', 0.2989961802959442), ('D_fake_val', 0.2924390435218811), ('KL_realB_fakeB_val', 0.13234875699196907)])
end of validation step
OrderedDict([('G_GAN_val', 0.35722649097442627), ('G_L1_val', 8.824316024780273), ('D_real_val', 0.3206755518913269), ('D_fake_val', 0.2953081727027893), ('KL_realB_fakeB_val', 0.18896451384066637)])
end of validation step
OrderedDict([('G_GAN_val', 0.2785644829273224), ('G_L1_val', 5.345470905303955), ('D_real_val', 0.2479589283466339), ('D_fake_val', 0.27799686789512634), ('KL_realB_fakeB_val', 0.36359583558443775)])
end of validation step
OrderedDict([('G_GAN_val', 0.3248476982116699), ('G_L1_val', 8.966009140014648), ('D_real_val', 0.29476532340049744), ('D_fake_val', 0.2584683895111084), ('KL_realB_fakeB_val', 0.1126595059840314)])
end of validation step
OrderedDict([('G_GAN_val', 0.30551451444625854), ('G_L1_val', 8.055716514587402), ('D_real_val', 0.27946019172668457), ('D_fake_val', 0.30494531989097595), ('KL_realB_fakeB_val', 0.1308874372392847)])
end of validation step
OrderedDict([('G_GAN_val', 0.35866910219192505), ('G_L1_val', 9.52607250213623), ('D_real_val', 0.3068189322948456), ('D_fake_val', 0.2609535753726959), ('KL_realB_fakeB_val', 0.14120481079799044)])
end of validation step
OrderedDict([('G_GAN_val', 0.31727808713912964), ('G_L1_val', 6.5965423583984375), ('D_real_val', 0.27527275681495667), ('D_fake_val', 0.26058679819107056), ('KL_realB_fakeB_val', 0.18382262769054558)])
end of validation step
OrderedDict([('G_GAN_val', 0.33885401487350464), ('G_L1_val', 10.52828311920166), ('D_real_val', 0.26648545265197754), ('D_fake_val', 0.26999393105506897), ('KL_realB_fakeB_val', 0.12870560000035125)])
end of validation step
OrderedDict([('G_GAN_val', 0.5140019655227661), ('G_L1_val', 3.9501185417175293), ('D_real_val', 0.4599844217300415), ('D_fake_val', 0.40446382761001587), ('KL_realB_fakeB_val', 0.1379528169672844)])
end of validation step
OrderedDict([('G_GAN_val', 0.5359989404678345), ('G_L1_val', 9.713336944580078), ('D_real_val', 0.46221864223480225), ('D_fake_val', 0.38427409529685974), ('KL_realB_fakeB_val', 0.24684683674197708)])
end of validation step
OrderedDict([('G_GAN_val', 0.5122910141944885), ('G_L1_val', 4.896965026855469), ('D_real_val', 0.48570337891578674), ('D_fake_val', 0.44199100136756897), ('KL_realB_fakeB_val', 0.21931037472210396)])
end of validation step
OrderedDict([('G_GAN_val', 0.4768637418746948), ('G_L1_val', 12.878677368164062), ('D_real_val', 0.390204519033432), ('D_fake_val', 0.3605884313583374), ('KL_realB_fakeB_val', 0.2563487398127514)])
end of validation step
OrderedDict([('G_GAN_val', 0.5096372365951538), ('G_L1_val', 9.110508918762207), ('D_real_val', 0.39978325366973877), ('D_fake_val', 0.35461854934692383), ('KL_realB_fakeB_val', 0.11166441587250112)])
end of validation step
OrderedDict([('G_GAN_val', 0.5393628478050232), ('G_L1_val', 6.868656158447266), ('D_real_val', 0.5280195474624634), ('D_fake_val', 0.38004010915756226), ('KL_realB_fakeB_val', 0.287629539847841)])
end of validation step
End of epoch 3 / 200 	 Time Taken: 4 sec
learning rate 0.0002000 -> 0.0002000
OrderedDict([('G_GAN_val', 0.39736324548721313), ('G_L1_val', 10.996060371398926), ('D_real_val', 0.3352595865726471), ('D_fake_val', 0.3046607971191406), ('KL_realB_fakeB_val', 0.20692508941751697)])
end of validation step
OrderedDict([('G_GAN_val', 0.4271807372570038), ('G_L1_val', 9.733494758605957), ('D_real_val', 0.35047677159309387), ('D_fake_val', 0.32207614183425903), ('KL_realB_fakeB_val', 0.20986669017512832)])
end of validation step
OrderedDict([('G_GAN_val', 0.4128217399120331), ('G_L1_val', 4.963748931884766), ('D_real_val', 0.3978492021560669), ('D_fake_val', 0.35368260741233826), ('KL_realB_fakeB_val', 0.10838543991407729)])
end of validation step
OrderedDict([('G_GAN_val', 0.426639586687088), ('G_L1_val', 7.2322211265563965), ('D_real_val', 0.38732022047042847), ('D_fake_val', 0.3085402548313141), ('KL_realB_fakeB_val', 0.1078259897710585)])
end of validation step
OrderedDict([('G_GAN_val', 0.40346577763557434), ('G_L1_val', 6.86883544921875), ('D_real_val', 0.37461039423942566), ('D_fake_val', 0.3472791314125061), ('KL_realB_fakeB_val', 0.24294416232545435)])
end of validation step
OrderedDict([('G_GAN_val', 0.43354541063308716), ('G_L1_val', 8.090256690979004), ('D_real_val', 0.4327523112297058), ('D_fake_val', 0.32423150539398193), ('KL_realB_fakeB_val', 0.2303410367781707)])
end of validation step
OrderedDict([('G_GAN_val', 0.3584851920604706), ('G_L1_val', 3.839566469192505), ('D_real_val', 0.31918221712112427), ('D_fake_val', 0.29855260252952576), ('KL_realB_fakeB_val', 0.2481906447495554)])
end of validation step
OrderedDict([('G_GAN_val', 0.3527226746082306), ('G_L1_val', 7.498391151428223), ('D_real_val', 0.34367209672927856), ('D_fake_val', 0.3123505413532257), ('KL_realB_fakeB_val', 0.12626703763714084)])
end of validation step
OrderedDict([('G_GAN_val', 0.3510289490222931), ('G_L1_val', 10.496904373168945), ('D_real_val', 0.30525895953178406), ('D_fake_val', 0.28364473581314087), ('KL_realB_fakeB_val', 0.1572412364388855)])
end of validation step
OrderedDict([('G_GAN_val', 0.33986619114875793), ('G_L1_val', 6.482734680175781), ('D_real_val', 0.3041347861289978), ('D_fake_val', 0.273899108171463), ('KL_realB_fakeB_val', 0.11272908011138146)])
end of validation step
OrderedDict([('G_GAN_val', 0.36856138706207275), ('G_L1_val', 6.153783798217773), ('D_real_val', 0.34852588176727295), ('D_fake_val', 0.2813167870044708), ('KL_realB_fakeB_val', 0.12940595796958482)])
end of validation step
OrderedDict([('G_GAN_val', 0.38336047530174255), ('G_L1_val', 4.815243244171143), ('D_real_val', 0.3723827600479126), ('D_fake_val', 0.35845261812210083), ('KL_realB_fakeB_val', 0.10957846504414395)])
end of validation step
OrderedDict([('G_GAN_val', 0.31761297583580017), ('G_L1_val', 4.718486785888672), ('D_real_val', 0.300419420003891), ('D_fake_val', 0.33849459886550903), ('KL_realB_fakeB_val', 0.24449526017410714)])
end of validation step
OrderedDict([('G_GAN_val', 0.353854238986969), ('G_L1_val', 4.110750675201416), ('D_real_val', 0.32567909359931946), ('D_fake_val', 0.3380722999572754), ('KL_realB_fakeB_val', 0.9959766538912258)])
end of validation step
OrderedDict([('G_GAN_val', 0.41931843757629395), ('G_L1_val', 11.782681465148926), ('D_real_val', 0.33624905347824097), ('D_fake_val', 0.3790610730648041), ('KL_realB_fakeB_val', 0.16384769134058283)])
end of validation step
OrderedDict([('G_GAN_val', 0.39297887682914734), ('G_L1_val', 7.361067295074463), ('D_real_val', 0.3399393856525421), ('D_fake_val', 0.3689233362674713), ('KL_realB_fakeB_val', 0.1386782787467386)])
end of validation step
OrderedDict([('G_GAN_val', 0.43421319127082825), ('G_L1_val', 7.230578422546387), ('D_real_val', 0.38464635610580444), ('D_fake_val', 0.36476242542266846), ('KL_realB_fakeB_val', 0.48182105309066714)])
end of validation step
OrderedDict([('G_GAN_val', 0.4139094948768616), ('G_L1_val', 5.272646903991699), ('D_real_val', 0.38600242137908936), ('D_fake_val', 0.335641473531723), ('KL_realB_fakeB_val', 0.18106830751379)])
end of validation step
OrderedDict([('G_GAN_val', 0.3475835621356964), ('G_L1_val', 7.886573791503906), ('D_real_val', 0.2986767590045929), ('D_fake_val', 0.25641748309135437), ('KL_realB_fakeB_val', 0.10213624152432782)])
end of validation step
OrderedDict([('G_GAN_val', 0.3335692882537842), ('G_L1_val', 10.233896255493164), ('D_real_val', 0.2716028094291687), ('D_fake_val', 0.2176860272884369), ('KL_realB_fakeB_val', 0.1047523339406215)])
end of validation step
OrderedDict([('G_GAN_val', 0.35376107692718506), ('G_L1_val', 6.114885330200195), ('D_real_val', 0.3335237503051758), ('D_fake_val', 0.2114991992712021), ('KL_realB_fakeB_val', 0.13920990480267864)])
end of validation step
OrderedDict([('G_GAN_val', 0.35391920804977417), ('G_L1_val', 7.556280612945557), ('D_real_val', 0.2952629327774048), ('D_fake_val', 0.20275519788265228), ('KL_realB_fakeB_val', 0.2947813741113987)])
end of validation step
OrderedDict([('G_GAN_val', 0.32812047004699707), ('G_L1_val', 4.2721028327941895), ('D_real_val', 0.3075023591518402), ('D_fake_val', 0.2708554267883301), ('KL_realB_fakeB_val', 0.17641565336745108)])
end of validation step
OrderedDict([('G_GAN_val', 0.324319064617157), ('G_L1_val', 4.386793613433838), ('D_real_val', 0.2959514856338501), ('D_fake_val', 0.22900095582008362), ('KL_realB_fakeB_val', 0.8927290212439031)])
end of validation step
End of epoch 4 / 200 	 Time Taken: 4 sec
learning rate 0.0002000 -> 0.0002000
OrderedDict([('G_GAN_val', 0.35411906242370605), ('G_L1_val', 6.371586799621582), ('D_real_val', 0.33267733454704285), ('D_fake_val', 0.29396095871925354), ('KL_realB_fakeB_val', 0.18355925293385325)])
end of validation step
OrderedDict([('G_GAN_val', 0.3717151880264282), ('G_L1_val', 4.8195414543151855), ('D_real_val', 0.34412938356399536), ('D_fake_val', 0.2917258143424988), ('KL_realB_fakeB_val', 0.10390565013813557)])
end of validation step
OrderedDict([('G_GAN_val', 0.4256666600704193), ('G_L1_val', 8.321413040161133), ('D_real_val', 0.3630771338939667), ('D_fake_val', 0.2923431098461151), ('KL_realB_fakeB_val', 0.20748401287810023)])
end of validation step
OrderedDict([('G_GAN_val', 0.4013897478580475), ('G_L1_val', 9.674589157104492), ('D_real_val', 0.3296099901199341), ('D_fake_val', 0.29440516233444214), ('KL_realB_fakeB_val', 0.21456463756825125)])
end of validation step
OrderedDict([('G_GAN_val', 0.43355125188827515), ('G_L1_val', 5.869086265563965), ('D_real_val', 0.39623671770095825), ('D_fake_val', 0.30193379521369934), ('KL_realB_fakeB_val', 0.10163308577160564)])
end of validation step
OrderedDict([('G_GAN_val', 0.4344778060913086), ('G_L1_val', 8.155779838562012), ('D_real_val', 0.4071865677833557), ('D_fake_val', 0.3025875389575958), ('KL_realB_fakeB_val', 0.1724543591483328)])
end of validation step
OrderedDict([('G_GAN_val', 0.37028276920318604), ('G_L1_val', 3.957303285598755), ('D_real_val', 0.3416581153869629), ('D_fake_val', 0.3524176776409149), ('KL_realB_fakeB_val', 0.41832827376271453)])
end of validation step
OrderedDict([('G_GAN_val', 0.45142489671707153), ('G_L1_val', 5.580779075622559), ('D_real_val', 0.42894890904426575), ('D_fake_val', 0.3962576985359192), ('KL_realB_fakeB_val', 0.09067141100794344)])
end of validation step
OrderedDict([('G_GAN_val', 0.44797879457473755), ('G_L1_val', 7.07918119430542), ('D_real_val', 0.3946802616119385), ('D_fake_val', 0.3822660446166992), ('KL_realB_fakeB_val', 0.1248211211444793)])
end of validation step
OrderedDict([('G_GAN_val', 0.452785849571228), ('G_L1_val', 9.40538501739502), ('D_real_val', 0.402349054813385), ('D_fake_val', 0.40580445528030396), ('KL_realB_fakeB_val', 0.12025434333576773)])
end of validation step
OrderedDict([('G_GAN_val', 0.46617528796195984), ('G_L1_val', 6.45837926864624), ('D_real_val', 0.43364429473876953), ('D_fake_val', 0.37828344106674194), ('KL_realB_fakeB_val', 0.12572755679162564)])
end of validation step
OrderedDict([('G_GAN_val', 0.3468707501888275), ('G_L1_val', 4.041268348693848), ('D_real_val', 0.32373809814453125), ('D_fake_val', 0.3456983268260956), ('KL_realB_fakeB_val', 0.07303170523579733)])
end of validation step
OrderedDict([('G_GAN_val', 0.3430861532688141), ('G_L1_val', 8.235206604003906), ('D_real_val', 0.3014443814754486), ('D_fake_val', 0.28422608971595764), ('KL_realB_fakeB_val', 0.1684233114574339)])
end of validation step
OrderedDict([('G_GAN_val', 0.3183896839618683), ('G_L1_val', 4.134459495544434), ('D_real_val', 0.2893334925174713), ('D_fake_val', 0.26308292150497437), ('KL_realB_fakeB_val', 0.17023283574906556)])
end of validation step
OrderedDict([('G_GAN_val', 0.34721842408180237), ('G_L1_val', 5.0306077003479), ('D_real_val', 0.32066115736961365), ('D_fake_val', 0.33285146951675415), ('KL_realB_fakeB_val', 0.2098168877191653)])
end of validation step
OrderedDict([('G_GAN_val', 0.33233222365379333), ('G_L1_val', 6.823746681213379), ('D_real_val', 0.2753583490848541), ('D_fake_val', 0.23141561448574066), ('KL_realB_fakeB_val', 0.13550444657457555)])
end of validation step
OrderedDict([('G_GAN_val', 0.32679009437561035), ('G_L1_val', 6.709917068481445), ('D_real_val', 0.3068436086177826), ('D_fake_val', 0.24918735027313232), ('KL_realB_fakeB_val', 0.15809704064746877)])
end of validation step
OrderedDict([('G_GAN_val', 0.3255634605884552), ('G_L1_val', 9.159153938293457), ('D_real_val', 0.2777809500694275), ('D_fake_val', 0.25784194469451904), ('KL_realB_fakeB_val', 0.16679675949393385)])
end of validation step
OrderedDict([('G_GAN', 0.34956061840057373), ('G_L1', 4.3130364418029785), ('D_real', 0.34919029474258423), ('D_fake', 0.2679536044597626), ('KL_realB_fakeB', 0.7224611434115638)])
(epoch: 5, iters: 40, time: 0.055, data: 2.391) G_GAN: 0.350 G_L1: 4.313 D_real: 0.349 D_fake: 0.268 KL_realB_fakeB: 0.722 
OrderedDict([('G_GAN_val', 0.34646397829055786), ('G_L1_val', 6.000916481018066), ('D_real_val', 0.32445088028907776), ('D_fake_val', 0.25655001401901245), ('KL_realB_fakeB_val', 0.15656986120861838)])
end of validation step
OrderedDict([('G_GAN_val', 0.326485276222229), ('G_L1_val', 3.665807008743286), ('D_real_val', 0.2990509867668152), ('D_fake_val', 0.27835169434547424), ('KL_realB_fakeB_val', 0.11320804711818774)])
end of validation step
OrderedDict([('G_GAN_val', 0.35289037227630615), ('G_L1_val', 6.199354648590088), ('D_real_val', 0.3338862657546997), ('D_fake_val', 0.30594244599342346), ('KL_realB_fakeB_val', 0.14118042886532892)])
end of validation step
OrderedDict([('G_GAN_val', 0.3405931890010834), ('G_L1_val', 5.6245574951171875), ('D_real_val', 0.28573283553123474), ('D_fake_val', 0.25741565227508545), ('KL_realB_fakeB_val', 0.09776947502025275)])
end of validation step
OrderedDict([('G_GAN_val', 0.3641164004802704), ('G_L1_val', 4.441311836242676), ('D_real_val', 0.3376857042312622), ('D_fake_val', 0.38559046387672424), ('KL_realB_fakeB_val', 0.11710039078890697)])
end of validation step
OrderedDict([('G_GAN_val', 0.3464283347129822), ('G_L1_val', 10.088610649108887), ('D_real_val', 0.30525532364845276), ('D_fake_val', 0.31333714723587036), ('KL_realB_fakeB_val', 0.1631000371910437)])
end of validation step
saving the model at the end of epoch 5, iters 200
End of epoch 5 / 200 	 Time Taken: 9 sec
learning rate 0.0002000 -> 0.0002000
OrderedDict([('G_GAN_val', 0.2749779522418976), ('G_L1_val', 5.328817367553711), ('D_real_val', 0.2672061622142792), ('D_fake_val', 0.29234322905540466), ('KL_realB_fakeB_val', 0.09501616281615184)])
end of validation step
OrderedDict([('G_GAN_val', 0.28816959261894226), ('G_L1_val', 6.9475860595703125), ('D_real_val', 0.2583397924900055), ('D_fake_val', 0.2775499224662781), ('KL_realB_fakeB_val', 0.08930572012504509)])
end of validation step
OrderedDict([('G_GAN_val', 0.28065308928489685), ('G_L1_val', 8.664758682250977), ('D_real_val', 0.23628604412078857), ('D_fake_val', 0.2743184268474579), ('KL_realB_fakeB_val', 0.111937885721341)])
end of validation step
OrderedDict([('G_GAN_val', 0.29600057005882263), ('G_L1_val', 5.30327033996582), ('D_real_val', 0.26451927423477173), ('D_fake_val', 0.2395898550748825), ('KL_realB_fakeB_val', 0.29291388056458223)])
end of validation step
OrderedDict([('G_GAN_val', 0.2819255292415619), ('G_L1_val', 4.921481132507324), ('D_real_val', 0.26551905274391174), ('D_fake_val', 0.24099460244178772), ('KL_realB_fakeB_val', 0.47588702930394616)])
end of validation step
OrderedDict([('G_GAN_val', 0.3094722628593445), ('G_L1_val', 7.329229831695557), ('D_real_val', 0.3072880208492279), ('D_fake_val', 0.23089733719825745), ('KL_realB_fakeB_val', 0.09712417523003788)])
end of validation step
OrderedDict([('G_GAN_val', 0.2661592364311218), ('G_L1_val', 9.336241722106934), ('D_real_val', 0.22968947887420654), ('D_fake_val', 0.28662267327308655), ('KL_realB_fakeB_val', 0.19987097337797488)])
end of validation step
OrderedDict([('G_GAN_val', 0.2935273349285126), ('G_L1_val', 3.3449575901031494), ('D_real_val', 0.25684770941734314), ('D_fake_val', 0.252784788608551), ('KL_realB_fakeB_val', 0.10645804102525039)])
end of validation step
OrderedDict([('G_GAN_val', 0.29206517338752747), ('G_L1_val', 6.520989418029785), ('D_real_val', 0.2601460814476013), ('D_fake_val', 0.2839515209197998), ('KL_realB_fakeB_val', 0.1715808777669764)])
end of validation step
OrderedDict([('G_GAN_val', 0.31336745619773865), ('G_L1_val', 5.885916709899902), ('D_real_val', 0.27204835414886475), ('D_fake_val', 0.25181978940963745), ('KL_realB_fakeB_val', 0.1063465533050827)])
end of validation step
OrderedDict([('G_GAN_val', 0.2617984712123871), ('G_L1_val', 4.060753345489502), ('D_real_val', 0.25116676092147827), ('D_fake_val', 0.29474562406539917), ('KL_realB_fakeB_val', 0.1508508802463604)])
end of validation step
OrderedDict([('G_GAN_val', 0.333074152469635), ('G_L1_val', 5.156397342681885), ('D_real_val', 0.31051406264305115), ('D_fake_val', 0.2711752951145172), ('KL_realB_fakeB_val', 0.21811027914699782)])
end of validation step
OrderedDict([('G_GAN_val', 0.325600802898407), ('G_L1_val', 5.202437400817871), ('D_real_val', 0.28500279784202576), ('D_fake_val', 0.23294048011302948), ('KL_realB_fakeB_val', 0.11222813404826687)])
end of validation step
OrderedDict([('G_GAN_val', 0.30861714482307434), ('G_L1_val', 3.543804168701172), ('D_real_val', 0.28165340423583984), ('D_fake_val', 0.2260396033525467), ('KL_realB_fakeB_val', 0.1622620084541575)])
end of validation step
OrderedDict([('G_GAN_val', 0.31013432145118713), ('G_L1_val', 6.374778747558594), ('D_real_val', 0.2746615707874298), ('D_fake_val', 0.2644491195678711), ('KL_realB_fakeB_val', 0.1721668163757912)])
end of validation step
OrderedDict([('G_GAN_val', 0.31068700551986694), ('G_L1_val', 5.589007377624512), ('D_real_val', 0.2986651659011841), ('D_fake_val', 0.2414911985397339), ('KL_realB_fakeB_val', 0.13187958202300815)])
end of validation step
OrderedDict([('G_GAN_val', 0.31098318099975586), ('G_L1_val', 8.883600234985352), ('D_real_val', 0.254201203584671), ('D_fake_val', 0.24673716723918915), ('KL_realB_fakeB_val', 0.1969950514101022)])
end of validation step
OrderedDict([('G_GAN_val', 0.29506802558898926), ('G_L1_val', 4.3216681480407715), ('D_real_val', 0.2746957540512085), ('D_fake_val', 0.27900588512420654), ('KL_realB_fakeB_val', 0.1351086997853498)])
end of validation step
OrderedDict([('G_GAN_val', 0.3018169105052948), ('G_L1_val', 4.772434711456299), ('D_real_val', 0.2904644310474396), ('D_fake_val', 0.2727431356906891), ('KL_realB_fakeB_val', 0.09602842480111753)])
end of validation step
OrderedDict([('G_GAN_val', 0.3266802728176117), ('G_L1_val', 6.6832194328308105), ('D_real_val', 0.29149794578552246), ('D_fake_val', 0.23880915343761444), ('KL_realB_fakeB_val', 0.1242242470070539)])
end of validation step
OrderedDict([('G_GAN_val', 0.3288467228412628), ('G_L1_val', 4.986375331878662), ('D_real_val', 0.30246448516845703), ('D_fake_val', 0.22110232710838318), ('KL_realB_fakeB_val', 0.25922085745960877)])
end of validation step
OrderedDict([('G_GAN_val', 0.33349528908729553), ('G_L1_val', 7.4203200340271), ('D_real_val', 0.32659903168678284), ('D_fake_val', 0.22108276188373566), ('KL_realB_fakeB_val', 0.10136171359525702)])
end of validation step
OrderedDict([('G_GAN_val', 0.30542370676994324), ('G_L1_val', 8.72226619720459), ('D_real_val', 0.2494540512561798), ('D_fake_val', 0.24424904584884644), ('KL_realB_fakeB_val', 0.1301434828500781)])
end of validation step
OrderedDict([('G_GAN_val', 0.32376018166542053), ('G_L1_val', 5.606170654296875), ('D_real_val', 0.2758975028991699), ('D_fake_val', 0.21492788195610046), ('KL_realB_fakeB_val', 0.11709024854398647)])
end of validation step
End of epoch 6 / 200 	 Time Taken: 4 sec
learning rate 0.0002000 -> 0.0002000
OrderedDict([('G_GAN_val', 0.3287770748138428), ('G_L1_val', 7.016674995422363), ('D_real_val', 0.3218466639518738), ('D_fake_val', 0.23814792931079865), ('KL_realB_fakeB_val', 0.11202339614377)])
end of validation step
OrderedDict([('G_GAN_val', 0.32325857877731323), ('G_L1_val', 8.734379768371582), ('D_real_val', 0.2749020457267761), ('D_fake_val', 0.2882033586502075), ('KL_realB_fakeB_val', 0.12934853279005706)])
end of validation step
OrderedDict([('G_GAN_val', 0.2866052985191345), ('G_L1_val', 5.124698162078857), ('D_real_val', 0.2782049775123596), ('D_fake_val', 0.27778881788253784), ('KL_realB_fakeB_val', 0.08066093056687634)])
end of validation step
OrderedDict([('G_GAN_val', 0.3479933440685272), ('G_L1_val', 7.661087989807129), ('D_real_val', 0.3123544752597809), ('D_fake_val', 0.276480495929718), ('KL_realB_fakeB_val', 0.09384911901872903)])
end of validation step
OrderedDict([('G_GAN_val', 0.3583497405052185), ('G_L1_val', 5.990861892700195), ('D_real_val', 0.3095707297325134), ('D_fake_val', 0.24749727547168732), ('KL_realB_fakeB_val', 0.13711624188612384)])
end of validation step
OrderedDict([('G_GAN_val', 0.32031792402267456), ('G_L1_val', 4.266650676727295), ('D_real_val', 0.2988792061805725), ('D_fake_val', 0.243173286318779), ('KL_realB_fakeB_val', 0.2656523197041115)])
end of validation step
OrderedDict([('G_GAN_val', 0.40414226055145264), ('G_L1_val', 5.640768051147461), ('D_real_val', 0.36817851662635803), ('D_fake_val', 0.3262130618095398), ('KL_realB_fakeB_val', 0.09188651292162872)])
end of validation step
OrderedDict([('G_GAN_val', 0.40352073311805725), ('G_L1_val', 3.8476719856262207), ('D_real_val', 0.38079702854156494), ('D_fake_val', 0.29834941029548645), ('KL_realB_fakeB_val', 0.2889214642596637)])
end of validation step
OrderedDict([('G_GAN_val', 0.4066805839538574), ('G_L1_val', 5.705657482147217), ('D_real_val', 0.3956616222858429), ('D_fake_val', 0.30333614349365234), ('KL_realB_fakeB_val', 0.08526424741056017)])
end of validation step
OrderedDict([('G_GAN_val', 0.4438462555408478), ('G_L1_val', 4.324074745178223), ('D_real_val', 0.40269890427589417), ('D_fake_val', 0.3166019916534424), ('KL_realB_fakeB_val', 0.11784543787140453)])
end of validation step
OrderedDict([('G_GAN_val', 0.35120895504951477), ('G_L1_val', 4.199309825897217), ('D_real_val', 0.34699273109436035), ('D_fake_val', 0.3098735511302948), ('KL_realB_fakeB_val', 0.09099052700000146)])
end of validation step
OrderedDict([('G_GAN_val', 0.4092737138271332), ('G_L1_val', 8.296992301940918), ('D_real_val', 0.3608871400356293), ('D_fake_val', 0.3393701910972595), ('KL_realB_fakeB_val', 0.1347917164892432)])
end of validation step
OrderedDict([('G_GAN_val', 0.3248438537120819), ('G_L1_val', 7.1864800453186035), ('D_real_val', 0.31477323174476624), ('D_fake_val', 0.28299158811569214), ('KL_realB_fakeB_val', 0.11815422589883719)])
end of validation step
OrderedDict([('G_GAN_val', 0.3257453739643097), ('G_L1_val', 5.132908344268799), ('D_real_val', 0.3165324330329895), ('D_fake_val', 0.36801594495773315), ('KL_realB_fakeB_val', 0.08072866957122815)])
end of validation step
OrderedDict([('G_GAN_val', 0.3536105453968048), ('G_L1_val', 7.524199962615967), ('D_real_val', 0.316906601190567), ('D_fake_val', 0.3056817352771759), ('KL_realB_fakeB_val', 0.12837507206621804)])
end of validation step
OrderedDict([('G_GAN_val', 0.3278209865093231), ('G_L1_val', 5.636815547943115), ('D_real_val', 0.28037431836128235), ('D_fake_val', 0.27070629596710205), ('KL_realB_fakeB_val', 0.11967030848412216)])
end of validation step
OrderedDict([('G_GAN_val', 0.30857858061790466), ('G_L1_val', 8.273279190063477), ('D_real_val', 0.26183459162712097), ('D_fake_val', 0.3171110451221466), ('KL_realB_fakeB_val', 0.15230985837714683)])
end of validation step
OrderedDict([('G_GAN_val', 0.326424241065979), ('G_L1_val', 4.626018524169922), ('D_real_val', 0.30747348070144653), ('D_fake_val', 0.2989368140697479), ('KL_realB_fakeB_val', 0.19433981021643576)])
end of validation step
OrderedDict([('G_GAN_val', 0.3091680705547333), ('G_L1_val', 8.956682205200195), ('D_real_val', 0.2592580020427704), ('D_fake_val', 0.3384416997432709), ('KL_realB_fakeB_val', 0.16687340555873612)])
end of validation step
OrderedDict([('G_GAN_val', 0.38574862480163574), ('G_L1_val', 3.4375383853912354), ('D_real_val', 0.3670910596847534), ('D_fake_val', 0.45462775230407715), ('KL_realB_fakeB_val', 0.10788889324466144)])
end of validation step
OrderedDict([('G_GAN_val', 0.3832149803638458), ('G_L1_val', 3.229785680770874), ('D_real_val', 0.35007643699645996), ('D_fake_val', 0.38116395473480225), ('KL_realB_fakeB_val', 0.11381586593202747)])
end of validation step
OrderedDict([('G_GAN_val', 0.3448427617549896), ('G_L1_val', 5.523402690887451), ('D_real_val', 0.2886945307254791), ('D_fake_val', 0.32242995500564575), ('KL_realB_fakeB_val', 0.09778549466942305)])
end of validation step
OrderedDict([('G_GAN_val', 0.3421061038970947), ('G_L1_val', 6.247786521911621), ('D_real_val', 0.30808985233306885), ('D_fake_val', 0.37751826643943787), ('KL_realB_fakeB_val', 0.1438211018267968)])
end of validation step
OrderedDict([('G_GAN_val', 0.3598785400390625), ('G_L1_val', 4.558498382568359), ('D_real_val', 0.34941428899765015), ('D_fake_val', 0.3725714087486267), ('KL_realB_fakeB_val', 0.1807813868747804)])
end of validation step
End of epoch 7 / 200 	 Time Taken: 4 sec
learning rate 0.0002000 -> 0.0002000
OrderedDict([('G_GAN_val', 0.3288745582103729), ('G_L1_val', 9.186356544494629), ('D_real_val', 0.27326083183288574), ('D_fake_val', 0.31927013397216797), ('KL_realB_fakeB_val', 0.13129183563485297)])
end of validation step
OrderedDict([('G_GAN_val', 0.3061946630477905), ('G_L1_val', 3.627155303955078), ('D_real_val', 0.2880900800228119), ('D_fake_val', 0.32489651441574097), ('KL_realB_fakeB_val', 0.1329218454559904)])
end of validation step
OrderedDict([('G_GAN_val', 0.3916350305080414), ('G_L1_val', 5.553815841674805), ('D_real_val', 0.3304777145385742), ('D_fake_val', 0.3024923503398895), ('KL_realB_fakeB_val', 0.09360276152145582)])
end of validation step
OrderedDict([('G_GAN_val', 0.3463541865348816), ('G_L1_val', 3.038147449493408), ('D_real_val', 0.30440112948417664), ('D_fake_val', 0.2903372049331665), ('KL_realB_fakeB_val', 0.10194129371842814)])
end of validation step
OrderedDict([('G_GAN_val', 0.3435683846473694), ('G_L1_val', 5.966540336608887), ('D_real_val', 0.30363547801971436), ('D_fake_val', 0.33659628033638), ('KL_realB_fakeB_val', 0.15473127873295364)])
end of validation step
OrderedDict([('G_GAN_val', 0.3830849826335907), ('G_L1_val', 4.16629695892334), ('D_real_val', 0.3655690550804138), ('D_fake_val', 0.2896673083305359), ('KL_realB_fakeB_val', 0.15667167591454706)])
end of validation step
OrderedDict([('G_GAN', 0.279410719871521), ('G_L1', 3.6727283000946045), ('D_real', 0.24860957264900208), ('D_fake', 0.24411220848560333), ('KL_realB_fakeB', 0.11188782787833859)])
(epoch: 8, iters: 20, time: 0.055, data: 0.064) G_GAN: 0.279 G_L1: 3.673 D_real: 0.249 D_fake: 0.244 KL_realB_fakeB: 0.112 
OrderedDict([('G_GAN_val', 0.27569377422332764), ('G_L1_val', 6.0046000480651855), ('D_real_val', 0.24815118312835693), ('D_fake_val', 0.27289721369743347), ('KL_realB_fakeB_val', 0.2166225135625092)])
end of validation step
OrderedDict([('G_GAN_val', 0.28424814343452454), ('G_L1_val', 3.9510629177093506), ('D_real_val', 0.2599131762981415), ('D_fake_val', 0.23599250614643097), ('KL_realB_fakeB_val', 0.14772742035072675)])
end of validation step
OrderedDict([('G_GAN_val', 0.2671641409397125), ('G_L1_val', 4.061741352081299), ('D_real_val', 0.25300687551498413), ('D_fake_val', 0.27689069509506226), ('KL_realB_fakeB_val', 0.14804254528324673)])
end of validation step
OrderedDict([('G_GAN_val', 0.28660088777542114), ('G_L1_val', 4.417943000793457), ('D_real_val', 0.2543562352657318), ('D_fake_val', 0.23859766125679016), ('KL_realB_fakeB_val', 0.09553487696844448)])
end of validation step
OrderedDict([('G_GAN_val', 0.27945759892463684), ('G_L1_val', 8.037562370300293), ('D_real_val', 0.2209586501121521), ('D_fake_val', 0.2535746395587921), ('KL_realB_fakeB_val', 0.16898155517204622)])
end of validation step
OrderedDict([('G_GAN_val', 0.3093145489692688), ('G_L1_val', 5.9180779457092285), ('D_real_val', 0.305379182100296), ('D_fake_val', 0.22907134890556335), ('KL_realB_fakeB_val', 0.13306670066950999)])
end of validation step
OrderedDict([('G_GAN_val', 0.37774360179901123), ('G_L1_val', 4.29299259185791), ('D_real_val', 0.3525855839252472), ('D_fake_val', 0.19009074568748474), ('KL_realB_fakeB_val', 0.14447473856953616)])
end of validation step
OrderedDict([('G_GAN_val', 0.3373963534832001), ('G_L1_val', 10.313691139221191), ('D_real_val', 0.24689649045467377), ('D_fake_val', 0.20778915286064148), ('KL_realB_fakeB_val', 0.26906762751530583)])
end of validation step
OrderedDict([('G_GAN_val', 0.3862515985965729), ('G_L1_val', 6.534269332885742), ('D_real_val', 0.29056882858276367), ('D_fake_val', 0.17611223459243774), ('KL_realB_fakeB_val', 0.6852226090483993)])
end of validation step
OrderedDict([('G_GAN_val', 0.3510863780975342), ('G_L1_val', 9.75159740447998), ('D_real_val', 0.27895382046699524), ('D_fake_val', 0.22064761817455292), ('KL_realB_fakeB_val', 0.19532340305512855)])
end of validation step
OrderedDict([('G_GAN_val', 0.35031643509864807), ('G_L1_val', 3.410594940185547), ('D_real_val', 0.3107898235321045), ('D_fake_val', 0.1902897208929062), ('KL_realB_fakeB_val', 0.8032219778927303)])
end of validation step
OrderedDict([('G_GAN_val', 0.3160327672958374), ('G_L1_val', 3.7767064571380615), ('D_real_val', 0.28251153230667114), ('D_fake_val', 0.23769205808639526), ('KL_realB_fakeB_val', 0.14835336215589978)])
end of validation step
OrderedDict([('G_GAN_val', 0.4235384166240692), ('G_L1_val', 5.627346992492676), ('D_real_val', 0.3579711616039276), ('D_fake_val', 0.27960318326950073), ('KL_realB_fakeB_val', 0.16749202435755983)])
end of validation step
OrderedDict([('G_GAN_val', 0.37403035163879395), ('G_L1_val', 3.8938469886779785), ('D_real_val', 0.3392205834388733), ('D_fake_val', 0.27343428134918213), ('KL_realB_fakeB_val', 0.2847415066946797)])
end of validation step
OrderedDict([('G_GAN_val', 0.3529857397079468), ('G_L1_val', 6.728104591369629), ('D_real_val', 0.3268223702907562), ('D_fake_val', 0.3219798505306244), ('KL_realB_fakeB_val', 0.14365556529129547)])
end of validation step
OrderedDict([('G_GAN_val', 0.4236270785331726), ('G_L1_val', 5.703896999359131), ('D_real_val', 0.3971378803253174), ('D_fake_val', 0.2965244650840759), ('KL_realB_fakeB_val', 0.09613832770369618)])
end of validation step
OrderedDict([('G_GAN_val', 0.3254784941673279), ('G_L1_val', 3.9450223445892334), ('D_real_val', 0.309104859828949), ('D_fake_val', 0.2935032248497009), ('KL_realB_fakeB_val', 0.10354800702120576)])
end of validation step
OrderedDict([('G_GAN_val', 0.3577996492385864), ('G_L1_val', 8.223929405212402), ('D_real_val', 0.31236761808395386), ('D_fake_val', 0.29007256031036377), ('KL_realB_fakeB_val', 0.11748017782253711)])
end of validation step
End of epoch 8 / 200 	 Time Taken: 4 sec
learning rate 0.0002000 -> 0.0002000
OrderedDict([('G_GAN_val', 0.2816416621208191), ('G_L1_val', 4.953017234802246), ('D_real_val', 0.2248501032590866), ('D_fake_val', 0.24702535569667816), ('KL_realB_fakeB_val', 0.12594773883357174)])
end of validation step
OrderedDict([('G_GAN_val', 0.27822384238243103), ('G_L1_val', 5.099916458129883), ('D_real_val', 0.2644277811050415), ('D_fake_val', 0.2640077769756317), ('KL_realB_fakeB_val', 0.19211478171777027)])
end of validation step
OrderedDict([('G_GAN_val', 0.26949143409729004), ('G_L1_val', 6.297878742218018), ('D_real_val', 0.23014819622039795), ('D_fake_val', 0.28230732679367065), ('KL_realB_fakeB_val', 0.22047633056982313)])
end of validation step
OrderedDict([('G_GAN_val', 0.2362372875213623), ('G_L1_val', 3.7896223068237305), ('D_real_val', 0.2197817713022232), ('D_fake_val', 0.3057909309864044), ('KL_realB_fakeB_val', 0.2741907476996188)])
end of validation step
OrderedDict([('G_GAN_val', 0.26671063899993896), ('G_L1_val', 3.3507699966430664), ('D_real_val', 0.2346208691596985), ('D_fake_val', 0.2572132349014282), ('KL_realB_fakeB_val', 0.1319917172652884)])
end of validation step
OrderedDict([('G_GAN_val', 0.25954270362854004), ('G_L1_val', 8.745370864868164), ('D_real_val', 0.19812361896038055), ('D_fake_val', 0.2689388394355774), ('KL_realB_fakeB_val', 0.20161149241638132)])
end of validation step
OrderedDict([('G_GAN_val', 0.28794533014297485), ('G_L1_val', 3.591890573501587), ('D_real_val', 0.24779582023620605), ('D_fake_val', 0.2922802269458771), ('KL_realB_fakeB_val', 0.17572803283007782)])
end of validation step
OrderedDict([('G_GAN_val', 0.33149537444114685), ('G_L1_val', 7.795438766479492), ('D_real_val', 0.230933278799057), ('D_fake_val', 0.3246481120586395), ('KL_realB_fakeB_val', 0.11721423626155958)])
end of validation step
OrderedDict([('G_GAN_val', 0.26921820640563965), ('G_L1_val', 4.081107139587402), ('D_real_val', 0.23493579030036926), ('D_fake_val', 0.3154960870742798), ('KL_realB_fakeB_val', 0.1010930560578143)])
end of validation step
OrderedDict([('G_GAN_val', 0.3192136287689209), ('G_L1_val', 10.089606285095215), ('D_real_val', 0.2004835605621338), ('D_fake_val', 0.29528528451919556), ('KL_realB_fakeB_val', 0.10833433221690386)])
end of validation step
OrderedDict([('G_GAN_val', 0.32651984691619873), ('G_L1_val', 4.988966464996338), ('D_real_val', 0.3027876913547516), ('D_fake_val', 0.29782354831695557), ('KL_realB_fakeB_val', 0.10634071957827158)])
end of validation step
OrderedDict([('G_GAN_val', 0.35852956771850586), ('G_L1_val', 6.761499404907227), ('D_real_val', 0.24934525787830353), ('D_fake_val', 0.27775195240974426), ('KL_realB_fakeB_val', 0.20553195805742863)])
end of validation step
OrderedDict([('G_GAN_val', 0.3861341178417206), ('G_L1_val', 5.825500011444092), ('D_real_val', 0.3828580677509308), ('D_fake_val', 0.28301677107810974), ('KL_realB_fakeB_val', 0.08598358499886159)])
end of validation step
OrderedDict([('G_GAN_val', 0.3265407979488373), ('G_L1_val', 3.6291706562042236), ('D_real_val', 0.3064461648464203), ('D_fake_val', 0.2696722447872162), ('KL_realB_fakeB_val', 0.2276158752448201)])
end of validation step
OrderedDict([('G_GAN_val', 0.28990140557289124), ('G_L1_val', 3.4499287605285645), ('D_real_val', 0.2867332398891449), ('D_fake_val', 0.299211710691452), ('KL_realB_fakeB_val', 0.077729106174483)])
end of validation step
OrderedDict([('G_GAN_val', 0.3202601969242096), ('G_L1_val', 8.9830961227417), ('D_real_val', 0.2553355395793915), ('D_fake_val', 0.27629929780960083), ('KL_realB_fakeB_val', 0.10261614947393263)])
end of validation step
OrderedDict([('G_GAN_val', 0.37872037291526794), ('G_L1_val', 5.613429069519043), ('D_real_val', 0.3117958605289459), ('D_fake_val', 0.2659235894680023), ('KL_realB_fakeB_val', 0.27759039370530547)])
end of validation step
OrderedDict([('G_GAN_val', 0.3355320692062378), ('G_L1_val', 6.799307346343994), ('D_real_val', 0.28108683228492737), ('D_fake_val', 0.3003522455692291), ('KL_realB_fakeB_val', 0.10724632312487008)])
end of validation step
OrderedDict([('G_GAN_val', 0.4177037179470062), ('G_L1_val', 6.409766674041748), ('D_real_val', 0.3804681599140167), ('D_fake_val', 0.30748340487480164), ('KL_realB_fakeB_val', 0.10268008625069396)])
end of validation step
OrderedDict([('G_GAN_val', 0.4346628785133362), ('G_L1_val', 4.205690383911133), ('D_real_val', 0.41636407375335693), ('D_fake_val', 0.32477104663848877), ('KL_realB_fakeB_val', 0.4018446520570732)])
end of validation step
OrderedDict([('G_GAN_val', 0.3880070149898529), ('G_L1_val', 7.719369411468506), ('D_real_val', 0.3167651295661926), ('D_fake_val', 0.3259492814540863), ('KL_realB_fakeB_val', 0.10363232357611729)])
end of validation step
OrderedDict([('G_GAN_val', 0.4235827326774597), ('G_L1_val', 6.344395160675049), ('D_real_val', 0.39035764336586), ('D_fake_val', 0.28192418813705444), ('KL_realB_fakeB_val', 0.10723301775034119)])
end of validation step
OrderedDict([('G_GAN_val', 0.39701369404792786), ('G_L1_val', 4.8658857345581055), ('D_real_val', 0.34321317076683044), ('D_fake_val', 0.27896222472190857), ('KL_realB_fakeB_val', 0.26860313529903307)])
end of validation step
OrderedDict([('G_GAN_val', 0.4393486976623535), ('G_L1_val', 3.3951141834259033), ('D_real_val', 0.41716769337654114), ('D_fake_val', 0.40659254789352417), ('KL_realB_fakeB_val', 0.09013565865991599)])
end of validation step
End of epoch 9 / 200 	 Time Taken: 4 sec
learning rate 0.0002000 -> 0.0002000
OrderedDict([('G_GAN_val', 0.37702399492263794), ('G_L1_val', 4.581307888031006), ('D_real_val', 0.3219638764858246), ('D_fake_val', 0.24156507849693298), ('KL_realB_fakeB_val', 0.14810254566534575)])
end of validation step
OrderedDict([('G_GAN_val', 0.39209434390068054), ('G_L1_val', 5.36752462387085), ('D_real_val', 0.37808072566986084), ('D_fake_val', 0.26566439867019653), ('KL_realB_fakeB_val', 0.11256341734840013)])
end of validation step
OrderedDict([('G_GAN_val', 0.35061007738113403), ('G_L1_val', 3.5011978149414062), ('D_real_val', 0.3160886764526367), ('D_fake_val', 0.23452013731002808), ('KL_realB_fakeB_val', 0.3546594008550727)])
end of validation step
OrderedDict([('G_GAN_val', 0.32428744435310364), ('G_L1_val', 7.867834568023682), ('D_real_val', 0.26109611988067627), ('D_fake_val', 0.24965810775756836), ('KL_realB_fakeB_val', 0.11597182729555003)])
end of validation step
OrderedDict([('G_GAN_val', 0.3095652461051941), ('G_L1_val', 3.0991015434265137), ('D_real_val', 0.2892344892024994), ('D_fake_val', 0.2613694667816162), ('KL_realB_fakeB_val', 0.08091849631692968)])
end of validation step
OrderedDict([('G_GAN_val', 0.35921552777290344), ('G_L1_val', 5.748734951019287), ('D_real_val', 0.3059351444244385), ('D_fake_val', 0.24725951254367828), ('KL_realB_fakeB_val', 0.09694491905750523)])
end of validation step
