----------------- Options ---------------
               batch_size: 1                             
                    beta1: 0.5                           
          checkpoints_dir: /home/otto.tavares/public/iltbi/rxpixp2pixcycle/checkpoints
           continue_train: False                         
                crop_size: 256                           
       custom_images_path: /home/otto.tavares/public/iltbi/train/images/santa_casa_pares/	[default: None]
        custom_masks_path: None                          
       custom_paired_path: None                          
                 dataroot: /home/otto.tavares/public/iltbi/train/images/santa_casa_pares/	[default: None]
           dataset_action: False                         
     dataset_download_dir: /home/otto.tavares/public/iltbi/rxpixp2pixcycle
             dataset_mode: santacasaskfold               	[default: aligned]
             dataset_name: Shenzhen                      
                direction: AtoB                          
              display_env: main                          
             display_freq: 400                           
               display_id: -1                            	[default: 1]
            display_ncols: 4                             
             display_port: 8097                          
           display_server: http://localhost              
          display_winsize: 256                           
            download_imgs: False                         
                    epoch: latest                        
              epoch_count: 1                             
                 gan_mode: lsgan                         	[default: vanilla]
  generate_paths_data_csv: False                         
                  gpu_ids: 0                             
                init_gain: 0.02                          
                init_type: normal                        
                 input_nc: 3                             
                     isTB: False                         
                  isTrain: True                          	[default: None]
          is_resume_wandb: False                         
                      job: None                          
                lambda_L1: 50.0                          	[default: 100.0]
                load_iter: 0                             	[default: 0]
                load_size: 256                           	[default: 286]
                       lr: 0.0002                        
           lr_decay_iters: 50                            
                lr_policy: linear                        
         max_dataset_size: inf                           
                    model: pix2pix                       	[default: cycle_gan]
                 n_epochs: 100                           
           n_epochs_decay: 100                           
                  n_folds: 10                            
               n_layers_D: 3                             
                     name: santacasa_test_0_sort_2       	[default: experiment_name]
                      ndf: 64                            
                     netD: basic                         
                     netG: unet_256                      
                      ngf: 64                            
               no_dropout: False                         
                  no_flip: False                         
                  no_html: False                         
                     norm: batch                         
              num_threads: 4                             
                  num_val: 400                           
                output_nc: 3                             
                    phase: train                         
                pool_size: 0                             
               preprocess: resize_and_scale_width        	[default: resize_and_crop]
               print_freq: 100                           
                  project: p2p_santacasa                 	[default: None]
             save_by_iter: False                         
          save_epoch_freq: 5                             
         save_latest_freq: 5000                          
                     seed: 512                           	[default: 512]
           serial_batches: False                         
                     sort: 2                             	[default: 0]
                   suffix:                               
                     test: 0                             
                    token:                               
            train_dataset: True                          
         update_html_freq: 1000                          
                use_wandb: False                         
                 val_freq: 10                            	[default: 400]
                  verbose: False                         
             wandb_entity: brics-tb                      
            wandb_fold_id: None                          
----------------- End -------------------
GPU with device 0
                 images    gauss  ... all_together target
0   20220315_184023.jpg      seg  ...          seg      0
1   20220315_184432.jpg      seg  ...          seg      0
2   20220315_184701.jpg  not seg  ...          seg      0
3   20220315_184740.jpg      seg  ...          seg      0
4   20220315_185230.jpg      seg  ...          seg      0
..                  ...      ...  ...          ...    ...
83         IMG_5503.JPG  not seg  ...      not seg      0
84         IMG_5505.JPG      seg  ...          seg      0
85         IMG_5507.JPG      seg  ...          seg      0
86         IMG_5509.JPG      seg  ...          seg      0
87         IMG_5604.JPG      seg  ...          seg      0

[88 rows x 5 columns]
bins selected for val: [1, 2, 3, 4, 5, 6, 7, 8, 9]
bins selected for val: [0, 2, 3, 4, 5, 6, 7, 8, 9]
bins selected for val: [0, 1, 3, 4, 5, 6, 7, 8, 9]
bins selected for val: [0, 1, 2, 4, 5, 6, 7, 8, 9]
bins selected for val: [0, 1, 2, 3, 5, 6, 7, 8, 9]
bins selected for val: [0, 1, 2, 3, 4, 6, 7, 8, 9]
bins selected for val: [0, 1, 2, 3, 4, 5, 7, 8, 9]
bins selected for val: [0, 1, 2, 3, 4, 5, 6, 8, 9]
bins selected for val: [0, 1, 2, 3, 4, 5, 6, 7, 9]
bins selected for val: [0, 1, 2, 3, 4, 5, 6, 7, 8]
dataset [SantaCasaSkfoldDataset] was created
                 images    gauss  ... all_together target
0   20220315_184023.jpg      seg  ...          seg      0
1   20220315_184432.jpg      seg  ...          seg      0
2   20220315_184701.jpg  not seg  ...          seg      0
3   20220315_184740.jpg      seg  ...          seg      0
4   20220315_185230.jpg      seg  ...          seg      0
..                  ...      ...  ...          ...    ...
83         IMG_5503.JPG  not seg  ...      not seg      0
84         IMG_5505.JPG      seg  ...          seg      0
85         IMG_5507.JPG      seg  ...          seg      0
86         IMG_5509.JPG      seg  ...          seg      0
87         IMG_5604.JPG      seg  ...          seg      0

[88 rows x 5 columns]
bins selected for val: [1, 2, 3, 4, 5, 6, 7, 8, 9]
bins selected for val: [0, 2, 3, 4, 5, 6, 7, 8, 9]
bins selected for val: [0, 1, 3, 4, 5, 6, 7, 8, 9]
bins selected for val: [0, 1, 2, 4, 5, 6, 7, 8, 9]
bins selected for val: [0, 1, 2, 3, 5, 6, 7, 8, 9]
bins selected for val: [0, 1, 2, 3, 4, 6, 7, 8, 9]
bins selected for val: [0, 1, 2, 3, 4, 5, 7, 8, 9]
bins selected for val: [0, 1, 2, 3, 4, 5, 6, 8, 9]
bins selected for val: [0, 1, 2, 3, 4, 5, 6, 7, 9]
bins selected for val: [0, 1, 2, 3, 4, 5, 6, 7, 8]
dataset [SantaCasaSkfoldDataset] was created
The number of training images = 38
The number of val images = 8
initialize network with normal
initialize network with normal
model [Pix2PixModel] was created
---------- Networks initialized -------------
[Network G] Total number of parameters : 54.414 M
[Network D] Total number of parameters : 2.769 M
-----------------------------------------------
create web directory /home/otto.tavares/public/iltbi/rxpixp2pixcycle/checkpoints/santacasa_test_0_sort_2/web...
learning rate 0.0002000 -> 0.0002000
End of epoch 1 / 200 	 Time Taken: 3 sec
learning rate 0.0002000 -> 0.0002000
End of epoch 2 / 200 	 Time Taken: 2 sec
learning rate 0.0002000 -> 0.0002000
OrderedDict([('G_GAN', 0.27739137411117554), ('G_L1', 7.007890701293945), ('D_real', 0.26858434081077576), ('D_fake', 0.2928682863712311), ('KL_realB_fakeB', 0.3226659725712589)])
(epoch: 3, iters: 24, time: 0.048, data: 0.464) G_GAN: 0.277 G_L1: 7.008 D_real: 0.269 D_fake: 0.293 KL_realB_fakeB: 0.323 
End of epoch 3 / 200 	 Time Taken: 2 sec
learning rate 0.0002000 -> 0.0002000
End of epoch 4 / 200 	 Time Taken: 2 sec
learning rate 0.0002000 -> 0.0002000
end of validation step
end of validation step
end of validation step
end of validation step
end of validation step
end of validation step
end of validation step
end of validation step
saving the model at the end of epoch 5, iters 190
End of epoch 5 / 200 	 Time Taken: 8 sec
learning rate 0.0002000 -> 0.0002000
OrderedDict([('G_GAN', 0.30119672417640686), ('G_L1', 4.606479644775391), ('D_real', 0.28077614307403564), ('D_fake', 0.2816675305366516), ('KL_realB_fakeB', 0.09907908881597752)])
(epoch: 6, iters: 10, time: 0.053, data: 2.061) G_GAN: 0.301 G_L1: 4.606 D_real: 0.281 D_fake: 0.282 KL_realB_fakeB: 0.099 
End of epoch 6 / 200 	 Time Taken: 2 sec
learning rate 0.0002000 -> 0.0002000
End of epoch 7 / 200 	 Time Taken: 2 sec
learning rate 0.0002000 -> 0.0002000
OrderedDict([('G_GAN', 0.26662302017211914), ('G_L1', 6.015134811401367), ('D_real', 0.29654526710510254), ('D_fake', 0.24684497714042664), ('KL_realB_fakeB', 0.584169258268386)])
(epoch: 8, iters: 34, time: 0.050, data: 1.095) G_GAN: 0.267 G_L1: 6.015 D_real: 0.297 D_fake: 0.247 KL_realB_fakeB: 0.584 
End of epoch 8 / 200 	 Time Taken: 2 sec
learning rate 0.0002000 -> 0.0002000
End of epoch 9 / 200 	 Time Taken: 2 sec
learning rate 0.0002000 -> 0.0002000
end of validation step
end of validation step
end of validation step
end of validation step
end of validation step
end of validation step
end of validation step
end of validation step
saving the model at the end of epoch 10, iters 380
End of epoch 10 / 200 	 Time Taken: 8 sec
learning rate 0.0002000 -> 0.0002000
OrderedDict([('G_GAN', 0.3271428048610687), ('G_L1', 4.312605381011963), ('D_real', 0.24499541521072388), ('D_fake', 0.26600587368011475), ('KL_realB_fakeB', 0.08664682504275467)])
(epoch: 11, iters: 20, time: 0.234, data: 2.292) G_GAN: 0.327 G_L1: 4.313 D_real: 0.245 D_fake: 0.266 KL_realB_fakeB: 0.087 
End of epoch 11 / 200 	 Time Taken: 2 sec
learning rate 0.0002000 -> 0.0002000
End of epoch 12 / 200 	 Time Taken: 2 sec
learning rate 0.0002000 -> 0.0002000
End of epoch 13 / 200 	 Time Taken: 2 sec
learning rate 0.0002000 -> 0.0002000
OrderedDict([('G_GAN', 0.25743573904037476), ('G_L1', 3.5303328037261963), ('D_real', 0.26996490359306335), ('D_fake', 0.24511106312274933), ('KL_realB_fakeB', 0.2158356545189996)])
(epoch: 14, iters: 6, time: 0.034, data: 1.884) G_GAN: 0.257 G_L1: 3.530 D_real: 0.270 D_fake: 0.245 KL_realB_fakeB: 0.216 
End of epoch 14 / 200 	 Time Taken: 2 sec
learning rate 0.0002000 -> 0.0002000
end of validation step
end of validation step
end of validation step
end of validation step
end of validation step
end of validation step
end of validation step
end of validation step
saving the model at the end of epoch 15, iters 570
End of epoch 15 / 200 	 Time Taken: 8 sec
learning rate 0.0002000 -> 0.0002000
OrderedDict([('G_GAN', 0.32675114274024963), ('G_L1', 3.0199921131134033), ('D_real', 0.26720577478408813), ('D_fake', 0.28375229239463806), ('KL_realB_fakeB', 0.12319893475873622)])
(epoch: 16, iters: 30, time: 0.047, data: 0.895) G_GAN: 0.327 G_L1: 3.020 D_real: 0.267 D_fake: 0.284 KL_realB_fakeB: 0.123 
End of epoch 16 / 200 	 Time Taken: 2 sec
learning rate 0.0002000 -> 0.0002000
End of epoch 17 / 200 	 Time Taken: 2 sec
learning rate 0.0002000 -> 0.0002000
End of epoch 18 / 200 	 Time Taken: 2 sec
learning rate 0.0002000 -> 0.0002000
OrderedDict([('G_GAN', 0.24134382605552673), ('G_L1', 3.8068130016326904), ('D_real', 0.23975737392902374), ('D_fake', 0.29173651337623596), ('KL_realB_fakeB', 0.9107904187586984)])
(epoch: 19, iters: 16, time: 0.053, data: 2.034) G_GAN: 0.241 G_L1: 3.807 D_real: 0.240 D_fake: 0.292 KL_realB_fakeB: 0.911 
End of epoch 19 / 200 	 Time Taken: 2 sec
learning rate 0.0002000 -> 0.0002000
end of validation step
end of validation step
end of validation step
end of validation step
end of validation step
end of validation step
end of validation step
end of validation step
saving the model at the end of epoch 20, iters 760
End of epoch 20 / 200 	 Time Taken: 10 sec
learning rate 0.0002000 -> 0.0002000
End of epoch 21 / 200 	 Time Taken: 2 sec
learning rate 0.0002000 -> 0.0002000
OrderedDict([('G_GAN', 0.31216952204704285), ('G_L1', 2.4006149768829346), ('D_real', 0.2237306535243988), ('D_fake', 0.28545936942100525), ('KL_realB_fakeB', 0.10718184385663831)])
(epoch: 22, iters: 2, time: 0.584, data: 1.217) G_GAN: 0.312 G_L1: 2.401 D_real: 0.224 D_fake: 0.285 KL_realB_fakeB: 0.107 
End of epoch 22 / 200 	 Time Taken: 3 sec
learning rate 0.0002000 -> 0.0002000
End of epoch 23 / 200 	 Time Taken: 2 sec
learning rate 0.0002000 -> 0.0002000
OrderedDict([('G_GAN', 0.2960108816623688), ('G_L1', 3.064279317855835), ('D_real', 0.23230111598968506), ('D_fake', 0.25432389974594116), ('KL_realB_fakeB', 0.16794584733556217)])
(epoch: 24, iters: 26, time: 0.049, data: 1.212) G_GAN: 0.296 G_L1: 3.064 D_real: 0.232 D_fake: 0.254 KL_realB_fakeB: 0.168 
End of epoch 24 / 200 	 Time Taken: 2 sec
learning rate 0.0002000 -> 0.0002000
end of validation step
end of validation step
end of validation step
end of validation step
end of validation step
end of validation step
end of validation step
end of validation step
saving the model at the end of epoch 25, iters 950
End of epoch 25 / 200 	 Time Taken: 11 sec
learning rate 0.0002000 -> 0.0002000
End of epoch 26 / 200 	 Time Taken: 2 sec
learning rate 0.0002000 -> 0.0002000
OrderedDict([('G_GAN', 0.28617432713508606), ('G_L1', 2.0442287921905518), ('D_real', 0.23395013809204102), ('D_fake', 0.22673554718494415), ('KL_realB_fakeB', 0.1324012544778812)])
(epoch: 27, iters: 12, time: 0.051, data: 2.300) G_GAN: 0.286 G_L1: 2.044 D_real: 0.234 D_fake: 0.227 KL_realB_fakeB: 0.132 
End of epoch 27 / 200 	 Time Taken: 2 sec
learning rate 0.0002000 -> 0.0002000
End of epoch 28 / 200 	 Time Taken: 2 sec
learning rate 0.0002000 -> 0.0002000
OrderedDict([('G_GAN', 0.3869742155075073), ('G_L1', 4.105287551879883), ('D_real', 0.31813815236091614), ('D_fake', 0.1798962652683258), ('KL_realB_fakeB', 0.3839199442861905)])
(epoch: 29, iters: 36, time: 0.037, data: 1.158) G_GAN: 0.387 G_L1: 4.105 D_real: 0.318 D_fake: 0.180 KL_realB_fakeB: 0.384 
End of epoch 29 / 200 	 Time Taken: 2 sec
learning rate 0.0002000 -> 0.0002000
end of validation step
end of validation step
end of validation step
end of validation step
end of validation step
end of validation step
end of validation step
end of validation step
saving the model at the end of epoch 30, iters 1140
End of epoch 30 / 200 	 Time Taken: 8 sec
learning rate 0.0002000 -> 0.0002000
End of epoch 31 / 200 	 Time Taken: 2 sec
learning rate 0.0002000 -> 0.0002000
OrderedDict([('G_GAN', 0.40545186400413513), ('G_L1', 2.6240146160125732), ('D_real', 0.1317812204360962), ('D_fake', 0.2909564971923828), ('KL_realB_fakeB', 0.20418169320639523)])
(epoch: 32, iters: 22, time: 0.166, data: 2.408) G_GAN: 0.405 G_L1: 2.624 D_real: 0.132 D_fake: 0.291 KL_realB_fakeB: 0.204 
End of epoch 32 / 200 	 Time Taken: 2 sec
learning rate 0.0002000 -> 0.0002000
End of epoch 33 / 200 	 Time Taken: 2 sec
learning rate 0.0002000 -> 0.0002000
End of epoch 34 / 200 	 Time Taken: 2 sec
learning rate 0.0002000 -> 0.0002000
OrderedDict([('G_GAN', 0.337517112493515), ('G_L1', 2.2117223739624023), ('D_real', 0.3451092541217804), ('D_fake', 0.1742313951253891), ('KL_realB_fakeB', 0.0875810962586453)])
(epoch: 35, iters: 8, time: 0.035, data: 2.307) G_GAN: 0.338 G_L1: 2.212 D_real: 0.345 D_fake: 0.174 KL_realB_fakeB: 0.088 
end of validation step
end of validation step
end of validation step
end of validation step
end of validation step
end of validation step
end of validation step
end of validation step
saving the model at the end of epoch 35, iters 1330
End of epoch 35 / 200 	 Time Taken: 8 sec
learning rate 0.0002000 -> 0.0002000
End of epoch 36 / 200 	 Time Taken: 2 sec
learning rate 0.0002000 -> 0.0002000
OrderedDict([('G_GAN', 0.38924604654312134), ('G_L1', 2.1766860485076904), ('D_real', 0.3419703543186188), ('D_fake', 0.11422295868396759), ('KL_realB_fakeB', 0.10320914709561338)])
(epoch: 37, iters: 32, time: 0.038, data: 0.875) G_GAN: 0.389 G_L1: 2.177 D_real: 0.342 D_fake: 0.114 KL_realB_fakeB: 0.103 
End of epoch 37 / 200 	 Time Taken: 2 sec
learning rate 0.0002000 -> 0.0002000
End of epoch 38 / 200 	 Time Taken: 2 sec
learning rate 0.0002000 -> 0.0002000
End of epoch 39 / 200 	 Time Taken: 2 sec
learning rate 0.0002000 -> 0.0002000
OrderedDict([('G_GAN', 0.3242817223072052), ('G_L1', 1.7198009490966797), ('D_real', 0.2575734853744507), ('D_fake', 0.20751774311065674), ('KL_realB_fakeB', 0.11911277218837323)])
(epoch: 40, iters: 18, time: 0.053, data: 2.150) G_GAN: 0.324 G_L1: 1.720 D_real: 0.258 D_fake: 0.208 KL_realB_fakeB: 0.119 
end of validation step
end of validation step
end of validation step
end of validation step
end of validation step
end of validation step
end of validation step
end of validation step
saving the model at the end of epoch 40, iters 1520
End of epoch 40 / 200 	 Time Taken: 8 sec
learning rate 0.0002000 -> 0.0002000
End of epoch 41 / 200 	 Time Taken: 2 sec
learning rate 0.0002000 -> 0.0002000
End of epoch 42 / 200 	 Time Taken: 2 sec
learning rate 0.0002000 -> 0.0002000
OrderedDict([('G_GAN', 0.3812243938446045), ('G_L1', 2.401737928390503), ('D_real', 0.3242763876914978), ('D_fake', 0.22084131836891174), ('KL_realB_fakeB', 0.25198036009910385)])
(epoch: 43, iters: 4, time: 0.198, data: 1.502) G_GAN: 0.381 G_L1: 2.402 D_real: 0.324 D_fake: 0.221 KL_realB_fakeB: 0.252 
End of epoch 43 / 200 	 Time Taken: 2 sec
learning rate 0.0002000 -> 0.0002000
End of epoch 44 / 200 	 Time Taken: 2 sec
learning rate 0.0002000 -> 0.0002000
OrderedDict([('G_GAN', 0.25858134031295776), ('G_L1', 1.709059238433838), ('D_real', 0.5245649814605713), ('D_fake', 0.15721964836120605), ('KL_realB_fakeB', 0.11191194857069815)])
(epoch: 45, iters: 28, time: 0.049, data: 0.860) G_GAN: 0.259 G_L1: 1.709 D_real: 0.525 D_fake: 0.157 KL_realB_fakeB: 0.112 
end of validation step
end of validation step
end of validation step
end of validation step
end of validation step
end of validation step
end of validation step
end of validation step
saving the model at the end of epoch 45, iters 1710
End of epoch 45 / 200 	 Time Taken: 9 sec
learning rate 0.0002000 -> 0.0002000
End of epoch 46 / 200 	 Time Taken: 2 sec
learning rate 0.0002000 -> 0.0002000
End of epoch 47 / 200 	 Time Taken: 2 sec
learning rate 0.0002000 -> 0.0002000
OrderedDict([('G_GAN', 0.1725199967622757), ('G_L1', 1.6346676349639893), ('D_real', 0.2804737091064453), ('D_fake', 0.23673094809055328), ('KL_realB_fakeB', 0.0721215108719356)])
(epoch: 48, iters: 14, time: 0.049, data: 1.985) G_GAN: 0.173 G_L1: 1.635 D_real: 0.280 D_fake: 0.237 KL_realB_fakeB: 0.072 
End of epoch 48 / 200 	 Time Taken: 3 sec
learning rate 0.0002000 -> 0.0002000
End of epoch 49 / 200 	 Time Taken: 2 sec
learning rate 0.0002000 -> 0.0002000
OrderedDict([('G_GAN', 0.08539500087499619), ('G_L1', 2.467520236968994), ('D_real', 0.518731951713562), ('D_fake', 0.06753964722156525), ('KL_realB_fakeB', 0.12021083785118214)])
(epoch: 50, iters: 38, time: 0.048, data: 1.532) G_GAN: 0.085 G_L1: 2.468 D_real: 0.519 D_fake: 0.068 KL_realB_fakeB: 0.120 
end of validation step
end of validation step
end of validation step
end of validation step
end of validation step
end of validation step
end of validation step
end of validation step
saving the model at the end of epoch 50, iters 1900
End of epoch 50 / 200 	 Time Taken: 9 sec
learning rate 0.0002000 -> 0.0002000
End of epoch 51 / 200 	 Time Taken: 2 sec
learning rate 0.0002000 -> 0.0002000
End of epoch 52 / 200 	 Time Taken: 2 sec
learning rate 0.0002000 -> 0.0002000
OrderedDict([('G_GAN', 0.3739510774612427), ('G_L1', 2.479748487472534), ('D_real', 0.12275337427854538), ('D_fake', 0.2993257939815521), ('KL_realB_fakeB', 0.07565421337356582)])
(epoch: 53, iters: 24, time: 0.203, data: 0.418) G_GAN: 0.374 G_L1: 2.480 D_real: 0.123 D_fake: 0.299 KL_realB_fakeB: 0.076 
End of epoch 53 / 200 	 Time Taken: 3 sec
learning rate 0.0002000 -> 0.0002000
End of epoch 54 / 200 	 Time Taken: 2 sec
learning rate 0.0002000 -> 0.0002000
end of validation step
end of validation step
end of validation step
end of validation step
end of validation step
end of validation step
end of validation step
end of validation step
saving the model at the end of epoch 55, iters 2090
End of epoch 55 / 200 	 Time Taken: 10 sec
learning rate 0.0002000 -> 0.0002000
OrderedDict([('G_GAN', 0.34588325023651123), ('G_L1', 2.0611138343811035), ('D_real', 0.3072752356529236), ('D_fake', 0.3758726716041565), ('KL_realB_fakeB', 0.16377629372101848)])
(epoch: 56, iters: 10, time: 0.049, data: 2.061) G_GAN: 0.346 G_L1: 2.061 D_real: 0.307 D_fake: 0.376 KL_realB_fakeB: 0.164 
End of epoch 56 / 200 	 Time Taken: 2 sec
learning rate 0.0002000 -> 0.0002000
End of epoch 57 / 200 	 Time Taken: 2 sec
learning rate 0.0002000 -> 0.0002000
OrderedDict([('G_GAN', 0.23450112342834473), ('G_L1', 1.6996159553527832), ('D_real', 0.23238222301006317), ('D_fake', 0.2816394865512848), ('KL_realB_fakeB', 0.08521287010388545)])
(epoch: 58, iters: 34, time: 0.052, data: 0.916) G_GAN: 0.235 G_L1: 1.700 D_real: 0.232 D_fake: 0.282 KL_realB_fakeB: 0.085 
End of epoch 58 / 200 	 Time Taken: 2 sec
learning rate 0.0002000 -> 0.0002000
End of epoch 59 / 200 	 Time Taken: 2 sec
learning rate 0.0002000 -> 0.0002000
end of validation step
end of validation step
end of validation step
end of validation step
end of validation step
end of validation step
end of validation step
end of validation step
saving the model at the end of epoch 60, iters 2280
End of epoch 60 / 200 	 Time Taken: 11 sec
learning rate 0.0002000 -> 0.0002000
OrderedDict([('G_GAN', 0.2523568272590637), ('G_L1', 1.5878478288650513), ('D_real', 0.25790172815322876), ('D_fake', 0.2506799101829529), ('KL_realB_fakeB', 0.08980653863138595)])
(epoch: 61, iters: 20, time: 0.052, data: 2.356) G_GAN: 0.252 G_L1: 1.588 D_real: 0.258 D_fake: 0.251 KL_realB_fakeB: 0.090 
End of epoch 61 / 200 	 Time Taken: 2 sec
learning rate 0.0002000 -> 0.0002000
End of epoch 62 / 200 	 Time Taken: 2 sec
learning rate 0.0002000 -> 0.0002000
End of epoch 63 / 200 	 Time Taken: 2 sec
learning rate 0.0002000 -> 0.0002000
OrderedDict([('G_GAN', 0.25254371762275696), ('G_L1', 1.7221755981445312), ('D_real', 0.24239976704120636), ('D_fake', 0.25967201590538025), ('KL_realB_fakeB', 0.3326862552957069)])
(epoch: 64, iters: 6, time: 0.309, data: 1.617) G_GAN: 0.253 G_L1: 1.722 D_real: 0.242 D_fake: 0.260 KL_realB_fakeB: 0.333 
End of epoch 64 / 200 	 Time Taken: 2 sec
learning rate 0.0002000 -> 0.0002000
end of validation step
end of validation step
end of validation step
end of validation step
end of validation step
end of validation step
end of validation step
end of validation step
saving the model at the end of epoch 65, iters 2470
End of epoch 65 / 200 	 Time Taken: 11 sec
learning rate 0.0002000 -> 0.0002000
OrderedDict([('G_GAN', 0.25549858808517456), ('G_L1', 1.815359115600586), ('D_real', 0.26566281914711), ('D_fake', 0.26389962434768677), ('KL_realB_fakeB', 0.08050434761297184)])
(epoch: 66, iters: 30, time: 0.035, data: 1.194) G_GAN: 0.255 G_L1: 1.815 D_real: 0.266 D_fake: 0.264 KL_realB_fakeB: 0.081 
End of epoch 66 / 200 	 Time Taken: 2 sec
learning rate 0.0002000 -> 0.0002000
End of epoch 67 / 200 	 Time Taken: 2 sec
learning rate 0.0002000 -> 0.0002000
End of epoch 68 / 200 	 Time Taken: 2 sec
learning rate 0.0002000 -> 0.0002000
OrderedDict([('G_GAN', 0.2645794153213501), ('G_L1', 1.8763396739959717), ('D_real', 0.28486016392707825), ('D_fake', 0.24528662860393524), ('KL_realB_fakeB', 0.10246299028413468)])
(epoch: 69, iters: 16, time: 0.040, data: 2.371) G_GAN: 0.265 G_L1: 1.876 D_real: 0.285 D_fake: 0.245 KL_realB_fakeB: 0.102 
End of epoch 69 / 200 	 Time Taken: 2 sec
learning rate 0.0002000 -> 0.0002000
end of validation step
end of validation step
end of validation step
end of validation step
end of validation step
end of validation step
end of validation step
end of validation step
saving the model at the end of epoch 70, iters 2660
End of epoch 70 / 200 	 Time Taken: 11 sec
learning rate 0.0002000 -> 0.0002000
End of epoch 71 / 200 	 Time Taken: 2 sec
learning rate 0.0002000 -> 0.0002000
OrderedDict([('G_GAN', 0.25555184483528137), ('G_L1', 1.2321370840072632), ('D_real', 0.2285739928483963), ('D_fake', 0.27933141589164734), ('KL_realB_fakeB', 0.11310858162716354)])
(epoch: 72, iters: 2, time: 0.037, data: 1.343) G_GAN: 0.256 G_L1: 1.232 D_real: 0.229 D_fake: 0.279 KL_realB_fakeB: 0.113 
End of epoch 72 / 200 	 Time Taken: 2 sec
learning rate 0.0002000 -> 0.0002000
End of epoch 73 / 200 	 Time Taken: 2 sec
learning rate 0.0002000 -> 0.0002000
OrderedDict([('G_GAN', 0.24510632455348969), ('G_L1', 1.7625808715820312), ('D_real', 0.2399483174085617), ('D_fake', 0.26684120297431946), ('KL_realB_fakeB', 0.10771171167682553)])
(epoch: 74, iters: 26, time: 0.276, data: 0.635) G_GAN: 0.245 G_L1: 1.763 D_real: 0.240 D_fake: 0.267 KL_realB_fakeB: 0.108 
End of epoch 74 / 200 	 Time Taken: 2 sec
learning rate 0.0002000 -> 0.0002000
end of validation step
end of validation step
end of validation step
end of validation step
end of validation step
end of validation step
end of validation step
end of validation step
saving the model at the end of epoch 75, iters 2850
End of epoch 75 / 200 	 Time Taken: 11 sec
learning rate 0.0002000 -> 0.0002000
End of epoch 76 / 200 	 Time Taken: 2 sec
learning rate 0.0002000 -> 0.0002000
OrderedDict([('G_GAN', 0.29421132802963257), ('G_L1', 2.192189931869507), ('D_real', 0.24246053397655487), ('D_fake', 0.29182496666908264), ('KL_realB_fakeB', 0.07539592975893789)])
(epoch: 77, iters: 12, time: 0.047, data: 2.246) G_GAN: 0.294 G_L1: 2.192 D_real: 0.242 D_fake: 0.292 KL_realB_fakeB: 0.075 
End of epoch 77 / 200 	 Time Taken: 2 sec
learning rate 0.0002000 -> 0.0002000
End of epoch 78 / 200 	 Time Taken: 2 sec
learning rate 0.0002000 -> 0.0002000
OrderedDict([('G_GAN', 0.25545525550842285), ('G_L1', 1.579556941986084), ('D_real', 0.25459209084510803), ('D_fake', 0.2465810924768448), ('KL_realB_fakeB', 0.07886948332791019)])
(epoch: 79, iters: 36, time: 0.034, data: 1.229) G_GAN: 0.255 G_L1: 1.580 D_real: 0.255 D_fake: 0.247 KL_realB_fakeB: 0.079 
End of epoch 79 / 200 	 Time Taken: 2 sec
learning rate 0.0002000 -> 0.0002000
end of validation step
end of validation step
end of validation step
end of validation step
end of validation step
end of validation step
end of validation step
end of validation step
saving the model at the end of epoch 80, iters 3040
End of epoch 80 / 200 	 Time Taken: 10 sec
learning rate 0.0002000 -> 0.0002000
End of epoch 81 / 200 	 Time Taken: 2 sec
learning rate 0.0002000 -> 0.0002000
OrderedDict([('G_GAN', 0.28520509600639343), ('G_L1', 1.792523980140686), ('D_real', 0.2699860632419586), ('D_fake', 0.2806951403617859), ('KL_realB_fakeB', 0.18113483060572313)])
(epoch: 82, iters: 22, time: 0.047, data: 2.455) G_GAN: 0.285 G_L1: 1.793 D_real: 0.270 D_fake: 0.281 KL_realB_fakeB: 0.181 
End of epoch 82 / 200 	 Time Taken: 2 sec
learning rate 0.0002000 -> 0.0002000
End of epoch 83 / 200 	 Time Taken: 2 sec
learning rate 0.0002000 -> 0.0002000
End of epoch 84 / 200 	 Time Taken: 2 sec
learning rate 0.0002000 -> 0.0002000
OrderedDict([('G_GAN', 0.271632581949234), ('G_L1', 1.5721999406814575), ('D_real', 0.2797126770019531), ('D_fake', 0.25881320238113403), ('KL_realB_fakeB', 0.07668077746166277)])
(epoch: 85, iters: 8, time: 0.232, data: 1.942) G_GAN: 0.272 G_L1: 1.572 D_real: 0.280 D_fake: 0.259 KL_realB_fakeB: 0.077 
end of validation step
end of validation step
end of validation step
end of validation step
end of validation step
end of validation step
end of validation step
end of validation step
saving the model at the end of epoch 85, iters 3230
End of epoch 85 / 200 	 Time Taken: 11 sec
learning rate 0.0002000 -> 0.0002000
End of epoch 86 / 200 	 Time Taken: 2 sec
learning rate 0.0002000 -> 0.0002000
OrderedDict([('G_GAN', 0.25701695680618286), ('G_L1', 1.681144118309021), ('D_real', 0.2668410539627075), ('D_fake', 0.2572426199913025), ('KL_realB_fakeB', 0.07879251821803127)])
(epoch: 87, iters: 32, time: 0.053, data: 1.227) G_GAN: 0.257 G_L1: 1.681 D_real: 0.267 D_fake: 0.257 KL_realB_fakeB: 0.079 
End of epoch 87 / 200 	 Time Taken: 2 sec
learning rate 0.0002000 -> 0.0002000
End of epoch 88 / 200 	 Time Taken: 2 sec
learning rate 0.0002000 -> 0.0002000
End of epoch 89 / 200 	 Time Taken: 2 sec
learning rate 0.0002000 -> 0.0002000
OrderedDict([('G_GAN', 0.2726196050643921), ('G_L1', 1.3755406141281128), ('D_real', 0.24784789979457855), ('D_fake', 0.2755567133426666), ('KL_realB_fakeB', 0.07295489432111736)])
(epoch: 90, iters: 18, time: 0.049, data: 2.277) G_GAN: 0.273 G_L1: 1.376 D_real: 0.248 D_fake: 0.276 KL_realB_fakeB: 0.073 
end of validation step
end of validation step
end of validation step
end of validation step
end of validation step
end of validation step
end of validation step
end of validation step
saving the model at the end of epoch 90, iters 3420
End of epoch 90 / 200 	 Time Taken: 10 sec
learning rate 0.0002000 -> 0.0002000
End of epoch 91 / 200 	 Time Taken: 2 sec
learning rate 0.0002000 -> 0.0002000
End of epoch 92 / 200 	 Time Taken: 2 sec
learning rate 0.0002000 -> 0.0002000
OrderedDict([('G_GAN', 0.24881337583065033), ('G_L1', 1.2819780111312866), ('D_real', 0.26587262749671936), ('D_fake', 0.23924019932746887), ('KL_realB_fakeB', 0.2173335937361704)])
(epoch: 93, iters: 4, time: 0.047, data: 1.931) G_GAN: 0.249 G_L1: 1.282 D_real: 0.266 D_fake: 0.239 KL_realB_fakeB: 0.217 
End of epoch 93 / 200 	 Time Taken: 2 sec
learning rate 0.0002000 -> 0.0002000
End of epoch 94 / 200 	 Time Taken: 2 sec
learning rate 0.0002000 -> 0.0002000
OrderedDict([('G_GAN', 0.24347235262393951), ('G_L1', 1.7791523933410645), ('D_real', 0.2558366358280182), ('D_fake', 0.2514302432537079), ('KL_realB_fakeB', 0.09925587583238335)])
(epoch: 95, iters: 28, time: 0.369, data: 0.722) G_GAN: 0.243 G_L1: 1.779 D_real: 0.256 D_fake: 0.251 KL_realB_fakeB: 0.099 
end of validation step
end of validation step
end of validation step
end of validation step
end of validation step
end of validation step
end of validation step
end of validation step
saving the model at the end of epoch 95, iters 3610
End of epoch 95 / 200 	 Time Taken: 9 sec
learning rate 0.0002000 -> 0.0002000
End of epoch 96 / 200 	 Time Taken: 2 sec
learning rate 0.0002000 -> 0.0002000
End of epoch 97 / 200 	 Time Taken: 2 sec
learning rate 0.0002000 -> 0.0002000
OrderedDict([('G_GAN', 0.34643369913101196), ('G_L1', 1.5327773094177246), ('D_real', 0.3291531801223755), ('D_fake', 0.25557947158813477), ('KL_realB_fakeB', 0.09924805872097346)])
(epoch: 98, iters: 14, time: 0.051, data: 2.400) G_GAN: 0.346 G_L1: 1.533 D_real: 0.329 D_fake: 0.256 KL_realB_fakeB: 0.099 
End of epoch 98 / 200 	 Time Taken: 2 sec
learning rate 0.0002000 -> 0.0002000
End of epoch 99 / 200 	 Time Taken: 2 sec
learning rate 0.0002000 -> 0.0001980
OrderedDict([('G_GAN', 0.28956541419029236), ('G_L1', 1.8874704837799072), ('D_real', 0.2913020849227905), ('D_fake', 0.24505910277366638), ('KL_realB_fakeB', 0.14677904545270937)])
(epoch: 100, iters: 38, time: 0.052, data: 1.507) G_GAN: 0.290 G_L1: 1.887 D_real: 0.291 D_fake: 0.245 KL_realB_fakeB: 0.147 
end of validation step
end of validation step
end of validation step
end of validation step
end of validation step
end of validation step
end of validation step
end of validation step
saving the model at the end of epoch 100, iters 3800
End of epoch 100 / 200 	 Time Taken: 22 sec
learning rate 0.0001980 -> 0.0001960
End of epoch 101 / 200 	 Time Taken: 2 sec
learning rate 0.0001960 -> 0.0001941
End of epoch 102 / 200 	 Time Taken: 3 sec
learning rate 0.0001941 -> 0.0001921
OrderedDict([('G_GAN', 0.2528565526008606), ('G_L1', 1.2902772426605225), ('D_real', 0.2612982988357544), ('D_fake', 0.24275007843971252), ('KL_realB_fakeB', 0.06608988922549039)])
(epoch: 103, iters: 24, time: 0.054, data: 0.515) G_GAN: 0.253 G_L1: 1.290 D_real: 0.261 D_fake: 0.243 KL_realB_fakeB: 0.066 
End of epoch 103 / 200 	 Time Taken: 2 sec
learning rate 0.0001921 -> 0.0001901
End of epoch 104 / 200 	 Time Taken: 2 sec
learning rate 0.0001901 -> 0.0001881
end of validation step
end of validation step
end of validation step
end of validation step
end of validation step
end of validation step
end of validation step
end of validation step
saving the model at the end of epoch 105, iters 3990
End of epoch 105 / 200 	 Time Taken: 9 sec
learning rate 0.0001881 -> 0.0001861
OrderedDict([('G_GAN', 0.2472422569990158), ('G_L1', 1.4571375846862793), ('D_real', 0.2368224710226059), ('D_fake', 0.2637229263782501), ('KL_realB_fakeB', 0.16032795559172985)])
(epoch: 106, iters: 10, time: 0.316, data: 1.928) G_GAN: 0.247 G_L1: 1.457 D_real: 0.237 D_fake: 0.264 KL_realB_fakeB: 0.160 
End of epoch 106 / 200 	 Time Taken: 2 sec
learning rate 0.0001861 -> 0.0001842
End of epoch 107 / 200 	 Time Taken: 2 sec
learning rate 0.0001842 -> 0.0001822
OrderedDict([('G_GAN', 0.29787054657936096), ('G_L1', 1.2269728183746338), ('D_real', 0.2814099192619324), ('D_fake', 0.2819926142692566), ('KL_realB_fakeB', 0.07482612115888077)])
(epoch: 108, iters: 34, time: 0.041, data: 1.322) G_GAN: 0.298 G_L1: 1.227 D_real: 0.281 D_fake: 0.282 KL_realB_fakeB: 0.075 
End of epoch 108 / 200 	 Time Taken: 2 sec
learning rate 0.0001822 -> 0.0001802
End of epoch 109 / 200 	 Time Taken: 2 sec
learning rate 0.0001802 -> 0.0001782
end of validation step
end of validation step
end of validation step
end of validation step
end of validation step
end of validation step
end of validation step
end of validation step
saving the model at the end of epoch 110, iters 4180
End of epoch 110 / 200 	 Time Taken: 8 sec
learning rate 0.0001782 -> 0.0001762
OrderedDict([('G_GAN', 0.250265896320343), ('G_L1', 1.6162875890731812), ('D_real', 0.23701566457748413), ('D_fake', 0.27285057306289673), ('KL_realB_fakeB', 0.09253946816945363)])
(epoch: 111, iters: 20, time: 0.055, data: 2.573) G_GAN: 0.250 G_L1: 1.616 D_real: 0.237 D_fake: 0.273 KL_realB_fakeB: 0.093 
End of epoch 111 / 200 	 Time Taken: 2 sec
learning rate 0.0001762 -> 0.0001743
End of epoch 112 / 200 	 Time Taken: 2 sec
learning rate 0.0001743 -> 0.0001723
End of epoch 113 / 200 	 Time Taken: 2 sec
learning rate 0.0001723 -> 0.0001703
OrderedDict([('G_GAN', 0.2577047348022461), ('G_L1', 1.672736406326294), ('D_real', 0.2491268664598465), ('D_fake', 0.2513505816459656), ('KL_realB_fakeB', 0.14810133246275461)])
(epoch: 114, iters: 6, time: 0.048, data: 1.313) G_GAN: 0.258 G_L1: 1.673 D_real: 0.249 D_fake: 0.251 KL_realB_fakeB: 0.148 
End of epoch 114 / 200 	 Time Taken: 2 sec
learning rate 0.0001703 -> 0.0001683
end of validation step
end of validation step
end of validation step
end of validation step
end of validation step
end of validation step
end of validation step
end of validation step
saving the model at the end of epoch 115, iters 4370
End of epoch 115 / 200 	 Time Taken: 8 sec
learning rate 0.0001683 -> 0.0001663
OrderedDict([('G_GAN', 0.2534700036048889), ('G_L1', 1.7244153022766113), ('D_real', 0.2489766776561737), ('D_fake', 0.2622358202934265), ('KL_realB_fakeB', 0.12440013893037824)])
(epoch: 116, iters: 30, time: 0.281, data: 0.863) G_GAN: 0.253 G_L1: 1.724 D_real: 0.249 D_fake: 0.262 KL_realB_fakeB: 0.124 
End of epoch 116 / 200 	 Time Taken: 2 sec
learning rate 0.0001663 -> 0.0001644
End of epoch 117 / 200 	 Time Taken: 2 sec
learning rate 0.0001644 -> 0.0001624
End of epoch 118 / 200 	 Time Taken: 2 sec
learning rate 0.0001624 -> 0.0001604
OrderedDict([('G_GAN', 0.2567199468612671), ('G_L1', 1.4394183158874512), ('D_real', 0.26395124197006226), ('D_fake', 0.24271196126937866), ('KL_realB_fakeB', 0.07003004792406953)])
(epoch: 119, iters: 16, time: 0.056, data: 2.283) G_GAN: 0.257 G_L1: 1.439 D_real: 0.264 D_fake: 0.243 KL_realB_fakeB: 0.070 
End of epoch 119 / 200 	 Time Taken: 2 sec
learning rate 0.0001604 -> 0.0001584
end of validation step
end of validation step
end of validation step
end of validation step
end of validation step
end of validation step
end of validation step
end of validation step
saving the model at the end of epoch 120, iters 4560
End of epoch 120 / 200 	 Time Taken: 8 sec
learning rate 0.0001584 -> 0.0001564
End of epoch 121 / 200 	 Time Taken: 2 sec
learning rate 0.0001564 -> 0.0001545
OrderedDict([('G_GAN', 0.2636200785636902), ('G_L1', 1.3831812143325806), ('D_real', 0.25881513953208923), ('D_fake', 0.24646230041980743), ('KL_realB_fakeB', 0.07587439784251129)])
(epoch: 122, iters: 2, time: 0.046, data: 1.422) G_GAN: 0.264 G_L1: 1.383 D_real: 0.259 D_fake: 0.246 KL_realB_fakeB: 0.076 
End of epoch 122 / 200 	 Time Taken: 2 sec
learning rate 0.0001545 -> 0.0001525
End of epoch 123 / 200 	 Time Taken: 2 sec
learning rate 0.0001525 -> 0.0001505
OrderedDict([('G_GAN', 0.2503773272037506), ('G_L1', 1.2225178480148315), ('D_real', 0.25009727478027344), ('D_fake', 0.2504160404205322), ('KL_realB_fakeB', 0.07765868488481709)])
(epoch: 124, iters: 26, time: 0.033, data: 0.600) G_GAN: 0.250 G_L1: 1.223 D_real: 0.250 D_fake: 0.250 KL_realB_fakeB: 0.078 
End of epoch 124 / 200 	 Time Taken: 2 sec
learning rate 0.0001505 -> 0.0001485
end of validation step
end of validation step
end of validation step
end of validation step
end of validation step
end of validation step
end of validation step
end of validation step
saving the model at the end of epoch 125, iters 4750
End of epoch 125 / 200 	 Time Taken: 8 sec
learning rate 0.0001485 -> 0.0001465
End of epoch 126 / 200 	 Time Taken: 2 sec
learning rate 0.0001465 -> 0.0001446
OrderedDict([('G_GAN', 0.25644010305404663), ('G_L1', 1.4023945331573486), ('D_real', 0.26277151703834534), ('D_fake', 0.24423381686210632), ('KL_realB_fakeB', 0.06520853656612648)])
(epoch: 127, iters: 12, time: 0.337, data: 2.231) G_GAN: 0.256 G_L1: 1.402 D_real: 0.263 D_fake: 0.244 KL_realB_fakeB: 0.065 
End of epoch 127 / 200 	 Time Taken: 2 sec
learning rate 0.0001446 -> 0.0001426
End of epoch 128 / 200 	 Time Taken: 2 sec
learning rate 0.0001426 -> 0.0001406
OrderedDict([('G_GAN', 0.2504076659679413), ('G_L1', 1.117133378982544), ('D_real', 0.24116656184196472), ('D_fake', 0.25977903604507446), ('KL_realB_fakeB', 0.1161403728713178)])
(epoch: 129, iters: 36, time: 0.051, data: 1.436) G_GAN: 0.250 G_L1: 1.117 D_real: 0.241 D_fake: 0.260 KL_realB_fakeB: 0.116 
End of epoch 129 / 200 	 Time Taken: 2 sec
learning rate 0.0001406 -> 0.0001386
end of validation step
end of validation step
end of validation step
end of validation step
end of validation step
end of validation step
end of validation step
end of validation step
saving the model at the end of epoch 130, iters 4940
End of epoch 130 / 200 	 Time Taken: 8 sec
learning rate 0.0001386 -> 0.0001366
End of epoch 131 / 200 	 Time Taken: 2 sec
learning rate 0.0001366 -> 0.0001347
OrderedDict([('G_GAN', 0.24899953603744507), ('G_L1', 1.2414934635162354), ('D_real', 0.25075677037239075), ('D_fake', 0.24766476452350616), ('KL_realB_fakeB', 0.0743114969975587)])
(epoch: 132, iters: 22, time: 0.057, data: 2.831) G_GAN: 0.249 G_L1: 1.241 D_real: 0.251 D_fake: 0.248 KL_realB_fakeB: 0.074 
saving the latest model (epoch 132, total_iters 5000)
End of epoch 132 / 200 	 Time Taken: 6 sec
learning rate 0.0001347 -> 0.0001327
End of epoch 133 / 200 	 Time Taken: 2 sec
learning rate 0.0001327 -> 0.0001307
End of epoch 134 / 200 	 Time Taken: 2 sec
learning rate 0.0001307 -> 0.0001287
OrderedDict([('G_GAN', 0.24987275898456573), ('G_L1', 1.1767122745513916), ('D_real', 0.25477612018585205), ('D_fake', 0.24752865731716156), ('KL_realB_fakeB', 0.09666705472154256)])
(epoch: 135, iters: 8, time: 0.034, data: 5.979) G_GAN: 0.250 G_L1: 1.177 D_real: 0.255 D_fake: 0.248 KL_realB_fakeB: 0.097 
end of validation step
end of validation step
end of validation step
end of validation step
end of validation step
end of validation step
end of validation step
end of validation step
saving the model at the end of epoch 135, iters 5130
End of epoch 135 / 200 	 Time Taken: 8 sec
learning rate 0.0001287 -> 0.0001267
End of epoch 136 / 200 	 Time Taken: 2 sec
learning rate 0.0001267 -> 0.0001248
OrderedDict([('G_GAN', 0.2553771138191223), ('G_L1', 1.3635218143463135), ('D_real', 0.24965545535087585), ('D_fake', 0.25273674726486206), ('KL_realB_fakeB', 0.07255213865514595)])
(epoch: 137, iters: 32, time: 0.333, data: 0.900) G_GAN: 0.255 G_L1: 1.364 D_real: 0.250 D_fake: 0.253 KL_realB_fakeB: 0.073 
End of epoch 137 / 200 	 Time Taken: 2 sec
learning rate 0.0001248 -> 0.0001228
End of epoch 138 / 200 	 Time Taken: 2 sec
learning rate 0.0001228 -> 0.0001208
End of epoch 139 / 200 	 Time Taken: 2 sec
learning rate 0.0001208 -> 0.0001188
OrderedDict([('G_GAN', 0.25767162442207336), ('G_L1', 0.9584463834762573), ('D_real', 0.254864364862442), ('D_fake', 0.2504035234451294), ('KL_realB_fakeB', 0.07340704999040343)])
(epoch: 140, iters: 18, time: 0.052, data: 2.556) G_GAN: 0.258 G_L1: 0.958 D_real: 0.255 D_fake: 0.250 KL_realB_fakeB: 0.073 
end of validation step
end of validation step
end of validation step
end of validation step
end of validation step
end of validation step
end of validation step
end of validation step
saving the model at the end of epoch 140, iters 5320
End of epoch 140 / 200 	 Time Taken: 8 sec
learning rate 0.0001188 -> 0.0001168
End of epoch 141 / 200 	 Time Taken: 2 sec
learning rate 0.0001168 -> 0.0001149
End of epoch 142 / 200 	 Time Taken: 2 sec
learning rate 0.0001149 -> 0.0001129
OrderedDict([('G_GAN', 0.268003910779953), ('G_L1', 1.5417160987854004), ('D_real', 0.25308117270469666), ('D_fake', 0.27334946393966675), ('KL_realB_fakeB', 0.0632406318892451)])
(epoch: 143, iters: 4, time: 0.049, data: 1.490) G_GAN: 0.268 G_L1: 1.542 D_real: 0.253 D_fake: 0.273 KL_realB_fakeB: 0.063 
End of epoch 143 / 200 	 Time Taken: 2 sec
learning rate 0.0001129 -> 0.0001109
End of epoch 144 / 200 	 Time Taken: 2 sec
learning rate 0.0001109 -> 0.0001089
OrderedDict([('G_GAN', 0.25594210624694824), ('G_L1', 1.141202449798584), ('D_real', 0.24538585543632507), ('D_fake', 0.2489432990550995), ('KL_realB_fakeB', 0.10010400515956198)])
(epoch: 145, iters: 28, time: 0.037, data: 0.626) G_GAN: 0.256 G_L1: 1.141 D_real: 0.245 D_fake: 0.249 KL_realB_fakeB: 0.100 
end of validation step
end of validation step
end of validation step
end of validation step
end of validation step
end of validation step
end of validation step
end of validation step
saving the model at the end of epoch 145, iters 5510
End of epoch 145 / 200 	 Time Taken: 8 sec
learning rate 0.0001089 -> 0.0001069
End of epoch 146 / 200 	 Time Taken: 2 sec
learning rate 0.0001069 -> 0.0001050
End of epoch 147 / 200 	 Time Taken: 2 sec
learning rate 0.0001050 -> 0.0001030
OrderedDict([('G_GAN', 0.2573901414871216), ('G_L1', 1.2291642427444458), ('D_real', 0.2429761290550232), ('D_fake', 0.2626177966594696), ('KL_realB_fakeB', 0.0963554041743509)])
(epoch: 148, iters: 14, time: 0.509, data: 2.407) G_GAN: 0.257 G_L1: 1.229 D_real: 0.243 D_fake: 0.263 KL_realB_fakeB: 0.096 
End of epoch 148 / 200 	 Time Taken: 3 sec
learning rate 0.0001030 -> 0.0001010
End of epoch 149 / 200 	 Time Taken: 2 sec
learning rate 0.0001010 -> 0.0000990
OrderedDict([('G_GAN', 0.2571231722831726), ('G_L1', 1.3728102445602417), ('D_real', 0.2446696013212204), ('D_fake', 0.25552433729171753), ('KL_realB_fakeB', 0.060589721936257265)])
(epoch: 150, iters: 38, time: 0.052, data: 1.560) G_GAN: 0.257 G_L1: 1.373 D_real: 0.245 D_fake: 0.256 KL_realB_fakeB: 0.061 
end of validation step
end of validation step
end of validation step
end of validation step
end of validation step
end of validation step
end of validation step
end of validation step
saving the model at the end of epoch 150, iters 5700
End of epoch 150 / 200 	 Time Taken: 9 sec
learning rate 0.0000990 -> 0.0000970
End of epoch 151 / 200 	 Time Taken: 2 sec
learning rate 0.0000970 -> 0.0000950
End of epoch 152 / 200 	 Time Taken: 2 sec
learning rate 0.0000950 -> 0.0000931
OrderedDict([('G_GAN', 0.2771381735801697), ('G_L1', 1.034127116203308), ('D_real', 0.24547839164733887), ('D_fake', 0.25419309735298157), ('KL_realB_fakeB', 0.059472475999442075)])
(epoch: 153, iters: 24, time: 0.058, data: 0.539) G_GAN: 0.277 G_L1: 1.034 D_real: 0.245 D_fake: 0.254 KL_realB_fakeB: 0.059 
End of epoch 153 / 200 	 Time Taken: 2 sec
learning rate 0.0000931 -> 0.0000911
End of epoch 154 / 200 	 Time Taken: 2 sec
learning rate 0.0000911 -> 0.0000891
end of validation step
end of validation step
end of validation step
end of validation step
end of validation step
end of validation step
end of validation step
end of validation step
saving the model at the end of epoch 155, iters 5890
End of epoch 155 / 200 	 Time Taken: 8 sec
learning rate 0.0000891 -> 0.0000871
OrderedDict([('G_GAN', 0.26035720109939575), ('G_L1', 0.9203547835350037), ('D_real', 0.240441232919693), ('D_fake', 0.23759305477142334), ('KL_realB_fakeB', 0.07957615725012425)])
(epoch: 156, iters: 10, time: 0.036, data: 1.872) G_GAN: 0.260 G_L1: 0.920 D_real: 0.240 D_fake: 0.238 KL_realB_fakeB: 0.080 
End of epoch 156 / 200 	 Time Taken: 2 sec
learning rate 0.0000871 -> 0.0000851
End of epoch 157 / 200 	 Time Taken: 2 sec
learning rate 0.0000851 -> 0.0000832
OrderedDict([('G_GAN', 0.2903309762477875), ('G_L1', 1.0050711631774902), ('D_real', 0.2194477766752243), ('D_fake', 0.26128560304641724), ('KL_realB_fakeB', 0.07405000040449117)])
(epoch: 158, iters: 34, time: 0.370, data: 0.963) G_GAN: 0.290 G_L1: 1.005 D_real: 0.219 D_fake: 0.261 KL_realB_fakeB: 0.074 
End of epoch 158 / 200 	 Time Taken: 2 sec
learning rate 0.0000832 -> 0.0000812
End of epoch 159 / 200 	 Time Taken: 2 sec
learning rate 0.0000812 -> 0.0000792
end of validation step
end of validation step
end of validation step
end of validation step
end of validation step
end of validation step
end of validation step
end of validation step
saving the model at the end of epoch 160, iters 6080
End of epoch 160 / 200 	 Time Taken: 8 sec
learning rate 0.0000792 -> 0.0000772
OrderedDict([('G_GAN', 0.2722102999687195), ('G_L1', 1.1131547689437866), ('D_real', 0.26206156611442566), ('D_fake', 0.2280552238225937), ('KL_realB_fakeB', 0.06912798231237613)])
(epoch: 161, iters: 20, time: 0.050, data: 2.419) G_GAN: 0.272 G_L1: 1.113 D_real: 0.262 D_fake: 0.228 KL_realB_fakeB: 0.069 
End of epoch 161 / 200 	 Time Taken: 2 sec
learning rate 0.0000772 -> 0.0000752
End of epoch 162 / 200 	 Time Taken: 2 sec
learning rate 0.0000752 -> 0.0000733
End of epoch 163 / 200 	 Time Taken: 2 sec
learning rate 0.0000733 -> 0.0000713
OrderedDict([('G_GAN', 0.31272652745246887), ('G_L1', 0.9734116792678833), ('D_real', 0.2714901268482208), ('D_fake', 0.2075873464345932), ('KL_realB_fakeB', 0.06662508257197591)])
(epoch: 164, iters: 6, time: 0.035, data: 1.520) G_GAN: 0.313 G_L1: 0.973 D_real: 0.271 D_fake: 0.208 KL_realB_fakeB: 0.067 
End of epoch 164 / 200 	 Time Taken: 2 sec
learning rate 0.0000713 -> 0.0000693
end of validation step
end of validation step
end of validation step
end of validation step
end of validation step
end of validation step
end of validation step
end of validation step
saving the model at the end of epoch 165, iters 6270
End of epoch 165 / 200 	 Time Taken: 8 sec
learning rate 0.0000693 -> 0.0000673
OrderedDict([('G_GAN', 0.30990102887153625), ('G_L1', 1.2529996633529663), ('D_real', 0.14515067636966705), ('D_fake', 0.4013446271419525), ('KL_realB_fakeB', 0.08229827246283519)])
(epoch: 166, iters: 30, time: 0.056, data: 0.856) G_GAN: 0.310 G_L1: 1.253 D_real: 0.145 D_fake: 0.401 KL_realB_fakeB: 0.082 
End of epoch 166 / 200 	 Time Taken: 2 sec
learning rate 0.0000673 -> 0.0000653
End of epoch 167 / 200 	 Time Taken: 3 sec
learning rate 0.0000653 -> 0.0000634
End of epoch 168 / 200 	 Time Taken: 2 sec
learning rate 0.0000634 -> 0.0000614
OrderedDict([('G_GAN', 0.5640804767608643), ('G_L1', 0.8877701163291931), ('D_real', 0.18457123637199402), ('D_fake', 0.03416330739855766), ('KL_realB_fakeB', 0.07041450267936128)])
(epoch: 169, iters: 16, time: 0.399, data: 2.195) G_GAN: 0.564 G_L1: 0.888 D_real: 0.185 D_fake: 0.034 KL_realB_fakeB: 0.070 
End of epoch 169 / 200 	 Time Taken: 2 sec
learning rate 0.0000614 -> 0.0000594
end of validation step
end of validation step
end of validation step
end of validation step
end of validation step
end of validation step
end of validation step
end of validation step
saving the model at the end of epoch 170, iters 6460
End of epoch 170 / 200 	 Time Taken: 8 sec
learning rate 0.0000594 -> 0.0000574
End of epoch 171 / 200 	 Time Taken: 2 sec
learning rate 0.0000574 -> 0.0000554
OrderedDict([('G_GAN', 0.2489304393529892), ('G_L1', 1.5476573705673218), ('D_real', 0.22611942887306213), ('D_fake', 0.28795668482780457), ('KL_realB_fakeB', 0.07847781855883407)])
(epoch: 172, iters: 2, time: 0.048, data: 1.610) G_GAN: 0.249 G_L1: 1.548 D_real: 0.226 D_fake: 0.288 KL_realB_fakeB: 0.078 
End of epoch 172 / 200 	 Time Taken: 2 sec
learning rate 0.0000554 -> 0.0000535
End of epoch 173 / 200 	 Time Taken: 2 sec
learning rate 0.0000535 -> 0.0000515
OrderedDict([('G_GAN', 0.39034974575042725), ('G_L1', 0.9321931600570679), ('D_real', 0.27496138215065), ('D_fake', 0.1668727993965149), ('KL_realB_fakeB', 0.06439356036211846)])
(epoch: 174, iters: 26, time: 0.053, data: 0.688) G_GAN: 0.390 G_L1: 0.932 D_real: 0.275 D_fake: 0.167 KL_realB_fakeB: 0.064 
End of epoch 174 / 200 	 Time Taken: 2 sec
learning rate 0.0000515 -> 0.0000495
end of validation step
end of validation step
end of validation step
end of validation step
end of validation step
end of validation step
end of validation step
end of validation step
saving the model at the end of epoch 175, iters 6650
End of epoch 175 / 200 	 Time Taken: 8 sec
learning rate 0.0000495 -> 0.0000475
End of epoch 176 / 200 	 Time Taken: 2 sec
learning rate 0.0000475 -> 0.0000455
OrderedDict([('G_GAN', 0.49648532271385193), ('G_L1', 1.3265039920806885), ('D_real', 0.1997980922460556), ('D_fake', 0.10412024706602097), ('KL_realB_fakeB', 0.062195251345036555)])
(epoch: 177, iters: 12, time: 0.051, data: 1.970) G_GAN: 0.496 G_L1: 1.327 D_real: 0.200 D_fake: 0.104 KL_realB_fakeB: 0.062 
End of epoch 177 / 200 	 Time Taken: 3 sec
learning rate 0.0000455 -> 0.0000436
End of epoch 178 / 200 	 Time Taken: 2 sec
learning rate 0.0000436 -> 0.0000416
OrderedDict([('G_GAN', 0.39557042717933655), ('G_L1', 0.918241024017334), ('D_real', 0.17121270298957825), ('D_fake', 0.2566864490509033), ('KL_realB_fakeB', 0.07261270259687957)])
(epoch: 179, iters: 36, time: 0.394, data: 1.340) G_GAN: 0.396 G_L1: 0.918 D_real: 0.171 D_fake: 0.257 KL_realB_fakeB: 0.073 
End of epoch 179 / 200 	 Time Taken: 2 sec
learning rate 0.0000416 -> 0.0000396
end of validation step
end of validation step
end of validation step
end of validation step
end of validation step
end of validation step
end of validation step
end of validation step
saving the model at the end of epoch 180, iters 6840
End of epoch 180 / 200 	 Time Taken: 9 sec
learning rate 0.0000396 -> 0.0000376
End of epoch 181 / 200 	 Time Taken: 2 sec
learning rate 0.0000376 -> 0.0000356
OrderedDict([('G_GAN', 0.33161184191703796), ('G_L1', 1.2808295488357544), ('D_real', 0.2613064646720886), ('D_fake', 0.18212877213954926), ('KL_realB_fakeB', 0.06133840224746972)])
(epoch: 182, iters: 22, time: 0.056, data: 2.724) G_GAN: 0.332 G_L1: 1.281 D_real: 0.261 D_fake: 0.182 KL_realB_fakeB: 0.061 
End of epoch 182 / 200 	 Time Taken: 2 sec
learning rate 0.0000356 -> 0.0000337
End of epoch 183 / 200 	 Time Taken: 2 sec
learning rate 0.0000337 -> 0.0000317
End of epoch 184 / 200 	 Time Taken: 2 sec
learning rate 0.0000317 -> 0.0000297
OrderedDict([('G_GAN', 0.466374933719635), ('G_L1', 0.8466977477073669), ('D_real', 0.085002101957798), ('D_fake', 0.22860977053642273), ('KL_realB_fakeB', 0.05794586483401848)])
(epoch: 185, iters: 8, time: 0.035, data: 1.991) G_GAN: 0.466 G_L1: 0.847 D_real: 0.085 D_fake: 0.229 KL_realB_fakeB: 0.058 
end of validation step
end of validation step
end of validation step
end of validation step
end of validation step
end of validation step
end of validation step
end of validation step
saving the model at the end of epoch 185, iters 7030
End of epoch 185 / 200 	 Time Taken: 9 sec
learning rate 0.0000297 -> 0.0000277
End of epoch 186 / 200 	 Time Taken: 2 sec
learning rate 0.0000277 -> 0.0000257
OrderedDict([('G_GAN', 0.5170072317123413), ('G_L1', 0.8535839319229126), ('D_real', 0.14842061698436737), ('D_fake', 0.2757439613342285), ('KL_realB_fakeB', 0.062236280177678203)])
(epoch: 187, iters: 32, time: 0.053, data: 0.866) G_GAN: 0.517 G_L1: 0.854 D_real: 0.148 D_fake: 0.276 KL_realB_fakeB: 0.062 
End of epoch 187 / 200 	 Time Taken: 3 sec
learning rate 0.0000257 -> 0.0000238
End of epoch 188 / 200 	 Time Taken: 2 sec
learning rate 0.0000238 -> 0.0000218
End of epoch 189 / 200 	 Time Taken: 2 sec
learning rate 0.0000218 -> 0.0000198
OrderedDict([('G_GAN', 0.3749978840351105), ('G_L1', 1.405568242073059), ('D_real', 0.19930687546730042), ('D_fake', 0.26353898644447327), ('KL_realB_fakeB', 0.07708397542779698)])
(epoch: 190, iters: 18, time: 0.501, data: 2.631) G_GAN: 0.375 G_L1: 1.406 D_real: 0.199 D_fake: 0.264 KL_realB_fakeB: 0.077 
end of validation step
end of validation step
end of validation step
end of validation step
end of validation step
end of validation step
end of validation step
end of validation step
saving the model at the end of epoch 190, iters 7220
End of epoch 190 / 200 	 Time Taken: 9 sec
learning rate 0.0000198 -> 0.0000178
End of epoch 191 / 200 	 Time Taken: 2 sec
learning rate 0.0000178 -> 0.0000158
End of epoch 192 / 200 	 Time Taken: 2 sec
learning rate 0.0000158 -> 0.0000139
OrderedDict([('G_GAN', 0.20141157507896423), ('G_L1', 1.1659585237503052), ('D_real', 0.17315877974033356), ('D_fake', 0.3515971004962921), ('KL_realB_fakeB', 0.08889670545786511)])
(epoch: 193, iters: 4, time: 0.058, data: 1.689) G_GAN: 0.201 G_L1: 1.166 D_real: 0.173 D_fake: 0.352 KL_realB_fakeB: 0.089 
End of epoch 193 / 200 	 Time Taken: 2 sec
learning rate 0.0000139 -> 0.0000119
End of epoch 194 / 200 	 Time Taken: 2 sec
learning rate 0.0000119 -> 0.0000099
OrderedDict([('G_GAN', 0.7350963950157166), ('G_L1', 0.9967870712280273), ('D_real', 0.03657451272010803), ('D_fake', 0.22040578722953796), ('KL_realB_fakeB', 0.058349545693153926)])
(epoch: 195, iters: 28, time: 0.052, data: 0.552) G_GAN: 0.735 G_L1: 0.997 D_real: 0.037 D_fake: 0.220 KL_realB_fakeB: 0.058 
end of validation step
end of validation step
end of validation step
end of validation step
end of validation step
end of validation step
end of validation step
end of validation step
saving the model at the end of epoch 195, iters 7410
End of epoch 195 / 200 	 Time Taken: 10 sec
learning rate 0.0000099 -> 0.0000079
End of epoch 196 / 200 	 Time Taken: 2 sec
learning rate 0.0000079 -> 0.0000059
End of epoch 197 / 200 	 Time Taken: 2 sec
learning rate 0.0000059 -> 0.0000040
OrderedDict([('G_GAN', 0.2738385796546936), ('G_L1', 1.5150259733200073), ('D_real', 0.15576858818531036), ('D_fake', 0.2653908431529999), ('KL_realB_fakeB', 0.08420071080646885)])
(epoch: 198, iters: 14, time: 0.050, data: 1.672) G_GAN: 0.274 G_L1: 1.515 D_real: 0.156 D_fake: 0.265 KL_realB_fakeB: 0.084 
End of epoch 198 / 200 	 Time Taken: 2 sec
learning rate 0.0000040 -> 0.0000020
End of epoch 199 / 200 	 Time Taken: 2 sec
learning rate 0.0000020 -> 0.0000000
OrderedDict([('G_GAN', 1.4072482585906982), ('G_L1', 0.9486449956893921), ('D_real', 0.05803169310092926), ('D_fake', 0.05678092688322067), ('KL_realB_fakeB', 0.06489952669007588)])
(epoch: 200, iters: 38, time: 0.447, data: 1.223) G_GAN: 1.407 G_L1: 0.949 D_real: 0.058 D_fake: 0.057 KL_realB_fakeB: 0.065 
end of validation step
end of validation step
end of validation step
end of validation step
end of validation step
end of validation step
end of validation step
end of validation step
saving the model at the end of epoch 200, iters 7600
End of epoch 200 / 200 	 Time Taken: 10 sec
