----------------- Options ---------------
               batch_size: 1                             
                    beta1: 0.5                           
          checkpoints_dir: /home/otto.tavares/public/iltbi/rxpixp2pixcycle/checkpoints
           continue_train: False                         
                crop_size: 256                           
       custom_images_path: /home/otto.tavares/public/iltbi/train/images/santa_casa_pares/	[default: None]
        custom_masks_path: None                          
       custom_paired_path: None                          
                 dataroot: /home/otto.tavares/public/iltbi/train/images/santa_casa_pares/	[default: None]
           dataset_action: False                         
     dataset_download_dir: /home/otto.tavares/public/iltbi/rxpixp2pixcycle
             dataset_mode: santacasaskfold               	[default: aligned]
             dataset_name: Shenzhen                      
                direction: AtoB                          
              display_env: main                          
             display_freq: 400                           
               display_id: 1                             
            display_ncols: 4                             
             display_port: 8097                          
           display_server: http://localhost              
          display_winsize: 256                           
            download_imgs: False                         
                    epoch: latest                        
              epoch_count: 1                             
                 gan_mode: lsgan                         	[default: vanilla]
  generate_paths_data_csv: False                         
                  gpu_ids: 0                             
                init_gain: 0.02                          
                init_type: normal                        
                 input_nc: 3                             
                     isTB: False                         
                  isTrain: True                          	[default: None]
          is_resume_wandb: False                         
                      job: None                          
                lambda_L1: 50.0                          	[default: 100.0]
                load_iter: 0                             	[default: 0]
                load_size: 256                           	[default: 286]
                       lr: 0.0002                        
           lr_decay_iters: 50                            
                lr_policy: linear                        
         max_dataset_size: inf                           
                    model: pix2pix                       	[default: cycle_gan]
                 n_epochs: 100                           
           n_epochs_decay: 100                           
                  n_folds: 10                            
               n_layers_D: 3                             
                     name: santacasa_test_0_sort_0       	[default: experiment_name]
                      ndf: 64                            
                     netD: basic                         
                     netG: unet_256                      
                      ngf: 64                            
               no_dropout: False                         
                  no_flip: False                         
                  no_html: False                         
                     norm: batch                         
              num_threads: 4                             
                  num_val: 400                           
                output_nc: 3                             
                    phase: train                         
                pool_size: 0                             
               preprocess: resize_and_scale_width        	[default: resize_and_crop]
               print_freq: 100                           
                  project: p2p_santacasa                 	[default: None]
             save_by_iter: False                         
          save_epoch_freq: 5                             
         save_latest_freq: 5000                          
                     seed: 512                           	[default: 512]
           serial_batches: False                         
                     sort: 0                             
                   suffix:                               
                     test: 0                             
                    token:                               
            train_dataset: True                          
         update_html_freq: 1000                          
                use_wandb: True                          	[default: False]
                 val_freq: 10                            	[default: 400]
                  verbose: False                         
             wandb_entity: otavares                      	[default: brics-tb]
            wandb_fold_id: wandb_def_id_test_0_sort_0    	[default: None]
----------------- End -------------------
GPU with device 0
                 images    gauss  ... all_together target
0   20220315_184023.jpg      seg  ...          seg      0
1   20220315_184432.jpg      seg  ...          seg      0
2   20220315_184701.jpg  not seg  ...          seg      0
3   20220315_184740.jpg      seg  ...          seg      0
4   20220315_185230.jpg      seg  ...          seg      0
..                  ...      ...  ...          ...    ...
83         IMG_5503.JPG  not seg  ...      not seg      0
84         IMG_5505.JPG      seg  ...          seg      0
85         IMG_5507.JPG      seg  ...          seg      0
86         IMG_5509.JPG      seg  ...          seg      0
87         IMG_5604.JPG      seg  ...          seg      0

[88 rows x 5 columns]
bins selected for val: [1, 2, 3, 4, 5, 6, 7, 8, 9]
bins selected for val: [0, 2, 3, 4, 5, 6, 7, 8, 9]
bins selected for val: [0, 1, 3, 4, 5, 6, 7, 8, 9]
bins selected for val: [0, 1, 2, 4, 5, 6, 7, 8, 9]
bins selected for val: [0, 1, 2, 3, 5, 6, 7, 8, 9]
bins selected for val: [0, 1, 2, 3, 4, 6, 7, 8, 9]
bins selected for val: [0, 1, 2, 3, 4, 5, 7, 8, 9]
bins selected for val: [0, 1, 2, 3, 4, 5, 6, 8, 9]
bins selected for val: [0, 1, 2, 3, 4, 5, 6, 7, 9]
bins selected for val: [0, 1, 2, 3, 4, 5, 6, 7, 8]
dataset [SantaCasaSkfoldDataset] was created
                 images    gauss  ... all_together target
0   20220315_184023.jpg      seg  ...          seg      0
1   20220315_184432.jpg      seg  ...          seg      0
2   20220315_184701.jpg  not seg  ...          seg      0
3   20220315_184740.jpg      seg  ...          seg      0
4   20220315_185230.jpg      seg  ...          seg      0
..                  ...      ...  ...          ...    ...
83         IMG_5503.JPG  not seg  ...      not seg      0
84         IMG_5505.JPG      seg  ...          seg      0
85         IMG_5507.JPG      seg  ...          seg      0
86         IMG_5509.JPG      seg  ...          seg      0
87         IMG_5604.JPG      seg  ...          seg      0

[88 rows x 5 columns]
bins selected for val: [1, 2, 3, 4, 5, 6, 7, 8, 9]
bins selected for val: [0, 2, 3, 4, 5, 6, 7, 8, 9]
bins selected for val: [0, 1, 3, 4, 5, 6, 7, 8, 9]
bins selected for val: [0, 1, 2, 4, 5, 6, 7, 8, 9]
bins selected for val: [0, 1, 2, 3, 5, 6, 7, 8, 9]
bins selected for val: [0, 1, 2, 3, 4, 6, 7, 8, 9]
bins selected for val: [0, 1, 2, 3, 4, 5, 7, 8, 9]
bins selected for val: [0, 1, 2, 3, 4, 5, 6, 8, 9]
bins selected for val: [0, 1, 2, 3, 4, 5, 6, 7, 9]
bins selected for val: [0, 1, 2, 3, 4, 5, 6, 7, 8]
dataset [SantaCasaSkfoldDataset] was created
The number of training images = 41
The number of val images = 5
initialize network with normal
initialize network with normal
model [Pix2PixModel] was created
---------- Networks initialized -------------
[Network G] Total number of parameters : 54.414 M
[Network D] Total number of parameters : 2.769 M
-----------------------------------------------
Exception in user code:
------------------------------------------------------------


Could not connect to Visdom server. 
 Trying to start a server....
Command: /usr/bin/python3 -m visdom.server -p 8097 &>/dev/null &
create web directory /home/otto.tavares/public/iltbi/rxpixp2pixcycle/checkpoints/santacasa_test_0_sort_0/web...
learning rate 0.0002000 -> 0.0002000
End of epoch 1 / 200 	 Time Taken: 4 sec
learning rate 0.0002000 -> 0.0002000
End of epoch 2 / 200 	 Time Taken: 2 sec
learning rate 0.0002000 -> 0.0002000
OrderedDict([('G_GAN', 0.4604942798614502), ('G_L1', 5.151879787445068), ('D_real', 0.4372100234031677), ('D_fake', 0.43925732374191284), ('KL_realB_fakeB', 0.11872087569856099)])
(epoch: 3, iters: 18, time: 0.040, data: 0.646) G_GAN: 0.460 G_L1: 5.152 D_real: 0.437 D_fake: 0.439 KL_realB_fakeB: 0.119 
End of epoch 3 / 200 	 Time Taken: 2 sec
learning rate 0.0002000 -> 0.0002000
End of epoch 4 / 200 	 Time Taken: 2 sec
learning rate 0.0002000 -> 0.0002000
OrderedDict([('G_GAN', 0.29194480180740356), ('G_L1', 5.725607395172119), ('D_real', 0.3227226436138153), ('D_fake', 0.23164822161197662), ('KL_realB_fakeB', 0.6307819592650772)])
(epoch: 5, iters: 36, time: 0.041, data: 1.384) G_GAN: 0.292 G_L1: 5.726 D_real: 0.323 D_fake: 0.232 KL_realB_fakeB: 0.631 
saving the model at the end of epoch 5, iters 205
End of epoch 5 / 200 	 Time Taken: 8 sec
learning rate 0.0002000 -> 0.0002000
End of epoch 6 / 200 	 Time Taken: 2 sec
learning rate 0.0002000 -> 0.0002000
End of epoch 7 / 200 	 Time Taken: 2 sec
learning rate 0.0002000 -> 0.0002000
OrderedDict([('G_GAN', 0.40457695722579956), ('G_L1', 4.015303611755371), ('D_real', 0.3472509980201721), ('D_fake', 0.38483020663261414), ('KL_realB_fakeB', 0.10336144984016782)])
(epoch: 8, iters: 13, time: 0.059, data: 2.270) G_GAN: 0.405 G_L1: 4.015 D_real: 0.347 D_fake: 0.385 KL_realB_fakeB: 0.103 
End of epoch 8 / 200 	 Time Taken: 2 sec
learning rate 0.0002000 -> 0.0002000
End of epoch 9 / 200 	 Time Taken: 2 sec
learning rate 0.0002000 -> 0.0002000
OrderedDict([('G_GAN', 0.25930255651474), ('G_L1', 4.054150104522705), ('D_real', 0.2721560597419739), ('D_fake', 0.3106178641319275), ('KL_realB_fakeB', 0.16837918678295372)])
(epoch: 10, iters: 31, time: 1.148, data: 1.177) G_GAN: 0.259 G_L1: 4.054 D_real: 0.272 D_fake: 0.311 KL_realB_fakeB: 0.168 
OrderedDict([('G_GAN_val', 0.2544981837272644), ('G_L1_val', 3.794137477874756), ('D_real_val', 0.25412967801094055), ('D_fake_val', 0.29257670044898987), ('KL_realB_fakeB_val', 0.13730367373885183)])
end of validation step
OrderedDict([('G_GAN_val', 0.28748154640197754), ('G_L1_val', 4.830448150634766), ('D_real_val', 0.2682843804359436), ('D_fake_val', 0.2490328997373581), ('KL_realB_fakeB_val', 1.3227049307033907)])
end of validation step
OrderedDict([('G_GAN_val', 0.2938089370727539), ('G_L1_val', 4.383111953735352), ('D_real_val', 0.2898947596549988), ('D_fake_val', 0.27241507172584534), ('KL_realB_fakeB_val', 0.3349603358538803)])
end of validation step
OrderedDict([('G_GAN_val', 0.24296967685222626), ('G_L1_val', 4.247557163238525), ('D_real_val', 0.20825907588005066), ('D_fake_val', 0.2772805988788605), ('KL_realB_fakeB_val', 0.1068276847003446)])
end of validation step
OrderedDict([('G_GAN_val', 0.2362641841173172), ('G_L1_val', 3.7075421810150146), ('D_real_val', 0.20766299962997437), ('D_fake_val', 0.2807654142379761), ('KL_realB_fakeB_val', 0.13231644043293683)])
end of validation step
saving the model at the end of epoch 10, iters 410
End of epoch 10 / 200 	 Time Taken: 9 sec
learning rate 0.0002000 -> 0.0002000
End of epoch 11 / 200 	 Time Taken: 2 sec
learning rate 0.0002000 -> 0.0002000
End of epoch 12 / 200 	 Time Taken: 2 sec
learning rate 0.0002000 -> 0.0002000
OrderedDict([('G_GAN', 0.2617036700248718), ('G_L1', 3.6398656368255615), ('D_real', 0.23903873562812805), ('D_fake', 0.23423917591571808), ('KL_realB_fakeB', 0.5560723268467822)])
(epoch: 13, iters: 8, time: 0.056, data: 3.320) G_GAN: 0.262 G_L1: 3.640 D_real: 0.239 D_fake: 0.234 KL_realB_fakeB: 0.556 
End of epoch 13 / 200 	 Time Taken: 2 sec
learning rate 0.0002000 -> 0.0002000
End of epoch 14 / 200 	 Time Taken: 2 sec
learning rate 0.0002000 -> 0.0002000
OrderedDict([('G_GAN', 0.2990328371524811), ('G_L1', 4.2245306968688965), ('D_real', 0.2549176514148712), ('D_fake', 0.31996098160743713), ('KL_realB_fakeB', 0.24126081957144296)])
(epoch: 15, iters: 26, time: 0.055, data: 0.942) G_GAN: 0.299 G_L1: 4.225 D_real: 0.255 D_fake: 0.320 KL_realB_fakeB: 0.241 
saving the model at the end of epoch 15, iters 615
End of epoch 15 / 200 	 Time Taken: 7 sec
learning rate 0.0002000 -> 0.0002000
End of epoch 16 / 200 	 Time Taken: 2 sec
learning rate 0.0002000 -> 0.0002000
End of epoch 17 / 200 	 Time Taken: 2 sec
learning rate 0.0002000 -> 0.0002000
OrderedDict([('G_GAN', 0.4021015167236328), ('G_L1', 2.87050724029541), ('D_real', 0.37949666380882263), ('D_fake', 0.3263442814350128), ('KL_realB_fakeB', 0.1099612024845155)])
(epoch: 18, iters: 3, time: 0.056, data: 1.719) G_GAN: 0.402 G_L1: 2.871 D_real: 0.379 D_fake: 0.326 KL_realB_fakeB: 0.110 
End of epoch 18 / 200 	 Time Taken: 2 sec
learning rate 0.0002000 -> 0.0002000
End of epoch 19 / 200 	 Time Taken: 2 sec
learning rate 0.0002000 -> 0.0002000
OrderedDict([('G_GAN', 0.3311307430267334), ('G_L1', 3.8027114868164062), ('D_real', 0.17202387750148773), ('D_fake', 0.33826810121536255), ('KL_realB_fakeB', 0.15364843356909788)])
(epoch: 20, iters: 21, time: 0.483, data: 0.538) G_GAN: 0.331 G_L1: 3.803 D_real: 0.172 D_fake: 0.338 KL_realB_fakeB: 0.154 
OrderedDict([('G_GAN_val', 0.43417611718177795), ('G_L1_val', 3.2793209552764893), ('D_real_val', 0.41304951906204224), ('D_fake_val', 0.3289601504802704), ('KL_realB_fakeB_val', 0.12386988513251294)])
end of validation step
OrderedDict([('G_GAN_val', 0.52088862657547), ('G_L1_val', 3.8124032020568848), ('D_real_val', 0.44968920946121216), ('D_fake_val', 0.298937052488327), ('KL_realB_fakeB_val', 0.17729362238203913)])
end of validation step
OrderedDict([('G_GAN_val', 0.47067463397979736), ('G_L1_val', 3.0053670406341553), ('D_real_val', 0.41551530361175537), ('D_fake_val', 0.30373039841651917), ('KL_realB_fakeB_val', 0.18764923784505075)])
end of validation step
OrderedDict([('G_GAN_val', 0.5116798877716064), ('G_L1_val', 3.385831356048584), ('D_real_val', 0.4509449601173401), ('D_fake_val', 0.27174824476242065), ('KL_realB_fakeB_val', 1.5056987036301157)])
end of validation step
OrderedDict([('G_GAN_val', 0.4187054932117462), ('G_L1_val', 3.4036993980407715), ('D_real_val', 0.4175260066986084), ('D_fake_val', 0.35011550784111023), ('KL_realB_fakeB_val', 0.09685180239489607)])
end of validation step
saving the model at the end of epoch 20, iters 820
End of epoch 20 / 200 	 Time Taken: 8 sec
learning rate 0.0002000 -> 0.0002000
End of epoch 21 / 200 	 Time Taken: 2 sec
learning rate 0.0002000 -> 0.0002000
OrderedDict([('G_GAN', 0.33461737632751465), ('G_L1', 2.6648547649383545), ('D_real', 0.18035641312599182), ('D_fake', 0.28111571073532104), ('KL_realB_fakeB', 0.09355098676781198)])
(epoch: 22, iters: 39, time: 0.056, data: 1.850) G_GAN: 0.335 G_L1: 2.665 D_real: 0.180 D_fake: 0.281 KL_realB_fakeB: 0.094 
End of epoch 22 / 200 	 Time Taken: 2 sec
learning rate 0.0002000 -> 0.0002000
End of epoch 23 / 200 	 Time Taken: 2 sec
learning rate 0.0002000 -> 0.0002000
End of epoch 24 / 200 	 Time Taken: 2 sec
learning rate 0.0002000 -> 0.0002000
OrderedDict([('G_GAN', 0.514255940914154), ('G_L1', 2.8509294986724854), ('D_real', 0.2609020471572876), ('D_fake', 0.36868715286254883), ('KL_realB_fakeB', 0.24244721584656875)])
(epoch: 25, iters: 16, time: 0.057, data: 2.366) G_GAN: 0.514 G_L1: 2.851 D_real: 0.261 D_fake: 0.369 KL_realB_fakeB: 0.242 
saving the model at the end of epoch 25, iters 1025
End of epoch 25 / 200 	 Time Taken: 9 sec
learning rate 0.0002000 -> 0.0002000
End of epoch 26 / 200 	 Time Taken: 2 sec
learning rate 0.0002000 -> 0.0002000
OrderedDict([('G_GAN', 0.3405209481716156), ('G_L1', 2.622626781463623), ('D_real', 0.2595769762992859), ('D_fake', 0.2417716234922409), ('KL_realB_fakeB', 0.11704842442980286)])
(epoch: 27, iters: 34, time: 0.057, data: 1.120) G_GAN: 0.341 G_L1: 2.623 D_real: 0.260 D_fake: 0.242 KL_realB_fakeB: 0.117 
End of epoch 27 / 200 	 Time Taken: 2 sec
learning rate 0.0002000 -> 0.0002000
End of epoch 28 / 200 	 Time Taken: 2 sec
learning rate 0.0002000 -> 0.0002000
End of epoch 29 / 200 	 Time Taken: 2 sec
learning rate 0.0002000 -> 0.0002000
OrderedDict([('G_GAN', 0.41962355375289917), ('G_L1', 2.3517978191375732), ('D_real', 0.21284539997577667), ('D_fake', 0.1986929029226303), ('KL_realB_fakeB', 0.15834231990779496)])
(epoch: 30, iters: 11, time: 0.539, data: 2.143) G_GAN: 0.420 G_L1: 2.352 D_real: 0.213 D_fake: 0.199 KL_realB_fakeB: 0.158 
OrderedDict([('G_GAN_val', 0.49442026019096375), ('G_L1_val', 4.58916711807251), ('D_real_val', 0.2900332510471344), ('D_fake_val', 0.11643341183662415), ('KL_realB_fakeB_val', 0.6496799852088205)])
end of validation step
OrderedDict([('G_GAN_val', 0.37206393480300903), ('G_L1_val', 6.696592330932617), ('D_real_val', 0.2455439269542694), ('D_fake_val', 0.19518643617630005), ('KL_realB_fakeB_val', 0.14367346131636416)])
end of validation step
OrderedDict([('G_GAN_val', 0.35142430663108826), ('G_L1_val', 5.168664455413818), ('D_real_val', 0.24740341305732727), ('D_fake_val', 0.25149086117744446), ('KL_realB_fakeB_val', 0.30313393440591757)])
end of validation step
OrderedDict([('G_GAN_val', 0.31430163979530334), ('G_L1_val', 5.562038421630859), ('D_real_val', 0.16463600099086761), ('D_fake_val', 0.24381853640079498), ('KL_realB_fakeB_val', 0.16137303721538226)])
end of validation step
OrderedDict([('G_GAN_val', 0.52849280834198), ('G_L1_val', 4.314571380615234), ('D_real_val', 0.18705210089683533), ('D_fake_val', 0.0987175926566124), ('KL_realB_fakeB_val', 0.08291473946788479)])
end of validation step
saving the model at the end of epoch 30, iters 1230
End of epoch 30 / 200 	 Time Taken: 11 sec
learning rate 0.0002000 -> 0.0002000
End of epoch 31 / 200 	 Time Taken: 2 sec
learning rate 0.0002000 -> 0.0002000
OrderedDict([('G_GAN', 0.3655783534049988), ('G_L1', 2.837559700012207), ('D_real', 0.36010104417800903), ('D_fake', 0.21080929040908813), ('KL_realB_fakeB', 0.08286799368684279)])
(epoch: 32, iters: 29, time: 0.057, data: 1.538) G_GAN: 0.366 G_L1: 2.838 D_real: 0.360 D_fake: 0.211 KL_realB_fakeB: 0.083 
End of epoch 32 / 200 	 Time Taken: 2 sec
learning rate 0.0002000 -> 0.0002000
End of epoch 33 / 200 	 Time Taken: 2 sec
learning rate 0.0002000 -> 0.0002000
End of epoch 34 / 200 	 Time Taken: 2 sec
learning rate 0.0002000 -> 0.0002000
OrderedDict([('G_GAN', 0.4276730716228485), ('G_L1', 2.37160325050354), ('D_real', 0.5023817420005798), ('D_fake', 0.18891087174415588), ('KL_realB_fakeB', 0.10925643451912838)])
(epoch: 35, iters: 6, time: 0.058, data: 2.058) G_GAN: 0.428 G_L1: 2.372 D_real: 0.502 D_fake: 0.189 KL_realB_fakeB: 0.109 
saving the model at the end of epoch 35, iters 1435
End of epoch 35 / 200 	 Time Taken: 7 sec
learning rate 0.0002000 -> 0.0002000
End of epoch 36 / 200 	 Time Taken: 2 sec
learning rate 0.0002000 -> 0.0002000
OrderedDict([('G_GAN', 0.477996289730072), ('G_L1', 2.625117778778076), ('D_real', 0.06877659261226654), ('D_fake', 0.49182334542274475), ('KL_realB_fakeB', 0.27898694820674796)])
(epoch: 37, iters: 24, time: 0.056, data: 0.741) G_GAN: 0.478 G_L1: 2.625 D_real: 0.069 D_fake: 0.492 KL_realB_fakeB: 0.279 
End of epoch 37 / 200 	 Time Taken: 2 sec
learning rate 0.0002000 -> 0.0002000
End of epoch 38 / 200 	 Time Taken: 2 sec
learning rate 0.0002000 -> 0.0002000
End of epoch 39 / 200 	 Time Taken: 2 sec
learning rate 0.0002000 -> 0.0002000
OrderedDict([('G_GAN', 0.38710683584213257), ('G_L1', 2.3035378456115723), ('D_real', 0.21028442680835724), ('D_fake', 0.21999722719192505), ('KL_realB_fakeB', 0.10595622868876606)])
(epoch: 40, iters: 1, time: 0.565, data: 1.571) G_GAN: 0.387 G_L1: 2.304 D_real: 0.210 D_fake: 0.220 KL_realB_fakeB: 0.106 
OrderedDict([('G_GAN_val', 0.16070200502872467), ('G_L1_val', 3.1239700317382812), ('D_real_val', 0.11588644236326218), ('D_fake_val', 0.4806537628173828), ('KL_realB_fakeB_val', 0.09469809635805813)])
end of validation step
OrderedDict([('G_GAN_val', 0.26120084524154663), ('G_L1_val', 3.6189663410186768), ('D_real_val', 0.17531290650367737), ('D_fake_val', 0.30136197805404663), ('KL_realB_fakeB_val', 0.19783092784307493)])
end of validation step
OrderedDict([('G_GAN_val', 0.1676395684480667), ('G_L1_val', 2.783623218536377), ('D_real_val', 0.10023700445890427), ('D_fake_val', 0.45016276836395264), ('KL_realB_fakeB_val', 0.13978429632493136)])
end of validation step
OrderedDict([('G_GAN_val', 0.1897847205400467), ('G_L1_val', 2.8179819583892822), ('D_real_val', 0.12250910699367523), ('D_fake_val', 0.4057876765727997), ('KL_realB_fakeB_val', 0.11201218667472482)])
end of validation step
OrderedDict([('G_GAN_val', 0.45345446467399597), ('G_L1_val', 2.789806604385376), ('D_real_val', 0.13320520520210266), ('D_fake_val', 0.14444594085216522), ('KL_realB_fakeB_val', 0.8465110674684813)])
end of validation step
saving the model at the end of epoch 40, iters 1640
End of epoch 40 / 200 	 Time Taken: 8 sec
learning rate 0.0002000 -> 0.0002000
End of epoch 41 / 200 	 Time Taken: 2 sec
learning rate 0.0002000 -> 0.0002000
OrderedDict([('G_GAN', 0.41444864869117737), ('G_L1', 2.185765266418457), ('D_real', 0.20091302692890167), ('D_fake', 0.19071148335933685), ('KL_realB_fakeB', 0.09031799022180038)])
(epoch: 42, iters: 19, time: 0.040, data: 1.027) G_GAN: 0.414 G_L1: 2.186 D_real: 0.201 D_fake: 0.191 KL_realB_fakeB: 0.090 
End of epoch 42 / 200 	 Time Taken: 2 sec
learning rate 0.0002000 -> 0.0002000
End of epoch 43 / 200 	 Time Taken: 2 sec
learning rate 0.0002000 -> 0.0002000
OrderedDict([('G_GAN', 0.8316883444786072), ('G_L1', 2.171539306640625), ('D_real', 0.05098215490579605), ('D_fake', 0.5506008863449097), ('KL_realB_fakeB', 0.0988024583114246)])
(epoch: 44, iters: 37, time: 0.056, data: 1.599) G_GAN: 0.832 G_L1: 2.172 D_real: 0.051 D_fake: 0.551 KL_realB_fakeB: 0.099 
End of epoch 44 / 200 	 Time Taken: 2 sec
learning rate 0.0002000 -> 0.0002000
saving the model at the end of epoch 45, iters 1845
End of epoch 45 / 200 	 Time Taken: 7 sec
learning rate 0.0002000 -> 0.0002000
End of epoch 46 / 200 	 Time Taken: 2 sec
learning rate 0.0002000 -> 0.0002000
OrderedDict([('G_GAN', 0.4046216607093811), ('G_L1', 2.767791509628296), ('D_real', 0.5657171010971069), ('D_fake', 0.34544017910957336), ('KL_realB_fakeB', 0.29909262028458394)])
(epoch: 47, iters: 14, time: 0.041, data: 2.181) G_GAN: 0.405 G_L1: 2.768 D_real: 0.566 D_fake: 0.345 KL_realB_fakeB: 0.299 
End of epoch 47 / 200 	 Time Taken: 2 sec
learning rate 0.0002000 -> 0.0002000
End of epoch 48 / 200 	 Time Taken: 2 sec
learning rate 0.0002000 -> 0.0002000
OrderedDict([('G_GAN', 0.5101510882377625), ('G_L1', 2.127335548400879), ('D_real', 0.11222142726182938), ('D_fake', 0.2801970839500427), ('KL_realB_fakeB', 0.3335401863605787)])
(epoch: 49, iters: 32, time: 0.625, data: 1.216) G_GAN: 0.510 G_L1: 2.127 D_real: 0.112 D_fake: 0.280 KL_realB_fakeB: 0.334 
End of epoch 49 / 200 	 Time Taken: 2 sec
learning rate 0.0002000 -> 0.0002000
OrderedDict([('G_GAN_val', 0.5341726541519165), ('G_L1_val', 2.693272113800049), ('D_real_val', 0.43897461891174316), ('D_fake_val', 0.14574046432971954), ('KL_realB_fakeB_val', 0.10653770610132571)])
end of validation step
OrderedDict([('G_GAN_val', 0.5264282822608948), ('G_L1_val', 3.224475622177124), ('D_real_val', 0.5044694542884827), ('D_fake_val', 0.14960835874080658), ('KL_realB_fakeB_val', 0.2596707426490075)])
end of validation step
OrderedDict([('G_GAN_val', 0.40114954113960266), ('G_L1_val', 3.5808234214782715), ('D_real_val', 0.3007529079914093), ('D_fake_val', 0.1984628289937973), ('KL_realB_fakeB_val', 0.08659931490034481)])
end of validation step
OrderedDict([('G_GAN_val', 0.5579203963279724), ('G_L1_val', 2.930114269256592), ('D_real_val', 0.3466811180114746), ('D_fake_val', 0.13277970254421234), ('KL_realB_fakeB_val', 0.16790207347307057)])
end of validation step
OrderedDict([('G_GAN_val', 0.9916449785232544), ('G_L1_val', 2.6434779167175293), ('D_real_val', 0.4014519453048706), ('D_fake_val', 0.03842362388968468), ('KL_realB_fakeB_val', 0.5999270941093122)])
end of validation step
saving the model at the end of epoch 50, iters 2050
End of epoch 50 / 200 	 Time Taken: 8 sec
learning rate 0.0002000 -> 0.0002000
End of epoch 51 / 200 	 Time Taken: 2 sec
learning rate 0.0002000 -> 0.0002000
OrderedDict([('G_GAN', 0.30659201741218567), ('G_L1', 2.2439627647399902), ('D_real', 0.32621046900749207), ('D_fake', 0.18383750319480896), ('KL_realB_fakeB', 0.06660623324999089)])
(epoch: 52, iters: 9, time: 0.055, data: 2.626) G_GAN: 0.307 G_L1: 2.244 D_real: 0.326 D_fake: 0.184 KL_realB_fakeB: 0.067 
End of epoch 52 / 200 	 Time Taken: 2 sec
learning rate 0.0002000 -> 0.0002000
End of epoch 53 / 200 	 Time Taken: 2 sec
learning rate 0.0002000 -> 0.0002000
OrderedDict([('G_GAN', 0.6183017492294312), ('G_L1', 2.037849187850952), ('D_real', 0.05304129794239998), ('D_fake', 0.5490877628326416), ('KL_realB_fakeB', 0.2493334256790431)])
(epoch: 54, iters: 27, time: 0.056, data: 0.813) G_GAN: 0.618 G_L1: 2.038 D_real: 0.053 D_fake: 0.549 KL_realB_fakeB: 0.249 
End of epoch 54 / 200 	 Time Taken: 2 sec
learning rate 0.0002000 -> 0.0002000
saving the model at the end of epoch 55, iters 2255
End of epoch 55 / 200 	 Time Taken: 10 sec
learning rate 0.0002000 -> 0.0002000
End of epoch 56 / 200 	 Time Taken: 2 sec
learning rate 0.0002000 -> 0.0002000
OrderedDict([('G_GAN', 0.21232615411281586), ('G_L1', 2.166593551635742), ('D_real', 0.24111759662628174), ('D_fake', 0.20671430230140686), ('KL_realB_fakeB', 0.08954020311239932)])
(epoch: 57, iters: 4, time: 0.057, data: 2.013) G_GAN: 0.212 G_L1: 2.167 D_real: 0.241 D_fake: 0.207 KL_realB_fakeB: 0.090 
End of epoch 57 / 200 	 Time Taken: 2 sec
learning rate 0.0002000 -> 0.0002000
End of epoch 58 / 200 	 Time Taken: 2 sec
learning rate 0.0002000 -> 0.0002000
OrderedDict([('G_GAN', 0.41780632734298706), ('G_L1', 1.9802318811416626), ('D_real', 0.0650857463479042), ('D_fake', 0.45642566680908203), ('KL_realB_fakeB', 0.083073268169774)])
(epoch: 59, iters: 22, time: 0.573, data: 0.681) G_GAN: 0.418 G_L1: 1.980 D_real: 0.065 D_fake: 0.456 KL_realB_fakeB: 0.083 
End of epoch 59 / 200 	 Time Taken: 2 sec
learning rate 0.0002000 -> 0.0002000
OrderedDict([('G_GAN_val', 0.4435030519962311), ('G_L1_val', 2.544954776763916), ('D_real_val', 0.4480225443840027), ('D_fake_val', 0.1798723340034485), ('KL_realB_fakeB_val', 0.1358322364553763)])
end of validation step
OrderedDict([('G_GAN_val', 0.4855310320854187), ('G_L1_val', 2.9352571964263916), ('D_real_val', 0.3482074439525604), ('D_fake_val', 0.1688496619462967), ('KL_realB_fakeB_val', 0.1890649551525294)])
end of validation step
OrderedDict([('G_GAN_val', 0.7302026748657227), ('G_L1_val', 3.237448215484619), ('D_real_val', 0.54909747838974), ('D_fake_val', 0.07164115458726883), ('KL_realB_fakeB_val', 0.4006274911912042)])
end of validation step
OrderedDict([('G_GAN_val', 0.3999539613723755), ('G_L1_val', 2.978140115737915), ('D_real_val', 0.3130711615085602), ('D_fake_val', 0.22954219579696655), ('KL_realB_fakeB_val', 0.1817860326620961)])
end of validation step
OrderedDict([('G_GAN_val', 1.0095797777175903), ('G_L1_val', 2.455777406692505), ('D_real_val', 0.4686480462551117), ('D_fake_val', 0.0336822047829628), ('KL_realB_fakeB_val', 0.7035580565415416)])
end of validation step
saving the model at the end of epoch 60, iters 2460
End of epoch 60 / 200 	 Time Taken: 35 sec
learning rate 0.0002000 -> 0.0002000
OrderedDict([('G_GAN', 0.3449455499649048), ('G_L1', 2.2878103256225586), ('D_real', 0.12391211092472076), ('D_fake', 0.54156094789505), ('KL_realB_fakeB', 0.16586434457447982)])
(epoch: 61, iters: 40, time: 0.056, data: 2.196) G_GAN: 0.345 G_L1: 2.288 D_real: 0.124 D_fake: 0.542 KL_realB_fakeB: 0.166 
End of epoch 61 / 200 	 Time Taken: 2 sec
learning rate 0.0002000 -> 0.0002000
End of epoch 62 / 200 	 Time Taken: 2 sec
learning rate 0.0002000 -> 0.0002000
End of epoch 63 / 200 	 Time Taken: 2 sec
learning rate 0.0002000 -> 0.0002000
OrderedDict([('G_GAN', 0.30074813961982727), ('G_L1', 2.1484196186065674), ('D_real', 0.04155871272087097), ('D_fake', 0.698284924030304), ('KL_realB_fakeB', 0.10295274649713311)])
(epoch: 64, iters: 17, time: 0.056, data: 2.621) G_GAN: 0.301 G_L1: 2.148 D_real: 0.042 D_fake: 0.698 KL_realB_fakeB: 0.103 
End of epoch 64 / 200 	 Time Taken: 2 sec
learning rate 0.0002000 -> 0.0002000
saving the model at the end of epoch 65, iters 2665
End of epoch 65 / 200 	 Time Taken: 7 sec
learning rate 0.0002000 -> 0.0002000
OrderedDict([('G_GAN', 0.3144710958003998), ('G_L1', 2.001345634460449), ('D_real', 0.255159854888916), ('D_fake', 0.2694430351257324), ('KL_realB_fakeB', 0.17253462705433756)])
(epoch: 66, iters: 35, time: 0.054, data: 1.309) G_GAN: 0.314 G_L1: 2.001 D_real: 0.255 D_fake: 0.269 KL_realB_fakeB: 0.173 
End of epoch 66 / 200 	 Time Taken: 2 sec
learning rate 0.0002000 -> 0.0002000
End of epoch 67 / 200 	 Time Taken: 2 sec
learning rate 0.0002000 -> 0.0002000
End of epoch 68 / 200 	 Time Taken: 2 sec
learning rate 0.0002000 -> 0.0002000
OrderedDict([('G_GAN', 0.35257452726364136), ('G_L1', 3.1037187576293945), ('D_real', 0.20955634117126465), ('D_fake', 0.3808102309703827), ('KL_realB_fakeB', 0.08491029091787042)])
(epoch: 69, iters: 12, time: 14.675, data: 2.386) G_GAN: 0.353 G_L1: 3.104 D_real: 0.210 D_fake: 0.381 KL_realB_fakeB: 0.085 
End of epoch 69 / 200 	 Time Taken: 17 sec
learning rate 0.0002000 -> 0.0002000
OrderedDict([('G_GAN_val', 0.24516049027442932), ('G_L1_val', 3.087437629699707), ('D_real_val', 0.22379225492477417), ('D_fake_val', 0.28768211603164673), ('KL_realB_fakeB_val', 0.08534502718021098)])
end of validation step
OrderedDict([('G_GAN_val', 0.33103927969932556), ('G_L1_val', 2.8113744258880615), ('D_real_val', 0.14810192584991455), ('D_fake_val', 0.2286166101694107), ('KL_realB_fakeB_val', 0.18145322077934672)])
end of validation step
OrderedDict([('G_GAN_val', 0.37761664390563965), ('G_L1_val', 3.063307762145996), ('D_real_val', 0.35708048939704895), ('D_fake_val', 0.18113471567630768), ('KL_realB_fakeB_val', 0.4063143519748732)])
end of validation step
OrderedDict([('G_GAN_val', 0.7324373722076416), ('G_L1_val', 2.4072811603546143), ('D_real_val', 0.28456732630729675), ('D_fake_val', 0.05193053558468819), ('KL_realB_fakeB_val', 0.3700952713046767)])
end of validation step
OrderedDict([('G_GAN_val', 0.4176808297634125), ('G_L1_val', 2.8374171257019043), ('D_real_val', 0.35653457045555115), ('D_fake_val', 0.1799907237291336), ('KL_realB_fakeB_val', 0.09113699255841005)])
end of validation step
saving the model at the end of epoch 70, iters 2870
End of epoch 70 / 200 	 Time Taken: 8 sec
learning rate 0.0002000 -> 0.0002000
OrderedDict([('G_GAN', 0.9274070262908936), ('G_L1', 2.0579349994659424), ('D_real', 0.05249016359448433), ('D_fake', 0.30179139971733093), ('KL_realB_fakeB', 0.11105711029732361)])
(epoch: 71, iters: 30, time: 0.056, data: 15.718) G_GAN: 0.927 G_L1: 2.058 D_real: 0.052 D_fake: 0.302 KL_realB_fakeB: 0.111 
End of epoch 71 / 200 	 Time Taken: 2 sec
learning rate 0.0002000 -> 0.0002000
End of epoch 72 / 200 	 Time Taken: 2 sec
learning rate 0.0002000 -> 0.0002000
End of epoch 73 / 200 	 Time Taken: 2 sec
learning rate 0.0002000 -> 0.0002000
OrderedDict([('G_GAN', 0.2556121349334717), ('G_L1', 2.061657667160034), ('D_real', 0.3082304894924164), ('D_fake', 0.2983630895614624), ('KL_realB_fakeB', 0.1211510919237353)])
(epoch: 74, iters: 7, time: 0.057, data: 1.883) G_GAN: 0.256 G_L1: 2.062 D_real: 0.308 D_fake: 0.298 KL_realB_fakeB: 0.121 
End of epoch 74 / 200 	 Time Taken: 2 sec
learning rate 0.0002000 -> 0.0002000
saving the model at the end of epoch 75, iters 3075
End of epoch 75 / 200 	 Time Taken: 7 sec
learning rate 0.0002000 -> 0.0002000
OrderedDict([('G_GAN', 0.3766227960586548), ('G_L1', 1.8315892219543457), ('D_real', 0.1513187289237976), ('D_fake', 0.3825039565563202), ('KL_realB_fakeB', 0.07883901576130674)])
(epoch: 76, iters: 25, time: 0.057, data: 0.772) G_GAN: 0.377 G_L1: 1.832 D_real: 0.151 D_fake: 0.383 KL_realB_fakeB: 0.079 
End of epoch 76 / 200 	 Time Taken: 2 sec
learning rate 0.0002000 -> 0.0002000
End of epoch 77 / 200 	 Time Taken: 2 sec
learning rate 0.0002000 -> 0.0002000
End of epoch 78 / 200 	 Time Taken: 2 sec
learning rate 0.0002000 -> 0.0002000
OrderedDict([('G_GAN', 0.33616259694099426), ('G_L1', 1.7766525745391846), ('D_real', 0.6086683869361877), ('D_fake', 0.03138699010014534), ('KL_realB_fakeB', 0.09539000847331265)])
(epoch: 79, iters: 2, time: 0.551, data: 1.953) G_GAN: 0.336 G_L1: 1.777 D_real: 0.609 D_fake: 0.031 KL_realB_fakeB: 0.095 
End of epoch 79 / 200 	 Time Taken: 2 sec
learning rate 0.0002000 -> 0.0002000
OrderedDict([('G_GAN_val', 0.6769905686378479), ('G_L1_val', 2.846667528152466), ('D_real_val', 0.5127154588699341), ('D_fake_val', 0.04280859977006912), ('KL_realB_fakeB_val', 0.12339975025165939)])
end of validation step
OrderedDict([('G_GAN_val', 0.4704505205154419), ('G_L1_val', 2.9244275093078613), ('D_real_val', 0.3612452745437622), ('D_fake_val', 0.12246280908584595), ('KL_realB_fakeB_val', 0.11658259242695171)])
end of validation step
OrderedDict([('G_GAN_val', 1.032806634902954), ('G_L1_val', 3.183213949203491), ('D_real_val', 0.4436314105987549), ('D_fake_val', 0.017226101830601692), ('KL_realB_fakeB_val', 0.09462753649650076)])
end of validation step
OrderedDict([('G_GAN_val', 0.7045833468437195), ('G_L1_val', 3.327025890350342), ('D_real_val', 0.5358814001083374), ('D_fake_val', 0.045962173491716385), ('KL_realB_fakeB_val', 0.09602732548193324)])
end of validation step
OrderedDict([('G_GAN_val', 0.49613022804260254), ('G_L1_val', 2.9693000316619873), ('D_real_val', 0.19137787818908691), ('D_fake_val', 0.10698419064283371), ('KL_realB_fakeB_val', 0.2355843952602418)])
end of validation step
saving the model at the end of epoch 80, iters 3280
End of epoch 80 / 200 	 Time Taken: 8 sec
learning rate 0.0002000 -> 0.0002000
OrderedDict([('G_GAN', 0.48619118332862854), ('G_L1', 2.2509124279022217), ('D_real', 0.11576510965824127), ('D_fake', 0.4566764533519745), ('KL_realB_fakeB', 0.17114729503358425)])
(epoch: 81, iters: 20, time: 0.058, data: 1.053) G_GAN: 0.486 G_L1: 2.251 D_real: 0.116 D_fake: 0.457 KL_realB_fakeB: 0.171 
End of epoch 81 / 200 	 Time Taken: 2 sec
learning rate 0.0002000 -> 0.0002000
End of epoch 82 / 200 	 Time Taken: 2 sec
learning rate 0.0002000 -> 0.0002000
OrderedDict([('G_GAN', 0.8746757507324219), ('G_L1', 1.977255940437317), ('D_real', 0.23035238683223724), ('D_fake', 0.48367950320243835), ('KL_realB_fakeB', 0.09635073698747407)])
(epoch: 83, iters: 38, time: 0.056, data: 1.542) G_GAN: 0.875 G_L1: 1.977 D_real: 0.230 D_fake: 0.484 KL_realB_fakeB: 0.096 
End of epoch 83 / 200 	 Time Taken: 2 sec
learning rate 0.0002000 -> 0.0002000
End of epoch 84 / 200 	 Time Taken: 2 sec
learning rate 0.0002000 -> 0.0002000
saving the model at the end of epoch 85, iters 3485
End of epoch 85 / 200 	 Time Taken: 7 sec
learning rate 0.0002000 -> 0.0002000
OrderedDict([('G_GAN', 0.3873143196105957), ('G_L1', 2.013030529022217), ('D_real', 0.25987517833709717), ('D_fake', 0.1288905143737793), ('KL_realB_fakeB', 0.2963390347687075)])
(epoch: 86, iters: 15, time: 0.062, data: 2.528) G_GAN: 0.387 G_L1: 2.013 D_real: 0.260 D_fake: 0.129 KL_realB_fakeB: 0.296 
End of epoch 86 / 200 	 Time Taken: 2 sec
learning rate 0.0002000 -> 0.0002000
End of epoch 87 / 200 	 Time Taken: 2 sec
learning rate 0.0002000 -> 0.0002000
OrderedDict([('G_GAN', 0.41006767749786377), ('G_L1', 1.1887781620025635), ('D_real', 0.09028303623199463), ('D_fake', 0.3589235246181488), ('KL_realB_fakeB', 0.1028309078466472)])
(epoch: 88, iters: 33, time: 0.597, data: 1.053) G_GAN: 0.410 G_L1: 1.189 D_real: 0.090 D_fake: 0.359 KL_realB_fakeB: 0.103 
End of epoch 88 / 200 	 Time Taken: 3 sec
learning rate 0.0002000 -> 0.0002000
End of epoch 89 / 200 	 Time Taken: 2 sec
learning rate 0.0002000 -> 0.0002000
OrderedDict([('G_GAN_val', 0.27984344959259033), ('G_L1_val', 3.3605940341949463), ('D_real_val', 0.18113592267036438), ('D_fake_val', 0.2684006094932556), ('KL_realB_fakeB_val', 0.39508388072038514)])
end of validation step
OrderedDict([('G_GAN_val', 0.07120931148529053), ('G_L1_val', 2.596513271331787), ('D_real_val', 0.13359323143959045), ('D_fake_val', 0.5964880585670471), ('KL_realB_fakeB_val', 0.09699434097779844)])
end of validation step
OrderedDict([('G_GAN_val', 0.3016074001789093), ('G_L1_val', 3.036832809448242), ('D_real_val', 0.05946788191795349), ('D_fake_val', 0.22605068981647491), ('KL_realB_fakeB_val', 0.2535340522879148)])
end of validation step
OrderedDict([('G_GAN_val', 0.37795698642730713), ('G_L1_val', 3.234178304672241), ('D_real_val', 0.08072612434625626), ('D_fake_val', 0.17559751868247986), ('KL_realB_fakeB_val', 0.2021598851283849)])
end of validation step
OrderedDict([('G_GAN_val', 0.23708945512771606), ('G_L1_val', 2.964477300643921), ('D_real_val', 0.11225870996713638), ('D_fake_val', 0.2988475561141968), ('KL_realB_fakeB_val', 0.07914765505706337)])
end of validation step
saving the model at the end of epoch 90, iters 3690
End of epoch 90 / 200 	 Time Taken: 7 sec
learning rate 0.0002000 -> 0.0002000
OrderedDict([('G_GAN', 0.29441720247268677), ('G_L1', 1.9577807188034058), ('D_real', 0.15445217490196228), ('D_fake', 0.3560853600502014), ('KL_realB_fakeB', 0.07151735762593368)])
(epoch: 91, iters: 10, time: 0.056, data: 2.921) G_GAN: 0.294 G_L1: 1.958 D_real: 0.154 D_fake: 0.356 KL_realB_fakeB: 0.072 
End of epoch 91 / 200 	 Time Taken: 2 sec
learning rate 0.0002000 -> 0.0002000
End of epoch 92 / 200 	 Time Taken: 2 sec
learning rate 0.0002000 -> 0.0002000
OrderedDict([('G_GAN', 0.23589111864566803), ('G_L1', 1.5874583721160889), ('D_real', 0.14181388914585114), ('D_fake', 0.33307182788848877), ('KL_realB_fakeB', 0.05319788594786559)])
(epoch: 93, iters: 28, time: 0.056, data: 0.881) G_GAN: 0.236 G_L1: 1.587 D_real: 0.142 D_fake: 0.333 KL_realB_fakeB: 0.053 
End of epoch 93 / 200 	 Time Taken: 2 sec
learning rate 0.0002000 -> 0.0002000
End of epoch 94 / 200 	 Time Taken: 2 sec
learning rate 0.0002000 -> 0.0002000
saving the model at the end of epoch 95, iters 3895
End of epoch 95 / 200 	 Time Taken: 7 sec
learning rate 0.0002000 -> 0.0002000
OrderedDict([('G_GAN', 0.47942090034484863), ('G_L1', 1.274471402168274), ('D_real', 0.18524441123008728), ('D_fake', 0.21199765801429749), ('KL_realB_fakeB', 0.09760833332723487)])
(epoch: 96, iters: 5, time: 0.042, data: 1.776) G_GAN: 0.479 G_L1: 1.274 D_real: 0.185 D_fake: 0.212 KL_realB_fakeB: 0.098 
End of epoch 96 / 200 	 Time Taken: 2 sec
learning rate 0.0002000 -> 0.0002000
End of epoch 97 / 200 	 Time Taken: 2 sec
learning rate 0.0002000 -> 0.0002000
OrderedDict([('G_GAN', 0.7048594951629639), ('G_L1', 2.3396265506744385), ('D_real', 0.1412900686264038), ('D_fake', 0.038019388914108276), ('KL_realB_fakeB', 0.07905360786211303)])
(epoch: 98, iters: 23, time: 0.714, data: 0.793) G_GAN: 0.705 G_L1: 2.340 D_real: 0.141 D_fake: 0.038 KL_realB_fakeB: 0.079 
End of epoch 98 / 200 	 Time Taken: 3 sec
learning rate 0.0002000 -> 0.0002000
End of epoch 99 / 200 	 Time Taken: 2 sec
learning rate 0.0002000 -> 0.0001980
OrderedDict([('G_GAN', 0.6812688112258911), ('G_L1', 1.813438892364502), ('D_real', 0.02081628143787384), ('D_fake', 0.18980753421783447), ('KL_realB_fakeB', 0.09472256249115628)])
(epoch: 100, iters: 41, time: 0.057, data: 2.320) G_GAN: 0.681 G_L1: 1.813 D_real: 0.021 D_fake: 0.190 KL_realB_fakeB: 0.095 
OrderedDict([('G_GAN_val', 0.8695592284202576), ('G_L1_val', 2.8213155269622803), ('D_real_val', 0.20433638989925385), ('D_fake_val', 0.021317897364497185), ('KL_realB_fakeB_val', 0.27606126664778075)])
end of validation step
OrderedDict([('G_GAN_val', 0.7116713523864746), ('G_L1_val', 2.9495999813079834), ('D_real_val', 0.14692828059196472), ('D_fake_val', 0.037849217653274536), ('KL_realB_fakeB_val', 0.19939047792839645)])
end of validation step
OrderedDict([('G_GAN_val', 0.6863402128219604), ('G_L1_val', 2.551422357559204), ('D_real_val', 0.3334389626979828), ('D_fake_val', 0.04387892782688141), ('KL_realB_fakeB_val', 0.0838010396659499)])
end of validation step
OrderedDict([('G_GAN_val', 0.6703914403915405), ('G_L1_val', 3.2984771728515625), ('D_real_val', 0.3151428997516632), ('D_fake_val', 0.04682758077979088), ('KL_realB_fakeB_val', 0.3255580983278913)])
end of validation step
OrderedDict([('G_GAN_val', 0.5905912518501282), ('G_L1_val', 2.9130940437316895), ('D_real_val', 0.24389277398586273), ('D_fake_val', 0.07053690403699875), ('KL_realB_fakeB_val', 0.10266785884685836)])
end of validation step
saving the model at the end of epoch 100, iters 4100
End of epoch 100 / 200 	 Time Taken: 8 sec
learning rate 0.0001980 -> 0.0001960
End of epoch 101 / 200 	 Time Taken: 2 sec
learning rate 0.0001960 -> 0.0001941
End of epoch 102 / 200 	 Time Taken: 2 sec
learning rate 0.0001941 -> 0.0001921
OrderedDict([('G_GAN', 0.94166100025177), ('G_L1', 1.5887757539749146), ('D_real', 0.029379116371273994), ('D_fake', 0.23952704668045044), ('KL_realB_fakeB', 0.1132553186056947)])
(epoch: 103, iters: 18, time: 0.058, data: 0.058) G_GAN: 0.942 G_L1: 1.589 D_real: 0.029 D_fake: 0.240 KL_realB_fakeB: 0.113 
End of epoch 103 / 200 	 Time Taken: 2 sec
learning rate 0.0001921 -> 0.0001901
End of epoch 104 / 200 	 Time Taken: 2 sec
learning rate 0.0001901 -> 0.0001881
OrderedDict([('G_GAN', 0.519189715385437), ('G_L1', 1.8614716529846191), ('D_real', 0.0682462677359581), ('D_fake', 0.4082573652267456), ('KL_realB_fakeB', 0.17658776723404768)])
(epoch: 105, iters: 36, time: 0.056, data: 1.504) G_GAN: 0.519 G_L1: 1.861 D_real: 0.068 D_fake: 0.408 KL_realB_fakeB: 0.177 
saving the model at the end of epoch 105, iters 4305
End of epoch 105 / 200 	 Time Taken: 7 sec
learning rate 0.0001881 -> 0.0001861
End of epoch 106 / 200 	 Time Taken: 2 sec
learning rate 0.0001861 -> 0.0001842
End of epoch 107 / 200 	 Time Taken: 2 sec
learning rate 0.0001842 -> 0.0001822
OrderedDict([('G_GAN', 0.6287758946418762), ('G_L1', 1.5703959465026855), ('D_real', 0.022269494831562042), ('D_fake', 0.3565872311592102), ('KL_realB_fakeB', 0.08171597638912284)])
(epoch: 108, iters: 13, time: 0.642, data: 2.152) G_GAN: 0.629 G_L1: 1.570 D_real: 0.022 D_fake: 0.357 KL_realB_fakeB: 0.082 
End of epoch 108 / 200 	 Time Taken: 2 sec
learning rate 0.0001822 -> 0.0001802
End of epoch 109 / 200 	 Time Taken: 2 sec
learning rate 0.0001802 -> 0.0001782
OrderedDict([('G_GAN', 0.8999444246292114), ('G_L1', 1.5641242265701294), ('D_real', 0.13754510879516602), ('D_fake', 0.059636738151311874), ('KL_realB_fakeB', 0.07493955616179719)])
(epoch: 110, iters: 31, time: 0.041, data: 1.573) G_GAN: 0.900 G_L1: 1.564 D_real: 0.138 D_fake: 0.060 KL_realB_fakeB: 0.075 
OrderedDict([('G_GAN_val', 0.6220375299453735), ('G_L1_val', 2.8453097343444824), ('D_real_val', 0.04758817330002785), ('D_fake_val', 0.07030631601810455), ('KL_realB_fakeB_val', 0.1957562401601233)])
end of validation step
OrderedDict([('G_GAN_val', 0.858712375164032), ('G_L1_val', 3.201721668243408), ('D_real_val', 0.0170906875282526), ('D_fake_val', 0.01801823265850544), ('KL_realB_fakeB_val', 0.1824641002514938)])
end of validation step
OrderedDict([('G_GAN_val', 0.5565466284751892), ('G_L1_val', 3.285855770111084), ('D_real_val', 0.1377979964017868), ('D_fake_val', 0.08879333734512329), ('KL_realB_fakeB_val', 0.5106341001929027)])
end of validation step
OrderedDict([('G_GAN_val', 1.0193145275115967), ('G_L1_val', 3.0828311443328857), ('D_real_val', 0.03489428013563156), ('D_fake_val', 0.022019408643245697), ('KL_realB_fakeB_val', 0.08859501388565424)])
end of validation step
OrderedDict([('G_GAN_val', 0.38698962330818176), ('G_L1_val', 2.650938034057617), ('D_real_val', 0.04532504826784134), ('D_fake_val', 0.18611173331737518), ('KL_realB_fakeB_val', 0.10569720498368645)])
end of validation step
saving the model at the end of epoch 110, iters 4510
End of epoch 110 / 200 	 Time Taken: 8 sec
learning rate 0.0001782 -> 0.0001762
End of epoch 111 / 200 	 Time Taken: 2 sec
learning rate 0.0001762 -> 0.0001743
End of epoch 112 / 200 	 Time Taken: 2 sec
learning rate 0.0001743 -> 0.0001723
OrderedDict([('G_GAN', 0.37822267413139343), ('G_L1', 2.1888186931610107), ('D_real', 0.32825854420661926), ('D_fake', 0.09265036135911942), ('KL_realB_fakeB', 0.0775069275593323)])
(epoch: 113, iters: 8, time: 0.054, data: 2.335) G_GAN: 0.378 G_L1: 2.189 D_real: 0.328 D_fake: 0.093 KL_realB_fakeB: 0.078 
End of epoch 113 / 200 	 Time Taken: 2 sec
learning rate 0.0001723 -> 0.0001703
End of epoch 114 / 200 	 Time Taken: 2 sec
learning rate 0.0001703 -> 0.0001683
OrderedDict([('G_GAN', 0.5938926339149475), ('G_L1', 1.9859386682510376), ('D_real', 0.06584174185991287), ('D_fake', 0.07729104161262512), ('KL_realB_fakeB', 0.07469125211651947)])
(epoch: 115, iters: 26, time: 0.058, data: 0.723) G_GAN: 0.594 G_L1: 1.986 D_real: 0.066 D_fake: 0.077 KL_realB_fakeB: 0.075 
saving the model at the end of epoch 115, iters 4715
End of epoch 115 / 200 	 Time Taken: 7 sec
learning rate 0.0001683 -> 0.0001663
End of epoch 116 / 200 	 Time Taken: 2 sec
learning rate 0.0001663 -> 0.0001644
End of epoch 117 / 200 	 Time Taken: 2 sec
learning rate 0.0001644 -> 0.0001624
OrderedDict([('G_GAN', 0.7524332404136658), ('G_L1', 1.7360165119171143), ('D_real', 0.18720899522304535), ('D_fake', 0.0812705010175705), ('KL_realB_fakeB', 0.1591727606800061)])
(epoch: 118, iters: 3, time: 0.651, data: 1.659) G_GAN: 0.752 G_L1: 1.736 D_real: 0.187 D_fake: 0.081 KL_realB_fakeB: 0.159 
End of epoch 118 / 200 	 Time Taken: 3 sec
learning rate 0.0001624 -> 0.0001604
End of epoch 119 / 200 	 Time Taken: 2 sec
learning rate 0.0001604 -> 0.0001584
OrderedDict([('G_GAN', 1.2880327701568604), ('G_L1', 1.825014352798462), ('D_real', 0.029672080650925636), ('D_fake', 0.0738576278090477), ('KL_realB_fakeB', 0.07404568315086629)])
(epoch: 120, iters: 21, time: 0.041, data: 1.184) G_GAN: 1.288 G_L1: 1.825 D_real: 0.030 D_fake: 0.074 KL_realB_fakeB: 0.074 
OrderedDict([('G_GAN_val', 0.4728087782859802), ('G_L1_val', 2.891752243041992), ('D_real_val', 0.09997014701366425), ('D_fake_val', 0.17486640810966492), ('KL_realB_fakeB_val', 0.10326692381957078)])
end of validation step
OrderedDict([('G_GAN_val', 0.6264061331748962), ('G_L1_val', 2.8073623180389404), ('D_real_val', 0.09504189342260361), ('D_fake_val', 0.09140204638242722), ('KL_realB_fakeB_val', 0.20356012974678392)])
end of validation step
OrderedDict([('G_GAN_val', 0.6572914123535156), ('G_L1_val', 3.061194658279419), ('D_real_val', 0.07121681421995163), ('D_fake_val', 0.08749619871377945), ('KL_realB_fakeB_val', 0.4464483229748047)])
end of validation step
OrderedDict([('G_GAN_val', 0.8005496859550476), ('G_L1_val', 2.704385995864868), ('D_real_val', 0.09406021237373352), ('D_fake_val', 0.05431967228651047), ('KL_realB_fakeB_val', 0.08976271954104971)])
end of validation step
OrderedDict([('G_GAN_val', 0.3874521851539612), ('G_L1_val', 2.811056137084961), ('D_real_val', 0.10868009924888611), ('D_fake_val', 0.2452392429113388), ('KL_realB_fakeB_val', 0.2026440907900823)])
end of validation step
saving the model at the end of epoch 120, iters 4920
End of epoch 120 / 200 	 Time Taken: 8 sec
learning rate 0.0001584 -> 0.0001564
End of epoch 121 / 200 	 Time Taken: 2 sec
learning rate 0.0001564 -> 0.0001545
OrderedDict([('G_GAN', 0.899290144443512), ('G_L1', 1.4266839027404785), ('D_real', 0.01255999319255352), ('D_fake', 0.01384797878563404), ('KL_realB_fakeB', 0.16961363232157703)])
(epoch: 122, iters: 39, time: 0.040, data: 1.594) G_GAN: 0.899 G_L1: 1.427 D_real: 0.013 D_fake: 0.014 KL_realB_fakeB: 0.170 
saving the latest model (epoch 122, total_iters 5000)
End of epoch 122 / 200 	 Time Taken: 5 sec
learning rate 0.0001545 -> 0.0001525
End of epoch 123 / 200 	 Time Taken: 2 sec
learning rate 0.0001525 -> 0.0001505
End of epoch 124 / 200 	 Time Taken: 2 sec
learning rate 0.0001505 -> 0.0001485
OrderedDict([('G_GAN', 0.501323938369751), ('G_L1', 1.281736969947815), ('D_real', 0.18729828298091888), ('D_fake', 0.01605340838432312), ('KL_realB_fakeB', 0.061985700247445666)])
(epoch: 125, iters: 16, time: 0.055, data: 5.181) G_GAN: 0.501 G_L1: 1.282 D_real: 0.187 D_fake: 0.016 KL_realB_fakeB: 0.062 
saving the model at the end of epoch 125, iters 5125
End of epoch 125 / 200 	 Time Taken: 7 sec
learning rate 0.0001485 -> 0.0001465
End of epoch 126 / 200 	 Time Taken: 2 sec
learning rate 0.0001465 -> 0.0001446
OrderedDict([('G_GAN', 1.2388598918914795), ('G_L1', 2.030379295349121), ('D_real', 0.2865047752857208), ('D_fake', 0.13990849256515503), ('KL_realB_fakeB', 0.07717953020330169)])
(epoch: 127, iters: 34, time: 0.678, data: 1.137) G_GAN: 1.239 G_L1: 2.030 D_real: 0.287 D_fake: 0.140 KL_realB_fakeB: 0.077 
End of epoch 127 / 200 	 Time Taken: 3 sec
learning rate 0.0001446 -> 0.0001426
End of epoch 128 / 200 	 Time Taken: 2 sec
learning rate 0.0001426 -> 0.0001406
End of epoch 129 / 200 	 Time Taken: 2 sec
learning rate 0.0001406 -> 0.0001386
OrderedDict([('G_GAN', 1.01663076877594), ('G_L1', 1.6428242921829224), ('D_real', 0.027502000331878662), ('D_fake', 0.00970306247472763), ('KL_realB_fakeB', 0.11750379200248055)])
(epoch: 130, iters: 11, time: 0.041, data: 3.051) G_GAN: 1.017 G_L1: 1.643 D_real: 0.028 D_fake: 0.010 KL_realB_fakeB: 0.118 
OrderedDict([('G_GAN_val', 1.3745712041854858), ('G_L1_val', 2.6345741748809814), ('D_real_val', 0.07881449908018112), ('D_fake_val', 0.04299391806125641), ('KL_realB_fakeB_val', 0.1940727257536394)])
end of validation step
OrderedDict([('G_GAN_val', 1.4632354974746704), ('G_L1_val', 2.5739614963531494), ('D_real_val', 0.25146719813346863), ('D_fake_val', 0.05097091943025589), ('KL_realB_fakeB_val', 0.10367513880910473)])
end of validation step
OrderedDict([('G_GAN_val', 1.6224197149276733), ('G_L1_val', 3.0722179412841797), ('D_real_val', 0.44891679286956787), ('D_fake_val', 0.0820050910115242), ('KL_realB_fakeB_val', 0.46131172324579917)])
end of validation step
OrderedDict([('G_GAN_val', 1.9000800848007202), ('G_L1_val', 2.972036123275757), ('D_real_val', 0.08547653257846832), ('D_fake_val', 0.1508616954088211), ('KL_realB_fakeB_val', 0.0867316848556435)])
end of validation step
OrderedDict([('G_GAN_val', 1.7334024906158447), ('G_L1_val', 3.025501012802124), ('D_real_val', 0.052206676453351974), ('D_fake_val', 0.10660196840763092), ('KL_realB_fakeB_val', 0.2682308363171956)])
end of validation step
saving the model at the end of epoch 130, iters 5330
End of epoch 130 / 200 	 Time Taken: 8 sec
learning rate 0.0001386 -> 0.0001366
End of epoch 131 / 200 	 Time Taken: 2 sec
learning rate 0.0001366 -> 0.0001347
OrderedDict([('G_GAN', 0.9821210503578186), ('G_L1', 1.366280198097229), ('D_real', 0.0230751670897007), ('D_fake', 0.011564807966351509), ('KL_realB_fakeB', 0.07355356077113187)])
(epoch: 132, iters: 29, time: 0.055, data: 1.083) G_GAN: 0.982 G_L1: 1.366 D_real: 0.023 D_fake: 0.012 KL_realB_fakeB: 0.074 
End of epoch 132 / 200 	 Time Taken: 2 sec
learning rate 0.0001347 -> 0.0001327
End of epoch 133 / 200 	 Time Taken: 2 sec
learning rate 0.0001327 -> 0.0001307
End of epoch 134 / 200 	 Time Taken: 2 sec
learning rate 0.0001307 -> 0.0001287
OrderedDict([('G_GAN', 1.2798244953155518), ('G_L1', 1.2658939361572266), ('D_real', 0.02869059331715107), ('D_fake', 0.0736759677529335), ('KL_realB_fakeB', 0.08222942223435245)])
(epoch: 135, iters: 6, time: 0.041, data: 1.999) G_GAN: 1.280 G_L1: 1.266 D_real: 0.029 D_fake: 0.074 KL_realB_fakeB: 0.082 
saving the model at the end of epoch 135, iters 5535
End of epoch 135 / 200 	 Time Taken: 7 sec
learning rate 0.0001287 -> 0.0001267
End of epoch 136 / 200 	 Time Taken: 2 sec
learning rate 0.0001267 -> 0.0001248
OrderedDict([('G_GAN', 0.7754288911819458), ('G_L1', 1.5177547931671143), ('D_real', 0.025070659816265106), ('D_fake', 0.020885393023490906), ('KL_realB_fakeB', 0.06424196069656629)])
(epoch: 137, iters: 24, time: 0.664, data: 0.715) G_GAN: 0.775 G_L1: 1.518 D_real: 0.025 D_fake: 0.021 KL_realB_fakeB: 0.064 
End of epoch 137 / 200 	 Time Taken: 3 sec
learning rate 0.0001248 -> 0.0001228
End of epoch 138 / 200 	 Time Taken: 2 sec
learning rate 0.0001228 -> 0.0001208
End of epoch 139 / 200 	 Time Taken: 2 sec
learning rate 0.0001208 -> 0.0001188
OrderedDict([('G_GAN', 0.7575435638427734), ('G_L1', 1.1882284879684448), ('D_real', 0.005232613533735275), ('D_fake', 0.21273991465568542), ('KL_realB_fakeB', 0.07554496155061247)])
(epoch: 140, iters: 1, time: 0.043, data: 2.371) G_GAN: 0.758 G_L1: 1.188 D_real: 0.005 D_fake: 0.213 KL_realB_fakeB: 0.076 
OrderedDict([('G_GAN_val', 1.278403401374817), ('G_L1_val', 2.586197853088379), ('D_real_val', 0.007672816514968872), ('D_fake_val', 0.021490277722477913), ('KL_realB_fakeB_val', 0.24582047034969098)])
end of validation step
OrderedDict([('G_GAN_val', 1.1078788042068481), ('G_L1_val', 2.5394058227539062), ('D_real_val', 0.006120737176388502), ('D_fake_val', 0.006685690488666296), ('KL_realB_fakeB_val', 0.09468846734420439)])
end of validation step
OrderedDict([('G_GAN_val', 1.3216593265533447), ('G_L1_val', 3.1518213748931885), ('D_real_val', 0.06299516558647156), ('D_fake_val', 0.027241190895438194), ('KL_realB_fakeB_val', 0.45957067493186116)])
end of validation step
OrderedDict([('G_GAN_val', 0.9101474285125732), ('G_L1_val', 2.8122928142547607), ('D_real_val', 0.018435627222061157), ('D_fake_val', 0.01594008319079876), ('KL_realB_fakeB_val', 0.09425808081808404)])
end of validation step
OrderedDict([('G_GAN_val', 1.0013446807861328), ('G_L1_val', 2.6277124881744385), ('D_real_val', 0.009121899493038654), ('D_fake_val', 0.011997908353805542), ('KL_realB_fakeB_val', 0.18602868220779)])
end of validation step
saving the model at the end of epoch 140, iters 5740
End of epoch 140 / 200 	 Time Taken: 8 sec
learning rate 0.0001188 -> 0.0001168
End of epoch 141 / 200 	 Time Taken: 2 sec
learning rate 0.0001168 -> 0.0001149
OrderedDict([('G_GAN', 0.9295217990875244), ('G_L1', 1.5330430269241333), ('D_real', 0.012384587898850441), ('D_fake', 0.03422360122203827), ('KL_realB_fakeB', 0.08237130461508607)])
(epoch: 142, iters: 19, time: 0.056, data: 0.503) G_GAN: 0.930 G_L1: 1.533 D_real: 0.012 D_fake: 0.034 KL_realB_fakeB: 0.082 
End of epoch 142 / 200 	 Time Taken: 2 sec
learning rate 0.0001149 -> 0.0001129
End of epoch 143 / 200 	 Time Taken: 2 sec
learning rate 0.0001129 -> 0.0001109
OrderedDict([('G_GAN', 0.8335452079772949), ('G_L1', 1.5857256650924683), ('D_real', 0.06055132672190666), ('D_fake', 0.01271191705018282), ('KL_realB_fakeB', 0.07212606999123666)])
(epoch: 144, iters: 37, time: 0.057, data: 1.246) G_GAN: 0.834 G_L1: 1.586 D_real: 0.061 D_fake: 0.013 KL_realB_fakeB: 0.072 
End of epoch 144 / 200 	 Time Taken: 2 sec
learning rate 0.0001109 -> 0.0001089
saving the model at the end of epoch 145, iters 5945
End of epoch 145 / 200 	 Time Taken: 7 sec
learning rate 0.0001089 -> 0.0001069
End of epoch 146 / 200 	 Time Taken: 2 sec
learning rate 0.0001069 -> 0.0001050
OrderedDict([('G_GAN', 0.8282870054244995), ('G_L1', 1.2539478540420532), ('D_real', 0.014258436858654022), ('D_fake', 0.030926400795578957), ('KL_realB_fakeB', 0.07095661004204419)])
(epoch: 147, iters: 14, time: 0.766, data: 2.319) G_GAN: 0.828 G_L1: 1.254 D_real: 0.014 D_fake: 0.031 KL_realB_fakeB: 0.071 
End of epoch 147 / 200 	 Time Taken: 3 sec
learning rate 0.0001050 -> 0.0001030
End of epoch 148 / 200 	 Time Taken: 2 sec
learning rate 0.0001030 -> 0.0001010
OrderedDict([('G_GAN', 0.9661215543746948), ('G_L1', 1.4113891124725342), ('D_real', 0.017598170787096024), ('D_fake', 0.02939549833536148), ('KL_realB_fakeB', 0.09919376252040649)])
(epoch: 149, iters: 32, time: 0.057, data: 1.799) G_GAN: 0.966 G_L1: 1.411 D_real: 0.018 D_fake: 0.029 KL_realB_fakeB: 0.099 
End of epoch 149 / 200 	 Time Taken: 2 sec
learning rate 0.0001010 -> 0.0000990
OrderedDict([('G_GAN_val', 1.2377501726150513), ('G_L1_val', 2.498622179031372), ('D_real_val', 0.020001567900180817), ('D_fake_val', 0.018338466063141823), ('KL_realB_fakeB_val', 0.09607390548312522)])
end of validation step
OrderedDict([('G_GAN_val', 1.4052109718322754), ('G_L1_val', 2.418071746826172), ('D_real_val', 0.006866035517305136), ('D_fake_val', 0.043050725013017654), ('KL_realB_fakeB_val', 0.10041104194848152)])
end of validation step
OrderedDict([('G_GAN_val', 1.2792309522628784), ('G_L1_val', 2.609724998474121), ('D_real_val', 0.021137306466698647), ('D_fake_val', 0.025327062234282494), ('KL_realB_fakeB_val', 0.08147460381647809)])
end of validation step
OrderedDict([('G_GAN_val', 0.9527738094329834), ('G_L1_val', 2.891737699508667), ('D_real_val', 0.024568986147642136), ('D_fake_val', 0.01366520393639803), ('KL_realB_fakeB_val', 0.24191918958143163)])
end of validation step
OrderedDict([('G_GAN_val', 1.3444318771362305), ('G_L1_val', 3.225109338760376), ('D_real_val', 0.06335940957069397), ('D_fake_val', 0.03255557641386986), ('KL_realB_fakeB_val', 0.2967858805085933)])
end of validation step
saving the model at the end of epoch 150, iters 6150
End of epoch 150 / 200 	 Time Taken: 8 sec
learning rate 0.0000990 -> 0.0000970
End of epoch 151 / 200 	 Time Taken: 2 sec
learning rate 0.0000970 -> 0.0000950
OrderedDict([('G_GAN', 0.6905880570411682), ('G_L1', 1.5378167629241943), ('D_real', 0.03936249017715454), ('D_fake', 0.04708094522356987), ('KL_realB_fakeB', 0.09827861420624144)])
(epoch: 152, iters: 9, time: 0.055, data: 2.111) G_GAN: 0.691 G_L1: 1.538 D_real: 0.039 D_fake: 0.047 KL_realB_fakeB: 0.098 
End of epoch 152 / 200 	 Time Taken: 2 sec
learning rate 0.0000950 -> 0.0000931
End of epoch 153 / 200 	 Time Taken: 2 sec
learning rate 0.0000931 -> 0.0000911
OrderedDict([('G_GAN', 0.9484448432922363), ('G_L1', 1.3825404644012451), ('D_real', 0.010698542930185795), ('D_fake', 0.011216885410249233), ('KL_realB_fakeB', 0.07189089138173352)])
(epoch: 154, iters: 27, time: 0.056, data: 0.761) G_GAN: 0.948 G_L1: 1.383 D_real: 0.011 D_fake: 0.011 KL_realB_fakeB: 0.072 
End of epoch 154 / 200 	 Time Taken: 2 sec
learning rate 0.0000911 -> 0.0000891
saving the model at the end of epoch 155, iters 6355
End of epoch 155 / 200 	 Time Taken: 7 sec
learning rate 0.0000891 -> 0.0000871
End of epoch 156 / 200 	 Time Taken: 2 sec
learning rate 0.0000871 -> 0.0000851
OrderedDict([('G_GAN', 0.7224704623222351), ('G_L1', 1.4882322549819946), ('D_real', 0.035266634076833725), ('D_fake', 0.05592847988009453), ('KL_realB_fakeB', 0.06435100852869967)])
(epoch: 157, iters: 4, time: 0.798, data: 1.967) G_GAN: 0.722 G_L1: 1.488 D_real: 0.035 D_fake: 0.056 KL_realB_fakeB: 0.064 
End of epoch 157 / 200 	 Time Taken: 3 sec
learning rate 0.0000851 -> 0.0000832
End of epoch 158 / 200 	 Time Taken: 2 sec
learning rate 0.0000832 -> 0.0000812
OrderedDict([('G_GAN', 0.845172643661499), ('G_L1', 1.407387375831604), ('D_real', 0.006604108493775129), ('D_fake', 0.027041694149374962), ('KL_realB_fakeB', 0.07510113337380309)])
(epoch: 159, iters: 22, time: 0.057, data: 1.302) G_GAN: 0.845 G_L1: 1.407 D_real: 0.007 D_fake: 0.027 KL_realB_fakeB: 0.075 
End of epoch 159 / 200 	 Time Taken: 2 sec
learning rate 0.0000812 -> 0.0000792
OrderedDict([('G_GAN_val', 1.2716541290283203), ('G_L1_val', 2.875349521636963), ('D_real_val', 0.03875907510519028), ('D_fake_val', 0.02342853881418705), ('KL_realB_fakeB_val', 0.46378118330615103)])
end of validation step
OrderedDict([('G_GAN_val', 1.2076326608657837), ('G_L1_val', 2.4647111892700195), ('D_real_val', 0.00622565858066082), ('D_fake_val', 0.01731378585100174), ('KL_realB_fakeB_val', 0.09202269364434906)])
end of validation step
OrderedDict([('G_GAN_val', 1.178146243095398), ('G_L1_val', 2.4821698665618896), ('D_real_val', 0.010583318769931793), ('D_fake_val', 0.018720032647252083), ('KL_realB_fakeB_val', 0.16740713814923897)])
end of validation step
OrderedDict([('G_GAN_val', 1.0366524457931519), ('G_L1_val', 2.6769676208496094), ('D_real_val', 0.009823254309594631), ('D_fake_val', 0.015456197783350945), ('KL_realB_fakeB_val', 0.21349437085571354)])
end of validation step
OrderedDict([('G_GAN_val', 1.2425899505615234), ('G_L1_val', 3.0982699394226074), ('D_real_val', 0.012146208435297012), ('D_fake_val', 0.024068156257271767), ('KL_realB_fakeB_val', 0.09284807968547301)])
end of validation step
saving the model at the end of epoch 160, iters 6560
End of epoch 160 / 200 	 Time Taken: 8 sec
learning rate 0.0000792 -> 0.0000772
OrderedDict([('G_GAN', 1.0558252334594727), ('G_L1', 1.5732258558273315), ('D_real', 0.007659145165234804), ('D_fake', 0.010056170634925365), ('KL_realB_fakeB', 0.09411449926238585)])
(epoch: 161, iters: 40, time: 0.040, data: 1.580) G_GAN: 1.056 G_L1: 1.573 D_real: 0.008 D_fake: 0.010 KL_realB_fakeB: 0.094 
End of epoch 161 / 200 	 Time Taken: 2 sec
learning rate 0.0000772 -> 0.0000752
End of epoch 162 / 200 	 Time Taken: 2 sec
learning rate 0.0000752 -> 0.0000733
End of epoch 163 / 200 	 Time Taken: 2 sec
learning rate 0.0000733 -> 0.0000713
OrderedDict([('G_GAN', 1.1260864734649658), ('G_L1', 1.1476459503173828), ('D_real', 0.0030082480516284704), ('D_fake', 0.011207809671759605), ('KL_realB_fakeB', 0.06916517915607057)])
(epoch: 164, iters: 17, time: 0.055, data: 2.473) G_GAN: 1.126 G_L1: 1.148 D_real: 0.003 D_fake: 0.011 KL_realB_fakeB: 0.069 
End of epoch 164 / 200 	 Time Taken: 2 sec
learning rate 0.0000713 -> 0.0000693
saving the model at the end of epoch 165, iters 6765
End of epoch 165 / 200 	 Time Taken: 7 sec
learning rate 0.0000693 -> 0.0000673
OrderedDict([('G_GAN', 1.0480619668960571), ('G_L1', 1.2739427089691162), ('D_real', 0.01788189820945263), ('D_fake', 0.009943686425685883), ('KL_realB_fakeB', 0.06718061000094627)])
(epoch: 166, iters: 35, time: 0.782, data: 1.364) G_GAN: 1.048 G_L1: 1.274 D_real: 0.018 D_fake: 0.010 KL_realB_fakeB: 0.067 
End of epoch 166 / 200 	 Time Taken: 3 sec
learning rate 0.0000673 -> 0.0000653
End of epoch 167 / 200 	 Time Taken: 2 sec
learning rate 0.0000653 -> 0.0000634
End of epoch 168 / 200 	 Time Taken: 2 sec
learning rate 0.0000634 -> 0.0000614
OrderedDict([('G_GAN', 0.7790061235427856), ('G_L1', 1.295723795890808), ('D_real', 0.00714150769636035), ('D_fake', 0.03247230872511864), ('KL_realB_fakeB', 0.05908446649660312)])
(epoch: 169, iters: 12, time: 0.055, data: 2.961) G_GAN: 0.779 G_L1: 1.296 D_real: 0.007 D_fake: 0.032 KL_realB_fakeB: 0.059 
End of epoch 169 / 200 	 Time Taken: 2 sec
learning rate 0.0000614 -> 0.0000594
OrderedDict([('G_GAN_val', 1.2204362154006958), ('G_L1_val', 2.6915509700775146), ('D_real_val', 0.05377569422125816), ('D_fake_val', 0.02035464160144329), ('KL_realB_fakeB_val', 0.22423877088917832)])
end of validation step
OrderedDict([('G_GAN_val', 1.0583808422088623), ('G_L1_val', 2.468282461166382), ('D_real_val', 0.005927360616624355), ('D_fake_val', 0.0036427127197384834), ('KL_realB_fakeB_val', 0.17100890554216594)])
end of validation step
OrderedDict([('G_GAN_val', 1.207859754562378), ('G_L1_val', 2.435194969177246), ('D_real_val', 0.023696519434452057), ('D_fake_val', 0.012951661832630634), ('KL_realB_fakeB_val', 0.07921503296851205)])
end of validation step
OrderedDict([('G_GAN_val', 1.2535425424575806), ('G_L1_val', 2.6748290061950684), ('D_real_val', 0.024257903918623924), ('D_fake_val', 0.017685238271951675), ('KL_realB_fakeB_val', 0.11106006604347798)])
end of validation step
OrderedDict([('G_GAN_val', 1.3538531064987183), ('G_L1_val', 2.9134202003479004), ('D_real_val', 0.08420530706644058), ('D_fake_val', 0.035736262798309326), ('KL_realB_fakeB_val', 0.36521181415169246)])
end of validation step
saving the model at the end of epoch 170, iters 6970
End of epoch 170 / 200 	 Time Taken: 8 sec
learning rate 0.0000594 -> 0.0000574
OrderedDict([('G_GAN', 0.9108760952949524), ('G_L1', 1.2642908096313477), ('D_real', 0.010056577622890472), ('D_fake', 0.03209243342280388), ('KL_realB_fakeB', 0.06840614820597718)])
(epoch: 171, iters: 30, time: 0.056, data: 0.958) G_GAN: 0.911 G_L1: 1.264 D_real: 0.010 D_fake: 0.032 KL_realB_fakeB: 0.068 
End of epoch 171 / 200 	 Time Taken: 2 sec
learning rate 0.0000574 -> 0.0000554
End of epoch 172 / 200 	 Time Taken: 2 sec
learning rate 0.0000554 -> 0.0000535
End of epoch 173 / 200 	 Time Taken: 2 sec
learning rate 0.0000535 -> 0.0000515
OrderedDict([('G_GAN', 0.8322657942771912), ('G_L1', 1.0533524751663208), ('D_real', 0.05851046368479729), ('D_fake', 0.004950769245624542), ('KL_realB_fakeB', 0.07025471127015553)])
(epoch: 174, iters: 7, time: 0.060, data: 2.241) G_GAN: 0.832 G_L1: 1.053 D_real: 0.059 D_fake: 0.005 KL_realB_fakeB: 0.070 
End of epoch 174 / 200 	 Time Taken: 2 sec
learning rate 0.0000515 -> 0.0000495
saving the model at the end of epoch 175, iters 7175
End of epoch 175 / 200 	 Time Taken: 7 sec
learning rate 0.0000495 -> 0.0000475
OrderedDict([('G_GAN', 1.1787831783294678), ('G_L1', 1.4366692304611206), ('D_real', 0.012802265584468842), ('D_fake', 0.017787527292966843), ('KL_realB_fakeB', 0.0825807782685639)])
(epoch: 176, iters: 25, time: 0.730, data: 0.613) G_GAN: 1.179 G_L1: 1.437 D_real: 0.013 D_fake: 0.018 KL_realB_fakeB: 0.083 
End of epoch 176 / 200 	 Time Taken: 3 sec
learning rate 0.0000475 -> 0.0000455
End of epoch 177 / 200 	 Time Taken: 2 sec
learning rate 0.0000455 -> 0.0000436
End of epoch 178 / 200 	 Time Taken: 2 sec
learning rate 0.0000436 -> 0.0000416
OrderedDict([('G_GAN', 0.8774963617324829), ('G_L1', 1.4077814817428589), ('D_real', 0.006337371654808521), ('D_fake', 0.06710068136453629), ('KL_realB_fakeB', 0.07278668778220125)])
(epoch: 179, iters: 2, time: 0.055, data: 2.273) G_GAN: 0.877 G_L1: 1.408 D_real: 0.006 D_fake: 0.067 KL_realB_fakeB: 0.073 
End of epoch 179 / 200 	 Time Taken: 2 sec
learning rate 0.0000416 -> 0.0000396
OrderedDict([('G_GAN_val', 1.0796310901641846), ('G_L1_val', 2.365283727645874), ('D_real_val', 0.004631513264030218), ('D_fake_val', 0.005273206625133753), ('KL_realB_fakeB_val', 0.1737532275673755)])
end of validation step
OrderedDict([('G_GAN_val', 1.4285027980804443), ('G_L1_val', 2.817929267883301), ('D_real_val', 0.020525436848402023), ('D_fake_val', 0.04405058175325394), ('KL_realB_fakeB_val', 0.09043562481351308)])
end of validation step
OrderedDict([('G_GAN_val', 1.2945219278335571), ('G_L1_val', 2.4121692180633545), ('D_real_val', 0.010545442812144756), ('D_fake_val', 0.022839615121483803), ('KL_realB_fakeB_val', 0.07131610841794818)])
end of validation step
OrderedDict([('G_GAN_val', 1.2463833093643188), ('G_L1_val', 2.6893398761749268), ('D_real_val', 0.048360101878643036), ('D_fake_val', 0.022083960473537445), ('KL_realB_fakeB_val', 0.2105388789895356)])
end of validation step
OrderedDict([('G_GAN_val', 1.516016960144043), ('G_L1_val', 2.928283452987671), ('D_real_val', 0.21962718665599823), ('D_fake_val', 0.0624830462038517), ('KL_realB_fakeB_val', 0.40429200512058505)])
end of validation step
saving the model at the end of epoch 180, iters 7380
End of epoch 180 / 200 	 Time Taken: 8 sec
learning rate 0.0000396 -> 0.0000376
OrderedDict([('G_GAN', 0.9595838785171509), ('G_L1', 1.4772642850875854), ('D_real', 0.010410668328404427), ('D_fake', 0.00741558289155364), ('KL_realB_fakeB', 0.0641631010309218)])
(epoch: 181, iters: 20, time: 0.048, data: 0.468) G_GAN: 0.960 G_L1: 1.477 D_real: 0.010 D_fake: 0.007 KL_realB_fakeB: 0.064 
End of epoch 181 / 200 	 Time Taken: 2 sec
learning rate 0.0000376 -> 0.0000356
End of epoch 182 / 200 	 Time Taken: 2 sec
learning rate 0.0000356 -> 0.0000337
OrderedDict([('G_GAN', 1.0441800355911255), ('G_L1', 1.3682409524917603), ('D_real', 0.005358788184821606), ('D_fake', 0.002485735807567835), ('KL_realB_fakeB', 0.08404943431838277)])
(epoch: 183, iters: 38, time: 0.040, data: 1.325) G_GAN: 1.044 G_L1: 1.368 D_real: 0.005 D_fake: 0.002 KL_realB_fakeB: 0.084 
End of epoch 183 / 200 	 Time Taken: 2 sec
learning rate 0.0000337 -> 0.0000317
End of epoch 184 / 200 	 Time Taken: 2 sec
learning rate 0.0000317 -> 0.0000297
saving the model at the end of epoch 185, iters 7585
End of epoch 185 / 200 	 Time Taken: 7 sec
learning rate 0.0000297 -> 0.0000277
OrderedDict([('G_GAN', 0.8694007992744446), ('G_L1', 1.2759860754013062), ('D_real', 0.006977653596550226), ('D_fake', 0.015603848733007908), ('KL_realB_fakeB', 0.06632742379213782)])
(epoch: 186, iters: 15, time: 0.819, data: 2.341) G_GAN: 0.869 G_L1: 1.276 D_real: 0.007 D_fake: 0.016 KL_realB_fakeB: 0.066 
End of epoch 186 / 200 	 Time Taken: 3 sec
learning rate 0.0000277 -> 0.0000257
End of epoch 187 / 200 	 Time Taken: 2 sec
learning rate 0.0000257 -> 0.0000238
OrderedDict([('G_GAN', 0.8183411955833435), ('G_L1', 1.0060107707977295), ('D_real', 0.03239842876791954), ('D_fake', 0.07633750140666962), ('KL_realB_fakeB', 0.05846771526692167)])
(epoch: 188, iters: 33, time: 0.056, data: 2.020) G_GAN: 0.818 G_L1: 1.006 D_real: 0.032 D_fake: 0.076 KL_realB_fakeB: 0.058 
End of epoch 188 / 200 	 Time Taken: 2 sec
learning rate 0.0000238 -> 0.0000218
End of epoch 189 / 200 	 Time Taken: 2 sec
learning rate 0.0000218 -> 0.0000198
OrderedDict([('G_GAN_val', 1.493480920791626), ('G_L1_val', 2.459704637527466), ('D_real_val', 0.00851178728044033), ('D_fake_val', 0.05482827126979828), ('KL_realB_fakeB_val', 0.09042120072466789)])
end of validation step
OrderedDict([('G_GAN_val', 1.4505038261413574), ('G_L1_val', 2.619751453399658), ('D_real_val', 0.007723093032836914), ('D_fake_val', 0.049929428845644), ('KL_realB_fakeB_val', 0.21035226198941454)])
end of validation step
OrderedDict([('G_GAN_val', 1.1893600225448608), ('G_L1_val', 2.27842378616333), ('D_real_val', 0.008347425609827042), ('D_fake_val', 0.010641704313457012), ('KL_realB_fakeB_val', 0.12513910624967034)])
end of validation step
OrderedDict([('G_GAN_val', 1.7922744750976562), ('G_L1_val', 2.992020606994629), ('D_real_val', 0.23370052874088287), ('D_fake_val', 0.12539829313755035), ('KL_realB_fakeB_val', 0.2918499627137565)])
end of validation step
OrderedDict([('G_GAN_val', 1.5954028367996216), ('G_L1_val', 2.791787624359131), ('D_real_val', 0.009051538072526455), ('D_fake_val', 0.07526548951864243), ('KL_realB_fakeB_val', 0.08607354063322492)])
end of validation step
saving the model at the end of epoch 190, iters 7790
End of epoch 190 / 200 	 Time Taken: 8 sec
learning rate 0.0000198 -> 0.0000178
OrderedDict([('G_GAN', 1.030038833618164), ('G_L1', 1.3986644744873047), ('D_real', 0.003979084547609091), ('D_fake', 0.002234789775684476), ('KL_realB_fakeB', 0.07251970345863591)])
(epoch: 191, iters: 10, time: 0.040, data: 2.011) G_GAN: 1.030 G_L1: 1.399 D_real: 0.004 D_fake: 0.002 KL_realB_fakeB: 0.073 
End of epoch 191 / 200 	 Time Taken: 2 sec
learning rate 0.0000178 -> 0.0000158
End of epoch 192 / 200 	 Time Taken: 2 sec
learning rate 0.0000158 -> 0.0000139
OrderedDict([('G_GAN', 1.071266531944275), ('G_L1', 1.138364315032959), ('D_real', 0.005530188791453838), ('D_fake', 0.006705831736326218), ('KL_realB_fakeB', 0.10142243565237524)])
(epoch: 193, iters: 28, time: 0.054, data: 1.002) G_GAN: 1.071 G_L1: 1.138 D_real: 0.006 D_fake: 0.007 KL_realB_fakeB: 0.101 
End of epoch 193 / 200 	 Time Taken: 2 sec
learning rate 0.0000139 -> 0.0000119
End of epoch 194 / 200 	 Time Taken: 2 sec
learning rate 0.0000119 -> 0.0000099
saving the model at the end of epoch 195, iters 7995
End of epoch 195 / 200 	 Time Taken: 7 sec
learning rate 0.0000099 -> 0.0000079
OrderedDict([('G_GAN', 0.6859638094902039), ('G_L1', 1.353028655052185), ('D_real', 0.005551534704864025), ('D_fake', 0.053064532577991486), ('KL_realB_fakeB', 0.06935479457730806)])
(epoch: 196, iters: 5, time: 0.833, data: 1.958) G_GAN: 0.686 G_L1: 1.353 D_real: 0.006 D_fake: 0.053 KL_realB_fakeB: 0.069 
End of epoch 196 / 200 	 Time Taken: 3 sec
learning rate 0.0000079 -> 0.0000059
End of epoch 197 / 200 	 Time Taken: 2 sec
learning rate 0.0000059 -> 0.0000040
OrderedDict([('G_GAN', 0.7539055943489075), ('G_L1', 1.6353111267089844), ('D_real', 0.0333426296710968), ('D_fake', 0.02350165881216526), ('KL_realB_fakeB', 0.06934071829179536)])
(epoch: 198, iters: 23, time: 0.057, data: 1.390) G_GAN: 0.754 G_L1: 1.635 D_real: 0.033 D_fake: 0.024 KL_realB_fakeB: 0.069 
End of epoch 198 / 200 	 Time Taken: 2 sec
learning rate 0.0000040 -> 0.0000020
End of epoch 199 / 200 	 Time Taken: 2 sec
learning rate 0.0000020 -> 0.0000000
OrderedDict([('G_GAN', 0.8667541742324829), ('G_L1', 1.11184823513031), ('D_real', 0.016258735209703445), ('D_fake', 0.012281954288482666), ('KL_realB_fakeB', 0.060757884454786484)])
(epoch: 200, iters: 41, time: 0.057, data: 1.552) G_GAN: 0.867 G_L1: 1.112 D_real: 0.016 D_fake: 0.012 KL_realB_fakeB: 0.061 
OrderedDict([('G_GAN_val', 1.709801435470581), ('G_L1_val', 2.7794103622436523), ('D_real_val', 0.03234610706567764), ('D_fake_val', 0.10047407448291779), ('KL_realB_fakeB_val', 0.08337739205415423)])
end of validation step
OrderedDict([('G_GAN_val', 1.6097662448883057), ('G_L1_val', 2.397247314453125), ('D_real_val', 0.06274087727069855), ('D_fake_val', 0.07681061327457428), ('KL_realB_fakeB_val', 0.10019862148104486)])
end of validation step
OrderedDict([('G_GAN_val', 2.008107900619507), ('G_L1_val', 2.895638942718506), ('D_real_val', 0.4076545536518097), ('D_fake_val', 0.1898568868637085), ('KL_realB_fakeB_val', 0.44625996649818167)])
end of validation step
OrderedDict([('G_GAN_val', 1.5445713996887207), ('G_L1_val', 2.660407066345215), ('D_real_val', 0.08808892965316772), ('D_fake_val', 0.06565624475479126), ('KL_realB_fakeB_val', 0.2154899747435357)])
end of validation step
OrderedDict([('G_GAN_val', 1.3545852899551392), ('G_L1_val', 2.3095006942749023), ('D_real_val', 0.0077736591920256615), ('D_fake_val', 0.030231645330786705), ('KL_realB_fakeB_val', 0.13673228517709501)])
end of validation step
saving the model at the end of epoch 200, iters 8200
End of epoch 200 / 200 	 Time Taken: 8 sec
