----------------- Options ---------------
               batch_size: 1                             
                    beta1: 0.5                           
          checkpoints_dir: /home/otto.tavares/public/iltbi/rxpixp2pixcycle/checkpoints
           continue_train: False                         
                crop_size: 256                           
       custom_images_path: /home/otto.tavares/public/iltbi/train/images/santa_casa_pares/	[default: None]
        custom_masks_path: None                          
       custom_paired_path: None                          
                 dataroot: /home/otto.tavares/public/iltbi/train/images/santa_casa_pares/	[default: None]
           dataset_action: False                         
     dataset_download_dir: /home/otto.tavares/public/iltbi/rxpixp2pixcycle
             dataset_mode: santacasaskfold               	[default: aligned]
             dataset_name: Shenzhen                      
                direction: AtoB                          
              display_env: main                          
             display_freq: 400                           
               display_id: 1                             
            display_ncols: 4                             
             display_port: 8097                          
           display_server: http://localhost              
          display_winsize: 256                           
            download_imgs: False                         
                    epoch: latest                        
              epoch_count: 1                             
                 gan_mode: lsgan                         	[default: vanilla]
  generate_paths_data_csv: False                         
                  gpu_ids: 0                             
                init_gain: 0.02                          
                init_type: normal                        
                 input_nc: 3                             
                     isTB: False                         
                  isTrain: True                          	[default: None]
          is_resume_wandb: False                         
                      job: None                          
                lambda_L1: 50.0                          	[default: 100.0]
                load_iter: 0                             	[default: 0]
                load_size: 256                           	[default: 286]
                       lr: 0.0002                        
           lr_decay_iters: 50                            
                lr_policy: linear                        
         max_dataset_size: inf                           
                    model: pix2pix                       	[default: cycle_gan]
                 n_epochs: 100                           
           n_epochs_decay: 100                           
                  n_folds: 10                            
               n_layers_D: 3                             
                     name: santacasa_test_0_sort_3       	[default: experiment_name]
                      ndf: 64                            
                     netD: basic                         
                     netG: unet_256                      
                      ngf: 64                            
               no_dropout: False                         
                  no_flip: False                         
                  no_html: False                         
                     norm: batch                         
              num_threads: 4                             
                  num_val: 400                           
                output_nc: 3                             
                    phase: train                         
                pool_size: 0                             
               preprocess: resize_and_scale_width        	[default: resize_and_crop]
               print_freq: 100                           
                  project: p2p_santacasa                 	[default: None]
             save_by_iter: False                         
          save_epoch_freq: 5                             
         save_latest_freq: 5000                          
                     seed: 512                           	[default: 512]
           serial_batches: False                         
                     sort: 3                             	[default: 0]
                   suffix:                               
                     test: 0                             
                    token:                               
            train_dataset: True                          
         update_html_freq: 1000                          
                use_wandb: True                          	[default: False]
                 val_freq: 10                            	[default: 400]
                  verbose: False                         
             wandb_entity: otavares                      	[default: brics-tb]
            wandb_fold_id: wandb__id_test_0_sort_3       	[default: None]
----------------- End -------------------
GPU with device 0
                 images    gauss  ... all_together target
0   20220315_184023.jpg      seg  ...          seg      0
1   20220315_184432.jpg      seg  ...          seg      0
2   20220315_184701.jpg  not seg  ...          seg      0
3   20220315_184740.jpg      seg  ...          seg      0
4   20220315_185230.jpg      seg  ...          seg      0
..                  ...      ...  ...          ...    ...
83         IMG_5503.JPG  not seg  ...      not seg      0
84         IMG_5505.JPG      seg  ...          seg      0
85         IMG_5507.JPG      seg  ...          seg      0
86         IMG_5509.JPG      seg  ...          seg      0
87         IMG_5604.JPG      seg  ...          seg      0

[88 rows x 5 columns]
bins selected for val: [1, 2, 3, 4, 5, 6, 7, 8, 9]
bins selected for val: [0, 2, 3, 4, 5, 6, 7, 8, 9]
bins selected for val: [0, 1, 3, 4, 5, 6, 7, 8, 9]
bins selected for val: [0, 1, 2, 4, 5, 6, 7, 8, 9]
bins selected for val: [0, 1, 2, 3, 5, 6, 7, 8, 9]
bins selected for val: [0, 1, 2, 3, 4, 6, 7, 8, 9]
bins selected for val: [0, 1, 2, 3, 4, 5, 7, 8, 9]
bins selected for val: [0, 1, 2, 3, 4, 5, 6, 8, 9]
bins selected for val: [0, 1, 2, 3, 4, 5, 6, 7, 9]
bins selected for val: [0, 1, 2, 3, 4, 5, 6, 7, 8]
dataset [SantaCasaSkfoldDataset] was created
                 images    gauss  ... all_together target
0   20220315_184023.jpg      seg  ...          seg      0
1   20220315_184432.jpg      seg  ...          seg      0
2   20220315_184701.jpg  not seg  ...          seg      0
3   20220315_184740.jpg      seg  ...          seg      0
4   20220315_185230.jpg      seg  ...          seg      0
..                  ...      ...  ...          ...    ...
83         IMG_5503.JPG  not seg  ...      not seg      0
84         IMG_5505.JPG      seg  ...          seg      0
85         IMG_5507.JPG      seg  ...          seg      0
86         IMG_5509.JPG      seg  ...          seg      0
87         IMG_5604.JPG      seg  ...          seg      0

[88 rows x 5 columns]
bins selected for val: [1, 2, 3, 4, 5, 6, 7, 8, 9]
bins selected for val: [0, 2, 3, 4, 5, 6, 7, 8, 9]
bins selected for val: [0, 1, 3, 4, 5, 6, 7, 8, 9]
bins selected for val: [0, 1, 2, 4, 5, 6, 7, 8, 9]
bins selected for val: [0, 1, 2, 3, 5, 6, 7, 8, 9]
bins selected for val: [0, 1, 2, 3, 4, 6, 7, 8, 9]
bins selected for val: [0, 1, 2, 3, 4, 5, 7, 8, 9]
bins selected for val: [0, 1, 2, 3, 4, 5, 6, 8, 9]
bins selected for val: [0, 1, 2, 3, 4, 5, 6, 7, 9]
bins selected for val: [0, 1, 2, 3, 4, 5, 6, 7, 8]
dataset [SantaCasaSkfoldDataset] was created
The number of training images = 42
The number of val images = 4
initialize network with normal
initialize network with normal
model [Pix2PixModel] was created
---------- Networks initialized -------------
[Network G] Total number of parameters : 54.414 M
[Network D] Total number of parameters : 2.769 M
-----------------------------------------------
Exception in user code:
------------------------------------------------------------


Could not connect to Visdom server. 
 Trying to start a server....
Command: /usr/bin/python3 -m visdom.server -p 8097 &>/dev/null &
create web directory /home/otto.tavares/public/iltbi/rxpixp2pixcycle/checkpoints/santacasa_test_0_sort_3/web...
learning rate 0.0002000 -> 0.0002000
End of epoch 1 / 200 	 Time Taken: 3 sec
learning rate 0.0002000 -> 0.0002000
End of epoch 2 / 200 	 Time Taken: 2 sec
learning rate 0.0002000 -> 0.0002000
OrderedDict([('G_GAN', 0.3507216274738312), ('G_L1', 5.5093278884887695), ('D_real', 0.3559134602546692), ('D_fake', 0.26628825068473816), ('KL_realB_fakeB', 0.15517453586721733)])
(epoch: 3, iters: 16, time: 0.054, data: 0.391) G_GAN: 0.351 G_L1: 5.509 D_real: 0.356 D_fake: 0.266 KL_realB_fakeB: 0.155 
End of epoch 3 / 200 	 Time Taken: 2 sec
learning rate 0.0002000 -> 0.0002000
End of epoch 4 / 200 	 Time Taken: 2 sec
learning rate 0.0002000 -> 0.0002000
OrderedDict([('G_GAN', 0.36074599623680115), ('G_L1', 5.383673191070557), ('D_real', 0.38390982151031494), ('D_fake', 0.33925890922546387), ('KL_realB_fakeB', 1.244376429524836)])
(epoch: 5, iters: 32, time: 0.057, data: 1.038) G_GAN: 0.361 G_L1: 5.384 D_real: 0.384 D_fake: 0.339 KL_realB_fakeB: 1.244 
OrderedDict([('G_GAN_val', 0.5416382551193237), ('G_L1_val', 4.57706880569458), ('D_real_val', 0.5493521690368652), ('D_fake_val', 0.4723670780658722), ('KL_realB_fakeB_val', 0.5650529200375682)])
end of validation step
OrderedDict([('G_GAN_val', 0.6489914655685425), ('G_L1_val', 5.495089054107666), ('D_real_val', 0.6492552757263184), ('D_fake_val', 0.647027313709259), ('KL_realB_fakeB_val', 0.21760149833833384)])
end of validation step
OrderedDict([('G_GAN_val', 0.5437509417533875), ('G_L1_val', 4.904358863830566), ('D_real_val', 0.49944379925727844), ('D_fake_val', 0.5050966143608093), ('KL_realB_fakeB_val', 0.2911875798870493)])
end of validation step
OrderedDict([('G_GAN_val', 0.6554974913597107), ('G_L1_val', 10.119779586791992), ('D_real_val', 0.6005570888519287), ('D_fake_val', 0.49910375475883484), ('KL_realB_fakeB_val', 0.08707163964952555)])
end of validation step
saving the model at the end of epoch 5, iters 210
End of epoch 5 / 200 	 Time Taken: 8 sec
learning rate 0.0002000 -> 0.0002000
End of epoch 6 / 200 	 Time Taken: 2 sec
learning rate 0.0002000 -> 0.0002000
End of epoch 7 / 200 	 Time Taken: 2 sec
learning rate 0.0002000 -> 0.0002000
OrderedDict([('G_GAN', 0.28226563334465027), ('G_L1', 3.8541033267974854), ('D_real', 0.2838006913661957), ('D_fake', 0.24131996929645538), ('KL_realB_fakeB', 0.12946360707667348)])
(epoch: 8, iters: 6, time: 0.057, data: 2.190) G_GAN: 0.282 G_L1: 3.854 D_real: 0.284 D_fake: 0.241 KL_realB_fakeB: 0.129 
End of epoch 8 / 200 	 Time Taken: 2 sec
learning rate 0.0002000 -> 0.0002000
End of epoch 9 / 200 	 Time Taken: 2 sec
learning rate 0.0002000 -> 0.0002000
OrderedDict([('G_GAN', 0.3104335069656372), ('G_L1', 5.251927375793457), ('D_real', 0.20687849819660187), ('D_fake', 0.2917535603046417), ('KL_realB_fakeB', 0.23479188901789505)])
(epoch: 10, iters: 22, time: 0.817, data: 0.783) G_GAN: 0.310 G_L1: 5.252 D_real: 0.207 D_fake: 0.292 KL_realB_fakeB: 0.235 
OrderedDict([('G_GAN_val', 0.27383244037628174), ('G_L1_val', 4.6502556800842285), ('D_real_val', 0.23831894993782043), ('D_fake_val', 0.29750651121139526), ('KL_realB_fakeB_val', 0.3691518396357851)])
end of validation step
OrderedDict([('G_GAN_val', 0.3125511407852173), ('G_L1_val', 3.9313158988952637), ('D_real_val', 0.30375897884368896), ('D_fake_val', 0.24890388548374176), ('KL_realB_fakeB_val', 0.2029464388584284)])
end of validation step
OrderedDict([('G_GAN_val', 0.301864355802536), ('G_L1_val', 4.114779472351074), ('D_real_val', 0.28304845094680786), ('D_fake_val', 0.2413867712020874), ('KL_realB_fakeB_val', 0.691946628480935)])
end of validation step
OrderedDict([('G_GAN_val', 0.31041938066482544), ('G_L1_val', 4.010477542877197), ('D_real_val', 0.27164652943611145), ('D_fake_val', 0.2313489317893982), ('KL_realB_fakeB_val', 0.4636140702826841)])
end of validation step
saving the model at the end of epoch 10, iters 420
End of epoch 10 / 200 	 Time Taken: 9 sec
learning rate 0.0002000 -> 0.0002000
End of epoch 11 / 200 	 Time Taken: 2 sec
learning rate 0.0002000 -> 0.0002000
OrderedDict([('G_GAN', 0.39136913418769836), ('G_L1', 3.7877299785614014), ('D_real', 0.43090882897377014), ('D_fake', 0.3366187512874603), ('KL_realB_fakeB', 0.8821103152810255)])
(epoch: 12, iters: 38, time: 0.048, data: 2.551) G_GAN: 0.391 G_L1: 3.788 D_real: 0.431 D_fake: 0.337 KL_realB_fakeB: 0.882 
End of epoch 12 / 200 	 Time Taken: 2 sec
learning rate 0.0002000 -> 0.0002000
End of epoch 13 / 200 	 Time Taken: 2 sec
learning rate 0.0002000 -> 0.0002000
End of epoch 14 / 200 	 Time Taken: 2 sec
learning rate 0.0002000 -> 0.0002000
OrderedDict([('G_GAN', 0.3508368134498596), ('G_L1', 3.3525028228759766), ('D_real', 0.249500572681427), ('D_fake', 0.34916555881500244), ('KL_realB_fakeB', 0.15778832469388626)])
(epoch: 15, iters: 12, time: 0.057, data: 2.255) G_GAN: 0.351 G_L1: 3.353 D_real: 0.250 D_fake: 0.349 KL_realB_fakeB: 0.158 
OrderedDict([('G_GAN_val', 0.37282049655914307), ('G_L1_val', 4.132326126098633), ('D_real_val', 0.32728517055511475), ('D_fake_val', 0.2618875801563263), ('KL_realB_fakeB_val', 0.9835789787924252)])
end of validation step
OrderedDict([('G_GAN_val', 0.34634312987327576), ('G_L1_val', 4.251833915710449), ('D_real_val', 0.3465076684951782), ('D_fake_val', 0.28871747851371765), ('KL_realB_fakeB_val', 0.6753669714492934)])
end of validation step
OrderedDict([('G_GAN_val', 0.31449493765830994), ('G_L1_val', 4.296926498413086), ('D_real_val', 0.3310156464576721), ('D_fake_val', 0.2918400764465332), ('KL_realB_fakeB_val', 0.22056862941227498)])
end of validation step
OrderedDict([('G_GAN_val', 0.32099440693855286), ('G_L1_val', 4.5335540771484375), ('D_real_val', 0.2958335876464844), ('D_fake_val', 0.323774516582489), ('KL_realB_fakeB_val', 0.6911272104827203)])
end of validation step
saving the model at the end of epoch 15, iters 630
End of epoch 15 / 200 	 Time Taken: 8 sec
learning rate 0.0002000 -> 0.0002000
End of epoch 16 / 200 	 Time Taken: 2 sec
learning rate 0.0002000 -> 0.0002000
OrderedDict([('G_GAN', 0.29743728041648865), ('G_L1', 3.246471405029297), ('D_real', 0.2246699035167694), ('D_fake', 0.28096872568130493), ('KL_realB_fakeB', 0.12684071584612844)])
(epoch: 17, iters: 28, time: 0.059, data: 1.203) G_GAN: 0.297 G_L1: 3.246 D_real: 0.225 D_fake: 0.281 KL_realB_fakeB: 0.127 
End of epoch 17 / 200 	 Time Taken: 2 sec
learning rate 0.0002000 -> 0.0002000
End of epoch 18 / 200 	 Time Taken: 2 sec
learning rate 0.0002000 -> 0.0002000
End of epoch 19 / 200 	 Time Taken: 2 sec
learning rate 0.0002000 -> 0.0002000
OrderedDict([('G_GAN', 0.30725225806236267), ('G_L1', 3.1004717350006104), ('D_real', 0.3928965926170349), ('D_fake', 0.16289879381656647), ('KL_realB_fakeB', 0.28074335911913806)])
(epoch: 20, iters: 2, time: 0.464, data: 1.863) G_GAN: 0.307 G_L1: 3.100 D_real: 0.393 D_fake: 0.163 KL_realB_fakeB: 0.281 
OrderedDict([('G_GAN_val', 0.24245697259902954), ('G_L1_val', 3.639535903930664), ('D_real_val', 0.27034011483192444), ('D_fake_val', 0.2914491295814514), ('KL_realB_fakeB_val', 0.13755494882369507)])
end of validation step
OrderedDict([('G_GAN_val', 0.297726571559906), ('G_L1_val', 3.1731643676757812), ('D_real_val', 0.25671133399009705), ('D_fake_val', 0.21891704201698303), ('KL_realB_fakeB_val', 0.1373834503205506)])
end of validation step
OrderedDict([('G_GAN_val', 0.3531351387500763), ('G_L1_val', 3.041395902633667), ('D_real_val', 0.2072257250547409), ('D_fake_val', 0.1757337898015976), ('KL_realB_fakeB_val', 0.09934556929795307)])
end of validation step
OrderedDict([('G_GAN_val', 0.23485466837882996), ('G_L1_val', 3.5921688079833984), ('D_real_val', 0.19674570858478546), ('D_fake_val', 0.289716511964798), ('KL_realB_fakeB_val', 0.07900067765061493)])
end of validation step
saving the model at the end of epoch 20, iters 840
End of epoch 20 / 200 	 Time Taken: 8 sec
learning rate 0.0002000 -> 0.0002000
End of epoch 21 / 200 	 Time Taken: 2 sec
learning rate 0.0002000 -> 0.0002000
OrderedDict([('G_GAN', 0.2893218398094177), ('G_L1', 3.0655150413513184), ('D_real', 0.3851902484893799), ('D_fake', 0.17976580560207367), ('KL_realB_fakeB', 0.12013045002120187)])
(epoch: 22, iters: 18, time: 0.056, data: 0.961) G_GAN: 0.289 G_L1: 3.066 D_real: 0.385 D_fake: 0.180 KL_realB_fakeB: 0.120 
End of epoch 22 / 200 	 Time Taken: 2 sec
learning rate 0.0002000 -> 0.0002000
End of epoch 23 / 200 	 Time Taken: 2 sec
learning rate 0.0002000 -> 0.0002000
OrderedDict([('G_GAN', 0.26134541630744934), ('G_L1', 2.2880847454071045), ('D_real', 0.2401009500026703), ('D_fake', 0.3448046147823334), ('KL_realB_fakeB', 0.15689985146158927)])
(epoch: 24, iters: 34, time: 0.055, data: 1.348) G_GAN: 0.261 G_L1: 2.288 D_real: 0.240 D_fake: 0.345 KL_realB_fakeB: 0.157 
End of epoch 24 / 200 	 Time Taken: 2 sec
learning rate 0.0002000 -> 0.0002000
OrderedDict([('G_GAN_val', 0.4135015904903412), ('G_L1_val', 3.3158679008483887), ('D_real_val', 0.2669926881790161), ('D_fake_val', 0.17731961607933044), ('KL_realB_fakeB_val', 0.10295692607143511)])
end of validation step
OrderedDict([('G_GAN_val', 0.507032573223114), ('G_L1_val', 3.3553402423858643), ('D_real_val', 0.19922760128974915), ('D_fake_val', 0.1260257363319397), ('KL_realB_fakeB_val', 0.113828917082089)])
end of validation step
OrderedDict([('G_GAN_val', 0.26372775435447693), ('G_L1_val', 3.790656566619873), ('D_real_val', 0.19204671680927277), ('D_fake_val', 0.2669437527656555), ('KL_realB_fakeB_val', 0.07503605103462554)])
end of validation step
OrderedDict([('G_GAN_val', 0.23535557091236115), ('G_L1_val', 3.0923163890838623), ('D_real_val', 0.23973028361797333), ('D_fake_val', 0.3431408107280731), ('KL_realB_fakeB_val', 0.08096996773119733)])
end of validation step
saving the model at the end of epoch 25, iters 1050
End of epoch 25 / 200 	 Time Taken: 8 sec
learning rate 0.0002000 -> 0.0002000
End of epoch 26 / 200 	 Time Taken: 2 sec
learning rate 0.0002000 -> 0.0002000
OrderedDict([('G_GAN', 0.2881387770175934), ('G_L1', 2.576795816421509), ('D_real', 0.2552216947078705), ('D_fake', 0.26002007722854614), ('KL_realB_fakeB', 0.0778663459812979)])
(epoch: 27, iters: 8, time: 0.056, data: 2.399) G_GAN: 0.288 G_L1: 2.577 D_real: 0.255 D_fake: 0.260 KL_realB_fakeB: 0.078 
End of epoch 27 / 200 	 Time Taken: 2 sec
learning rate 0.0002000 -> 0.0002000
End of epoch 28 / 200 	 Time Taken: 2 sec
learning rate 0.0002000 -> 0.0002000
OrderedDict([('G_GAN', 0.4337875247001648), ('G_L1', 2.605104446411133), ('D_real', 0.1899470090866089), ('D_fake', 0.2563566565513611), ('KL_realB_fakeB', 0.09253596603229479)])
(epoch: 29, iters: 24, time: 0.482, data: 0.791) G_GAN: 0.434 G_L1: 2.605 D_real: 0.190 D_fake: 0.256 KL_realB_fakeB: 0.093 
End of epoch 29 / 200 	 Time Taken: 3 sec
learning rate 0.0002000 -> 0.0002000
OrderedDict([('G_GAN_val', 0.10882370918989182), ('G_L1_val', 3.580305337905884), ('D_real_val', 0.11750137805938721), ('D_fake_val', 0.5565062761306763), ('KL_realB_fakeB_val', 0.08764542443452825)])
end of validation step
OrderedDict([('G_GAN_val', 0.09437259286642075), ('G_L1_val', 3.8661141395568848), ('D_real_val', 0.09146706759929657), ('D_fake_val', 0.5971996784210205), ('KL_realB_fakeB_val', 0.08352957153616072)])
end of validation step
OrderedDict([('G_GAN_val', 0.12498023360967636), ('G_L1_val', 3.2268497943878174), ('D_real_val', 0.10104911774396896), ('D_fake_val', 0.49939611554145813), ('KL_realB_fakeB_val', 0.11169160361663238)])
end of validation step
OrderedDict([('G_GAN_val', 0.16192097961902618), ('G_L1_val', 2.7771873474121094), ('D_real_val', 0.07766915112733841), ('D_fake_val', 0.41527825593948364), ('KL_realB_fakeB_val', 0.12840096522834085)])
end of validation step
saving the model at the end of epoch 30, iters 1260
End of epoch 30 / 200 	 Time Taken: 8 sec
learning rate 0.0002000 -> 0.0002000
OrderedDict([('G_GAN', 0.2912038564682007), ('G_L1', 2.5786685943603516), ('D_real', 0.3743501305580139), ('D_fake', 0.19665907323360443), ('KL_realB_fakeB', 0.12612159552823796)])
(epoch: 31, iters: 40, time: 0.055, data: 2.146) G_GAN: 0.291 G_L1: 2.579 D_real: 0.374 D_fake: 0.197 KL_realB_fakeB: 0.126 
End of epoch 31 / 200 	 Time Taken: 2 sec
learning rate 0.0002000 -> 0.0002000
End of epoch 32 / 200 	 Time Taken: 2 sec
learning rate 0.0002000 -> 0.0002000
End of epoch 33 / 200 	 Time Taken: 2 sec
learning rate 0.0002000 -> 0.0002000
OrderedDict([('G_GAN', 0.3978547155857086), ('G_L1', 2.6616430282592773), ('D_real', 0.15580043196678162), ('D_fake', 0.3190580904483795), ('KL_realB_fakeB', 0.13074232579431821)])
(epoch: 34, iters: 14, time: 0.054, data: 2.520) G_GAN: 0.398 G_L1: 2.662 D_real: 0.156 D_fake: 0.319 KL_realB_fakeB: 0.131 
End of epoch 34 / 200 	 Time Taken: 2 sec
learning rate 0.0002000 -> 0.0002000
OrderedDict([('G_GAN_val', 0.9669318795204163), ('G_L1_val', 3.1106646060943604), ('D_real_val', 0.3661247491836548), ('D_fake_val', 0.03383644297719002), ('KL_realB_fakeB_val', 0.20777503199958364)])
end of validation step
OrderedDict([('G_GAN_val', 0.7512020468711853), ('G_L1_val', 3.707151174545288), ('D_real_val', 0.5161312222480774), ('D_fake_val', 0.04448040947318077), ('KL_realB_fakeB_val', 0.26772610451331535)])
end of validation step
OrderedDict([('G_GAN_val', 0.8457590341567993), ('G_L1_val', 3.080022096633911), ('D_real_val', 0.4147968888282776), ('D_fake_val', 0.03730905428528786), ('KL_realB_fakeB_val', 0.39693924125457813)])
end of validation step
OrderedDict([('G_GAN_val', 0.5559508800506592), ('G_L1_val', 3.369687795639038), ('D_real_val', 0.4677228331565857), ('D_fake_val', 0.10323905199766159), ('KL_realB_fakeB_val', 0.24760696720394249)])
end of validation step
saving the model at the end of epoch 35, iters 1470
End of epoch 35 / 200 	 Time Taken: 8 sec
learning rate 0.0002000 -> 0.0002000
OrderedDict([('G_GAN', 0.4561530351638794), ('G_L1', 2.2388525009155273), ('D_real', 0.26539525389671326), ('D_fake', 0.24811042845249176), ('KL_realB_fakeB', 0.09981514937615511)])
(epoch: 36, iters: 30, time: 0.056, data: 1.181) G_GAN: 0.456 G_L1: 2.239 D_real: 0.265 D_fake: 0.248 KL_realB_fakeB: 0.100 
End of epoch 36 / 200 	 Time Taken: 2 sec
learning rate 0.0002000 -> 0.0002000
End of epoch 37 / 200 	 Time Taken: 2 sec
learning rate 0.0002000 -> 0.0002000
End of epoch 38 / 200 	 Time Taken: 2 sec
learning rate 0.0002000 -> 0.0002000
OrderedDict([('G_GAN', 0.665564239025116), ('G_L1', 2.6057748794555664), ('D_real', 0.10317640006542206), ('D_fake', 0.29393264651298523), ('KL_realB_fakeB', 0.09512271445949406)])
(epoch: 39, iters: 4, time: 0.550, data: 1.994) G_GAN: 0.666 G_L1: 2.606 D_real: 0.103 D_fake: 0.294 KL_realB_fakeB: 0.095 
End of epoch 39 / 200 	 Time Taken: 2 sec
learning rate 0.0002000 -> 0.0002000
OrderedDict([('G_GAN_val', 0.311316579580307), ('G_L1_val', 3.903336763381958), ('D_real_val', 0.24442261457443237), ('D_fake_val', 0.2419068068265915), ('KL_realB_fakeB_val', 0.1557644369626356)])
end of validation step
OrderedDict([('G_GAN_val', 0.3779001235961914), ('G_L1_val', 3.354836940765381), ('D_real_val', 0.14548559486865997), ('D_fake_val', 0.18806549906730652), ('KL_realB_fakeB_val', 0.3436863024082709)])
end of validation step
OrderedDict([('G_GAN_val', 0.3388034403324127), ('G_L1_val', 3.333552122116089), ('D_real_val', 0.18133234977722168), ('D_fake_val', 0.2080170065164566), ('KL_realB_fakeB_val', 0.14650076856419697)])
end of validation step
OrderedDict([('G_GAN_val', 0.3370552957057953), ('G_L1_val', 3.93511700630188), ('D_real_val', 0.21080449223518372), ('D_fake_val', 0.21886438131332397), ('KL_realB_fakeB_val', 0.1401252308625231)])
end of validation step
saving the model at the end of epoch 40, iters 1680
End of epoch 40 / 200 	 Time Taken: 8 sec
learning rate 0.0002000 -> 0.0002000
OrderedDict([('G_GAN', 0.32039371132850647), ('G_L1', 2.9229021072387695), ('D_real', 0.22067871689796448), ('D_fake', 0.2028338611125946), ('KL_realB_fakeB', 0.23339079084143172)])
(epoch: 41, iters: 20, time: 0.046, data: 1.155) G_GAN: 0.320 G_L1: 2.923 D_real: 0.221 D_fake: 0.203 KL_realB_fakeB: 0.233 
End of epoch 41 / 200 	 Time Taken: 2 sec
learning rate 0.0002000 -> 0.0002000
End of epoch 42 / 200 	 Time Taken: 2 sec
learning rate 0.0002000 -> 0.0002000
OrderedDict([('G_GAN', 0.3591899275779724), ('G_L1', 2.514005184173584), ('D_real', 0.18031024932861328), ('D_fake', 0.2800144553184509), ('KL_realB_fakeB', 0.1677159470123771)])
(epoch: 43, iters: 36, time: 0.059, data: 1.317) G_GAN: 0.359 G_L1: 2.514 D_real: 0.180 D_fake: 0.280 KL_realB_fakeB: 0.168 
End of epoch 43 / 200 	 Time Taken: 2 sec
learning rate 0.0002000 -> 0.0002000
End of epoch 44 / 200 	 Time Taken: 2 sec
learning rate 0.0002000 -> 0.0002000
OrderedDict([('G_GAN_val', 0.2896910309791565), ('G_L1_val', 3.028240442276001), ('D_real_val', 0.09802144765853882), ('D_fake_val', 0.2912217676639557), ('KL_realB_fakeB_val', 0.3762539503367567)])
end of validation step
OrderedDict([('G_GAN_val', 0.3074852526187897), ('G_L1_val', 3.870471477508545), ('D_real_val', 0.18341808021068573), ('D_fake_val', 0.2689405679702759), ('KL_realB_fakeB_val', 0.19654735592661277)])
end of validation step
OrderedDict([('G_GAN_val', 0.33777424693107605), ('G_L1_val', 3.229215621948242), ('D_real_val', 0.26483842730522156), ('D_fake_val', 0.26095980405807495), ('KL_realB_fakeB_val', 0.2546616910090838)])
end of validation step
OrderedDict([('G_GAN_val', 0.2825522720813751), ('G_L1_val', 2.972655773162842), ('D_real_val', 0.0812208503484726), ('D_fake_val', 0.3123423755168915), ('KL_realB_fakeB_val', 0.4163216506492232)])
end of validation step
saving the model at the end of epoch 45, iters 1890
End of epoch 45 / 200 	 Time Taken: 8 sec
learning rate 0.0002000 -> 0.0002000
OrderedDict([('G_GAN', 0.30828261375427246), ('G_L1', 2.548597812652588), ('D_real', 0.3353999853134155), ('D_fake', 0.15510189533233643), ('KL_realB_fakeB', 0.08356055043643384)])
(epoch: 46, iters: 10, time: 0.056, data: 2.275) G_GAN: 0.308 G_L1: 2.549 D_real: 0.335 D_fake: 0.155 KL_realB_fakeB: 0.084 
End of epoch 46 / 200 	 Time Taken: 2 sec
learning rate 0.0002000 -> 0.0002000
End of epoch 47 / 200 	 Time Taken: 2 sec
learning rate 0.0002000 -> 0.0002000
OrderedDict([('G_GAN', 0.3673177659511566), ('G_L1', 2.2512729167938232), ('D_real', 0.2389230728149414), ('D_fake', 0.19444580376148224), ('KL_realB_fakeB', 0.08703458731027947)])
(epoch: 48, iters: 26, time: 0.517, data: 0.873) G_GAN: 0.367 G_L1: 2.251 D_real: 0.239 D_fake: 0.194 KL_realB_fakeB: 0.087 
End of epoch 48 / 200 	 Time Taken: 2 sec
learning rate 0.0002000 -> 0.0002000
End of epoch 49 / 200 	 Time Taken: 2 sec
learning rate 0.0002000 -> 0.0002000
OrderedDict([('G_GAN', 0.2353094518184662), ('G_L1', 2.3916385173797607), ('D_real', 0.3233393728733063), ('D_fake', 0.1750154346227646), ('KL_realB_fakeB', 0.13806243012629)])
(epoch: 50, iters: 42, time: 0.057, data: 2.184) G_GAN: 0.235 G_L1: 2.392 D_real: 0.323 D_fake: 0.175 KL_realB_fakeB: 0.138 
OrderedDict([('G_GAN_val', 0.3568055331707001), ('G_L1_val', 3.6830272674560547), ('D_real_val', 0.25947263836860657), ('D_fake_val', 0.21459415555000305), ('KL_realB_fakeB_val', 0.38029324632426365)])
end of validation step
OrderedDict([('G_GAN_val', 0.4220285713672638), ('G_L1_val', 4.402094841003418), ('D_real_val', 0.29043009877204895), ('D_fake_val', 0.19086132943630219), ('KL_realB_fakeB_val', 0.4629098151425331)])
end of validation step
OrderedDict([('G_GAN_val', 0.3813820481300354), ('G_L1_val', 3.3884596824645996), ('D_real_val', 0.1622684746980667), ('D_fake_val', 0.19741472601890564), ('KL_realB_fakeB_val', 0.43126963671927027)])
end of validation step
OrderedDict([('G_GAN_val', 0.304830938577652), ('G_L1_val', 3.3102364540100098), ('D_real_val', 0.12143446505069733), ('D_fake_val', 0.25210484862327576), ('KL_realB_fakeB_val', 0.5484950549555259)])
end of validation step
saving the model at the end of epoch 50, iters 2100
End of epoch 50 / 200 	 Time Taken: 8 sec
learning rate 0.0002000 -> 0.0002000
End of epoch 51 / 200 	 Time Taken: 2 sec
learning rate 0.0002000 -> 0.0002000
End of epoch 52 / 200 	 Time Taken: 2 sec
learning rate 0.0002000 -> 0.0002000
OrderedDict([('G_GAN', 0.167345330119133), ('G_L1', 2.867201566696167), ('D_real', 0.3038267195224762), ('D_fake', 0.26319822669029236), ('KL_realB_fakeB', 0.07439017371219298)])
(epoch: 53, iters: 16, time: 0.058, data: 0.451) G_GAN: 0.167 G_L1: 2.867 D_real: 0.304 D_fake: 0.263 KL_realB_fakeB: 0.074 
End of epoch 53 / 200 	 Time Taken: 2 sec
learning rate 0.0002000 -> 0.0002000
End of epoch 54 / 200 	 Time Taken: 2 sec
learning rate 0.0002000 -> 0.0002000
OrderedDict([('G_GAN', 0.2272772341966629), ('G_L1', 2.2116427421569824), ('D_real', 0.6550866961479187), ('D_fake', 0.048010874539613724), ('KL_realB_fakeB', 0.08662054868022312)])
(epoch: 55, iters: 32, time: 0.055, data: 1.304) G_GAN: 0.227 G_L1: 2.212 D_real: 0.655 D_fake: 0.048 KL_realB_fakeB: 0.087 
OrderedDict([('G_GAN_val', 0.6522531509399414), ('G_L1_val', 4.041327476501465), ('D_real_val', 0.47195103764533997), ('D_fake_val', 0.05650544539093971), ('KL_realB_fakeB_val', 0.1413411080109295)])
end of validation step
OrderedDict([('G_GAN_val', 0.5944122672080994), ('G_L1_val', 3.1107096672058105), ('D_real_val', 0.24480395019054413), ('D_fake_val', 0.07691341638565063), ('KL_realB_fakeB_val', 0.14700502578741945)])
end of validation step
OrderedDict([('G_GAN_val', 0.7098516225814819), ('G_L1_val', 2.7106430530548096), ('D_real_val', 0.38935038447380066), ('D_fake_val', 0.05532962083816528), ('KL_realB_fakeB_val', 0.15358966868495733)])
end of validation step
OrderedDict([('G_GAN_val', 0.60662841796875), ('G_L1_val', 2.909635305404663), ('D_real_val', 0.4758068919181824), ('D_fake_val', 0.07202665507793427), ('KL_realB_fakeB_val', 0.08558857973676362)])
end of validation step
saving the model at the end of epoch 55, iters 2310
End of epoch 55 / 200 	 Time Taken: 8 sec
learning rate 0.0002000 -> 0.0002000
End of epoch 56 / 200 	 Time Taken: 2 sec
learning rate 0.0002000 -> 0.0002000
End of epoch 57 / 200 	 Time Taken: 2 sec
learning rate 0.0002000 -> 0.0002000
OrderedDict([('G_GAN', 0.16518646478652954), ('G_L1', 1.5233232975006104), ('D_real', 0.6023972034454346), ('D_fake', 0.04493662714958191), ('KL_realB_fakeB', 0.07019576099038949)])
(epoch: 58, iters: 6, time: 0.651, data: 2.274) G_GAN: 0.165 G_L1: 1.523 D_real: 0.602 D_fake: 0.045 KL_realB_fakeB: 0.070 
End of epoch 58 / 200 	 Time Taken: 3 sec
learning rate 0.0002000 -> 0.0002000
End of epoch 59 / 200 	 Time Taken: 2 sec
learning rate 0.0002000 -> 0.0002000
OrderedDict([('G_GAN', 0.490737646818161), ('G_L1', 1.9399991035461426), ('D_real', 0.231888547539711), ('D_fake', 0.1727321594953537), ('KL_realB_fakeB', 0.6215118752968649)])
(epoch: 60, iters: 22, time: 0.042, data: 1.163) G_GAN: 0.491 G_L1: 1.940 D_real: 0.232 D_fake: 0.173 KL_realB_fakeB: 0.622 
OrderedDict([('G_GAN_val', 0.7370476722717285), ('G_L1_val', 2.579374313354492), ('D_real_val', 0.4399471580982208), ('D_fake_val', 0.07798145711421967), ('KL_realB_fakeB_val', 0.14515965862655056)])
end of validation step
OrderedDict([('G_GAN_val', 0.8398191332817078), ('G_L1_val', 3.9835524559020996), ('D_real_val', 0.6226792931556702), ('D_fake_val', 0.04804617166519165), ('KL_realB_fakeB_val', 0.1265310705142958)])
end of validation step
OrderedDict([('G_GAN_val', 0.6263564825057983), ('G_L1_val', 3.3992581367492676), ('D_real_val', 0.5723541975021362), ('D_fake_val', 0.09031197428703308), ('KL_realB_fakeB_val', 0.1273269466842846)])
end of validation step
OrderedDict([('G_GAN_val', 0.7251005172729492), ('G_L1_val', 2.8289575576782227), ('D_real_val', 0.33509713411331177), ('D_fake_val', 0.07588303089141846), ('KL_realB_fakeB_val', 0.14028955921548064)])
end of validation step
saving the model at the end of epoch 60, iters 2520
End of epoch 60 / 200 	 Time Taken: 8 sec
learning rate 0.0002000 -> 0.0002000
End of epoch 61 / 200 	 Time Taken: 2 sec
learning rate 0.0002000 -> 0.0002000
OrderedDict([('G_GAN', 0.5090492963790894), ('G_L1', 1.8245763778686523), ('D_real', 0.15974082052707672), ('D_fake', 0.489539235830307), ('KL_realB_fakeB', 0.08612069663522277)])
(epoch: 62, iters: 38, time: 0.057, data: 1.579) G_GAN: 0.509 G_L1: 1.825 D_real: 0.160 D_fake: 0.490 KL_realB_fakeB: 0.086 
End of epoch 62 / 200 	 Time Taken: 2 sec
learning rate 0.0002000 -> 0.0002000
End of epoch 63 / 200 	 Time Taken: 2 sec
learning rate 0.0002000 -> 0.0002000
End of epoch 64 / 200 	 Time Taken: 2 sec
learning rate 0.0002000 -> 0.0002000
OrderedDict([('G_GAN', 0.37834101915359497), ('G_L1', 1.9316743612289429), ('D_real', 0.2749132812023163), ('D_fake', 0.31417810916900635), ('KL_realB_fakeB', 0.12087043432661797)])
(epoch: 65, iters: 12, time: 0.057, data: 2.343) G_GAN: 0.378 G_L1: 1.932 D_real: 0.275 D_fake: 0.314 KL_realB_fakeB: 0.121 
OrderedDict([('G_GAN_val', 0.46153369545936584), ('G_L1_val', 3.3826141357421875), ('D_real_val', 0.3924925625324249), ('D_fake_val', 0.33120760321617126), ('KL_realB_fakeB_val', 0.09107859669640045)])
end of validation step
OrderedDict([('G_GAN_val', 0.5913407802581787), ('G_L1_val', 3.684802770614624), ('D_real_val', 0.4523043632507324), ('D_fake_val', 0.18698571622371674), ('KL_realB_fakeB_val', 0.06755565416357123)])
end of validation step
OrderedDict([('G_GAN_val', 0.5805467367172241), ('G_L1_val', 2.7338509559631348), ('D_real_val', 0.32166382670402527), ('D_fake_val', 0.21350440382957458), ('KL_realB_fakeB_val', 0.10871454641056638)])
end of validation step
OrderedDict([('G_GAN_val', 0.500586211681366), ('G_L1_val', 3.1473796367645264), ('D_real_val', 0.20487792789936066), ('D_fake_val', 0.245513454079628), ('KL_realB_fakeB_val', 0.103382503316028)])
end of validation step
saving the model at the end of epoch 65, iters 2730
End of epoch 65 / 200 	 Time Taken: 8 sec
learning rate 0.0002000 -> 0.0002000
End of epoch 66 / 200 	 Time Taken: 2 sec
learning rate 0.0002000 -> 0.0002000
OrderedDict([('G_GAN', 0.2275305539369583), ('G_L1', 1.8972437381744385), ('D_real', 0.21051201224327087), ('D_fake', 0.30972495675086975), ('KL_realB_fakeB', 0.07444081935070007)])
(epoch: 67, iters: 28, time: 0.804, data: 1.011) G_GAN: 0.228 G_L1: 1.897 D_real: 0.211 D_fake: 0.310 KL_realB_fakeB: 0.074 
End of epoch 67 / 200 	 Time Taken: 3 sec
learning rate 0.0002000 -> 0.0002000
End of epoch 68 / 200 	 Time Taken: 2 sec
learning rate 0.0002000 -> 0.0002000
End of epoch 69 / 200 	 Time Taken: 2 sec
learning rate 0.0002000 -> 0.0002000
OrderedDict([('G_GAN', 0.35085439682006836), ('G_L1', 1.372807502746582), ('D_real', 0.15465551614761353), ('D_fake', 0.2864473760128021), ('KL_realB_fakeB', 0.08610603458722699)])
(epoch: 70, iters: 2, time: 0.042, data: 2.537) G_GAN: 0.351 G_L1: 1.373 D_real: 0.155 D_fake: 0.286 KL_realB_fakeB: 0.086 
OrderedDict([('G_GAN_val', 0.2855064570903778), ('G_L1_val', 2.3434665203094482), ('D_real_val', 0.11153120547533035), ('D_fake_val', 0.3082636296749115), ('KL_realB_fakeB_val', 0.12047092447822574)])
end of validation step
OrderedDict([('G_GAN_val', 0.1637507677078247), ('G_L1_val', 2.8878448009490967), ('D_real_val', 0.059007078409194946), ('D_fake_val', 0.4538637399673462), ('KL_realB_fakeB_val', 0.0928205239804339)])
end of validation step
OrderedDict([('G_GAN_val', 0.17475087940692902), ('G_L1_val', 3.4565162658691406), ('D_real_val', 0.1497587263584137), ('D_fake_val', 0.41404256224632263), ('KL_realB_fakeB_val', 0.1465424255733382)])
end of validation step
OrderedDict([('G_GAN_val', 0.3787730038166046), ('G_L1_val', 3.79257869720459), ('D_real_val', 0.1700855940580368), ('D_fake_val', 0.22202590107917786), ('KL_realB_fakeB_val', 0.10886206272510277)])
end of validation step
saving the model at the end of epoch 70, iters 2940
End of epoch 70 / 200 	 Time Taken: 8 sec
learning rate 0.0002000 -> 0.0002000
End of epoch 71 / 200 	 Time Taken: 2 sec
learning rate 0.0002000 -> 0.0002000
OrderedDict([('G_GAN', 0.41854995489120483), ('G_L1', 1.9787102937698364), ('D_real', 0.15476851165294647), ('D_fake', 0.20409858226776123), ('KL_realB_fakeB', 0.09924393675774477)])
(epoch: 72, iters: 18, time: 0.058, data: 0.520) G_GAN: 0.419 G_L1: 1.979 D_real: 0.155 D_fake: 0.204 KL_realB_fakeB: 0.099 
End of epoch 72 / 200 	 Time Taken: 2 sec
learning rate 0.0002000 -> 0.0002000
End of epoch 73 / 200 	 Time Taken: 2 sec
learning rate 0.0002000 -> 0.0002000
OrderedDict([('G_GAN', 0.16279463469982147), ('G_L1', 2.2924606800079346), ('D_real', 0.12028944492340088), ('D_fake', 0.4838421046733856), ('KL_realB_fakeB', 0.06223491824249473)])
(epoch: 74, iters: 34, time: 0.057, data: 1.335) G_GAN: 0.163 G_L1: 2.292 D_real: 0.120 D_fake: 0.484 KL_realB_fakeB: 0.062 
End of epoch 74 / 200 	 Time Taken: 2 sec
learning rate 0.0002000 -> 0.0002000
OrderedDict([('G_GAN_val', 0.5079159736633301), ('G_L1_val', 2.7633216381073), ('D_real_val', 0.24402190744876862), ('D_fake_val', 0.11617732048034668), ('KL_realB_fakeB_val', 0.18192414507505916)])
end of validation step
OrderedDict([('G_GAN_val', 0.4353404641151428), ('G_L1_val', 3.0864498615264893), ('D_real_val', 0.3741878271102905), ('D_fake_val', 0.1493307501077652), ('KL_realB_fakeB_val', 0.23403591942034832)])
end of validation step
OrderedDict([('G_GAN_val', 0.36422622203826904), ('G_L1_val', 2.7155604362487793), ('D_real_val', 0.18241190910339355), ('D_fake_val', 0.18486805260181427), ('KL_realB_fakeB_val', 0.13399057284245044)])
end of validation step
OrderedDict([('G_GAN_val', 0.5542048215866089), ('G_L1_val', 3.6669459342956543), ('D_real_val', 0.3092864155769348), ('D_fake_val', 0.08785364776849747), ('KL_realB_fakeB_val', 0.0744099864932259)])
end of validation step
saving the model at the end of epoch 75, iters 3150
End of epoch 75 / 200 	 Time Taken: 7 sec
learning rate 0.0002000 -> 0.0002000
End of epoch 76 / 200 	 Time Taken: 2 sec
learning rate 0.0002000 -> 0.0002000
OrderedDict([('G_GAN', 0.23390763998031616), ('G_L1', 1.7739206552505493), ('D_real', 0.33220142126083374), ('D_fake', 0.21432340145111084), ('KL_realB_fakeB', 0.12182399301373528)])
(epoch: 77, iters: 8, time: 0.694, data: 2.170) G_GAN: 0.234 G_L1: 1.774 D_real: 0.332 D_fake: 0.214 KL_realB_fakeB: 0.122 
End of epoch 77 / 200 	 Time Taken: 3 sec
learning rate 0.0002000 -> 0.0002000
End of epoch 78 / 200 	 Time Taken: 2 sec
learning rate 0.0002000 -> 0.0002000
OrderedDict([('G_GAN', 0.2558022439479828), ('G_L1', 1.69693124294281), ('D_real', 0.12204362452030182), ('D_fake', 0.4473876357078552), ('KL_realB_fakeB', 0.09581521492191317)])
(epoch: 79, iters: 24, time: 0.056, data: 1.493) G_GAN: 0.256 G_L1: 1.697 D_real: 0.122 D_fake: 0.447 KL_realB_fakeB: 0.096 
End of epoch 79 / 200 	 Time Taken: 2 sec
learning rate 0.0002000 -> 0.0002000
OrderedDict([('G_GAN_val', 0.44792264699935913), ('G_L1_val', 2.2693533897399902), ('D_real_val', 0.3470361530780792), ('D_fake_val', 0.22546227276325226), ('KL_realB_fakeB_val', 0.10465698859373215)])
end of validation step
OrderedDict([('G_GAN_val', 0.47557300329208374), ('G_L1_val', 3.8481216430664062), ('D_real_val', 0.28210461139678955), ('D_fake_val', 0.2147720754146576), ('KL_realB_fakeB_val', 0.09410727744640433)])
end of validation step
OrderedDict([('G_GAN_val', 0.35154861211776733), ('G_L1_val', 3.1627285480499268), ('D_real_val', 0.2638565003871918), ('D_fake_val', 0.30230775475502014), ('KL_realB_fakeB_val', 0.12967501646172558)])
end of validation step
OrderedDict([('G_GAN_val', 0.3770603537559509), ('G_L1_val', 2.906012535095215), ('D_real_val', 0.21838396787643433), ('D_fake_val', 0.26729387044906616), ('KL_realB_fakeB_val', 0.1268364742401891)])
end of validation step
saving the model at the end of epoch 80, iters 3360
End of epoch 80 / 200 	 Time Taken: 8 sec
learning rate 0.0002000 -> 0.0002000
OrderedDict([('G_GAN', 0.32805439829826355), ('G_L1', 1.9642800092697144), ('D_real', 0.26502305269241333), ('D_fake', 0.09459590911865234), ('KL_realB_fakeB', 0.16672261586109968)])
(epoch: 81, iters: 40, time: 0.056, data: 1.634) G_GAN: 0.328 G_L1: 1.964 D_real: 0.265 D_fake: 0.095 KL_realB_fakeB: 0.167 
End of epoch 81 / 200 	 Time Taken: 2 sec
learning rate 0.0002000 -> 0.0002000
End of epoch 82 / 200 	 Time Taken: 2 sec
learning rate 0.0002000 -> 0.0002000
End of epoch 83 / 200 	 Time Taken: 2 sec
learning rate 0.0002000 -> 0.0002000
OrderedDict([('G_GAN', 0.5148668885231018), ('G_L1', 1.558026671409607), ('D_real', 0.22141176462173462), ('D_fake', 0.23966912925243378), ('KL_realB_fakeB', 0.07845623772973022)])
(epoch: 84, iters: 14, time: 0.056, data: 2.677) G_GAN: 0.515 G_L1: 1.558 D_real: 0.221 D_fake: 0.240 KL_realB_fakeB: 0.078 
End of epoch 84 / 200 	 Time Taken: 2 sec
learning rate 0.0002000 -> 0.0002000
OrderedDict([('G_GAN_val', 0.28164491057395935), ('G_L1_val', 2.701414108276367), ('D_real_val', 0.1548796147108078), ('D_fake_val', 0.31885233521461487), ('KL_realB_fakeB_val', 0.09818324984796328)])
end of validation step
OrderedDict([('G_GAN_val', 0.3360007107257843), ('G_L1_val', 3.769465446472168), ('D_real_val', 0.18515625596046448), ('D_fake_val', 0.28363847732543945), ('KL_realB_fakeB_val', 0.07660237505618112)])
end of validation step
OrderedDict([('G_GAN_val', 0.30006101727485657), ('G_L1_val', 2.7557482719421387), ('D_real_val', 0.25366100668907166), ('D_fake_val', 0.3608030378818512), ('KL_realB_fakeB_val', 0.11886119192435715)])
end of validation step
OrderedDict([('G_GAN_val', 0.2639053165912628), ('G_L1_val', 2.6821177005767822), ('D_real_val', 0.1660706251859665), ('D_fake_val', 0.32957926392555237), ('KL_realB_fakeB_val', 0.12323580944952911)])
end of validation step
saving the model at the end of epoch 85, iters 3570
End of epoch 85 / 200 	 Time Taken: 8 sec
learning rate 0.0002000 -> 0.0002000
OrderedDict([('G_GAN', 0.5206193923950195), ('G_L1', 1.901004433631897), ('D_real', 0.272115558385849), ('D_fake', 0.04653778299689293), ('KL_realB_fakeB', 0.08213614426054638)])
(epoch: 86, iters: 30, time: 0.562, data: 1.337) G_GAN: 0.521 G_L1: 1.901 D_real: 0.272 D_fake: 0.047 KL_realB_fakeB: 0.082 
End of epoch 86 / 200 	 Time Taken: 3 sec
learning rate 0.0002000 -> 0.0002000
End of epoch 87 / 200 	 Time Taken: 2 sec
learning rate 0.0002000 -> 0.0002000
End of epoch 88 / 200 	 Time Taken: 2 sec
learning rate 0.0002000 -> 0.0002000
OrderedDict([('G_GAN', 0.25253260135650635), ('G_L1', 1.7332218885421753), ('D_real', 0.4982832074165344), ('D_fake', 0.056640658527612686), ('KL_realB_fakeB', 0.07627495871843698)])
(epoch: 89, iters: 4, time: 0.055, data: 2.581) G_GAN: 0.253 G_L1: 1.733 D_real: 0.498 D_fake: 0.057 KL_realB_fakeB: 0.076 
End of epoch 89 / 200 	 Time Taken: 2 sec
learning rate 0.0002000 -> 0.0002000
OrderedDict([('G_GAN_val', 0.5615065693855286), ('G_L1_val', 2.363283157348633), ('D_real_val', 0.3862457275390625), ('D_fake_val', 0.07576537132263184), ('KL_realB_fakeB_val', 0.10055467941659253)])
end of validation step
OrderedDict([('G_GAN_val', 0.4507097899913788), ('G_L1_val', 3.090013265609741), ('D_real_val', 0.38546499609947205), ('D_fake_val', 0.12225945293903351), ('KL_realB_fakeB_val', 0.10181441195428488)])
end of validation step
OrderedDict([('G_GAN_val', 0.4587916433811188), ('G_L1_val', 2.9168882369995117), ('D_real_val', 0.23422303795814514), ('D_fake_val', 0.11558099091053009), ('KL_realB_fakeB_val', 0.09225775806780372)])
end of validation step
OrderedDict([('G_GAN_val', 0.5160967707633972), ('G_L1_val', 3.7547364234924316), ('D_real_val', 0.33159318566322327), ('D_fake_val', 0.09260619431734085), ('KL_realB_fakeB_val', 0.09718445836094486)])
end of validation step
saving the model at the end of epoch 90, iters 3780
End of epoch 90 / 200 	 Time Taken: 8 sec
learning rate 0.0002000 -> 0.0002000
OrderedDict([('G_GAN', 0.24942827224731445), ('G_L1', 1.632206916809082), ('D_real', 0.555855929851532), ('D_fake', 0.21555356681346893), ('KL_realB_fakeB', 0.10857819883650634)])
(epoch: 91, iters: 20, time: 0.042, data: 0.673) G_GAN: 0.249 G_L1: 1.632 D_real: 0.556 D_fake: 0.216 KL_realB_fakeB: 0.109 
End of epoch 91 / 200 	 Time Taken: 2 sec
learning rate 0.0002000 -> 0.0002000
End of epoch 92 / 200 	 Time Taken: 2 sec
learning rate 0.0002000 -> 0.0002000
OrderedDict([('G_GAN', 0.3716120421886444), ('G_L1', 2.585623264312744), ('D_real', 0.256542444229126), ('D_fake', 0.23143263161182404), ('KL_realB_fakeB', 0.07486693654149935)])
(epoch: 93, iters: 36, time: 0.056, data: 1.376) G_GAN: 0.372 G_L1: 2.586 D_real: 0.257 D_fake: 0.231 KL_realB_fakeB: 0.075 
End of epoch 93 / 200 	 Time Taken: 2 sec
learning rate 0.0002000 -> 0.0002000
End of epoch 94 / 200 	 Time Taken: 2 sec
learning rate 0.0002000 -> 0.0002000
OrderedDict([('G_GAN_val', 0.5495480298995972), ('G_L1_val', 3.7410695552825928), ('D_real_val', 0.3124696910381317), ('D_fake_val', 0.10256775468587875), ('KL_realB_fakeB_val', 0.07507183484740568)])
end of validation step
OrderedDict([('G_GAN_val', 0.6548235416412354), ('G_L1_val', 2.7740817070007324), ('D_real_val', 0.4232374131679535), ('D_fake_val', 0.1053490862250328), ('KL_realB_fakeB_val', 0.10493959336690252)])
end of validation step
OrderedDict([('G_GAN_val', 0.41649487614631653), ('G_L1_val', 3.085994005203247), ('D_real_val', 0.37738335132598877), ('D_fake_val', 0.1618320345878601), ('KL_realB_fakeB_val', 0.09272639594295809)])
end of validation step
OrderedDict([('G_GAN_val', 0.5306243300437927), ('G_L1_val', 2.9077303409576416), ('D_real_val', 0.2837842106819153), ('D_fake_val', 0.11609173566102982), ('KL_realB_fakeB_val', 0.10445077630381192)])
end of validation step
saving the model at the end of epoch 95, iters 3990
End of epoch 95 / 200 	 Time Taken: 8 sec
learning rate 0.0002000 -> 0.0002000
OrderedDict([('G_GAN', 0.3787384331226349), ('G_L1', 1.6342101097106934), ('D_real', 0.13220639526844025), ('D_fake', 0.3027864396572113), ('KL_realB_fakeB', 0.0815653837809662)])
(epoch: 96, iters: 10, time: 0.623, data: 2.222) G_GAN: 0.379 G_L1: 1.634 D_real: 0.132 D_fake: 0.303 KL_realB_fakeB: 0.082 
End of epoch 96 / 200 	 Time Taken: 3 sec
learning rate 0.0002000 -> 0.0002000
End of epoch 97 / 200 	 Time Taken: 2 sec
learning rate 0.0002000 -> 0.0002000
OrderedDict([('G_GAN', 0.9852062463760376), ('G_L1', 2.447462558746338), ('D_real', 0.4722551703453064), ('D_fake', 0.7881361246109009), ('KL_realB_fakeB', 0.10685714086496073)])
(epoch: 98, iters: 26, time: 0.057, data: 1.378) G_GAN: 0.985 G_L1: 2.447 D_real: 0.472 D_fake: 0.788 KL_realB_fakeB: 0.107 
End of epoch 98 / 200 	 Time Taken: 2 sec
learning rate 0.0002000 -> 0.0002000
End of epoch 99 / 200 	 Time Taken: 2 sec
learning rate 0.0002000 -> 0.0001980
OrderedDict([('G_GAN', 0.384256511926651), ('G_L1', 1.5792057514190674), ('D_real', 0.23238728940486908), ('D_fake', 0.2816593050956726), ('KL_realB_fakeB', 0.07084022300877066)])
(epoch: 100, iters: 42, time: 0.057, data: 1.808) G_GAN: 0.384 G_L1: 1.579 D_real: 0.232 D_fake: 0.282 KL_realB_fakeB: 0.071 
OrderedDict([('G_GAN_val', 0.388918936252594), ('G_L1_val', 2.6898350715637207), ('D_real_val', 0.22119581699371338), ('D_fake_val', 0.18338459730148315), ('KL_realB_fakeB_val', 0.09977448996953811)])
end of validation step
OrderedDict([('G_GAN_val', 0.4777221381664276), ('G_L1_val', 2.736978054046631), ('D_real_val', 0.27290239930152893), ('D_fake_val', 0.14469455182552338), ('KL_realB_fakeB_val', 0.14490783651837685)])
end of validation step
OrderedDict([('G_GAN_val', 0.4501219391822815), ('G_L1_val', 3.7256221771240234), ('D_real_val', 0.24282802641391754), ('D_fake_val', 0.14737626910209656), ('KL_realB_fakeB_val', 0.10873356811435564)])
end of validation step
OrderedDict([('G_GAN_val', 0.41329526901245117), ('G_L1_val', 3.045365571975708), ('D_real_val', 0.3751101493835449), ('D_fake_val', 0.16823220252990723), ('KL_realB_fakeB_val', 0.09427726932190586)])
end of validation step
saving the model at the end of epoch 100, iters 4200
End of epoch 100 / 200 	 Time Taken: 8 sec
learning rate 0.0001980 -> 0.0001960
End of epoch 101 / 200 	 Time Taken: 2 sec
learning rate 0.0001960 -> 0.0001941
End of epoch 102 / 200 	 Time Taken: 2 sec
learning rate 0.0001941 -> 0.0001921
OrderedDict([('G_GAN', 0.5097517371177673), ('G_L1', 1.57354736328125), ('D_real', 0.1300179362297058), ('D_fake', 0.3821876347064972), ('KL_realB_fakeB', 0.09036003215743899)])
(epoch: 103, iters: 16, time: 0.056, data: 0.470) G_GAN: 0.510 G_L1: 1.574 D_real: 0.130 D_fake: 0.382 KL_realB_fakeB: 0.090 
End of epoch 103 / 200 	 Time Taken: 2 sec
learning rate 0.0001921 -> 0.0001901
End of epoch 104 / 200 	 Time Taken: 2 sec
learning rate 0.0001901 -> 0.0001881
OrderedDict([('G_GAN', 0.2907707393169403), ('G_L1', 1.7973787784576416), ('D_real', 0.2846549451351166), ('D_fake', 0.2383401244878769), ('KL_realB_fakeB', 0.10762212300681587)])
(epoch: 105, iters: 32, time: 0.714, data: 1.457) G_GAN: 0.291 G_L1: 1.797 D_real: 0.285 D_fake: 0.238 KL_realB_fakeB: 0.108 
OrderedDict([('G_GAN_val', 0.20545735955238342), ('G_L1_val', 3.284609317779541), ('D_real_val', 0.17642097175121307), ('D_fake_val', 0.4337638020515442), ('KL_realB_fakeB_val', 0.08090230492381782)])
end of validation step
OrderedDict([('G_GAN_val', 0.3040370047092438), ('G_L1_val', 2.786651134490967), ('D_real_val', 0.13277006149291992), ('D_fake_val', 0.33419379591941833), ('KL_realB_fakeB_val', 0.10934890861024116)])
end of validation step
OrderedDict([('G_GAN_val', 0.421420156955719), ('G_L1_val', 2.310882091522217), ('D_real_val', 0.21292591094970703), ('D_fake_val', 0.24547065794467926), ('KL_realB_fakeB_val', 0.11484636468148095)])
end of validation step
OrderedDict([('G_GAN_val', 0.27804023027420044), ('G_L1_val', 3.692509889602661), ('D_real_val', 0.20014826953411102), ('D_fake_val', 0.34361952543258667), ('KL_realB_fakeB_val', 0.08076413703828028)])
end of validation step
saving the model at the end of epoch 105, iters 4410
End of epoch 105 / 200 	 Time Taken: 9 sec
learning rate 0.0001881 -> 0.0001861
End of epoch 106 / 200 	 Time Taken: 2 sec
learning rate 0.0001861 -> 0.0001842
End of epoch 107 / 200 	 Time Taken: 2 sec
learning rate 0.0001842 -> 0.0001822
OrderedDict([('G_GAN', 0.33431339263916016), ('G_L1', 2.1707711219787598), ('D_real', 0.25399646162986755), ('D_fake', 0.25530731678009033), ('KL_realB_fakeB', 0.11064944827793614)])
(epoch: 108, iters: 6, time: 0.057, data: 3.032) G_GAN: 0.334 G_L1: 2.171 D_real: 0.254 D_fake: 0.255 KL_realB_fakeB: 0.111 
End of epoch 108 / 200 	 Time Taken: 2 sec
learning rate 0.0001822 -> 0.0001802
End of epoch 109 / 200 	 Time Taken: 2 sec
learning rate 0.0001802 -> 0.0001782
OrderedDict([('G_GAN', 0.39601048827171326), ('G_L1', 1.3668264150619507), ('D_real', 0.3011065125465393), ('D_fake', 0.2842410206794739), ('KL_realB_fakeB', 0.06162693853088479)])
(epoch: 110, iters: 22, time: 0.057, data: 0.827) G_GAN: 0.396 G_L1: 1.367 D_real: 0.301 D_fake: 0.284 KL_realB_fakeB: 0.062 
OrderedDict([('G_GAN_val', 0.4257327616214752), ('G_L1_val', 3.8782622814178467), ('D_real_val', 0.31408315896987915), ('D_fake_val', 0.14953668415546417), ('KL_realB_fakeB_val', 0.12870115070661337)])
end of validation step
OrderedDict([('G_GAN_val', 0.4752484858036041), ('G_L1_val', 2.610055923461914), ('D_real_val', 0.2853636145591736), ('D_fake_val', 0.14196616411209106), ('KL_realB_fakeB_val', 0.10281544330563543)])
end of validation step
OrderedDict([('G_GAN_val', 0.33440709114074707), ('G_L1_val', 2.939427375793457), ('D_real_val', 0.34727242588996887), ('D_fake_val', 0.2460424304008484), ('KL_realB_fakeB_val', 0.08959910755711478)])
end of validation step
OrderedDict([('G_GAN_val', 0.7258337736129761), ('G_L1_val', 2.4667906761169434), ('D_real_val', 0.3185438811779022), ('D_fake_val', 0.05596321076154709), ('KL_realB_fakeB_val', 0.12499244958248389)])
end of validation step
saving the model at the end of epoch 110, iters 4620
End of epoch 110 / 200 	 Time Taken: 8 sec
learning rate 0.0001782 -> 0.0001762
End of epoch 111 / 200 	 Time Taken: 2 sec
learning rate 0.0001762 -> 0.0001743
OrderedDict([('G_GAN', 0.4841500520706177), ('G_L1', 1.6528940200805664), ('D_real', 0.13593310117721558), ('D_fake', 0.06694275885820389), ('KL_realB_fakeB', 0.07388025723667455)])
(epoch: 112, iters: 38, time: 0.057, data: 1.517) G_GAN: 0.484 G_L1: 1.653 D_real: 0.136 D_fake: 0.067 KL_realB_fakeB: 0.074 
End of epoch 112 / 200 	 Time Taken: 2 sec
learning rate 0.0001743 -> 0.0001723
End of epoch 113 / 200 	 Time Taken: 2 sec
learning rate 0.0001723 -> 0.0001703
End of epoch 114 / 200 	 Time Taken: 2 sec
learning rate 0.0001703 -> 0.0001683
OrderedDict([('G_GAN', 0.2321159541606903), ('G_L1', 1.2229673862457275), ('D_real', 0.4757506847381592), ('D_fake', 0.09528954327106476), ('KL_realB_fakeB', 0.06473573987756706)])
(epoch: 115, iters: 12, time: 0.891, data: 2.385) G_GAN: 0.232 G_L1: 1.223 D_real: 0.476 D_fake: 0.095 KL_realB_fakeB: 0.065 
OrderedDict([('G_GAN_val', 0.5912250280380249), ('G_L1_val', 2.3377299308776855), ('D_real_val', 0.2745205760002136), ('D_fake_val', 0.09666915982961655), ('KL_realB_fakeB_val', 0.11751401469614436)])
end of validation step
OrderedDict([('G_GAN_val', 0.32601091265678406), ('G_L1_val', 4.018876552581787), ('D_real_val', 0.2696673572063446), ('D_fake_val', 0.21325422823429108), ('KL_realB_fakeB_val', 0.08897321187573373)])
end of validation step
OrderedDict([('G_GAN_val', 0.4049946665763855), ('G_L1_val', 2.757591485977173), ('D_real_val', 0.26585549116134644), ('D_fake_val', 0.193148672580719), ('KL_realB_fakeB_val', 0.09831679854947202)])
end of validation step
OrderedDict([('G_GAN_val', 0.25185516476631165), ('G_L1_val', 3.617527961730957), ('D_real_val', 0.26922720670700073), ('D_fake_val', 0.29756009578704834), ('KL_realB_fakeB_val', 0.0962816910458147)])
end of validation step
saving the model at the end of epoch 115, iters 4830
End of epoch 115 / 200 	 Time Taken: 9 sec
learning rate 0.0001683 -> 0.0001663
End of epoch 116 / 200 	 Time Taken: 2 sec
learning rate 0.0001663 -> 0.0001644
OrderedDict([('G_GAN', 0.22800633311271667), ('G_L1', 1.2503236532211304), ('D_real', 0.4956952631473541), ('D_fake', 0.06255835294723511), ('KL_realB_fakeB', 0.0768151528706024)])
(epoch: 117, iters: 28, time: 0.056, data: 1.998) G_GAN: 0.228 G_L1: 1.250 D_real: 0.496 D_fake: 0.063 KL_realB_fakeB: 0.077 
End of epoch 117 / 200 	 Time Taken: 2 sec
learning rate 0.0001644 -> 0.0001624
End of epoch 118 / 200 	 Time Taken: 2 sec
learning rate 0.0001624 -> 0.0001604
End of epoch 119 / 200 	 Time Taken: 2 sec
learning rate 0.0001604 -> 0.0001584
OrderedDict([('G_GAN', 0.4118977189064026), ('G_L1', 1.6107879877090454), ('D_real', 0.13486389815807343), ('D_fake', 0.2980266809463501), ('KL_realB_fakeB', 0.08212165202499905)])
(epoch: 120, iters: 2, time: 0.055, data: 1.912) G_GAN: 0.412 G_L1: 1.611 D_real: 0.135 D_fake: 0.298 KL_realB_fakeB: 0.082 
saving the latest model (epoch 120, total_iters 5000)
OrderedDict([('G_GAN_val', 0.4556654393672943), ('G_L1_val', 2.7634403705596924), ('D_real_val', 0.32197704911231995), ('D_fake_val', 0.12372990697622299), ('KL_realB_fakeB_val', 0.11150013506614032)])
end of validation step
OrderedDict([('G_GAN_val', 0.5510414838790894), ('G_L1_val', 3.1380674839019775), ('D_real_val', 0.5094767212867737), ('D_fake_val', 0.09124113619327545), ('KL_realB_fakeB_val', 0.09414836587594191)])
end of validation step
OrderedDict([('G_GAN_val', 0.5747047662734985), ('G_L1_val', 3.977980375289917), ('D_real_val', 0.4785873293876648), ('D_fake_val', 0.0787300243973732), ('KL_realB_fakeB_val', 0.08125757860085778)])
end of validation step
OrderedDict([('G_GAN_val', 0.6199233531951904), ('G_L1_val', 2.4492433071136475), ('D_real_val', 0.3925703763961792), ('D_fake_val', 0.056504637002944946), ('KL_realB_fakeB_val', 0.14701776955511184)])
end of validation step
saving the model at the end of epoch 120, iters 5040
End of epoch 120 / 200 	 Time Taken: 10 sec
learning rate 0.0001584 -> 0.0001564
End of epoch 121 / 200 	 Time Taken: 2 sec
learning rate 0.0001564 -> 0.0001545
OrderedDict([('G_GAN', 0.5298708081245422), ('G_L1', 1.0816164016723633), ('D_real', 0.21769480407238007), ('D_fake', 0.33062413334846497), ('KL_realB_fakeB', 0.06405701926026797)])
(epoch: 122, iters: 18, time: 0.041, data: 2.815) G_GAN: 0.530 G_L1: 1.082 D_real: 0.218 D_fake: 0.331 KL_realB_fakeB: 0.064 
End of epoch 122 / 200 	 Time Taken: 2 sec
learning rate 0.0001545 -> 0.0001525
End of epoch 123 / 200 	 Time Taken: 2 sec
learning rate 0.0001525 -> 0.0001505
OrderedDict([('G_GAN', 0.2348410040140152), ('G_L1', 1.6986191272735596), ('D_real', 0.28649869561195374), ('D_fake', 0.23374223709106445), ('KL_realB_fakeB', 0.06472398430618094)])
(epoch: 124, iters: 34, time: 0.729, data: 1.518) G_GAN: 0.235 G_L1: 1.699 D_real: 0.286 D_fake: 0.234 KL_realB_fakeB: 0.065 
End of epoch 124 / 200 	 Time Taken: 3 sec
learning rate 0.0001505 -> 0.0001485
OrderedDict([('G_GAN_val', 0.3029363453388214), ('G_L1_val', 3.321187973022461), ('D_real_val', 0.28744179010391235), ('D_fake_val', 0.22539673745632172), ('KL_realB_fakeB_val', 0.10131395819138839)])
end of validation step
OrderedDict([('G_GAN_val', 0.3972920775413513), ('G_L1_val', 2.5852952003479004), ('D_real_val', 0.22077935934066772), ('D_fake_val', 0.1449226588010788), ('KL_realB_fakeB_val', 0.09273258334626465)])
end of validation step
OrderedDict([('G_GAN_val', 0.3712184727191925), ('G_L1_val', 3.7683372497558594), ('D_real_val', 0.2669500410556793), ('D_fake_val', 0.161818727850914), ('KL_realB_fakeB_val', 0.09414420616625438)])
end of validation step
OrderedDict([('G_GAN_val', 0.6441275477409363), ('G_L1_val', 2.2556674480438232), ('D_real_val', 0.23551221191883087), ('D_fake_val', 0.04821856692433357), ('KL_realB_fakeB_val', 0.12552453933673424)])
end of validation step
saving the model at the end of epoch 125, iters 5250
End of epoch 125 / 200 	 Time Taken: 8 sec
learning rate 0.0001485 -> 0.0001465
End of epoch 126 / 200 	 Time Taken: 2 sec
learning rate 0.0001465 -> 0.0001446
OrderedDict([('G_GAN', 0.28999966382980347), ('G_L1', 1.264603614807129), ('D_real', 0.2798566222190857), ('D_fake', 0.2020433247089386), ('KL_realB_fakeB', 0.1308041338748805)])
(epoch: 127, iters: 8, time: 0.057, data: 2.998) G_GAN: 0.290 G_L1: 1.265 D_real: 0.280 D_fake: 0.202 KL_realB_fakeB: 0.131 
End of epoch 127 / 200 	 Time Taken: 2 sec
learning rate 0.0001446 -> 0.0001426
End of epoch 128 / 200 	 Time Taken: 2 sec
learning rate 0.0001426 -> 0.0001406
OrderedDict([('G_GAN', 0.922217071056366), ('G_L1', 1.3224890232086182), ('D_real', 0.009873303584754467), ('D_fake', 0.12859955430030823), ('KL_realB_fakeB', 0.07664915644517965)])
(epoch: 129, iters: 24, time: 0.057, data: 0.847) G_GAN: 0.922 G_L1: 1.322 D_real: 0.010 D_fake: 0.129 KL_realB_fakeB: 0.077 
End of epoch 129 / 200 	 Time Taken: 2 sec
learning rate 0.0001406 -> 0.0001386
OrderedDict([('G_GAN_val', 0.22871053218841553), ('G_L1_val', 2.678940534591675), ('D_real_val', 0.20835056900978088), ('D_fake_val', 0.3138962984085083), ('KL_realB_fakeB_val', 0.10698083544663528)])
end of validation step
OrderedDict([('G_GAN_val', 0.39793187379837036), ('G_L1_val', 2.3972160816192627), ('D_real_val', 0.19894060492515564), ('D_fake_val', 0.1587401032447815), ('KL_realB_fakeB_val', 0.11728556067860874)])
end of validation step
OrderedDict([('G_GAN_val', 0.35564178228378296), ('G_L1_val', 3.796492099761963), ('D_real_val', 0.3208066523075104), ('D_fake_val', 0.20902851223945618), ('KL_realB_fakeB_val', 0.11276068489752772)])
end of validation step
OrderedDict([('G_GAN_val', 0.27672114968299866), ('G_L1_val', 3.3435721397399902), ('D_real_val', 0.2865138053894043), ('D_fake_val', 0.2754654288291931), ('KL_realB_fakeB_val', 0.1139675688727357)])
end of validation step
saving the model at the end of epoch 130, iters 5460
End of epoch 130 / 200 	 Time Taken: 8 sec
learning rate 0.0001386 -> 0.0001366
OrderedDict([('G_GAN', 0.20106950402259827), ('G_L1', 1.5322375297546387), ('D_real', 0.33204415440559387), ('D_fake', 0.0990251898765564), ('KL_realB_fakeB', 0.06913924826283153)])
(epoch: 131, iters: 40, time: 0.057, data: 1.720) G_GAN: 0.201 G_L1: 1.532 D_real: 0.332 D_fake: 0.099 KL_realB_fakeB: 0.069 
End of epoch 131 / 200 	 Time Taken: 2 sec
learning rate 0.0001366 -> 0.0001347
End of epoch 132 / 200 	 Time Taken: 2 sec
learning rate 0.0001347 -> 0.0001327
End of epoch 133 / 200 	 Time Taken: 2 sec
learning rate 0.0001327 -> 0.0001307
OrderedDict([('G_GAN', 0.24817700684070587), ('G_L1', 1.775295615196228), ('D_real', 0.2183704376220703), ('D_fake', 0.2976738512516022), ('KL_realB_fakeB', 0.07510638745529309)])
(epoch: 134, iters: 14, time: 0.707, data: 2.593) G_GAN: 0.248 G_L1: 1.775 D_real: 0.218 D_fake: 0.298 KL_realB_fakeB: 0.075 
End of epoch 134 / 200 	 Time Taken: 3 sec
learning rate 0.0001307 -> 0.0001287
OrderedDict([('G_GAN_val', 1.2200415134429932), ('G_L1_val', 2.3100271224975586), ('D_real_val', 0.5479076504707336), ('D_fake_val', 0.032545916736125946), ('KL_realB_fakeB_val', 0.09458013599035445)])
end of validation step
OrderedDict([('G_GAN_val', 0.4594237804412842), ('G_L1_val', 3.2999298572540283), ('D_real_val', 0.5012003183364868), ('D_fake_val', 0.13247674703598022), ('KL_realB_fakeB_val', 0.10080308207835226)])
end of validation step
OrderedDict([('G_GAN_val', 0.628312885761261), ('G_L1_val', 3.7042510509490967), ('D_real_val', 0.5558525919914246), ('D_fake_val', 0.059611037373542786), ('KL_realB_fakeB_val', 0.07496796864439295)])
end of validation step
OrderedDict([('G_GAN_val', 0.8362961411476135), ('G_L1_val', 2.655595302581787), ('D_real_val', 0.5386704206466675), ('D_fake_val', 0.021884169429540634), ('KL_realB_fakeB_val', 0.0996984943026406)])
end of validation step
saving the model at the end of epoch 135, iters 5670
End of epoch 135 / 200 	 Time Taken: 8 sec
learning rate 0.0001287 -> 0.0001267
OrderedDict([('G_GAN', 0.2885793149471283), ('G_L1', 1.266514778137207), ('D_real', 0.1694323867559433), ('D_fake', 0.2873211205005646), ('KL_realB_fakeB', 0.10749496094253182)])
(epoch: 136, iters: 30, time: 0.056, data: 1.839) G_GAN: 0.289 G_L1: 1.267 D_real: 0.169 D_fake: 0.287 KL_realB_fakeB: 0.107 
End of epoch 136 / 200 	 Time Taken: 2 sec
learning rate 0.0001267 -> 0.0001248
End of epoch 137 / 200 	 Time Taken: 2 sec
learning rate 0.0001248 -> 0.0001228
End of epoch 138 / 200 	 Time Taken: 2 sec
learning rate 0.0001228 -> 0.0001208
OrderedDict([('G_GAN', 0.32016000151634216), ('G_L1', 1.4672093391418457), ('D_real', 0.3521765172481537), ('D_fake', 0.15363606810569763), ('KL_realB_fakeB', 0.0672791213205512)])
(epoch: 139, iters: 4, time: 0.056, data: 2.110) G_GAN: 0.320 G_L1: 1.467 D_real: 0.352 D_fake: 0.154 KL_realB_fakeB: 0.067 
End of epoch 139 / 200 	 Time Taken: 2 sec
learning rate 0.0001208 -> 0.0001188
OrderedDict([('G_GAN_val', 0.7328190803527832), ('G_L1_val', 2.622102737426758), ('D_real_val', 0.4364568591117859), ('D_fake_val', 0.04347604885697365), ('KL_realB_fakeB_val', 0.10575510450853144)])
end of validation step
OrderedDict([('G_GAN_val', 1.227343201637268), ('G_L1_val', 2.292147636413574), ('D_real_val', 0.5282108783721924), ('D_fake_val', 0.03939060866832733), ('KL_realB_fakeB_val', 0.10547765873704407)])
end of validation step
OrderedDict([('G_GAN_val', 0.3044753670692444), ('G_L1_val', 3.1403801441192627), ('D_real_val', 0.3029372990131378), ('D_fake_val', 0.2373933494091034), ('KL_realB_fakeB_val', 0.10019547147087288)])
end of validation step
OrderedDict([('G_GAN_val', 0.527449369430542), ('G_L1_val', 3.7364468574523926), ('D_real_val', 0.4766780138015747), ('D_fake_val', 0.09189239144325256), ('KL_realB_fakeB_val', 0.09406408227396221)])
end of validation step
saving the model at the end of epoch 140, iters 5880
End of epoch 140 / 200 	 Time Taken: 8 sec
learning rate 0.0001188 -> 0.0001168
OrderedDict([('G_GAN', 0.4398760497570038), ('G_L1', 2.080904006958008), ('D_real', 0.38946112990379333), ('D_fake', 0.0800337940454483), ('KL_realB_fakeB', 0.07493497196971094)])
(epoch: 141, iters: 20, time: 0.056, data: 0.672) G_GAN: 0.440 G_L1: 2.081 D_real: 0.389 D_fake: 0.080 KL_realB_fakeB: 0.075 
End of epoch 141 / 200 	 Time Taken: 2 sec
learning rate 0.0001168 -> 0.0001149
End of epoch 142 / 200 	 Time Taken: 2 sec
learning rate 0.0001149 -> 0.0001129
OrderedDict([('G_GAN', 0.309343159198761), ('G_L1', 1.3492623567581177), ('D_real', 0.14075703918933868), ('D_fake', 0.2769402861595154), ('KL_realB_fakeB', 0.07383712002069603)])
(epoch: 143, iters: 36, time: 0.861, data: 1.417) G_GAN: 0.309 G_L1: 1.349 D_real: 0.141 D_fake: 0.277 KL_realB_fakeB: 0.074 
End of epoch 143 / 200 	 Time Taken: 3 sec
learning rate 0.0001129 -> 0.0001109
End of epoch 144 / 200 	 Time Taken: 2 sec
learning rate 0.0001109 -> 0.0001089
OrderedDict([('G_GAN_val', 0.394206702709198), ('G_L1_val', 2.292663335800171), ('D_real_val', 0.25966575741767883), ('D_fake_val', 0.1663958728313446), ('KL_realB_fakeB_val', 0.1317102767846299)])
end of validation step
OrderedDict([('G_GAN_val', 0.33624669909477234), ('G_L1_val', 3.7432751655578613), ('D_real_val', 0.2954273819923401), ('D_fake_val', 0.19273671507835388), ('KL_realB_fakeB_val', 0.09113632162135014)])
end of validation step
OrderedDict([('G_GAN_val', 0.21831463277339935), ('G_L1_val', 3.2931408882141113), ('D_real_val', 0.22386397421360016), ('D_fake_val', 0.32362258434295654), ('KL_realB_fakeB_val', 0.08259311878492179)])
end of validation step
OrderedDict([('G_GAN_val', 0.24011430144309998), ('G_L1_val', 2.8067848682403564), ('D_real_val', 0.21286815404891968), ('D_fake_val', 0.27920541167259216), ('KL_realB_fakeB_val', 0.11172417240345094)])
end of validation step
saving the model at the end of epoch 145, iters 6090
End of epoch 145 / 200 	 Time Taken: 8 sec
learning rate 0.0001089 -> 0.0001069
OrderedDict([('G_GAN', 0.69188392162323), ('G_L1', 1.4224050045013428), ('D_real', 0.07860170304775238), ('D_fake', 0.022448431700468063), ('KL_realB_fakeB', 0.06785147236910127)])
(epoch: 146, iters: 10, time: 0.056, data: 2.923) G_GAN: 0.692 G_L1: 1.422 D_real: 0.079 D_fake: 0.022 KL_realB_fakeB: 0.068 
End of epoch 146 / 200 	 Time Taken: 2 sec
learning rate 0.0001069 -> 0.0001050
End of epoch 147 / 200 	 Time Taken: 2 sec
learning rate 0.0001050 -> 0.0001030
OrderedDict([('G_GAN', 0.5253337621688843), ('G_L1', 1.3706310987472534), ('D_real', 0.2393319308757782), ('D_fake', 0.016701048240065575), ('KL_realB_fakeB', 0.06614100995435715)])
(epoch: 148, iters: 26, time: 0.057, data: 0.892) G_GAN: 0.525 G_L1: 1.371 D_real: 0.239 D_fake: 0.017 KL_realB_fakeB: 0.066 
End of epoch 148 / 200 	 Time Taken: 2 sec
learning rate 0.0001030 -> 0.0001010
End of epoch 149 / 200 	 Time Taken: 2 sec
learning rate 0.0001010 -> 0.0000990
OrderedDict([('G_GAN', 0.2868069112300873), ('G_L1', 1.1954134702682495), ('D_real', 0.3371712267398834), ('D_fake', 0.20295733213424683), ('KL_realB_fakeB', 0.07183861872478264)])
(epoch: 150, iters: 42, time: 0.056, data: 1.868) G_GAN: 0.287 G_L1: 1.195 D_real: 0.337 D_fake: 0.203 KL_realB_fakeB: 0.072 
OrderedDict([('G_GAN_val', 0.21294908225536346), ('G_L1_val', 2.518289089202881), ('D_real_val', 0.16932107508182526), ('D_fake_val', 0.3536234498023987), ('KL_realB_fakeB_val', 0.09736515810456009)])
end of validation step
OrderedDict([('G_GAN_val', 0.3688746690750122), ('G_L1_val', 2.2757396697998047), ('D_real_val', 0.22902104258537292), ('D_fake_val', 0.20854628086090088), ('KL_realB_fakeB_val', 0.10085074746887651)])
end of validation step
OrderedDict([('G_GAN_val', 0.23408864438533783), ('G_L1_val', 3.080754041671753), ('D_real_val', 0.2189321666955948), ('D_fake_val', 0.3574528694152832), ('KL_realB_fakeB_val', 0.08769582266383716)])
end of validation step
OrderedDict([('G_GAN_val', 0.20753318071365356), ('G_L1_val', 3.947998285293579), ('D_real_val', 0.1797865778207779), ('D_fake_val', 0.3448379933834076), ('KL_realB_fakeB_val', 0.10213083864678174)])
end of validation step
saving the model at the end of epoch 150, iters 6300
End of epoch 150 / 200 	 Time Taken: 8 sec
learning rate 0.0000990 -> 0.0000970
End of epoch 151 / 200 	 Time Taken: 2 sec
learning rate 0.0000970 -> 0.0000950
End of epoch 152 / 200 	 Time Taken: 2 sec
learning rate 0.0000950 -> 0.0000931
OrderedDict([('G_GAN', 0.2353527545928955), ('G_L1', 1.3662058115005493), ('D_real', 0.3091009259223938), ('D_fake', 0.21678128838539124), ('KL_realB_fakeB', 0.07237977186999145)])
(epoch: 153, iters: 16, time: 0.779, data: 0.083) G_GAN: 0.235 G_L1: 1.366 D_real: 0.309 D_fake: 0.217 KL_realB_fakeB: 0.072 
End of epoch 153 / 200 	 Time Taken: 3 sec
learning rate 0.0000931 -> 0.0000911
End of epoch 154 / 200 	 Time Taken: 2 sec
learning rate 0.0000911 -> 0.0000891
OrderedDict([('G_GAN', 0.7325716614723206), ('G_L1', 1.3503378629684448), ('D_real', 0.20589308440685272), ('D_fake', 0.03314097598195076), ('KL_realB_fakeB', 0.07531870978432606)])
(epoch: 155, iters: 32, time: 0.057, data: 1.954) G_GAN: 0.733 G_L1: 1.350 D_real: 0.206 D_fake: 0.033 KL_realB_fakeB: 0.075 
OrderedDict([('G_GAN_val', 0.5286827087402344), ('G_L1_val', 3.7535414695739746), ('D_real_val', 0.41120705008506775), ('D_fake_val', 0.11330591887235641), ('KL_realB_fakeB_val', 0.09148201631741264)])
end of validation step
OrderedDict([('G_GAN_val', 1.0998908281326294), ('G_L1_val', 2.2859487533569336), ('D_real_val', 0.43268927931785583), ('D_fake_val', 0.018906163051724434), ('KL_realB_fakeB_val', 0.11217831148666009)])
end of validation step
OrderedDict([('G_GAN_val', 0.47065940499305725), ('G_L1_val', 2.8867197036743164), ('D_real_val', 0.41106656193733215), ('D_fake_val', 0.12594562768936157), ('KL_realB_fakeB_val', 0.0971724405539982)])
end of validation step
OrderedDict([('G_GAN_val', 0.4438340365886688), ('G_L1_val', 3.587388277053833), ('D_real_val', 0.4353102147579193), ('D_fake_val', 0.13542622327804565), ('KL_realB_fakeB_val', 0.087040889580398)])
end of validation step
saving the model at the end of epoch 155, iters 6510
End of epoch 155 / 200 	 Time Taken: 8 sec
learning rate 0.0000891 -> 0.0000871
End of epoch 156 / 200 	 Time Taken: 2 sec
learning rate 0.0000871 -> 0.0000851
End of epoch 157 / 200 	 Time Taken: 2 sec
learning rate 0.0000851 -> 0.0000832
OrderedDict([('G_GAN', 0.3087906837463379), ('G_L1', 1.2455027103424072), ('D_real', 0.26076677441596985), ('D_fake', 0.21641755104064941), ('KL_realB_fakeB', 0.05367348457306592)])
(epoch: 158, iters: 6, time: 0.057, data: 2.110) G_GAN: 0.309 G_L1: 1.246 D_real: 0.261 D_fake: 0.216 KL_realB_fakeB: 0.054 
End of epoch 158 / 200 	 Time Taken: 2 sec
learning rate 0.0000832 -> 0.0000812
End of epoch 159 / 200 	 Time Taken: 2 sec
learning rate 0.0000812 -> 0.0000792
OrderedDict([('G_GAN', 0.23658423125743866), ('G_L1', 1.332482933998108), ('D_real', 0.2791770398616791), ('D_fake', 0.25901225209236145), ('KL_realB_fakeB', 0.06713326775638112)])
(epoch: 160, iters: 22, time: 0.057, data: 0.655) G_GAN: 0.237 G_L1: 1.332 D_real: 0.279 D_fake: 0.259 KL_realB_fakeB: 0.067 
OrderedDict([('G_GAN_val', 0.8220094442367554), ('G_L1_val', 2.5524165630340576), ('D_real_val', 0.4917711913585663), ('D_fake_val', 0.04479241371154785), ('KL_realB_fakeB_val', 0.09897671068434949)])
end of validation step
OrderedDict([('G_GAN_val', 1.3931258916854858), ('G_L1_val', 2.3002986907958984), ('D_real_val', 0.5768516659736633), ('D_fake_val', 0.07311750948429108), ('KL_realB_fakeB_val', 0.11596587506840345)])
end of validation step
OrderedDict([('G_GAN_val', 0.6570307016372681), ('G_L1_val', 3.750807046890259), ('D_real_val', 0.4252673387527466), ('D_fake_val', 0.06474310159683228), ('KL_realB_fakeB_val', 0.09254889469730714)])
end of validation step
OrderedDict([('G_GAN_val', 0.4952967166900635), ('G_L1_val', 3.1466879844665527), ('D_real_val', 0.5407653450965881), ('D_fake_val', 0.13535195589065552), ('KL_realB_fakeB_val', 0.0833417549129279)])
end of validation step
saving the model at the end of epoch 160, iters 6720
End of epoch 160 / 200 	 Time Taken: 8 sec
learning rate 0.0000792 -> 0.0000772
End of epoch 161 / 200 	 Time Taken: 3 sec
learning rate 0.0000772 -> 0.0000752
OrderedDict([('G_GAN', 0.3253253400325775), ('G_L1', 1.4708000421524048), ('D_real', 0.11297131329774857), ('D_fake', 0.5318272113800049), ('KL_realB_fakeB', 0.07992356031833259)])
(epoch: 162, iters: 38, time: 0.716, data: 1.653) G_GAN: 0.325 G_L1: 1.471 D_real: 0.113 D_fake: 0.532 KL_realB_fakeB: 0.080 
End of epoch 162 / 200 	 Time Taken: 3 sec
learning rate 0.0000752 -> 0.0000733
End of epoch 163 / 200 	 Time Taken: 2 sec
learning rate 0.0000733 -> 0.0000713
End of epoch 164 / 200 	 Time Taken: 2 sec
learning rate 0.0000713 -> 0.0000693
OrderedDict([('G_GAN', 0.8346812725067139), ('G_L1', 1.0197317600250244), ('D_real', 0.10885989665985107), ('D_fake', 0.18995651602745056), ('KL_realB_fakeB', 0.06248221678103725)])
(epoch: 165, iters: 12, time: 0.055, data: 3.080) G_GAN: 0.835 G_L1: 1.020 D_real: 0.109 D_fake: 0.190 KL_realB_fakeB: 0.062 
OrderedDict([('G_GAN_val', 0.396737277507782), ('G_L1_val', 2.656285047531128), ('D_real_val', 0.24826979637145996), ('D_fake_val', 0.1626446545124054), ('KL_realB_fakeB_val', 0.09755255826359452)])
end of validation step
OrderedDict([('G_GAN_val', 0.33653125166893005), ('G_L1_val', 3.8481738567352295), ('D_real_val', 0.18812185525894165), ('D_fake_val', 0.22186893224716187), ('KL_realB_fakeB_val', 0.09646618138681462)])
end of validation step
OrderedDict([('G_GAN_val', 1.180361270904541), ('G_L1_val', 2.2308638095855713), ('D_real_val', 0.2724951505661011), ('D_fake_val', 0.026766574010252953), ('KL_realB_fakeB_val', 0.10211503394718022)])
end of validation step
OrderedDict([('G_GAN_val', 0.27341553568840027), ('G_L1_val', 3.3862526416778564), ('D_real_val', 0.3280734717845917), ('D_fake_val', 0.2700650990009308), ('KL_realB_fakeB_val', 0.09788810263252083)])
end of validation step
saving the model at the end of epoch 165, iters 6930
End of epoch 165 / 200 	 Time Taken: 8 sec
learning rate 0.0000693 -> 0.0000673
End of epoch 166 / 200 	 Time Taken: 2 sec
learning rate 0.0000673 -> 0.0000653
OrderedDict([('G_GAN', 0.6251543760299683), ('G_L1', 1.0541523694992065), ('D_real', 0.26710349321365356), ('D_fake', 0.21071138978004456), ('KL_realB_fakeB', 0.06528702425207313)])
(epoch: 167, iters: 28, time: 0.056, data: 0.966) G_GAN: 0.625 G_L1: 1.054 D_real: 0.267 D_fake: 0.211 KL_realB_fakeB: 0.065 
End of epoch 167 / 200 	 Time Taken: 2 sec
learning rate 0.0000653 -> 0.0000634
End of epoch 168 / 200 	 Time Taken: 2 sec
learning rate 0.0000634 -> 0.0000614
End of epoch 169 / 200 	 Time Taken: 2 sec
learning rate 0.0000614 -> 0.0000594
OrderedDict([('G_GAN', 0.26179492473602295), ('G_L1', 1.276904582977295), ('D_real', 0.2744140326976776), ('D_fake', 0.1983337551355362), ('KL_realB_fakeB', 0.0692622532797494)])
(epoch: 170, iters: 2, time: 0.041, data: 1.911) G_GAN: 0.262 G_L1: 1.277 D_real: 0.274 D_fake: 0.198 KL_realB_fakeB: 0.069 
OrderedDict([('G_GAN_val', 1.057401180267334), ('G_L1_val', 2.2843968868255615), ('D_real_val', 0.32010653614997864), ('D_fake_val', 0.03066907823085785), ('KL_realB_fakeB_val', 0.11986824291895673)])
end of validation step
OrderedDict([('G_GAN_val', 0.39653101563453674), ('G_L1_val', 3.246572494506836), ('D_real_val', 0.4400586187839508), ('D_fake_val', 0.20510675013065338), ('KL_realB_fakeB_val', 0.09092989222478064)])
end of validation step
OrderedDict([('G_GAN_val', 0.2901189625263214), ('G_L1_val', 3.956449031829834), ('D_real_val', 0.21122999489307404), ('D_fake_val', 0.23776879906654358), ('KL_realB_fakeB_val', 0.10016582999645601)])
end of validation step
OrderedDict([('G_GAN_val', 0.4610821008682251), ('G_L1_val', 2.6085612773895264), ('D_real_val', 0.3407474756240845), ('D_fake_val', 0.1333325356245041), ('KL_realB_fakeB_val', 0.09599339325998603)])
end of validation step
saving the model at the end of epoch 170, iters 7140
End of epoch 170 / 200 	 Time Taken: 8 sec
learning rate 0.0000594 -> 0.0000574
End of epoch 171 / 200 	 Time Taken: 2 sec
learning rate 0.0000574 -> 0.0000554
OrderedDict([('G_GAN', 0.7271967530250549), ('G_L1', 1.4229069948196411), ('D_real', 0.11602369695901871), ('D_fake', 0.3293805420398712), ('KL_realB_fakeB', 0.07771882275779451)])
(epoch: 172, iters: 18, time: 0.710, data: 0.477) G_GAN: 0.727 G_L1: 1.423 D_real: 0.116 D_fake: 0.329 KL_realB_fakeB: 0.078 
End of epoch 172 / 200 	 Time Taken: 2 sec
learning rate 0.0000554 -> 0.0000535
End of epoch 173 / 200 	 Time Taken: 2 sec
learning rate 0.0000535 -> 0.0000515
OrderedDict([('G_GAN', 0.21918128430843353), ('G_L1', 1.2445753812789917), ('D_real', 0.05621664971113205), ('D_fake', 0.6538316607475281), ('KL_realB_fakeB', 0.06880914955078664)])
(epoch: 174, iters: 34, time: 0.058, data: 1.894) G_GAN: 0.219 G_L1: 1.245 D_real: 0.056 D_fake: 0.654 KL_realB_fakeB: 0.069 
End of epoch 174 / 200 	 Time Taken: 2 sec
learning rate 0.0000515 -> 0.0000495
OrderedDict([('G_GAN_val', 1.550307273864746), ('G_L1_val', 2.3861806392669678), ('D_real_val', 0.21085487306118011), ('D_fake_val', 0.07689224928617477), ('KL_realB_fakeB_val', 0.12162552715015156)])
end of validation step
OrderedDict([('G_GAN_val', 0.3738698661327362), ('G_L1_val', 3.893782138824463), ('D_real_val', 0.25391629338264465), ('D_fake_val', 0.2241186946630478), ('KL_realB_fakeB_val', 0.11467889364952487)])
end of validation step
OrderedDict([('G_GAN_val', 0.3999878764152527), ('G_L1_val', 2.5906126499176025), ('D_real_val', 0.11605764180421829), ('D_fake_val', 0.16213060915470123), ('KL_realB_fakeB_val', 0.0999591355316253)])
end of validation step
OrderedDict([('G_GAN_val', 0.473556786775589), ('G_L1_val', 3.393061399459839), ('D_real_val', 0.3211696445941925), ('D_fake_val', 0.13316558301448822), ('KL_realB_fakeB_val', 0.09572987026456767)])
end of validation step
saving the model at the end of epoch 175, iters 7350
End of epoch 175 / 200 	 Time Taken: 8 sec
learning rate 0.0000495 -> 0.0000475
End of epoch 176 / 200 	 Time Taken: 2 sec
learning rate 0.0000475 -> 0.0000455
OrderedDict([('G_GAN', 0.825317919254303), ('G_L1', 1.2568235397338867), ('D_real', 0.03139416128396988), ('D_fake', 0.015929000452160835), ('KL_realB_fakeB', 0.06710298684833872)])
(epoch: 177, iters: 8, time: 0.058, data: 1.963) G_GAN: 0.825 G_L1: 1.257 D_real: 0.031 D_fake: 0.016 KL_realB_fakeB: 0.067 
End of epoch 177 / 200 	 Time Taken: 2 sec
learning rate 0.0000455 -> 0.0000436
End of epoch 178 / 200 	 Time Taken: 2 sec
learning rate 0.0000436 -> 0.0000416
OrderedDict([('G_GAN', 0.4744007885456085), ('G_L1', 1.6134016513824463), ('D_real', 0.08988706767559052), ('D_fake', 0.18673023581504822), ('KL_realB_fakeB', 0.06645329171726456)])
(epoch: 179, iters: 24, time: 0.057, data: 0.769) G_GAN: 0.474 G_L1: 1.613 D_real: 0.090 D_fake: 0.187 KL_realB_fakeB: 0.066 
End of epoch 179 / 200 	 Time Taken: 2 sec
learning rate 0.0000416 -> 0.0000396
OrderedDict([('G_GAN_val', 0.6695476174354553), ('G_L1_val', 3.2855284214019775), ('D_real_val', 0.41008660197257996), ('D_fake_val', 0.10569310188293457), ('KL_realB_fakeB_val', 0.08993669912250721)])
end of validation step
OrderedDict([('G_GAN_val', 2.516160726547241), ('G_L1_val', 2.288341999053955), ('D_real_val', 0.31493979692459106), ('D_fake_val', 0.3686177730560303), ('KL_realB_fakeB_val', 0.11060933815468399)])
end of validation step
OrderedDict([('G_GAN_val', 0.5359927415847778), ('G_L1_val', 3.8979218006134033), ('D_real_val', 0.36429402232170105), ('D_fake_val', 0.15174469351768494), ('KL_realB_fakeB_val', 0.10374883767892051)])
end of validation step
OrderedDict([('G_GAN_val', 0.7519880533218384), ('G_L1_val', 2.695951461791992), ('D_real_val', 0.2885119915008545), ('D_fake_val', 0.050166547298431396), ('KL_realB_fakeB_val', 0.08678591541491418)])
end of validation step
saving the model at the end of epoch 180, iters 7560
End of epoch 180 / 200 	 Time Taken: 8 sec
learning rate 0.0000396 -> 0.0000376
OrderedDict([('G_GAN', 0.7170220017433167), ('G_L1', 1.3317264318466187), ('D_real', 0.18414779007434845), ('D_fake', 0.12056121975183487), ('KL_realB_fakeB', 0.06067605276963189)])
(epoch: 181, iters: 40, time: 0.829, data: 1.564) G_GAN: 0.717 G_L1: 1.332 D_real: 0.184 D_fake: 0.121 KL_realB_fakeB: 0.061 
End of epoch 181 / 200 	 Time Taken: 3 sec
learning rate 0.0000376 -> 0.0000356
End of epoch 182 / 200 	 Time Taken: 2 sec
learning rate 0.0000356 -> 0.0000337
End of epoch 183 / 200 	 Time Taken: 2 sec
learning rate 0.0000337 -> 0.0000317
OrderedDict([('G_GAN', 0.8753350377082825), ('G_L1', 1.1750956773757935), ('D_real', 0.0243288055062294), ('D_fake', 0.022502081468701363), ('KL_realB_fakeB', 0.06794685956500654)])
(epoch: 184, iters: 14, time: 0.056, data: 3.114) G_GAN: 0.875 G_L1: 1.175 D_real: 0.024 D_fake: 0.023 KL_realB_fakeB: 0.068 
End of epoch 184 / 200 	 Time Taken: 2 sec
learning rate 0.0000317 -> 0.0000297
OrderedDict([('G_GAN_val', 0.4153479337692261), ('G_L1_val', 3.876237630844116), ('D_real_val', 0.3833805322647095), ('D_fake_val', 0.2259455770254135), ('KL_realB_fakeB_val', 0.10840093853045488)])
end of validation step
OrderedDict([('G_GAN_val', 0.5809036493301392), ('G_L1_val', 2.6273434162139893), ('D_real_val', 0.17944371700286865), ('D_fake_val', 0.085079625248909), ('KL_realB_fakeB_val', 0.08921240489013205)])
end of validation step
OrderedDict([('G_GAN_val', 1.9606318473815918), ('G_L1_val', 2.3581411838531494), ('D_real_val', 0.22086605429649353), ('D_fake_val', 0.18080800771713257), ('KL_realB_fakeB_val', 0.10548470409263666)])
end of validation step
OrderedDict([('G_GAN_val', 0.7946907877922058), ('G_L1_val', 3.3244833946228027), ('D_real_val', 0.4035743176937103), ('D_fake_val', 0.09443361312150955), ('KL_realB_fakeB_val', 0.0857474416211599)])
end of validation step
saving the model at the end of epoch 185, iters 7770
End of epoch 185 / 200 	 Time Taken: 8 sec
learning rate 0.0000297 -> 0.0000277
OrderedDict([('G_GAN', 0.3866092562675476), ('G_L1', 1.9906435012817383), ('D_real', 0.21014642715454102), ('D_fake', 0.20082131028175354), ('KL_realB_fakeB', 0.06371299900955978)])
(epoch: 186, iters: 30, time: 0.057, data: 1.093) G_GAN: 0.387 G_L1: 1.991 D_real: 0.210 D_fake: 0.201 KL_realB_fakeB: 0.064 
End of epoch 186 / 200 	 Time Taken: 2 sec
learning rate 0.0000277 -> 0.0000257
End of epoch 187 / 200 	 Time Taken: 2 sec
learning rate 0.0000257 -> 0.0000238
End of epoch 188 / 200 	 Time Taken: 2 sec
learning rate 0.0000238 -> 0.0000218
OrderedDict([('G_GAN', 0.2222907841205597), ('G_L1', 1.3372242450714111), ('D_real', 0.14955513179302216), ('D_fake', 0.09163971245288849), ('KL_realB_fakeB', 0.06727562378731564)])
(epoch: 189, iters: 4, time: 0.041, data: 2.016) G_GAN: 0.222 G_L1: 1.337 D_real: 0.150 D_fake: 0.092 KL_realB_fakeB: 0.067 
End of epoch 189 / 200 	 Time Taken: 2 sec
learning rate 0.0000218 -> 0.0000198
OrderedDict([('G_GAN_val', 2.190377950668335), ('G_L1_val', 2.373945474624634), ('D_real_val', 0.1955767571926117), ('D_fake_val', 0.24506057798862457), ('KL_realB_fakeB_val', 0.12889052018152253)])
end of validation step
OrderedDict([('G_GAN_val', 0.3923470973968506), ('G_L1_val', 3.8157594203948975), ('D_real_val', 0.31126710772514343), ('D_fake_val', 0.2656095027923584), ('KL_realB_fakeB_val', 0.10995890513570392)])
end of validation step
OrderedDict([('G_GAN_val', 0.5074455738067627), ('G_L1_val', 2.632889986038208), ('D_real_val', 0.1507246047258377), ('D_fake_val', 0.1106855645775795), ('KL_realB_fakeB_val', 0.0982320660992271)])
end of validation step
OrderedDict([('G_GAN_val', 0.7903211116790771), ('G_L1_val', 3.3371777534484863), ('D_real_val', 0.34627461433410645), ('D_fake_val', 0.08670877665281296), ('KL_realB_fakeB_val', 0.0950982189856711)])
end of validation step
saving the model at the end of epoch 190, iters 7980
End of epoch 190 / 200 	 Time Taken: 8 sec
learning rate 0.0000198 -> 0.0000178
OrderedDict([('G_GAN', 0.2581688165664673), ('G_L1', 1.9207160472869873), ('D_real', 0.25854945182800293), ('D_fake', 0.24119551479816437), ('KL_realB_fakeB', 0.05405338245432638)])
(epoch: 191, iters: 20, time: 0.907, data: 0.561) G_GAN: 0.258 G_L1: 1.921 D_real: 0.259 D_fake: 0.241 KL_realB_fakeB: 0.054 
End of epoch 191 / 200 	 Time Taken: 3 sec
learning rate 0.0000178 -> 0.0000158
End of epoch 192 / 200 	 Time Taken: 2 sec
learning rate 0.0000158 -> 0.0000139
OrderedDict([('G_GAN', 1.1278541088104248), ('G_L1', 1.4453741312026978), ('D_real', 0.01677734963595867), ('D_fake', 0.008027655072510242), ('KL_realB_fakeB', 0.06985927265117103)])
(epoch: 193, iters: 36, time: 0.058, data: 2.415) G_GAN: 1.128 G_L1: 1.445 D_real: 0.017 D_fake: 0.008 KL_realB_fakeB: 0.070 
End of epoch 193 / 200 	 Time Taken: 2 sec
learning rate 0.0000139 -> 0.0000119
End of epoch 194 / 200 	 Time Taken: 2 sec
learning rate 0.0000119 -> 0.0000099
OrderedDict([('G_GAN_val', 0.41622188687324524), ('G_L1_val', 2.707098960876465), ('D_real_val', 0.09106067568063736), ('D_fake_val', 0.18037007749080658), ('KL_realB_fakeB_val', 0.09748010317430433)])
end of validation step
OrderedDict([('G_GAN_val', 0.3898681104183197), ('G_L1_val', 3.849823474884033), ('D_real_val', 0.2607371509075165), ('D_fake_val', 0.27212661504745483), ('KL_realB_fakeB_val', 0.09158268471130437)])
end of validation step
OrderedDict([('G_GAN_val', 0.8959257006645203), ('G_L1_val', 3.2746071815490723), ('D_real_val', 0.2442106157541275), ('D_fake_val', 0.10965923964977264), ('KL_realB_fakeB_val', 0.09551346051676216)])
end of validation step
OrderedDict([('G_GAN_val', 1.8438069820404053), ('G_L1_val', 2.3855011463165283), ('D_real_val', 0.14940385520458221), ('D_fake_val', 0.14949175715446472), ('KL_realB_fakeB_val', 0.12094517520346067)])
end of validation step
saving the model at the end of epoch 195, iters 8190
End of epoch 195 / 200 	 Time Taken: 8 sec
learning rate 0.0000099 -> 0.0000079
OrderedDict([('G_GAN', 1.2156214714050293), ('G_L1', 1.8730111122131348), ('D_real', 0.019368335604667664), ('D_fake', 0.023101188242435455), ('KL_realB_fakeB', 0.06361763138693834)])
(epoch: 196, iters: 10, time: 0.054, data: 2.664) G_GAN: 1.216 G_L1: 1.873 D_real: 0.019 D_fake: 0.023 KL_realB_fakeB: 0.064 
End of epoch 196 / 200 	 Time Taken: 2 sec
learning rate 0.0000079 -> 0.0000059
End of epoch 197 / 200 	 Time Taken: 2 sec
learning rate 0.0000059 -> 0.0000040
OrderedDict([('G_GAN', 0.3379715383052826), ('G_L1', 1.0051312446594238), ('D_real', 0.1587403416633606), ('D_fake', 0.21362434327602386), ('KL_realB_fakeB', 0.05593561175148448)])
(epoch: 198, iters: 26, time: 0.057, data: 0.951) G_GAN: 0.338 G_L1: 1.005 D_real: 0.159 D_fake: 0.214 KL_realB_fakeB: 0.056 
End of epoch 198 / 200 	 Time Taken: 2 sec
learning rate 0.0000040 -> 0.0000020
End of epoch 199 / 200 	 Time Taken: 2 sec
learning rate 0.0000020 -> 0.0000000
OrderedDict([('G_GAN', 1.0874900817871094), ('G_L1', 1.6427088975906372), ('D_real', 0.016930432990193367), ('D_fake', 0.01825612038373947), ('KL_realB_fakeB', 0.06174250696922251)])
(epoch: 200, iters: 42, time: 0.863, data: 1.793) G_GAN: 1.087 G_L1: 1.643 D_real: 0.017 D_fake: 0.018 KL_realB_fakeB: 0.062 
OrderedDict([('G_GAN_val', 0.860862672328949), ('G_L1_val', 3.260610342025757), ('D_real_val', 0.3472834825515747), ('D_fake_val', 0.09031576663255692), ('KL_realB_fakeB_val', 0.08518887615216293)])
end of validation step
OrderedDict([('G_GAN_val', 0.9706677198410034), ('G_L1_val', 2.6303632259368896), ('D_real_val', 0.18622389435768127), ('D_fake_val', 0.023710789158940315), ('KL_realB_fakeB_val', 0.0954454645409379)])
end of validation step
OrderedDict([('G_GAN_val', 2.4851839542388916), ('G_L1_val', 2.4360339641571045), ('D_real_val', 0.1892663985490799), ('D_fake_val', 0.34910693764686584), ('KL_realB_fakeB_val', 0.12212247488695113)])
end of validation step
OrderedDict([('G_GAN_val', 0.5066248178482056), ('G_L1_val', 3.8434512615203857), ('D_real_val', 0.31536900997161865), ('D_fake_val', 0.21397994458675385), ('KL_realB_fakeB_val', 0.0912060765058792)])
end of validation step
saving the model at the end of epoch 200, iters 8400
End of epoch 200 / 200 	 Time Taken: 9 sec
