----------------- Options ---------------
               batch_size: 1                             
                    beta1: 0.5                           
          checkpoints_dir: /home/otto.tavares/public/iltbi/rxpixp2pixcycle/checkpoints
           continue_train: False                         
                crop_size: 256                           
       custom_images_path: /home/otto.tavares/public/iltbi/train/images/santa_casa_pares/	[default: None]
        custom_masks_path: None                          
       custom_paired_path: None                          
                 dataroot: /home/otto.tavares/public/iltbi/train/images/santa_casa_pares/	[default: None]
           dataset_action: False                         
     dataset_download_dir: /home/otto.tavares/public/iltbi/rxpixp2pixcycle
             dataset_mode: santacasaskfold               	[default: aligned]
             dataset_name: Shenzhen                      
                direction: AtoB                          
              display_env: main                          
             display_freq: 400                           
               display_id: 1                             
            display_ncols: 4                             
             display_port: 8097                          
           display_server: http://localhost              
          display_winsize: 256                           
            download_imgs: False                         
                    epoch: latest                        
              epoch_count: 1                             
                 gan_mode: lsgan                         	[default: vanilla]
  generate_paths_data_csv: False                         
                  gpu_ids: 0                             
                init_gain: 0.02                          
                init_type: normal                        
                 input_nc: 3                             
                     isTB: False                         
                  isTrain: True                          	[default: None]
          is_resume_wandb: False                         
                      job: None                          
                lambda_L1: 50.0                          	[default: 100.0]
                load_iter: 0                             	[default: 0]
                load_size: 256                           	[default: 286]
                       lr: 0.0002                        
           lr_decay_iters: 50                            
                lr_policy: linear                        
         max_dataset_size: inf                           
                    model: pix2pix                       	[default: cycle_gan]
                 n_epochs: 100                           
           n_epochs_decay: 100                           
                  n_folds: 10                            
               n_layers_D: 3                             
                     name: rxcycle_shenzhen_iltbi_santacasa	[default: experiment_name]
                      ndf: 64                            
                     netD: basic                         
                     netG: unet_256                      
                      ngf: 64                            
               no_dropout: False                         
                  no_flip: False                         
                  no_html: False                         
                     norm: batch                         
              num_threads: 4                             
                  num_val: 400                           
                output_nc: 3                             
                    phase: train                         
                pool_size: 0                             
               preprocess: resize_and_scale_width        	[default: resize_and_crop]
               print_freq: 100                           
                  project: p2p_santacasa                 	[default: None]
             save_by_iter: False                         
          save_epoch_freq: 5                             
         save_latest_freq: 5000                          
                     seed: 512                           	[default: 512]
           serial_batches: False                         
                     sort: 0                             
                   suffix:                               
                     test: 0                             
                    token:                               
            train_dataset: True                          
         update_html_freq: 1000                          
                use_wandb: True                          	[default: False]
                 val_freq: 10                            	[default: 400]
                  verbose: False                         
             wandb_entity: otavares                      	[default: brics-tb]
            wandb_fold_id: wandb_id-0                    	[default: None]
----------------- End -------------------
GPU with device 0
                 images    gauss  ... all_together target
0   20220315_184023.jpg      seg  ...          seg      0
1   20220315_184432.jpg      seg  ...          seg      0
2   20220315_184701.jpg  not seg  ...          seg      0
3   20220315_184740.jpg      seg  ...          seg      0
4   20220315_185230.jpg      seg  ...          seg      0
..                  ...      ...  ...          ...    ...
83         IMG_5503.JPG  not seg  ...      not seg      0
84         IMG_5505.JPG      seg  ...          seg      0
85         IMG_5507.JPG      seg  ...          seg      0
86         IMG_5509.JPG      seg  ...          seg      0
87         IMG_5604.JPG      seg  ...          seg      0

[88 rows x 5 columns]
bins selected for val: [1, 2, 3, 4, 5, 6, 7, 8, 9]
bins selected for val: [0, 2, 3, 4, 5, 6, 7, 8, 9]
bins selected for val: [0, 1, 3, 4, 5, 6, 7, 8, 9]
bins selected for val: [0, 1, 2, 4, 5, 6, 7, 8, 9]
bins selected for val: [0, 1, 2, 3, 5, 6, 7, 8, 9]
bins selected for val: [0, 1, 2, 3, 4, 6, 7, 8, 9]
bins selected for val: [0, 1, 2, 3, 4, 5, 7, 8, 9]
bins selected for val: [0, 1, 2, 3, 4, 5, 6, 8, 9]
bins selected for val: [0, 1, 2, 3, 4, 5, 6, 7, 9]
bins selected for val: [0, 1, 2, 3, 4, 5, 6, 7, 8]
dataset [SantaCasaSkfoldDataset] was created
                 images    gauss  ... all_together target
0   20220315_184023.jpg      seg  ...          seg      0
1   20220315_184432.jpg      seg  ...          seg      0
2   20220315_184701.jpg  not seg  ...          seg      0
3   20220315_184740.jpg      seg  ...          seg      0
4   20220315_185230.jpg      seg  ...          seg      0
..                  ...      ...  ...          ...    ...
83         IMG_5503.JPG  not seg  ...      not seg      0
84         IMG_5505.JPG      seg  ...          seg      0
85         IMG_5507.JPG      seg  ...          seg      0
86         IMG_5509.JPG      seg  ...          seg      0
87         IMG_5604.JPG      seg  ...          seg      0

[88 rows x 5 columns]
bins selected for val: [1, 2, 3, 4, 5, 6, 7, 8, 9]
bins selected for val: [0, 2, 3, 4, 5, 6, 7, 8, 9]
bins selected for val: [0, 1, 3, 4, 5, 6, 7, 8, 9]
bins selected for val: [0, 1, 2, 4, 5, 6, 7, 8, 9]
bins selected for val: [0, 1, 2, 3, 5, 6, 7, 8, 9]
bins selected for val: [0, 1, 2, 3, 4, 6, 7, 8, 9]
bins selected for val: [0, 1, 2, 3, 4, 5, 7, 8, 9]
bins selected for val: [0, 1, 2, 3, 4, 5, 6, 8, 9]
bins selected for val: [0, 1, 2, 3, 4, 5, 6, 7, 9]
bins selected for val: [0, 1, 2, 3, 4, 5, 6, 7, 8]
dataset [SantaCasaSkfoldDataset] was created
The number of training images = 41
The number of val images = 5
initialize network with normal
initialize network with normal
model [Pix2PixModel] was created
---------- Networks initialized -------------
[Network G] Total number of parameters : 54.414 M
[Network D] Total number of parameters : 2.769 M
-----------------------------------------------
Exception in user code:
------------------------------------------------------------


Could not connect to Visdom server. 
 Trying to start a server....
Command: /usr/bin/python3 -m visdom.server -p 8097 &>/dev/null &
create web directory /home/otto.tavares/public/iltbi/rxpixp2pixcycle/checkpoints/rxcycle_shenzhen_iltbi_santacasa/web...
learning rate 0.0002000 -> 0.0002000
End of epoch 1 / 200 	 Time Taken: 3 sec
learning rate 0.0002000 -> 0.0002000
End of epoch 2 / 200 	 Time Taken: 2 sec
learning rate 0.0002000 -> 0.0002000
OrderedDict([('G_GAN', 0.35856547951698303), ('G_L1', 4.436941146850586), ('D_real', 0.3765086531639099), ('D_fake', 0.3091363310813904), ('KL_realB_fakeB', 0.12398641181838684)])
(epoch: 3, iters: 18, time: 0.038, data: 0.325) G_GAN: 0.359 G_L1: 4.437 D_real: 0.377 D_fake: 0.309 KL_realB_fakeB: 0.124 
End of epoch 3 / 200 	 Time Taken: 27 sec
learning rate 0.0002000 -> 0.0002000
End of epoch 4 / 200 	 Time Taken: 2 sec
learning rate 0.0002000 -> 0.0002000
OrderedDict([('G_GAN', 0.27161478996276855), ('G_L1', 4.533832550048828), ('D_real', 0.2705966532230377), ('D_fake', 0.24175432324409485), ('KL_realB_fakeB', 0.11232997548169167)])
(epoch: 5, iters: 36, time: 0.052, data: 26.469) G_GAN: 0.272 G_L1: 4.534 D_real: 0.271 D_fake: 0.242 KL_realB_fakeB: 0.112 
saving the model at the end of epoch 5, iters 205
End of epoch 5 / 200 	 Time Taken: 8 sec
learning rate 0.0002000 -> 0.0002000
End of epoch 6 / 200 	 Time Taken: 2 sec
learning rate 0.0002000 -> 0.0002000
End of epoch 7 / 200 	 Time Taken: 2 sec
learning rate 0.0002000 -> 0.0002000
OrderedDict([('G_GAN', 0.355193555355072), ('G_L1', 4.539073467254639), ('D_real', 0.3645831346511841), ('D_fake', 0.4172775149345398), ('KL_realB_fakeB', 0.29625485994698564)])
(epoch: 8, iters: 13, time: 0.044, data: 2.464) G_GAN: 0.355 G_L1: 4.539 D_real: 0.365 D_fake: 0.417 KL_realB_fakeB: 0.296 
End of epoch 8 / 200 	 Time Taken: 2 sec
learning rate 0.0002000 -> 0.0002000
End of epoch 9 / 200 	 Time Taken: 2 sec
learning rate 0.0002000 -> 0.0002000
OrderedDict([('G_GAN', 0.27892956137657166), ('G_L1', 3.5219337940216064), ('D_real', 0.2488793134689331), ('D_fake', 0.2268213927745819), ('KL_realB_fakeB', 0.228762028695765)])
(epoch: 10, iters: 31, time: 0.777, data: 0.983) G_GAN: 0.279 G_L1: 3.522 D_real: 0.249 D_fake: 0.227 KL_realB_fakeB: 0.229 
end of validation step
end of validation step
end of validation step
end of validation step
end of validation step
saving the model at the end of epoch 10, iters 410
End of epoch 10 / 200 	 Time Taken: 9 sec
learning rate 0.0002000 -> 0.0002000
End of epoch 11 / 200 	 Time Taken: 2 sec
learning rate 0.0002000 -> 0.0002000
End of epoch 12 / 200 	 Time Taken: 2 sec
learning rate 0.0002000 -> 0.0002000
OrderedDict([('G_GAN', 0.2682446837425232), ('G_L1', 3.55448055267334), ('D_real', 0.22347934544086456), ('D_fake', 0.2788287103176117), ('KL_realB_fakeB', 0.09806668910066618)])
(epoch: 13, iters: 8, time: 0.045, data: 2.807) G_GAN: 0.268 G_L1: 3.554 D_real: 0.223 D_fake: 0.279 KL_realB_fakeB: 0.098 
End of epoch 13 / 200 	 Time Taken: 2 sec
learning rate 0.0002000 -> 0.0002000
End of epoch 14 / 200 	 Time Taken: 2 sec
learning rate 0.0002000 -> 0.0002000
OrderedDict([('G_GAN', 0.32754257321357727), ('G_L1', 4.055584907531738), ('D_real', 0.2432265728712082), ('D_fake', 0.21361806988716125), ('KL_realB_fakeB', 0.1753530574774023)])
(epoch: 15, iters: 26, time: 0.053, data: 0.787) G_GAN: 0.328 G_L1: 4.056 D_real: 0.243 D_fake: 0.214 KL_realB_fakeB: 0.175 
saving the model at the end of epoch 15, iters 615
End of epoch 15 / 200 	 Time Taken: 8 sec
learning rate 0.0002000 -> 0.0002000
End of epoch 16 / 200 	 Time Taken: 2 sec
learning rate 0.0002000 -> 0.0002000
End of epoch 17 / 200 	 Time Taken: 3 sec
learning rate 0.0002000 -> 0.0002000
OrderedDict([('G_GAN', 0.3103574216365814), ('G_L1', 3.9870851039886475), ('D_real', 0.21425054967403412), ('D_fake', 0.26218050718307495), ('KL_realB_fakeB', 0.5848594143750168)])
(epoch: 18, iters: 3, time: 0.045, data: 1.734) G_GAN: 0.310 G_L1: 3.987 D_real: 0.214 D_fake: 0.262 KL_realB_fakeB: 0.585 
End of epoch 18 / 200 	 Time Taken: 2 sec
learning rate 0.0002000 -> 0.0002000
End of epoch 19 / 200 	 Time Taken: 2 sec
learning rate 0.0002000 -> 0.0002000
OrderedDict([('G_GAN', 0.36061638593673706), ('G_L1', 2.5058841705322266), ('D_real', 0.24431352317333221), ('D_fake', 0.29746726155281067), ('KL_realB_fakeB', 0.14973221361485636)])
(epoch: 20, iters: 21, time: 0.649, data: 0.537) G_GAN: 0.361 G_L1: 2.506 D_real: 0.244 D_fake: 0.297 KL_realB_fakeB: 0.150 
end of validation step
end of validation step
end of validation step
end of validation step
end of validation step
saving the model at the end of epoch 20, iters 820
End of epoch 20 / 200 	 Time Taken: 8 sec
learning rate 0.0002000 -> 0.0002000
End of epoch 21 / 200 	 Time Taken: 2 sec
learning rate 0.0002000 -> 0.0002000
OrderedDict([('G_GAN', 0.6361525654792786), ('G_L1', 2.6258890628814697), ('D_real', 0.3041538596153259), ('D_fake', 0.42560067772865295), ('KL_realB_fakeB', 0.2776623197203112)])
(epoch: 22, iters: 39, time: 0.033, data: 2.168) G_GAN: 0.636 G_L1: 2.626 D_real: 0.304 D_fake: 0.426 KL_realB_fakeB: 0.278 
End of epoch 22 / 200 	 Time Taken: 2 sec
learning rate 0.0002000 -> 0.0002000
End of epoch 23 / 200 	 Time Taken: 2 sec
learning rate 0.0002000 -> 0.0002000
End of epoch 24 / 200 	 Time Taken: 2 sec
learning rate 0.0002000 -> 0.0002000
OrderedDict([('G_GAN', 0.47274863719940186), ('G_L1', 2.8152153491973877), ('D_real', 0.17301546037197113), ('D_fake', 0.18573683500289917), ('KL_realB_fakeB', 0.7640089643328583)])
(epoch: 25, iters: 16, time: 0.044, data: 2.568) G_GAN: 0.473 G_L1: 2.815 D_real: 0.173 D_fake: 0.186 KL_realB_fakeB: 0.764 
saving the model at the end of epoch 25, iters 1025
End of epoch 25 / 200 	 Time Taken: 8 sec
learning rate 0.0002000 -> 0.0002000
End of epoch 26 / 200 	 Time Taken: 3 sec
learning rate 0.0002000 -> 0.0002000
OrderedDict([('G_GAN', 0.5735006928443909), ('G_L1', 2.8210744857788086), ('D_real', 0.3020836114883423), ('D_fake', 0.43094533681869507), ('KL_realB_fakeB', 0.12559174626103445)])
(epoch: 27, iters: 34, time: 0.046, data: 1.493) G_GAN: 0.574 G_L1: 2.821 D_real: 0.302 D_fake: 0.431 KL_realB_fakeB: 0.126 
End of epoch 27 / 200 	 Time Taken: 2 sec
learning rate 0.0002000 -> 0.0002000
End of epoch 28 / 200 	 Time Taken: 2 sec
learning rate 0.0002000 -> 0.0002000
End of epoch 29 / 200 	 Time Taken: 3 sec
learning rate 0.0002000 -> 0.0002000
OrderedDict([('G_GAN', 0.2850838303565979), ('G_L1', 2.6721370220184326), ('D_real', 0.3753964900970459), ('D_fake', 0.028201358392834663), ('KL_realB_fakeB', 0.4944344296614618)])
(epoch: 30, iters: 11, time: 0.475, data: 2.565) G_GAN: 0.285 G_L1: 2.672 D_real: 0.375 D_fake: 0.028 KL_realB_fakeB: 0.494 
end of validation step
end of validation step
end of validation step
end of validation step
end of validation step
saving the model at the end of epoch 30, iters 1230
End of epoch 30 / 200 	 Time Taken: 10 sec
learning rate 0.0002000 -> 0.0002000
End of epoch 31 / 200 	 Time Taken: 2 sec
learning rate 0.0002000 -> 0.0002000
OrderedDict([('G_GAN', 0.38596394658088684), ('G_L1', 2.32265043258667), ('D_real', 0.41492414474487305), ('D_fake', 0.253704309463501), ('KL_realB_fakeB', 0.1630141896820657)])
(epoch: 32, iters: 29, time: 0.047, data: 1.476) G_GAN: 0.386 G_L1: 2.323 D_real: 0.415 D_fake: 0.254 KL_realB_fakeB: 0.163 
End of epoch 32 / 200 	 Time Taken: 2 sec
learning rate 0.0002000 -> 0.0002000
End of epoch 33 / 200 	 Time Taken: 2 sec
learning rate 0.0002000 -> 0.0002000
End of epoch 34 / 200 	 Time Taken: 2 sec
learning rate 0.0002000 -> 0.0002000
OrderedDict([('G_GAN', 0.3804352283477783), ('G_L1', 2.8342525959014893), ('D_real', 0.27048641443252563), ('D_fake', 0.1805059164762497), ('KL_realB_fakeB', 0.35912072530042116)])
(epoch: 35, iters: 6, time: 0.048, data: 1.885) G_GAN: 0.380 G_L1: 2.834 D_real: 0.270 D_fake: 0.181 KL_realB_fakeB: 0.359 
saving the model at the end of epoch 35, iters 1435
End of epoch 35 / 200 	 Time Taken: 10 sec
learning rate 0.0002000 -> 0.0002000
End of epoch 36 / 200 	 Time Taken: 2 sec
learning rate 0.0002000 -> 0.0002000
OrderedDict([('G_GAN', 0.6259827017784119), ('G_L1', 2.2920186519622803), ('D_real', 0.05693746730685234), ('D_fake', 0.43655943870544434), ('KL_realB_fakeB', 0.4523024746145581)])
(epoch: 37, iters: 24, time: 0.052, data: 0.844) G_GAN: 0.626 G_L1: 2.292 D_real: 0.057 D_fake: 0.437 KL_realB_fakeB: 0.452 
End of epoch 37 / 200 	 Time Taken: 2 sec
learning rate 0.0002000 -> 0.0002000
End of epoch 38 / 200 	 Time Taken: 2 sec
learning rate 0.0002000 -> 0.0002000
End of epoch 39 / 200 	 Time Taken: 3 sec
learning rate 0.0002000 -> 0.0002000
OrderedDict([('G_GAN', 0.25623783469200134), ('G_L1', 2.2185168266296387), ('D_real', 0.3218994140625), ('D_fake', 0.1661211997270584), ('KL_realB_fakeB', 0.10823713014167015)])
(epoch: 40, iters: 1, time: 0.701, data: 1.737) G_GAN: 0.256 G_L1: 2.219 D_real: 0.322 D_fake: 0.166 KL_realB_fakeB: 0.108 
end of validation step
end of validation step
end of validation step
end of validation step
end of validation step
saving the model at the end of epoch 40, iters 1640
End of epoch 40 / 200 	 Time Taken: 10 sec
learning rate 0.0002000 -> 0.0002000
End of epoch 41 / 200 	 Time Taken: 2 sec
learning rate 0.0002000 -> 0.0002000
OrderedDict([('G_GAN', 0.3865385055541992), ('G_L1', 3.4015443325042725), ('D_real', 0.17330943048000336), ('D_fake', 0.13266579806804657), ('KL_realB_fakeB', 0.35988205083655445)])
(epoch: 42, iters: 19, time: 0.042, data: 0.832) G_GAN: 0.387 G_L1: 3.402 D_real: 0.173 D_fake: 0.133 KL_realB_fakeB: 0.360 
End of epoch 42 / 200 	 Time Taken: 2 sec
learning rate 0.0002000 -> 0.0002000
End of epoch 43 / 200 	 Time Taken: 2 sec
learning rate 0.0002000 -> 0.0002000
OrderedDict([('G_GAN', 0.4942498803138733), ('G_L1', 2.2757253646850586), ('D_real', 0.35039007663726807), ('D_fake', 0.10665257275104523), ('KL_realB_fakeB', 0.07699012131950665)])
(epoch: 44, iters: 37, time: 0.043, data: 1.472) G_GAN: 0.494 G_L1: 2.276 D_real: 0.350 D_fake: 0.107 KL_realB_fakeB: 0.077 
End of epoch 44 / 200 	 Time Taken: 2 sec
learning rate 0.0002000 -> 0.0002000
saving the model at the end of epoch 45, iters 1845
End of epoch 45 / 200 	 Time Taken: 7 sec
learning rate 0.0002000 -> 0.0002000
End of epoch 46 / 200 	 Time Taken: 2 sec
learning rate 0.0002000 -> 0.0002000
OrderedDict([('G_GAN', 0.5129574537277222), ('G_L1', 2.640559434890747), ('D_real', 0.1831955462694168), ('D_fake', 0.2811509072780609), ('KL_realB_fakeB', 0.21701898511224377)])
(epoch: 47, iters: 14, time: 0.044, data: 2.485) G_GAN: 0.513 G_L1: 2.641 D_real: 0.183 D_fake: 0.281 KL_realB_fakeB: 0.217 
End of epoch 47 / 200 	 Time Taken: 2 sec
learning rate 0.0002000 -> 0.0002000
End of epoch 48 / 200 	 Time Taken: 2 sec
learning rate 0.0002000 -> 0.0002000
OrderedDict([('G_GAN', 0.35192057490348816), ('G_L1', 2.345477342605591), ('D_real', 0.05258055403828621), ('D_fake', 0.6806486248970032), ('KL_realB_fakeB', 0.18956576894136898)])
(epoch: 49, iters: 32, time: 0.522, data: 1.167) G_GAN: 0.352 G_L1: 2.345 D_real: 0.053 D_fake: 0.681 KL_realB_fakeB: 0.190 
End of epoch 49 / 200 	 Time Taken: 3 sec
learning rate 0.0002000 -> 0.0002000
end of validation step
end of validation step
end of validation step
end of validation step
end of validation step
saving the model at the end of epoch 50, iters 2050
End of epoch 50 / 200 	 Time Taken: 8 sec
learning rate 0.0002000 -> 0.0002000
End of epoch 51 / 200 	 Time Taken: 2 sec
learning rate 0.0002000 -> 0.0002000
OrderedDict([('G_GAN', 0.3309202790260315), ('G_L1', 2.129185676574707), ('D_real', 0.19561836123466492), ('D_fake', 0.2523496448993683), ('KL_realB_fakeB', 0.07433861915194717)])
(epoch: 52, iters: 9, time: 0.050, data: 3.051) G_GAN: 0.331 G_L1: 2.129 D_real: 0.196 D_fake: 0.252 KL_realB_fakeB: 0.074 
End of epoch 52 / 200 	 Time Taken: 2 sec
learning rate 0.0002000 -> 0.0002000
End of epoch 53 / 200 	 Time Taken: 2 sec
learning rate 0.0002000 -> 0.0002000
OrderedDict([('G_GAN', 0.19711820781230927), ('G_L1', 1.9984617233276367), ('D_real', 0.38223353028297424), ('D_fake', 0.1277739554643631), ('KL_realB_fakeB', 0.07069895621232125)])
(epoch: 54, iters: 27, time: 0.045, data: 1.038) G_GAN: 0.197 G_L1: 1.998 D_real: 0.382 D_fake: 0.128 KL_realB_fakeB: 0.071 
End of epoch 54 / 200 	 Time Taken: 2 sec
learning rate 0.0002000 -> 0.0002000
saving the model at the end of epoch 55, iters 2255
End of epoch 55 / 200 	 Time Taken: 7 sec
learning rate 0.0002000 -> 0.0002000
End of epoch 56 / 200 	 Time Taken: 2 sec
learning rate 0.0002000 -> 0.0002000
OrderedDict([('G_GAN', 0.4738674759864807), ('G_L1', 2.123434543609619), ('D_real', 0.13136625289916992), ('D_fake', 0.31501585245132446), ('KL_realB_fakeB', 0.20675046519417273)])
(epoch: 57, iters: 4, time: 0.046, data: 2.037) G_GAN: 0.474 G_L1: 2.123 D_real: 0.131 D_fake: 0.315 KL_realB_fakeB: 0.207 
End of epoch 57 / 200 	 Time Taken: 2 sec
learning rate 0.0002000 -> 0.0002000
End of epoch 58 / 200 	 Time Taken: 2 sec
learning rate 0.0002000 -> 0.0002000
OrderedDict([('G_GAN', 0.3133038282394409), ('G_L1', 2.3189303874969482), ('D_real', 0.29572638869285583), ('D_fake', 0.17585861682891846), ('KL_realB_fakeB', 0.2527604579985534)])
(epoch: 59, iters: 22, time: 0.706, data: 0.495) G_GAN: 0.313 G_L1: 2.319 D_real: 0.296 D_fake: 0.176 KL_realB_fakeB: 0.253 
End of epoch 59 / 200 	 Time Taken: 3 sec
learning rate 0.0002000 -> 0.0002000
end of validation step
end of validation step
end of validation step
end of validation step
end of validation step
saving the model at the end of epoch 60, iters 2460
End of epoch 60 / 200 	 Time Taken: 7 sec
learning rate 0.0002000 -> 0.0002000
OrderedDict([('G_GAN', 0.15522821247577667), ('G_L1', 2.03330135345459), ('D_real', 0.492379367351532), ('D_fake', 0.07154788821935654), ('KL_realB_fakeB', 0.09682152471298924)])
(epoch: 61, iters: 40, time: 0.044, data: 2.064) G_GAN: 0.155 G_L1: 2.033 D_real: 0.492 D_fake: 0.072 KL_realB_fakeB: 0.097 
End of epoch 61 / 200 	 Time Taken: 2 sec
learning rate 0.0002000 -> 0.0002000
End of epoch 62 / 200 	 Time Taken: 2 sec
learning rate 0.0002000 -> 0.0002000
End of epoch 63 / 200 	 Time Taken: 2 sec
learning rate 0.0002000 -> 0.0002000
OrderedDict([('G_GAN', 0.5831803679466248), ('G_L1', 1.8789923191070557), ('D_real', 0.25868555903434753), ('D_fake', 0.05542784184217453), ('KL_realB_fakeB', 0.08746089174322462)])
(epoch: 64, iters: 17, time: 0.045, data: 2.287) G_GAN: 0.583 G_L1: 1.879 D_real: 0.259 D_fake: 0.055 KL_realB_fakeB: 0.087 
End of epoch 64 / 200 	 Time Taken: 2 sec
learning rate 0.0002000 -> 0.0002000
saving the model at the end of epoch 65, iters 2665
End of epoch 65 / 200 	 Time Taken: 7 sec
learning rate 0.0002000 -> 0.0002000
OrderedDict([('G_GAN', 0.49448898434638977), ('G_L1', 1.7114728689193726), ('D_real', 0.4276970624923706), ('D_fake', 0.1619817465543747), ('KL_realB_fakeB', 0.08182683602780735)])
(epoch: 66, iters: 35, time: 0.045, data: 1.243) G_GAN: 0.494 G_L1: 1.711 D_real: 0.428 D_fake: 0.162 KL_realB_fakeB: 0.082 
End of epoch 66 / 200 	 Time Taken: 2 sec
learning rate 0.0002000 -> 0.0002000
End of epoch 67 / 200 	 Time Taken: 2 sec
learning rate 0.0002000 -> 0.0002000
End of epoch 68 / 200 	 Time Taken: 2 sec
learning rate 0.0002000 -> 0.0002000
OrderedDict([('G_GAN', 0.35260510444641113), ('G_L1', 1.5534884929656982), ('D_real', 0.30063948035240173), ('D_fake', 0.1952047049999237), ('KL_realB_fakeB', 0.20489448724608253)])
(epoch: 69, iters: 12, time: 0.803, data: 2.376) G_GAN: 0.353 G_L1: 1.553 D_real: 0.301 D_fake: 0.195 KL_realB_fakeB: 0.205 
End of epoch 69 / 200 	 Time Taken: 2 sec
learning rate 0.0002000 -> 0.0002000
end of validation step
end of validation step
end of validation step
end of validation step
end of validation step
saving the model at the end of epoch 70, iters 2870
End of epoch 70 / 200 	 Time Taken: 8 sec
learning rate 0.0002000 -> 0.0002000
OrderedDict([('G_GAN', 0.2070418745279312), ('G_L1', 1.9411977529525757), ('D_real', 0.47992655634880066), ('D_fake', 0.09126629680395126), ('KL_realB_fakeB', 0.09628660809347692)])
(epoch: 71, iters: 30, time: 0.035, data: 1.813) G_GAN: 0.207 G_L1: 1.941 D_real: 0.480 D_fake: 0.091 KL_realB_fakeB: 0.096 
End of epoch 71 / 200 	 Time Taken: 2 sec
learning rate 0.0002000 -> 0.0002000
End of epoch 72 / 200 	 Time Taken: 2 sec
learning rate 0.0002000 -> 0.0002000
End of epoch 73 / 200 	 Time Taken: 2 sec
learning rate 0.0002000 -> 0.0002000
OrderedDict([('G_GAN', 0.42250514030456543), ('G_L1', 2.0754647254943848), ('D_real', 0.09396392107009888), ('D_fake', 0.3739398717880249), ('KL_realB_fakeB', 0.09563034152501305)])
(epoch: 74, iters: 7, time: 0.045, data: 1.749) G_GAN: 0.423 G_L1: 2.075 D_real: 0.094 D_fake: 0.374 KL_realB_fakeB: 0.096 
End of epoch 74 / 200 	 Time Taken: 2 sec
learning rate 0.0002000 -> 0.0002000
saving the model at the end of epoch 75, iters 3075
End of epoch 75 / 200 	 Time Taken: 7 sec
learning rate 0.0002000 -> 0.0002000
OrderedDict([('G_GAN', 0.47734084725379944), ('G_L1', 2.0068700313568115), ('D_real', 0.11804287880659103), ('D_fake', 0.5197469592094421), ('KL_realB_fakeB', 0.11926770439452383)])
(epoch: 76, iters: 25, time: 0.033, data: 0.777) G_GAN: 0.477 G_L1: 2.007 D_real: 0.118 D_fake: 0.520 KL_realB_fakeB: 0.119 
End of epoch 76 / 200 	 Time Taken: 2 sec
learning rate 0.0002000 -> 0.0002000
End of epoch 77 / 200 	 Time Taken: 2 sec
learning rate 0.0002000 -> 0.0002000
End of epoch 78 / 200 	 Time Taken: 2 sec
learning rate 0.0002000 -> 0.0002000
OrderedDict([('G_GAN', 0.2730868458747864), ('G_L1', 1.5355433225631714), ('D_real', 0.5198943018913269), ('D_fake', 0.07271086424589157), ('KL_realB_fakeB', 0.06848750967648742)])
(epoch: 79, iters: 2, time: 0.600, data: 1.820) G_GAN: 0.273 G_L1: 1.536 D_real: 0.520 D_fake: 0.073 KL_realB_fakeB: 0.068 
End of epoch 79 / 200 	 Time Taken: 2 sec
learning rate 0.0002000 -> 0.0002000
end of validation step
end of validation step
end of validation step
end of validation step
end of validation step
saving the model at the end of epoch 80, iters 3280
End of epoch 80 / 200 	 Time Taken: 8 sec
learning rate 0.0002000 -> 0.0002000
OrderedDict([('G_GAN', 0.28479668498039246), ('G_L1', 1.165311574935913), ('D_real', 0.7868714928627014), ('D_fake', 0.017795046791434288), ('KL_realB_fakeB', 0.09182161392030996)])
(epoch: 81, iters: 20, time: 0.042, data: 1.121) G_GAN: 0.285 G_L1: 1.165 D_real: 0.787 D_fake: 0.018 KL_realB_fakeB: 0.092 
End of epoch 81 / 200 	 Time Taken: 2 sec
learning rate 0.0002000 -> 0.0002000
End of epoch 82 / 200 	 Time Taken: 2 sec
learning rate 0.0002000 -> 0.0002000
OrderedDict([('G_GAN', 0.25061026215553284), ('G_L1', 1.544262409210205), ('D_real', 0.1259957104921341), ('D_fake', 0.3482550084590912), ('KL_realB_fakeB', 0.07208096792903687)])
(epoch: 83, iters: 38, time: 0.045, data: 1.406) G_GAN: 0.251 G_L1: 1.544 D_real: 0.126 D_fake: 0.348 KL_realB_fakeB: 0.072 
End of epoch 83 / 200 	 Time Taken: 2 sec
learning rate 0.0002000 -> 0.0002000
End of epoch 84 / 200 	 Time Taken: 2 sec
learning rate 0.0002000 -> 0.0002000
saving the model at the end of epoch 85, iters 3485
End of epoch 85 / 200 	 Time Taken: 7 sec
learning rate 0.0002000 -> 0.0002000
OrderedDict([('G_GAN', 0.529275119304657), ('G_L1', 1.5752232074737549), ('D_real', 0.15899766981601715), ('D_fake', 0.19724196195602417), ('KL_realB_fakeB', 0.16438869583973603)])
(epoch: 86, iters: 15, time: 0.045, data: 2.468) G_GAN: 0.529 G_L1: 1.575 D_real: 0.159 D_fake: 0.197 KL_realB_fakeB: 0.164 
End of epoch 86 / 200 	 Time Taken: 2 sec
learning rate 0.0002000 -> 0.0002000
End of epoch 87 / 200 	 Time Taken: 2 sec
learning rate 0.0002000 -> 0.0002000
OrderedDict([('G_GAN', 0.3795342445373535), ('G_L1', 1.7830123901367188), ('D_real', 0.20344920456409454), ('D_fake', 0.4885481595993042), ('KL_realB_fakeB', 0.16324879093303774)])
(epoch: 88, iters: 33, time: 0.723, data: 1.192) G_GAN: 0.380 G_L1: 1.783 D_real: 0.203 D_fake: 0.489 KL_realB_fakeB: 0.163 
End of epoch 88 / 200 	 Time Taken: 3 sec
learning rate 0.0002000 -> 0.0002000
End of epoch 89 / 200 	 Time Taken: 2 sec
learning rate 0.0002000 -> 0.0002000
end of validation step
end of validation step
end of validation step
end of validation step
end of validation step
saving the model at the end of epoch 90, iters 3690
End of epoch 90 / 200 	 Time Taken: 8 sec
learning rate 0.0002000 -> 0.0002000
OrderedDict([('G_GAN', 0.3005049228668213), ('G_L1', 1.9948283433914185), ('D_real', 0.22870855033397675), ('D_fake', 0.4160595238208771), ('KL_realB_fakeB', 0.09001388136388686)])
(epoch: 91, iters: 10, time: 0.046, data: 2.949) G_GAN: 0.301 G_L1: 1.995 D_real: 0.229 D_fake: 0.416 KL_realB_fakeB: 0.090 
End of epoch 91 / 200 	 Time Taken: 2 sec
learning rate 0.0002000 -> 0.0002000
End of epoch 92 / 200 	 Time Taken: 2 sec
learning rate 0.0002000 -> 0.0002000
OrderedDict([('G_GAN', 0.34719499945640564), ('G_L1', 1.3898952007293701), ('D_real', 0.1432119458913803), ('D_fake', 0.3364485204219818), ('KL_realB_fakeB', 0.17150151873774014)])
(epoch: 93, iters: 28, time: 0.040, data: 0.932) G_GAN: 0.347 G_L1: 1.390 D_real: 0.143 D_fake: 0.336 KL_realB_fakeB: 0.172 
End of epoch 93 / 200 	 Time Taken: 2 sec
learning rate 0.0002000 -> 0.0002000
End of epoch 94 / 200 	 Time Taken: 2 sec
learning rate 0.0002000 -> 0.0002000
saving the model at the end of epoch 95, iters 3895
End of epoch 95 / 200 	 Time Taken: 7 sec
learning rate 0.0002000 -> 0.0002000
OrderedDict([('G_GAN', 0.35124489665031433), ('G_L1', 1.3308039903640747), ('D_real', 0.1963593065738678), ('D_fake', 0.2335623949766159), ('KL_realB_fakeB', 0.11221243825721955)])
(epoch: 96, iters: 5, time: 0.033, data: 1.835) G_GAN: 0.351 G_L1: 1.331 D_real: 0.196 D_fake: 0.234 KL_realB_fakeB: 0.112 
End of epoch 96 / 200 	 Time Taken: 2 sec
learning rate 0.0002000 -> 0.0002000
End of epoch 97 / 200 	 Time Taken: 2 sec
learning rate 0.0002000 -> 0.0002000
OrderedDict([('G_GAN', 0.5086213946342468), ('G_L1', 1.8772255182266235), ('D_real', 0.22053445875644684), ('D_fake', 0.5239965319633484), ('KL_realB_fakeB', 0.08453708392415815)])
(epoch: 98, iters: 23, time: 0.597, data: 0.821) G_GAN: 0.509 G_L1: 1.877 D_real: 0.221 D_fake: 0.524 KL_realB_fakeB: 0.085 
End of epoch 98 / 200 	 Time Taken: 3 sec
learning rate 0.0002000 -> 0.0002000
End of epoch 99 / 200 	 Time Taken: 2 sec
learning rate 0.0002000 -> 0.0001980
OrderedDict([('G_GAN', 0.2907400131225586), ('G_L1', 1.5968269109725952), ('D_real', 0.17122745513916016), ('D_fake', 0.24273677170276642), ('KL_realB_fakeB', 0.0735445319156878)])
(epoch: 100, iters: 41, time: 0.047, data: 2.406) G_GAN: 0.291 G_L1: 1.597 D_real: 0.171 D_fake: 0.243 KL_realB_fakeB: 0.074 
end of validation step
end of validation step
end of validation step
end of validation step
end of validation step
saving the model at the end of epoch 100, iters 4100
End of epoch 100 / 200 	 Time Taken: 8 sec
learning rate 0.0001980 -> 0.0001960
End of epoch 101 / 200 	 Time Taken: 2 sec
learning rate 0.0001960 -> 0.0001941
End of epoch 102 / 200 	 Time Taken: 2 sec
learning rate 0.0001941 -> 0.0001921
OrderedDict([('G_GAN', 0.332689493894577), ('G_L1', 1.9065886735916138), ('D_real', 0.1804320514202118), ('D_fake', 0.4625782072544098), ('KL_realB_fakeB', 0.35305718633154637)])
(epoch: 103, iters: 18, time: 0.049, data: 0.101) G_GAN: 0.333 G_L1: 1.907 D_real: 0.180 D_fake: 0.463 KL_realB_fakeB: 0.353 
End of epoch 103 / 200 	 Time Taken: 2 sec
learning rate 0.0001921 -> 0.0001901
End of epoch 104 / 200 	 Time Taken: 2 sec
learning rate 0.0001901 -> 0.0001881
OrderedDict([('G_GAN', 0.4149894416332245), ('G_L1', 1.6366217136383057), ('D_real', 0.2209370881319046), ('D_fake', 0.2856242060661316), ('KL_realB_fakeB', 0.08830782858178474)])
(epoch: 105, iters: 36, time: 0.048, data: 1.565) G_GAN: 0.415 G_L1: 1.637 D_real: 0.221 D_fake: 0.286 KL_realB_fakeB: 0.088 
saving the model at the end of epoch 105, iters 4305
End of epoch 105 / 200 	 Time Taken: 7 sec
learning rate 0.0001881 -> 0.0001861
End of epoch 106 / 200 	 Time Taken: 2 sec
learning rate 0.0001861 -> 0.0001842
End of epoch 107 / 200 	 Time Taken: 2 sec
learning rate 0.0001842 -> 0.0001822
OrderedDict([('G_GAN', 0.4187189042568207), ('G_L1', 2.252922773361206), ('D_real', 0.3385681211948395), ('D_fake', 0.057311054319143295), ('KL_realB_fakeB', 0.08552697921514289)])
(epoch: 108, iters: 13, time: 0.647, data: 2.481) G_GAN: 0.419 G_L1: 2.253 D_real: 0.339 D_fake: 0.057 KL_realB_fakeB: 0.086 
End of epoch 108 / 200 	 Time Taken: 2 sec
learning rate 0.0001822 -> 0.0001802
End of epoch 109 / 200 	 Time Taken: 2 sec
learning rate 0.0001802 -> 0.0001782
OrderedDict([('G_GAN', 0.5974062085151672), ('G_L1', 1.639122724533081), ('D_real', 0.202052503824234), ('D_fake', 0.3297204077243805), ('KL_realB_fakeB', 0.07106561367411764)])
(epoch: 110, iters: 31, time: 0.033, data: 1.618) G_GAN: 0.597 G_L1: 1.639 D_real: 0.202 D_fake: 0.330 KL_realB_fakeB: 0.071 
end of validation step
end of validation step
end of validation step
end of validation step
end of validation step
saving the model at the end of epoch 110, iters 4510
End of epoch 110 / 200 	 Time Taken: 8 sec
learning rate 0.0001782 -> 0.0001762
End of epoch 111 / 200 	 Time Taken: 2 sec
learning rate 0.0001762 -> 0.0001743
End of epoch 112 / 200 	 Time Taken: 2 sec
learning rate 0.0001743 -> 0.0001723
OrderedDict([('G_GAN', 0.17774081230163574), ('G_L1', 1.5123480558395386), ('D_real', 0.29954472184181213), ('D_fake', 0.27024316787719727), ('KL_realB_fakeB', 0.09275780105008342)])
(epoch: 113, iters: 8, time: 0.047, data: 2.230) G_GAN: 0.178 G_L1: 1.512 D_real: 0.300 D_fake: 0.270 KL_realB_fakeB: 0.093 
End of epoch 113 / 200 	 Time Taken: 2 sec
learning rate 0.0001723 -> 0.0001703
End of epoch 114 / 200 	 Time Taken: 2 sec
learning rate 0.0001703 -> 0.0001683
OrderedDict([('G_GAN', 0.28791505098342896), ('G_L1', 1.3726814985275269), ('D_real', 0.12865835428237915), ('D_fake', 0.32673901319503784), ('KL_realB_fakeB', 0.06667434102304023)])
(epoch: 115, iters: 26, time: 0.035, data: 0.885) G_GAN: 0.288 G_L1: 1.373 D_real: 0.129 D_fake: 0.327 KL_realB_fakeB: 0.067 
saving the model at the end of epoch 115, iters 4715
End of epoch 115 / 200 	 Time Taken: 7 sec
learning rate 0.0001683 -> 0.0001663
End of epoch 116 / 200 	 Time Taken: 2 sec
learning rate 0.0001663 -> 0.0001644
End of epoch 117 / 200 	 Time Taken: 2 sec
learning rate 0.0001644 -> 0.0001624
OrderedDict([('G_GAN', 0.44123855233192444), ('G_L1', 2.3652796745300293), ('D_real', 0.22668695449829102), ('D_fake', 0.0511615015566349), ('KL_realB_fakeB', 0.0734104341994666)])
(epoch: 118, iters: 3, time: 0.742, data: 2.123) G_GAN: 0.441 G_L1: 2.365 D_real: 0.227 D_fake: 0.051 KL_realB_fakeB: 0.073 
End of epoch 118 / 200 	 Time Taken: 3 sec
learning rate 0.0001624 -> 0.0001604
End of epoch 119 / 200 	 Time Taken: 2 sec
learning rate 0.0001604 -> 0.0001584
OrderedDict([('G_GAN', 0.26327410340309143), ('G_L1', 1.1580673456192017), ('D_real', 0.397016316652298), ('D_fake', 0.09759490936994553), ('KL_realB_fakeB', 0.09390984243132441)])
(epoch: 120, iters: 21, time: 0.035, data: 1.243) G_GAN: 0.263 G_L1: 1.158 D_real: 0.397 D_fake: 0.098 KL_realB_fakeB: 0.094 
end of validation step
end of validation step
end of validation step
end of validation step
end of validation step
saving the model at the end of epoch 120, iters 4920
End of epoch 120 / 200 	 Time Taken: 7 sec
learning rate 0.0001584 -> 0.0001564
End of epoch 121 / 200 	 Time Taken: 2 sec
learning rate 0.0001564 -> 0.0001545
OrderedDict([('G_GAN', 0.2689343988895416), ('G_L1', 1.2632908821105957), ('D_real', 0.23405033349990845), ('D_fake', 0.28103139996528625), ('KL_realB_fakeB', 0.06264628399572317)])
(epoch: 122, iters: 39, time: 0.040, data: 1.342) G_GAN: 0.269 G_L1: 1.263 D_real: 0.234 D_fake: 0.281 KL_realB_fakeB: 0.063 
saving the latest model (epoch 122, total_iters 5000)
End of epoch 122 / 200 	 Time Taken: 5 sec
learning rate 0.0001545 -> 0.0001525
End of epoch 123 / 200 	 Time Taken: 2 sec
learning rate 0.0001525 -> 0.0001505
End of epoch 124 / 200 	 Time Taken: 2 sec
learning rate 0.0001505 -> 0.0001485
OrderedDict([('G_GAN', 0.24886707961559296), ('G_L1', 1.7110413312911987), ('D_real', 0.06425999104976654), ('D_fake', 0.5627769827842712), ('KL_realB_fakeB', 0.06850433557240379)])
(epoch: 125, iters: 16, time: 0.048, data: 5.006) G_GAN: 0.249 G_L1: 1.711 D_real: 0.064 D_fake: 0.563 KL_realB_fakeB: 0.069 
saving the model at the end of epoch 125, iters 5125
End of epoch 125 / 200 	 Time Taken: 7 sec
learning rate 0.0001485 -> 0.0001465
End of epoch 126 / 200 	 Time Taken: 2 sec
learning rate 0.0001465 -> 0.0001446
OrderedDict([('G_GAN', 0.456133633852005), ('G_L1', 1.3917975425720215), ('D_real', 0.1668473333120346), ('D_fake', 0.09665534645318985), ('KL_realB_fakeB', 0.07075750850706052)])
(epoch: 127, iters: 34, time: 0.699, data: 1.223) G_GAN: 0.456 G_L1: 1.392 D_real: 0.167 D_fake: 0.097 KL_realB_fakeB: 0.071 
End of epoch 127 / 200 	 Time Taken: 3 sec
learning rate 0.0001446 -> 0.0001426
End of epoch 128 / 200 	 Time Taken: 2 sec
learning rate 0.0001426 -> 0.0001406
End of epoch 129 / 200 	 Time Taken: 2 sec
learning rate 0.0001406 -> 0.0001386
OrderedDict([('G_GAN', 0.5039350390434265), ('G_L1', 1.7808696031570435), ('D_real', 0.0983816608786583), ('D_fake', 0.030815070495009422), ('KL_realB_fakeB', 0.07554189355586444)])
(epoch: 130, iters: 11, time: 0.049, data: 2.965) G_GAN: 0.504 G_L1: 1.781 D_real: 0.098 D_fake: 0.031 KL_realB_fakeB: 0.076 
end of validation step
end of validation step
end of validation step
end of validation step
end of validation step
saving the model at the end of epoch 130, iters 5330
End of epoch 130 / 200 	 Time Taken: 7 sec
learning rate 0.0001386 -> 0.0001366
End of epoch 131 / 200 	 Time Taken: 2 sec
learning rate 0.0001366 -> 0.0001347
OrderedDict([('G_GAN', 0.35364916920661926), ('G_L1', 1.2890682220458984), ('D_real', 0.06605652719736099), ('D_fake', 0.41866162419319153), ('KL_realB_fakeB', 0.07816833949014589)])
(epoch: 132, iters: 29, time: 0.037, data: 0.988) G_GAN: 0.354 G_L1: 1.289 D_real: 0.066 D_fake: 0.419 KL_realB_fakeB: 0.078 
End of epoch 132 / 200 	 Time Taken: 2 sec
learning rate 0.0001347 -> 0.0001327
End of epoch 133 / 200 	 Time Taken: 2 sec
learning rate 0.0001327 -> 0.0001307
End of epoch 134 / 200 	 Time Taken: 2 sec
learning rate 0.0001307 -> 0.0001287
OrderedDict([('G_GAN', 0.415194571018219), ('G_L1', 1.3802061080932617), ('D_real', 0.18336166441440582), ('D_fake', 0.08110816031694412), ('KL_realB_fakeB', 0.08464397604793561)])
(epoch: 135, iters: 6, time: 0.047, data: 1.952) G_GAN: 0.415 G_L1: 1.380 D_real: 0.183 D_fake: 0.081 KL_realB_fakeB: 0.085 
saving the model at the end of epoch 135, iters 5535
End of epoch 135 / 200 	 Time Taken: 7 sec
learning rate 0.0001287 -> 0.0001267
End of epoch 136 / 200 	 Time Taken: 2 sec
learning rate 0.0001267 -> 0.0001248
OrderedDict([('G_GAN', 0.231424942612648), ('G_L1', 1.359404444694519), ('D_real', 0.4950741231441498), ('D_fake', 0.13439199328422546), ('KL_realB_fakeB', 0.06422383908936341)])
(epoch: 137, iters: 24, time: 0.654, data: 0.647) G_GAN: 0.231 G_L1: 1.359 D_real: 0.495 D_fake: 0.134 KL_realB_fakeB: 0.064 
End of epoch 137 / 200 	 Time Taken: 3 sec
learning rate 0.0001248 -> 0.0001228
End of epoch 138 / 200 	 Time Taken: 2 sec
learning rate 0.0001228 -> 0.0001208
End of epoch 139 / 200 	 Time Taken: 2 sec
learning rate 0.0001208 -> 0.0001188
OrderedDict([('G_GAN', 0.24275115132331848), ('G_L1', 0.9770246148109436), ('D_real', 0.3330022692680359), ('D_fake', 0.047867778688669205), ('KL_realB_fakeB', 0.09863517008512326)])
(epoch: 140, iters: 1, time: 0.037, data: 2.241) G_GAN: 0.243 G_L1: 0.977 D_real: 0.333 D_fake: 0.048 KL_realB_fakeB: 0.099 
end of validation step
end of validation step
end of validation step
end of validation step
end of validation step
saving the model at the end of epoch 140, iters 5740
End of epoch 140 / 200 	 Time Taken: 7 sec
learning rate 0.0001188 -> 0.0001168
End of epoch 141 / 200 	 Time Taken: 2 sec
learning rate 0.0001168 -> 0.0001149
OrderedDict([('G_GAN', 0.3091813921928406), ('G_L1', 1.1753488779067993), ('D_real', 0.05980474129319191), ('D_fake', 0.5421962738037109), ('KL_realB_fakeB', 0.07175919112681378)])
(epoch: 142, iters: 19, time: 0.033, data: 0.506) G_GAN: 0.309 G_L1: 1.175 D_real: 0.060 D_fake: 0.542 KL_realB_fakeB: 0.072 
End of epoch 142 / 200 	 Time Taken: 2 sec
learning rate 0.0001149 -> 0.0001129
End of epoch 143 / 200 	 Time Taken: 2 sec
learning rate 0.0001129 -> 0.0001109
OrderedDict([('G_GAN', 0.632747232913971), ('G_L1', 1.5997424125671387), ('D_real', 0.19015175104141235), ('D_fake', 0.023535678163170815), ('KL_realB_fakeB', 0.10953032418597469)])
(epoch: 144, iters: 37, time: 0.051, data: 1.669) G_GAN: 0.633 G_L1: 1.600 D_real: 0.190 D_fake: 0.024 KL_realB_fakeB: 0.110 
End of epoch 144 / 200 	 Time Taken: 2 sec
learning rate 0.0001109 -> 0.0001089
saving the model at the end of epoch 145, iters 5945
End of epoch 145 / 200 	 Time Taken: 7 sec
learning rate 0.0001089 -> 0.0001069
End of epoch 146 / 200 	 Time Taken: 2 sec
learning rate 0.0001069 -> 0.0001050
OrderedDict([('G_GAN', 0.5859763026237488), ('G_L1', 1.439686894416809), ('D_real', 0.12153302133083344), ('D_fake', 0.1689566820859909), ('KL_realB_fakeB', 0.06860020509586617)])
(epoch: 147, iters: 14, time: 0.690, data: 2.110) G_GAN: 0.586 G_L1: 1.440 D_real: 0.122 D_fake: 0.169 KL_realB_fakeB: 0.069 
End of epoch 147 / 200 	 Time Taken: 2 sec
learning rate 0.0001050 -> 0.0001030
End of epoch 148 / 200 	 Time Taken: 2 sec
learning rate 0.0001030 -> 0.0001010
OrderedDict([('G_GAN', 0.27242201566696167), ('G_L1', 1.223493218421936), ('D_real', 0.1709471046924591), ('D_fake', 0.3369262218475342), ('KL_realB_fakeB', 0.07024113439333116)])
(epoch: 149, iters: 32, time: 0.049, data: 1.765) G_GAN: 0.272 G_L1: 1.223 D_real: 0.171 D_fake: 0.337 KL_realB_fakeB: 0.070 
End of epoch 149 / 200 	 Time Taken: 2 sec
learning rate 0.0001010 -> 0.0000990
end of validation step
end of validation step
end of validation step
end of validation step
end of validation step
saving the model at the end of epoch 150, iters 6150
End of epoch 150 / 200 	 Time Taken: 7 sec
learning rate 0.0000990 -> 0.0000970
End of epoch 151 / 200 	 Time Taken: 2 sec
learning rate 0.0000970 -> 0.0000950
OrderedDict([('G_GAN', 0.28479498624801636), ('G_L1', 1.2358062267303467), ('D_real', 0.3129826486110687), ('D_fake', 0.11569742858409882), ('KL_realB_fakeB', 0.06920459097081551)])
(epoch: 152, iters: 9, time: 0.046, data: 1.993) G_GAN: 0.285 G_L1: 1.236 D_real: 0.313 D_fake: 0.116 KL_realB_fakeB: 0.069 
End of epoch 152 / 200 	 Time Taken: 2 sec
learning rate 0.0000950 -> 0.0000931
End of epoch 153 / 200 	 Time Taken: 2 sec
learning rate 0.0000931 -> 0.0000911
OrderedDict([('G_GAN', 0.30312901735305786), ('G_L1', 1.259286642074585), ('D_real', 0.23406291007995605), ('D_fake', 0.24301080405712128), ('KL_realB_fakeB', 0.06655700585695287)])
(epoch: 154, iters: 27, time: 0.050, data: 0.754) G_GAN: 0.303 G_L1: 1.259 D_real: 0.234 D_fake: 0.243 KL_realB_fakeB: 0.067 
End of epoch 154 / 200 	 Time Taken: 2 sec
learning rate 0.0000911 -> 0.0000891
saving the model at the end of epoch 155, iters 6355
End of epoch 155 / 200 	 Time Taken: 7 sec
learning rate 0.0000891 -> 0.0000871
End of epoch 156 / 200 	 Time Taken: 2 sec
learning rate 0.0000871 -> 0.0000851
OrderedDict([('G_GAN', 0.3079085648059845), ('G_L1', 1.105591893196106), ('D_real', 0.31600987911224365), ('D_fake', 0.15991197526454926), ('KL_realB_fakeB', 0.060427177305752124)])
(epoch: 157, iters: 4, time: 0.777, data: 1.799) G_GAN: 0.308 G_L1: 1.106 D_real: 0.316 D_fake: 0.160 KL_realB_fakeB: 0.060 
End of epoch 157 / 200 	 Time Taken: 3 sec
learning rate 0.0000851 -> 0.0000832
End of epoch 158 / 200 	 Time Taken: 2 sec
learning rate 0.0000832 -> 0.0000812
OrderedDict([('G_GAN', 0.2555603086948395), ('G_L1', 1.5096975564956665), ('D_real', 0.12989181280136108), ('D_fake', 0.4096733629703522), ('KL_realB_fakeB', 0.08528717669582235)])
(epoch: 159, iters: 22, time: 0.048, data: 1.405) G_GAN: 0.256 G_L1: 1.510 D_real: 0.130 D_fake: 0.410 KL_realB_fakeB: 0.085 
End of epoch 159 / 200 	 Time Taken: 2 sec
learning rate 0.0000812 -> 0.0000792
end of validation step
end of validation step
end of validation step
end of validation step
end of validation step
saving the model at the end of epoch 160, iters 6560
End of epoch 160 / 200 	 Time Taken: 8 sec
learning rate 0.0000792 -> 0.0000772
OrderedDict([('G_GAN', 0.6858754754066467), ('G_L1', 1.4807847738265991), ('D_real', 0.03523124009370804), ('D_fake', 0.029866453260183334), ('KL_realB_fakeB', 0.07408292327927685)])
(epoch: 161, iters: 40, time: 0.034, data: 1.396) G_GAN: 0.686 G_L1: 1.481 D_real: 0.035 D_fake: 0.030 KL_realB_fakeB: 0.074 
End of epoch 161 / 200 	 Time Taken: 2 sec
learning rate 0.0000772 -> 0.0000752
End of epoch 162 / 200 	 Time Taken: 2 sec
learning rate 0.0000752 -> 0.0000733
End of epoch 163 / 200 	 Time Taken: 2 sec
learning rate 0.0000733 -> 0.0000713
OrderedDict([('G_GAN', 0.3558889627456665), ('G_L1', 0.9644508361816406), ('D_real', 0.1876959204673767), ('D_fake', 0.2892146110534668), ('KL_realB_fakeB', 0.07049698019450623)])
(epoch: 164, iters: 17, time: 0.049, data: 2.430) G_GAN: 0.356 G_L1: 0.964 D_real: 0.188 D_fake: 0.289 KL_realB_fakeB: 0.070 
End of epoch 164 / 200 	 Time Taken: 2 sec
learning rate 0.0000713 -> 0.0000693
saving the model at the end of epoch 165, iters 6765
End of epoch 165 / 200 	 Time Taken: 7 sec
learning rate 0.0000693 -> 0.0000673
OrderedDict([('G_GAN', 0.528606116771698), ('G_L1', 1.356688380241394), ('D_real', 0.14422181248664856), ('D_fake', 0.257053941488266), ('KL_realB_fakeB', 0.06834033287649985)])
(epoch: 166, iters: 35, time: 0.717, data: 1.089) G_GAN: 0.529 G_L1: 1.357 D_real: 0.144 D_fake: 0.257 KL_realB_fakeB: 0.068 
End of epoch 166 / 200 	 Time Taken: 3 sec
learning rate 0.0000673 -> 0.0000653
End of epoch 167 / 200 	 Time Taken: 2 sec
learning rate 0.0000653 -> 0.0000634
End of epoch 168 / 200 	 Time Taken: 2 sec
learning rate 0.0000634 -> 0.0000614
OrderedDict([('G_GAN', 0.31460222601890564), ('G_L1', 1.1778697967529297), ('D_real', 0.10127081722021103), ('D_fake', 0.4589116871356964), ('KL_realB_fakeB', 0.07169115912620781)])
(epoch: 169, iters: 12, time: 0.049, data: 2.835) G_GAN: 0.315 G_L1: 1.178 D_real: 0.101 D_fake: 0.459 KL_realB_fakeB: 0.072 
End of epoch 169 / 200 	 Time Taken: 2 sec
learning rate 0.0000614 -> 0.0000594
end of validation step
end of validation step
end of validation step
end of validation step
end of validation step
saving the model at the end of epoch 170, iters 6970
End of epoch 170 / 200 	 Time Taken: 7 sec
learning rate 0.0000594 -> 0.0000574
OrderedDict([('G_GAN', 0.3510190546512604), ('G_L1', 1.5040417909622192), ('D_real', 0.3015635311603546), ('D_fake', 0.16479161381721497), ('KL_realB_fakeB', 0.06747487672561142)])
(epoch: 171, iters: 30, time: 0.046, data: 1.153) G_GAN: 0.351 G_L1: 1.504 D_real: 0.302 D_fake: 0.165 KL_realB_fakeB: 0.067 
End of epoch 171 / 200 	 Time Taken: 2 sec
learning rate 0.0000574 -> 0.0000554
End of epoch 172 / 200 	 Time Taken: 2 sec
learning rate 0.0000554 -> 0.0000535
End of epoch 173 / 200 	 Time Taken: 2 sec
learning rate 0.0000535 -> 0.0000515
OrderedDict([('G_GAN', 0.43526530265808105), ('G_L1', 2.03945255279541), ('D_real', 0.22583487629890442), ('D_fake', 0.21225762367248535), ('KL_realB_fakeB', 0.06194441259511753)])
(epoch: 174, iters: 7, time: 0.048, data: 1.811) G_GAN: 0.435 G_L1: 2.039 D_real: 0.226 D_fake: 0.212 KL_realB_fakeB: 0.062 
End of epoch 174 / 200 	 Time Taken: 2 sec
learning rate 0.0000515 -> 0.0000495
saving the model at the end of epoch 175, iters 7175
End of epoch 175 / 200 	 Time Taken: 7 sec
learning rate 0.0000495 -> 0.0000475
OrderedDict([('G_GAN', 0.9452958106994629), ('G_L1', 1.6055930852890015), ('D_real', 0.027297504246234894), ('D_fake', 0.01705467514693737), ('KL_realB_fakeB', 0.0805744588553048)])
(epoch: 176, iters: 25, time: 0.755, data: 0.772) G_GAN: 0.945 G_L1: 1.606 D_real: 0.027 D_fake: 0.017 KL_realB_fakeB: 0.081 
End of epoch 176 / 200 	 Time Taken: 3 sec
learning rate 0.0000475 -> 0.0000455
End of epoch 177 / 200 	 Time Taken: 2 sec
learning rate 0.0000455 -> 0.0000436
End of epoch 178 / 200 	 Time Taken: 2 sec
learning rate 0.0000436 -> 0.0000416
OrderedDict([('G_GAN', 0.8916280269622803), ('G_L1', 1.725625991821289), ('D_real', 0.014304697513580322), ('D_fake', 0.05025169998407364), ('KL_realB_fakeB', 0.07021526024798123)])
(epoch: 179, iters: 2, time: 0.044, data: 2.587) G_GAN: 0.892 G_L1: 1.726 D_real: 0.014 D_fake: 0.050 KL_realB_fakeB: 0.070 
End of epoch 179 / 200 	 Time Taken: 2 sec
learning rate 0.0000416 -> 0.0000396
