----------------- Options ---------------
               batch_size: 1                             
                    beta1: 0.5                           
          checkpoints_dir: /home/otto.tavares/public/iltbi/rxpixp2pixcycle/checkpoints
           continue_train: False                         
                crop_size: 256                           
       custom_images_path: /home/otto.tavares/public/iltbi/train/images/santa_casa_pares/	[default: None]
        custom_masks_path: None                          
       custom_paired_path: None                          
                 dataroot: /home/otto.tavares/public/iltbi/train/images/santa_casa_pares/	[default: None]
           dataset_action: False                         
     dataset_download_dir: /home/otto.tavares/public/iltbi/rxpixp2pixcycle
             dataset_mode: santacasaskfold               	[default: aligned]
             dataset_name: Shenzhen                      
                direction: AtoB                          
              display_env: main                          
             display_freq: 400                           
               display_id: 1                             
            display_ncols: 4                             
             display_port: 8097                          
           display_server: http://localhost              
          display_winsize: 256                           
            download_imgs: False                         
                    epoch: latest                        
              epoch_count: 1                             
                 gan_mode: lsgan                         	[default: vanilla]
  generate_paths_data_csv: False                         
                  gpu_ids: 0                             
                init_gain: 0.02                          
                init_type: normal                        
                 input_nc: 3                             
                     isTB: False                         
                  isTrain: True                          	[default: None]
          is_resume_wandb: False                         
                      job: None                          
                lambda_L1: 50.0                          	[default: 100.0]
                load_iter: 0                             	[default: 0]
                load_size: 256                           	[default: 286]
                       lr: 0.0002                        
           lr_decay_iters: 50                            
                lr_policy: linear                        
         max_dataset_size: inf                           
                    model: pix2pix                       	[default: cycle_gan]
                 n_epochs: 100                           
           n_epochs_decay: 100                           
                  n_folds: 10                            
               n_layers_D: 3                             
                     name: santacasa_test_8_sort_9       	[default: experiment_name]
                      ndf: 64                            
                     netD: basic                         
                     netG: unet_256                      
                      ngf: 64                            
               no_dropout: False                         
                  no_flip: False                         
                  no_html: False                         
                     norm: batch                         
              num_threads: 4                             
                  num_val: 400                           
                output_nc: 3                             
                    phase: train                         
                pool_size: 0                             
               preprocess: resize_and_scale_width        	[default: resize_and_crop]
               print_freq: 100                           
                  project: p2p_santacasa                 	[default: None]
             save_by_iter: False                         
          save_epoch_freq: 5                             
         save_latest_freq: 5000                          
                     seed: 512                           	[default: 512]
           serial_batches: False                         
                     sort: 9                             	[default: 0]
                   suffix:                               
                     test: 8                             	[default: 0]
                    token:                               
            train_dataset: True                          
         update_html_freq: 1000                          
                use_wandb: True                          	[default: False]
                 val_freq: 10                            	[default: 400]
                  verbose: False                         
             wandb_entity: otavares                      	[default: brics-tb]
            wandb_fold_id: def_off_wandb_test_8_sort_9   	[default: None]
----------------- End -------------------
GPU with device 0
                 images    gauss  ... all_together target
0   20220315_184023.jpg      seg  ...          seg      0
1   20220315_184432.jpg      seg  ...          seg      0
2   20220315_184701.jpg  not seg  ...          seg      0
3   20220315_184740.jpg      seg  ...          seg      0
4   20220315_185230.jpg      seg  ...          seg      0
..                  ...      ...  ...          ...    ...
83         IMG_5503.JPG  not seg  ...      not seg      0
84         IMG_5505.JPG      seg  ...          seg      0
85         IMG_5507.JPG      seg  ...          seg      0
86         IMG_5509.JPG      seg  ...          seg      0
87         IMG_5604.JPG      seg  ...          seg      0

[88 rows x 5 columns]
bins selected for val: [1, 2, 3, 4, 5, 6, 7, 8, 9]
bins selected for val: [0, 2, 3, 4, 5, 6, 7, 8, 9]
bins selected for val: [0, 1, 3, 4, 5, 6, 7, 8, 9]
bins selected for val: [0, 1, 2, 4, 5, 6, 7, 8, 9]
bins selected for val: [0, 1, 2, 3, 5, 6, 7, 8, 9]
bins selected for val: [0, 1, 2, 3, 4, 6, 7, 8, 9]
bins selected for val: [0, 1, 2, 3, 4, 5, 7, 8, 9]
bins selected for val: [0, 1, 2, 3, 4, 5, 6, 8, 9]
bins selected for val: [0, 1, 2, 3, 4, 5, 6, 7, 9]
bins selected for val: [0, 1, 2, 3, 4, 5, 6, 7, 8]
