----------------- Options ---------------
               batch_size: 1                             
                    beta1: 0.5                           
          checkpoints_dir: /home/otto.tavares/public/iltbi/rxpixp2pixcycle/checkpoints
           continue_train: False                         
                crop_size: 256                           
       custom_images_path: /home/otto.tavares/public/iltbi/train/images/santa_casa_pares/	[default: None]
        custom_masks_path: None                          
       custom_paired_path: None                          
                 dataroot: /home/otto.tavares/public/iltbi/train/images/santa_casa_pares/	[default: None]
           dataset_action: False                         
     dataset_download_dir: /home/otto.tavares/public/iltbi/rxpixp2pixcycle
             dataset_mode: santacasaskfold               	[default: aligned]
             dataset_name: Shenzhen                      
                direction: AtoB                          
              display_env: main                          
             display_freq: 400                           
               display_id: 1                             
            display_ncols: 4                             
             display_port: 8097                          
           display_server: http://localhost              
          display_winsize: 256                           
            download_imgs: False                         
                    epoch: latest                        
              epoch_count: 1                             
                 gan_mode: lsgan                         	[default: vanilla]
  generate_paths_data_csv: False                         
                  gpu_ids: 0                             
                init_gain: 0.02                          
                init_type: normal                        
                 input_nc: 3                             
                     isTB: False                         
                  isTrain: True                          	[default: None]
          is_resume_wandb: False                         
                      job: None                          
                lambda_L1: 50.0                          	[default: 100.0]
                load_iter: 0                             	[default: 0]
                load_size: 256                           	[default: 286]
                       lr: 0.0002                        
           lr_decay_iters: 50                            
                lr_policy: linear                        
         max_dataset_size: inf                           
                    model: pix2pix                       	[default: cycle_gan]
                 n_epochs: 100                           
           n_epochs_decay: 100                           
                  n_folds: 10                            
               n_layers_D: 3                             
                     name: santacasa_test_0_sort_2       	[default: experiment_name]
                      ndf: 64                            
                     netD: basic                         
                     netG: unet_256                      
                      ngf: 64                            
               no_dropout: False                         
                  no_flip: False                         
                  no_html: False                         
                     norm: batch                         
              num_threads: 4                             
                  num_val: 400                           
                output_nc: 3                             
                    phase: train                         
                pool_size: 0                             
               preprocess: resize_and_scale_width        	[default: resize_and_crop]
               print_freq: 100                           
                  project: p2p_santacasa                 	[default: None]
             save_by_iter: False                         
          save_epoch_freq: 5                             
         save_latest_freq: 5000                          
                     seed: 512                           	[default: 512]
           serial_batches: False                         
                     sort: 2                             	[default: 0]
                   suffix:                               
                     test: 0                             
                    token:                               
            train_dataset: True                          
         update_html_freq: 1000                          
                use_wandb: True                          	[default: False]
                 val_freq: 10                            	[default: 400]
                  verbose: False                         
             wandb_entity: otavares                      	[default: brics-tb]
            wandb_fold_id: wandb__id_test_0_sort_2       	[default: None]
----------------- End -------------------
GPU with device 0
                 images    gauss  ... all_together target
0   20220315_184023.jpg      seg  ...          seg      0
1   20220315_184432.jpg      seg  ...          seg      0
2   20220315_184701.jpg  not seg  ...          seg      0
3   20220315_184740.jpg      seg  ...          seg      0
4   20220315_185230.jpg      seg  ...          seg      0
..                  ...      ...  ...          ...    ...
83         IMG_5503.JPG  not seg  ...      not seg      0
84         IMG_5505.JPG      seg  ...          seg      0
85         IMG_5507.JPG      seg  ...          seg      0
86         IMG_5509.JPG      seg  ...          seg      0
87         IMG_5604.JPG      seg  ...          seg      0

[88 rows x 5 columns]
bins selected for val: [1, 2, 3, 4, 5, 6, 7, 8, 9]
bins selected for val: [0, 2, 3, 4, 5, 6, 7, 8, 9]
bins selected for val: [0, 1, 3, 4, 5, 6, 7, 8, 9]
bins selected for val: [0, 1, 2, 4, 5, 6, 7, 8, 9]
bins selected for val: [0, 1, 2, 3, 5, 6, 7, 8, 9]
bins selected for val: [0, 1, 2, 3, 4, 6, 7, 8, 9]
bins selected for val: [0, 1, 2, 3, 4, 5, 7, 8, 9]
bins selected for val: [0, 1, 2, 3, 4, 5, 6, 8, 9]
bins selected for val: [0, 1, 2, 3, 4, 5, 6, 7, 9]
bins selected for val: [0, 1, 2, 3, 4, 5, 6, 7, 8]
dataset [SantaCasaSkfoldDataset] was created
                 images    gauss  ... all_together target
0   20220315_184023.jpg      seg  ...          seg      0
1   20220315_184432.jpg      seg  ...          seg      0
2   20220315_184701.jpg  not seg  ...          seg      0
3   20220315_184740.jpg      seg  ...          seg      0
4   20220315_185230.jpg      seg  ...          seg      0
..                  ...      ...  ...          ...    ...
83         IMG_5503.JPG  not seg  ...      not seg      0
84         IMG_5505.JPG      seg  ...          seg      0
85         IMG_5507.JPG      seg  ...          seg      0
86         IMG_5509.JPG      seg  ...          seg      0
87         IMG_5604.JPG      seg  ...          seg      0

[88 rows x 5 columns]
bins selected for val: [1, 2, 3, 4, 5, 6, 7, 8, 9]
bins selected for val: [0, 2, 3, 4, 5, 6, 7, 8, 9]
bins selected for val: [0, 1, 3, 4, 5, 6, 7, 8, 9]
bins selected for val: [0, 1, 2, 4, 5, 6, 7, 8, 9]
bins selected for val: [0, 1, 2, 3, 5, 6, 7, 8, 9]
bins selected for val: [0, 1, 2, 3, 4, 6, 7, 8, 9]
bins selected for val: [0, 1, 2, 3, 4, 5, 7, 8, 9]
bins selected for val: [0, 1, 2, 3, 4, 5, 6, 8, 9]
bins selected for val: [0, 1, 2, 3, 4, 5, 6, 7, 9]
bins selected for val: [0, 1, 2, 3, 4, 5, 6, 7, 8]
dataset [SantaCasaSkfoldDataset] was created
The number of training images = 38
The number of val images = 8
initialize network with normal
initialize network with normal
model [Pix2PixModel] was created
---------- Networks initialized -------------
[Network G] Total number of parameters : 54.414 M
[Network D] Total number of parameters : 2.769 M
-----------------------------------------------
Exception in user code:
------------------------------------------------------------


Could not connect to Visdom server. 
 Trying to start a server....
Command: /usr/bin/python3 -m visdom.server -p 8097 &>/dev/null &
create web directory /home/otto.tavares/public/iltbi/rxpixp2pixcycle/checkpoints/santacasa_test_0_sort_2/web...
learning rate 0.0002000 -> 0.0002000
End of epoch 1 / 200 	 Time Taken: 3 sec
learning rate 0.0002000 -> 0.0002000
End of epoch 2 / 200 	 Time Taken: 2 sec
learning rate 0.0002000 -> 0.0002000
OrderedDict([('G_GAN', 0.3455972969532013), ('G_L1', 6.290581703186035), ('D_real', 0.37165194749832153), ('D_fake', 0.2556905448436737), ('KL_realB_fakeB', 0.3344966454462541)])
(epoch: 3, iters: 24, time: 0.057, data: 0.377) G_GAN: 0.346 G_L1: 6.291 D_real: 0.372 D_fake: 0.256 KL_realB_fakeB: 0.334 
End of epoch 3 / 200 	 Time Taken: 2 sec
learning rate 0.0002000 -> 0.0002000
End of epoch 4 / 200 	 Time Taken: 2 sec
learning rate 0.0002000 -> 0.0002000
saving the model at the end of epoch 5, iters 190
End of epoch 5 / 200 	 Time Taken: 8 sec
learning rate 0.0002000 -> 0.0002000
OrderedDict([('G_GAN', 0.3844372034072876), ('G_L1', 4.025058746337891), ('D_real', 0.3066251575946808), ('D_fake', 0.276752233505249), ('KL_realB_fakeB', 0.4310035114423154)])
(epoch: 6, iters: 10, time: 0.058, data: 1.570) G_GAN: 0.384 G_L1: 4.025 D_real: 0.307 D_fake: 0.277 KL_realB_fakeB: 0.431 
End of epoch 6 / 200 	 Time Taken: 2 sec
learning rate 0.0002000 -> 0.0002000
End of epoch 7 / 200 	 Time Taken: 2 sec
learning rate 0.0002000 -> 0.0002000
OrderedDict([('G_GAN', 0.3115675151348114), ('G_L1', 4.063178539276123), ('D_real', 0.2884165644645691), ('D_fake', 0.2340799868106842), ('KL_realB_fakeB', 0.4917051822987636)])
(epoch: 8, iters: 34, time: 0.040, data: 0.915) G_GAN: 0.312 G_L1: 4.063 D_real: 0.288 D_fake: 0.234 KL_realB_fakeB: 0.492 
End of epoch 8 / 200 	 Time Taken: 2 sec
learning rate 0.0002000 -> 0.0002000
End of epoch 9 / 200 	 Time Taken: 2 sec
learning rate 0.0002000 -> 0.0002000
saving the model at the end of epoch 10, iters 380
End of epoch 10 / 200 	 Time Taken: 7 sec
learning rate 0.0002000 -> 0.0002000
OrderedDict([('G_GAN', 0.2739925980567932), ('G_L1', 3.4742116928100586), ('D_real', 0.29595258831977844), ('D_fake', 0.22850631177425385), ('KL_realB_fakeB', 1.7479001043670408)])
(epoch: 11, iters: 20, time: 0.793, data: 2.172) G_GAN: 0.274 G_L1: 3.474 D_real: 0.296 D_fake: 0.229 KL_realB_fakeB: 1.748 
End of epoch 11 / 200 	 Time Taken: 3 sec
learning rate 0.0002000 -> 0.0002000
End of epoch 12 / 200 	 Time Taken: 2 sec
learning rate 0.0002000 -> 0.0002000
End of epoch 13 / 200 	 Time Taken: 2 sec
learning rate 0.0002000 -> 0.0002000
OrderedDict([('G_GAN', 0.29089418053627014), ('G_L1', 3.0114834308624268), ('D_real', 0.29418498277664185), ('D_fake', 0.22559604048728943), ('KL_realB_fakeB', 0.2217141979395126)])
(epoch: 14, iters: 6, time: 0.055, data: 2.435) G_GAN: 0.291 G_L1: 3.011 D_real: 0.294 D_fake: 0.226 KL_realB_fakeB: 0.222 
End of epoch 14 / 200 	 Time Taken: 2 sec
learning rate 0.0002000 -> 0.0002000
saving the model at the end of epoch 15, iters 570
End of epoch 15 / 200 	 Time Taken: 7 sec
learning rate 0.0002000 -> 0.0002000
OrderedDict([('G_GAN', 0.29490578174591064), ('G_L1', 3.15700364112854), ('D_real', 0.2073744386434555), ('D_fake', 0.30818063020706177), ('KL_realB_fakeB', 0.16604707494213428)])
(epoch: 16, iters: 30, time: 0.055, data: 0.740) G_GAN: 0.295 G_L1: 3.157 D_real: 0.207 D_fake: 0.308 KL_realB_fakeB: 0.166 
End of epoch 16 / 200 	 Time Taken: 2 sec
learning rate 0.0002000 -> 0.0002000
End of epoch 17 / 200 	 Time Taken: 2 sec
learning rate 0.0002000 -> 0.0002000
End of epoch 18 / 200 	 Time Taken: 2 sec
learning rate 0.0002000 -> 0.0002000
OrderedDict([('G_GAN', 0.31373047828674316), ('G_L1', 2.2397255897521973), ('D_real', 0.2676021158695221), ('D_fake', 0.3478083908557892), ('KL_realB_fakeB', 0.0810549709926083)])
(epoch: 19, iters: 16, time: 0.057, data: 1.947) G_GAN: 0.314 G_L1: 2.240 D_real: 0.268 D_fake: 0.348 KL_realB_fakeB: 0.081 
End of epoch 19 / 200 	 Time Taken: 2 sec
learning rate 0.0002000 -> 0.0002000
saving the model at the end of epoch 20, iters 760
End of epoch 20 / 200 	 Time Taken: 8 sec
learning rate 0.0002000 -> 0.0002000
End of epoch 21 / 200 	 Time Taken: 2 sec
learning rate 0.0002000 -> 0.0002000
OrderedDict([('G_GAN', 0.25157177448272705), ('G_L1', 2.753751277923584), ('D_real', 0.28412845730781555), ('D_fake', 0.20691029727458954), ('KL_realB_fakeB', 0.18311616851317142)])
(epoch: 22, iters: 2, time: 0.490, data: 1.209) G_GAN: 0.252 G_L1: 2.754 D_real: 0.284 D_fake: 0.207 KL_realB_fakeB: 0.183 
End of epoch 22 / 200 	 Time Taken: 2 sec
learning rate 0.0002000 -> 0.0002000
End of epoch 23 / 200 	 Time Taken: 2 sec
learning rate 0.0002000 -> 0.0002000
OrderedDict([('G_GAN', 0.3932722806930542), ('G_L1', 3.228846549987793), ('D_real', 0.13927970826625824), ('D_fake', 0.41818299889564514), ('KL_realB_fakeB', 0.24421822010122737)])
(epoch: 24, iters: 26, time: 0.056, data: 0.966) G_GAN: 0.393 G_L1: 3.229 D_real: 0.139 D_fake: 0.418 KL_realB_fakeB: 0.244 
End of epoch 24 / 200 	 Time Taken: 2 sec
learning rate 0.0002000 -> 0.0002000
saving the model at the end of epoch 25, iters 950
End of epoch 25 / 200 	 Time Taken: 7 sec
learning rate 0.0002000 -> 0.0002000
End of epoch 26 / 200 	 Time Taken: 2 sec
learning rate 0.0002000 -> 0.0002000
OrderedDict([('G_GAN', 0.3816770613193512), ('G_L1', 2.752704620361328), ('D_real', 0.26859378814697266), ('D_fake', 0.32022055983543396), ('KL_realB_fakeB', 0.13454248011019104)])
(epoch: 27, iters: 12, time: 0.057, data: 1.900) G_GAN: 0.382 G_L1: 2.753 D_real: 0.269 D_fake: 0.320 KL_realB_fakeB: 0.135 
End of epoch 27 / 200 	 Time Taken: 2 sec
learning rate 0.0002000 -> 0.0002000
End of epoch 28 / 200 	 Time Taken: 2 sec
learning rate 0.0002000 -> 0.0002000
OrderedDict([('G_GAN', 0.5219936370849609), ('G_L1', 3.5192008018493652), ('D_real', 0.16610318422317505), ('D_fake', 0.47251057624816895), ('KL_realB_fakeB', 0.10713354889930188)])
(epoch: 29, iters: 36, time: 0.056, data: 1.081) G_GAN: 0.522 G_L1: 3.519 D_real: 0.166 D_fake: 0.473 KL_realB_fakeB: 0.107 
End of epoch 29 / 200 	 Time Taken: 2 sec
learning rate 0.0002000 -> 0.0002000
saving the model at the end of epoch 30, iters 1140
End of epoch 30 / 200 	 Time Taken: 7 sec
learning rate 0.0002000 -> 0.0002000
End of epoch 31 / 200 	 Time Taken: 2 sec
learning rate 0.0002000 -> 0.0002000
OrderedDict([('G_GAN', 0.47522804141044617), ('G_L1', 2.635204792022705), ('D_real', 0.1764320284128189), ('D_fake', 0.3129150867462158), ('KL_realB_fakeB', 0.2971093087708624)])
(epoch: 32, iters: 22, time: 0.636, data: 2.275) G_GAN: 0.475 G_L1: 2.635 D_real: 0.176 D_fake: 0.313 KL_realB_fakeB: 0.297 
End of epoch 32 / 200 	 Time Taken: 2 sec
learning rate 0.0002000 -> 0.0002000
End of epoch 33 / 200 	 Time Taken: 2 sec
learning rate 0.0002000 -> 0.0002000
End of epoch 34 / 200 	 Time Taken: 2 sec
learning rate 0.0002000 -> 0.0002000
OrderedDict([('G_GAN', 0.28855833411216736), ('G_L1', 2.2391304969787598), ('D_real', 0.3481697738170624), ('D_fake', 0.2974385619163513), ('KL_realB_fakeB', 0.09455993458617967)])
(epoch: 35, iters: 8, time: 0.057, data: 2.047) G_GAN: 0.289 G_L1: 2.239 D_real: 0.348 D_fake: 0.297 KL_realB_fakeB: 0.095 
saving the model at the end of epoch 35, iters 1330
End of epoch 35 / 200 	 Time Taken: 7 sec
learning rate 0.0002000 -> 0.0002000
End of epoch 36 / 200 	 Time Taken: 2 sec
learning rate 0.0002000 -> 0.0002000
OrderedDict([('G_GAN', 0.32477375864982605), ('G_L1', 1.6155822277069092), ('D_real', 0.14711011946201324), ('D_fake', 0.21020324528217316), ('KL_realB_fakeB', 0.07369610709171057)])
(epoch: 37, iters: 32, time: 0.055, data: 0.751) G_GAN: 0.325 G_L1: 1.616 D_real: 0.147 D_fake: 0.210 KL_realB_fakeB: 0.074 
End of epoch 37 / 200 	 Time Taken: 2 sec
learning rate 0.0002000 -> 0.0002000
End of epoch 38 / 200 	 Time Taken: 2 sec
learning rate 0.0002000 -> 0.0002000
End of epoch 39 / 200 	 Time Taken: 2 sec
learning rate 0.0002000 -> 0.0002000
OrderedDict([('G_GAN', 0.49667489528656006), ('G_L1', 2.136380910873413), ('D_real', 0.18418942391872406), ('D_fake', 0.25352635979652405), ('KL_realB_fakeB', 0.1102024050262222)])
(epoch: 40, iters: 18, time: 0.057, data: 1.925) G_GAN: 0.497 G_L1: 2.136 D_real: 0.184 D_fake: 0.254 KL_realB_fakeB: 0.110 
saving the model at the end of epoch 40, iters 1520
End of epoch 40 / 200 	 Time Taken: 7 sec
learning rate 0.0002000 -> 0.0002000
End of epoch 41 / 200 	 Time Taken: 2 sec
learning rate 0.0002000 -> 0.0002000
End of epoch 42 / 200 	 Time Taken: 2 sec
learning rate 0.0002000 -> 0.0002000
OrderedDict([('G_GAN', 0.21902614831924438), ('G_L1', 2.75333571434021), ('D_real', 0.36403903365135193), ('D_fake', 0.09001225233078003), ('KL_realB_fakeB', 0.11967166431452626)])
(epoch: 43, iters: 4, time: 30.493, data: 1.430) G_GAN: 0.219 G_L1: 2.753 D_real: 0.364 D_fake: 0.090 KL_realB_fakeB: 0.120 
End of epoch 43 / 200 	 Time Taken: 32 sec
learning rate 0.0002000 -> 0.0002000
End of epoch 44 / 200 	 Time Taken: 2 sec
learning rate 0.0002000 -> 0.0002000
OrderedDict([('G_GAN', 0.9273033738136292), ('G_L1', 2.5396406650543213), ('D_real', 0.022710487246513367), ('D_fake', 0.5668124556541443), ('KL_realB_fakeB', 0.4356646674495072)])
(epoch: 45, iters: 28, time: 0.056, data: 31.070) G_GAN: 0.927 G_L1: 2.540 D_real: 0.023 D_fake: 0.567 KL_realB_fakeB: 0.436 
saving the model at the end of epoch 45, iters 1710
End of epoch 45 / 200 	 Time Taken: 7 sec
learning rate 0.0002000 -> 0.0002000
End of epoch 46 / 200 	 Time Taken: 2 sec
learning rate 0.0002000 -> 0.0002000
End of epoch 47 / 200 	 Time Taken: 2 sec
learning rate 0.0002000 -> 0.0002000
OrderedDict([('G_GAN', 0.30860668420791626), ('G_L1', 2.164778709411621), ('D_real', 0.1606391817331314), ('D_fake', 0.2939663529396057), ('KL_realB_fakeB', 0.0859872490303417)])
(epoch: 48, iters: 14, time: 0.057, data: 1.987) G_GAN: 0.309 G_L1: 2.165 D_real: 0.161 D_fake: 0.294 KL_realB_fakeB: 0.086 
End of epoch 48 / 200 	 Time Taken: 2 sec
learning rate 0.0002000 -> 0.0002000
End of epoch 49 / 200 	 Time Taken: 2 sec
learning rate 0.0002000 -> 0.0002000
OrderedDict([('G_GAN', 0.3884686231613159), ('G_L1', 2.0936450958251953), ('D_real', 0.28394395112991333), ('D_fake', 0.17403674125671387), ('KL_realB_fakeB', 0.09549998194404141)])
(epoch: 50, iters: 38, time: 0.056, data: 1.060) G_GAN: 0.388 G_L1: 2.094 D_real: 0.284 D_fake: 0.174 KL_realB_fakeB: 0.095 
saving the model at the end of epoch 50, iters 1900
End of epoch 50 / 200 	 Time Taken: 7 sec
learning rate 0.0002000 -> 0.0002000
End of epoch 51 / 200 	 Time Taken: 2 sec
learning rate 0.0002000 -> 0.0002000
End of epoch 52 / 200 	 Time Taken: 2 sec
learning rate 0.0002000 -> 0.0002000
OrderedDict([('G_GAN', 0.34997624158859253), ('G_L1', 1.6489943265914917), ('D_real', 0.11272772401571274), ('D_fake', 0.4070819616317749), ('KL_realB_fakeB', 0.08163000921000621)])
(epoch: 53, iters: 24, time: 0.543, data: 0.066) G_GAN: 0.350 G_L1: 1.649 D_real: 0.113 D_fake: 0.407 KL_realB_fakeB: 0.082 
End of epoch 53 / 200 	 Time Taken: 2 sec
learning rate 0.0002000 -> 0.0002000
End of epoch 54 / 200 	 Time Taken: 2 sec
learning rate 0.0002000 -> 0.0002000
saving the model at the end of epoch 55, iters 2090
End of epoch 55 / 200 	 Time Taken: 7 sec
learning rate 0.0002000 -> 0.0002000
OrderedDict([('G_GAN', 0.52313232421875), ('G_L1', 2.1813368797302246), ('D_real', 0.23545610904693604), ('D_fake', 0.4173755943775177), ('KL_realB_fakeB', 0.0798482816314115)])
(epoch: 56, iters: 10, time: 0.057, data: 2.081) G_GAN: 0.523 G_L1: 2.181 D_real: 0.235 D_fake: 0.417 KL_realB_fakeB: 0.080 
End of epoch 56 / 200 	 Time Taken: 2 sec
learning rate 0.0002000 -> 0.0002000
End of epoch 57 / 200 	 Time Taken: 2 sec
learning rate 0.0002000 -> 0.0002000
OrderedDict([('G_GAN', 0.43171069025993347), ('G_L1', 2.0712130069732666), ('D_real', 0.29622530937194824), ('D_fake', 0.32248663902282715), ('KL_realB_fakeB', 0.10709169687844167)])
(epoch: 58, iters: 34, time: 0.056, data: 0.876) G_GAN: 0.432 G_L1: 2.071 D_real: 0.296 D_fake: 0.322 KL_realB_fakeB: 0.107 
End of epoch 58 / 200 	 Time Taken: 2 sec
learning rate 0.0002000 -> 0.0002000
End of epoch 59 / 200 	 Time Taken: 2 sec
learning rate 0.0002000 -> 0.0002000
saving the model at the end of epoch 60, iters 2280
End of epoch 60 / 200 	 Time Taken: 7 sec
learning rate 0.0002000 -> 0.0002000
OrderedDict([('G_GAN', 0.18221329152584076), ('G_L1', 1.6642924547195435), ('D_real', 0.35695698857307434), ('D_fake', 0.15854455530643463), ('KL_realB_fakeB', 0.09116037483332977)])
(epoch: 61, iters: 20, time: 0.040, data: 2.346) G_GAN: 0.182 G_L1: 1.664 D_real: 0.357 D_fake: 0.159 KL_realB_fakeB: 0.091 
End of epoch 61 / 200 	 Time Taken: 2 sec
learning rate 0.0002000 -> 0.0002000
End of epoch 62 / 200 	 Time Taken: 2 sec
learning rate 0.0002000 -> 0.0002000
End of epoch 63 / 200 	 Time Taken: 2 sec
learning rate 0.0002000 -> 0.0002000
OrderedDict([('G_GAN', 0.3938549757003784), ('G_L1', 1.9591877460479736), ('D_real', 0.23926040530204773), ('D_fake', 0.2563471496105194), ('KL_realB_fakeB', 0.09495060238561391)])
(epoch: 64, iters: 6, time: 0.643, data: 1.394) G_GAN: 0.394 G_L1: 1.959 D_real: 0.239 D_fake: 0.256 KL_realB_fakeB: 0.095 
End of epoch 64 / 200 	 Time Taken: 2 sec
learning rate 0.0002000 -> 0.0002000
saving the model at the end of epoch 65, iters 2470
End of epoch 65 / 200 	 Time Taken: 7 sec
learning rate 0.0002000 -> 0.0002000
OrderedDict([('G_GAN', 0.13545560836791992), ('G_L1', 1.893395185470581), ('D_real', 0.5946498513221741), ('D_fake', 0.033097561448812485), ('KL_realB_fakeB', 0.08727960998815662)])
(epoch: 66, iters: 30, time: 0.057, data: 1.155) G_GAN: 0.135 G_L1: 1.893 D_real: 0.595 D_fake: 0.033 KL_realB_fakeB: 0.087 
End of epoch 66 / 200 	 Time Taken: 2 sec
learning rate 0.0002000 -> 0.0002000
End of epoch 67 / 200 	 Time Taken: 2 sec
learning rate 0.0002000 -> 0.0002000
End of epoch 68 / 200 	 Time Taken: 2 sec
learning rate 0.0002000 -> 0.0002000
OrderedDict([('G_GAN', 0.43722617626190186), ('G_L1', 1.858123779296875), ('D_real', 0.0903160348534584), ('D_fake', 0.11842729151248932), ('KL_realB_fakeB', 0.07632755248242813)])
(epoch: 69, iters: 16, time: 0.041, data: 1.972) G_GAN: 0.437 G_L1: 1.858 D_real: 0.090 D_fake: 0.118 KL_realB_fakeB: 0.076 
End of epoch 69 / 200 	 Time Taken: 2 sec
learning rate 0.0002000 -> 0.0002000
saving the model at the end of epoch 70, iters 2660
End of epoch 70 / 200 	 Time Taken: 7 sec
learning rate 0.0002000 -> 0.0002000
End of epoch 71 / 200 	 Time Taken: 2 sec
learning rate 0.0002000 -> 0.0002000
OrderedDict([('G_GAN', 0.2963905334472656), ('G_L1', 1.9303934574127197), ('D_real', 0.1808691918849945), ('D_fake', 0.29153358936309814), ('KL_realB_fakeB', 0.0658998197448356)])
(epoch: 72, iters: 2, time: 0.056, data: 1.368) G_GAN: 0.296 G_L1: 1.930 D_real: 0.181 D_fake: 0.292 KL_realB_fakeB: 0.066 
End of epoch 72 / 200 	 Time Taken: 2 sec
learning rate 0.0002000 -> 0.0002000
End of epoch 73 / 200 	 Time Taken: 2 sec
learning rate 0.0002000 -> 0.0002000
OrderedDict([('G_GAN', 0.30490249395370483), ('G_L1', 2.226825714111328), ('D_real', 0.2784937024116516), ('D_fake', 0.18943874537944794), ('KL_realB_fakeB', 0.07447008519180327)])
(epoch: 74, iters: 26, time: 0.759, data: 0.591) G_GAN: 0.305 G_L1: 2.227 D_real: 0.278 D_fake: 0.189 KL_realB_fakeB: 0.074 
End of epoch 74 / 200 	 Time Taken: 3 sec
learning rate 0.0002000 -> 0.0002000
saving the model at the end of epoch 75, iters 2850
End of epoch 75 / 200 	 Time Taken: 7 sec
learning rate 0.0002000 -> 0.0002000
End of epoch 76 / 200 	 Time Taken: 2 sec
learning rate 0.0002000 -> 0.0002000
OrderedDict([('G_GAN', 0.33233848214149475), ('G_L1', 1.8781317472457886), ('D_real', 0.3608729839324951), ('D_fake', 0.2140512615442276), ('KL_realB_fakeB', 0.08404113643832088)])
(epoch: 77, iters: 12, time: 0.057, data: 2.639) G_GAN: 0.332 G_L1: 1.878 D_real: 0.361 D_fake: 0.214 KL_realB_fakeB: 0.084 
End of epoch 77 / 200 	 Time Taken: 2 sec
learning rate 0.0002000 -> 0.0002000
End of epoch 78 / 200 	 Time Taken: 2 sec
learning rate 0.0002000 -> 0.0002000
OrderedDict([('G_GAN', 0.18373586237430573), ('G_L1', 2.008038282394409), ('D_real', 0.41706591844558716), ('D_fake', 0.14271590113639832), ('KL_realB_fakeB', 0.11691210390773088)])
(epoch: 79, iters: 36, time: 0.056, data: 1.161) G_GAN: 0.184 G_L1: 2.008 D_real: 0.417 D_fake: 0.143 KL_realB_fakeB: 0.117 
End of epoch 79 / 200 	 Time Taken: 2 sec
learning rate 0.0002000 -> 0.0002000
saving the model at the end of epoch 80, iters 3040
End of epoch 80 / 200 	 Time Taken: 7 sec
learning rate 0.0002000 -> 0.0002000
End of epoch 81 / 200 	 Time Taken: 2 sec
learning rate 0.0002000 -> 0.0002000
OrderedDict([('G_GAN', 0.690793514251709), ('G_L1', 1.305252194404602), ('D_real', 0.11239419132471085), ('D_fake', 0.3823534846305847), ('KL_realB_fakeB', 0.07191756874670574)])
(epoch: 82, iters: 22, time: 0.057, data: 2.355) G_GAN: 0.691 G_L1: 1.305 D_real: 0.112 D_fake: 0.382 KL_realB_fakeB: 0.072 
End of epoch 82 / 200 	 Time Taken: 2 sec
learning rate 0.0002000 -> 0.0002000
End of epoch 83 / 200 	 Time Taken: 2 sec
learning rate 0.0002000 -> 0.0002000
End of epoch 84 / 200 	 Time Taken: 2 sec
learning rate 0.0002000 -> 0.0002000
OrderedDict([('G_GAN', 0.32990214228630066), ('G_L1', 1.4900909662246704), ('D_real', 0.5542842149734497), ('D_fake', 0.11713764071464539), ('KL_realB_fakeB', 0.06736743869036005)])
(epoch: 85, iters: 8, time: 0.771, data: 1.537) G_GAN: 0.330 G_L1: 1.490 D_real: 0.554 D_fake: 0.117 KL_realB_fakeB: 0.067 
saving the model at the end of epoch 85, iters 3230
End of epoch 85 / 200 	 Time Taken: 8 sec
learning rate 0.0002000 -> 0.0002000
End of epoch 86 / 200 	 Time Taken: 2 sec
learning rate 0.0002000 -> 0.0002000
OrderedDict([('G_GAN', 0.1838371604681015), ('G_L1', 1.4343341588974), ('D_real', 0.3384610116481781), ('D_fake', 0.20088447630405426), ('KL_realB_fakeB', 0.06874173596183095)])
(epoch: 87, iters: 32, time: 0.057, data: 1.536) G_GAN: 0.184 G_L1: 1.434 D_real: 0.338 D_fake: 0.201 KL_realB_fakeB: 0.069 
End of epoch 87 / 200 	 Time Taken: 2 sec
learning rate 0.0002000 -> 0.0002000
End of epoch 88 / 200 	 Time Taken: 2 sec
learning rate 0.0002000 -> 0.0002000
End of epoch 89 / 200 	 Time Taken: 2 sec
learning rate 0.0002000 -> 0.0002000
OrderedDict([('G_GAN', 0.3553367257118225), ('G_L1', 2.210475206375122), ('D_real', 0.3960375487804413), ('D_fake', 0.12488552927970886), ('KL_realB_fakeB', 0.24630503233865175)])
(epoch: 90, iters: 18, time: 0.056, data: 2.177) G_GAN: 0.355 G_L1: 2.210 D_real: 0.396 D_fake: 0.125 KL_realB_fakeB: 0.246 
saving the model at the end of epoch 90, iters 3420
End of epoch 90 / 200 	 Time Taken: 7 sec
learning rate 0.0002000 -> 0.0002000
End of epoch 91 / 200 	 Time Taken: 2 sec
learning rate 0.0002000 -> 0.0002000
End of epoch 92 / 200 	 Time Taken: 2 sec
learning rate 0.0002000 -> 0.0002000
OrderedDict([('G_GAN', 0.19948957860469818), ('G_L1', 1.5980653762817383), ('D_real', 0.2559586763381958), ('D_fake', 0.23645898699760437), ('KL_realB_fakeB', 0.15495993801052238)])
(epoch: 93, iters: 4, time: 0.057, data: 1.471) G_GAN: 0.199 G_L1: 1.598 D_real: 0.256 D_fake: 0.236 KL_realB_fakeB: 0.155 
End of epoch 93 / 200 	 Time Taken: 2 sec
learning rate 0.0002000 -> 0.0002000
End of epoch 94 / 200 	 Time Taken: 2 sec
learning rate 0.0002000 -> 0.0002000
OrderedDict([('G_GAN', 0.4051671028137207), ('G_L1', 1.6733877658843994), ('D_real', 0.19245724380016327), ('D_fake', 0.2551603615283966), ('KL_realB_fakeB', 0.24811856347301056)])
(epoch: 95, iters: 28, time: 0.646, data: 0.682) G_GAN: 0.405 G_L1: 1.673 D_real: 0.192 D_fake: 0.255 KL_realB_fakeB: 0.248 
saving the model at the end of epoch 95, iters 3610
End of epoch 95 / 200 	 Time Taken: 8 sec
learning rate 0.0002000 -> 0.0002000
End of epoch 96 / 200 	 Time Taken: 2 sec
learning rate 0.0002000 -> 0.0002000
End of epoch 97 / 200 	 Time Taken: 2 sec
learning rate 0.0002000 -> 0.0002000
OrderedDict([('G_GAN', 0.36460381746292114), ('G_L1', 1.7578154802322388), ('D_real', 0.23334245383739471), ('D_fake', 0.14275236427783966), ('KL_realB_fakeB', 0.09755093921358501)])
(epoch: 98, iters: 14, time: 0.055, data: 2.461) G_GAN: 0.365 G_L1: 1.758 D_real: 0.233 D_fake: 0.143 KL_realB_fakeB: 0.098 
End of epoch 98 / 200 	 Time Taken: 2 sec
learning rate 0.0002000 -> 0.0002000
End of epoch 99 / 200 	 Time Taken: 2 sec
learning rate 0.0002000 -> 0.0001980
OrderedDict([('G_GAN', 0.5558862686157227), ('G_L1', 1.5017688274383545), ('D_real', 0.09322867542505264), ('D_fake', 0.19534046947956085), ('KL_realB_fakeB', 0.0781689914993549)])
(epoch: 100, iters: 38, time: 0.041, data: 1.298) G_GAN: 0.556 G_L1: 1.502 D_real: 0.093 D_fake: 0.195 KL_realB_fakeB: 0.078 
saving the model at the end of epoch 100, iters 3800
End of epoch 100 / 200 	 Time Taken: 7 sec
learning rate 0.0001980 -> 0.0001960
End of epoch 101 / 200 	 Time Taken: 2 sec
learning rate 0.0001960 -> 0.0001941
End of epoch 102 / 200 	 Time Taken: 2 sec
learning rate 0.0001941 -> 0.0001921
OrderedDict([('G_GAN', 0.34950318932533264), ('G_L1', 1.730026125907898), ('D_real', 0.2249455451965332), ('D_fake', 0.3190310299396515), ('KL_realB_fakeB', 0.10089184573881096)])
(epoch: 103, iters: 24, time: 0.056, data: 0.469) G_GAN: 0.350 G_L1: 1.730 D_real: 0.225 D_fake: 0.319 KL_realB_fakeB: 0.101 
End of epoch 103 / 200 	 Time Taken: 2 sec
learning rate 0.0001921 -> 0.0001901
End of epoch 104 / 200 	 Time Taken: 2 sec
learning rate 0.0001901 -> 0.0001881
saving the model at the end of epoch 105, iters 3990
End of epoch 105 / 200 	 Time Taken: 7 sec
learning rate 0.0001881 -> 0.0001861
OrderedDict([('G_GAN', 0.4890611171722412), ('G_L1', 1.4154824018478394), ('D_real', 0.2359817922115326), ('D_fake', 0.2527853548526764), ('KL_realB_fakeB', 0.08419562038145686)])
(epoch: 106, iters: 10, time: 0.721, data: 1.674) G_GAN: 0.489 G_L1: 1.415 D_real: 0.236 D_fake: 0.253 KL_realB_fakeB: 0.084 
End of epoch 106 / 200 	 Time Taken: 2 sec
learning rate 0.0001861 -> 0.0001842
End of epoch 107 / 200 	 Time Taken: 2 sec
learning rate 0.0001842 -> 0.0001822
OrderedDict([('G_GAN', 0.39948588609695435), ('G_L1', 1.4924218654632568), ('D_real', 0.058603592216968536), ('D_fake', 0.46468228101730347), ('KL_realB_fakeB', 0.07091862506652083)])
(epoch: 108, iters: 34, time: 0.056, data: 1.575) G_GAN: 0.399 G_L1: 1.492 D_real: 0.059 D_fake: 0.465 KL_realB_fakeB: 0.071 
End of epoch 108 / 200 	 Time Taken: 2 sec
learning rate 0.0001822 -> 0.0001802
End of epoch 109 / 200 	 Time Taken: 2 sec
learning rate 0.0001802 -> 0.0001782
saving the model at the end of epoch 110, iters 4180
End of epoch 110 / 200 	 Time Taken: 7 sec
learning rate 0.0001782 -> 0.0001762
OrderedDict([('G_GAN', 0.359914094209671), ('G_L1', 1.3638479709625244), ('D_real', 0.26374179124832153), ('D_fake', 0.23099295794963837), ('KL_realB_fakeB', 0.06866357924614908)])
(epoch: 111, iters: 20, time: 0.056, data: 2.053) G_GAN: 0.360 G_L1: 1.364 D_real: 0.264 D_fake: 0.231 KL_realB_fakeB: 0.069 
End of epoch 111 / 200 	 Time Taken: 2 sec
learning rate 0.0001762 -> 0.0001743
End of epoch 112 / 200 	 Time Taken: 2 sec
learning rate 0.0001743 -> 0.0001723
End of epoch 113 / 200 	 Time Taken: 2 sec
learning rate 0.0001723 -> 0.0001703
OrderedDict([('G_GAN', 0.40255025029182434), ('G_L1', 1.4060832262039185), ('D_real', 0.04309220612049103), ('D_fake', 0.6170943379402161), ('KL_realB_fakeB', 0.0670803311234176)])
(epoch: 114, iters: 6, time: 0.057, data: 1.691) G_GAN: 0.403 G_L1: 1.406 D_real: 0.043 D_fake: 0.617 KL_realB_fakeB: 0.067 
End of epoch 114 / 200 	 Time Taken: 2 sec
learning rate 0.0001703 -> 0.0001683
saving the model at the end of epoch 115, iters 4370
End of epoch 115 / 200 	 Time Taken: 7 sec
learning rate 0.0001683 -> 0.0001663
OrderedDict([('G_GAN', 0.254883736371994), ('G_L1', 1.3541734218597412), ('D_real', 0.31123068928718567), ('D_fake', 0.21897943317890167), ('KL_realB_fakeB', 0.07027659622387543)])
(epoch: 116, iters: 30, time: 0.676, data: 0.776) G_GAN: 0.255 G_L1: 1.354 D_real: 0.311 D_fake: 0.219 KL_realB_fakeB: 0.070 
End of epoch 116 / 200 	 Time Taken: 2 sec
learning rate 0.0001663 -> 0.0001644
End of epoch 117 / 200 	 Time Taken: 2 sec
learning rate 0.0001644 -> 0.0001624
End of epoch 118 / 200 	 Time Taken: 2 sec
learning rate 0.0001624 -> 0.0001604
OrderedDict([('G_GAN', 0.4721870422363281), ('G_L1', 1.5220386981964111), ('D_real', 0.17185594141483307), ('D_fake', 0.11695340275764465), ('KL_realB_fakeB', 0.10329848830865654)])
(epoch: 119, iters: 16, time: 0.041, data: 2.592) G_GAN: 0.472 G_L1: 1.522 D_real: 0.172 D_fake: 0.117 KL_realB_fakeB: 0.103 
End of epoch 119 / 200 	 Time Taken: 2 sec
learning rate 0.0001604 -> 0.0001584
saving the model at the end of epoch 120, iters 4560
End of epoch 120 / 200 	 Time Taken: 7 sec
learning rate 0.0001584 -> 0.0001564
End of epoch 121 / 200 	 Time Taken: 2 sec
learning rate 0.0001564 -> 0.0001545
OrderedDict([('G_GAN', 0.45277130603790283), ('G_L1', 1.46563720703125), ('D_real', 0.6743443012237549), ('D_fake', 0.07425256073474884), ('KL_realB_fakeB', 0.076438906036888)])
(epoch: 122, iters: 2, time: 0.056, data: 1.352) G_GAN: 0.453 G_L1: 1.466 D_real: 0.674 D_fake: 0.074 KL_realB_fakeB: 0.076 
End of epoch 122 / 200 	 Time Taken: 2 sec
learning rate 0.0001545 -> 0.0001525
End of epoch 123 / 200 	 Time Taken: 2 sec
learning rate 0.0001525 -> 0.0001505
OrderedDict([('G_GAN', 0.26410114765167236), ('G_L1', 1.4761241674423218), ('D_real', 0.2509593367576599), ('D_fake', 0.10244233161211014), ('KL_realB_fakeB', 0.0630563894664772)])
(epoch: 124, iters: 26, time: 0.041, data: 0.564) G_GAN: 0.264 G_L1: 1.476 D_real: 0.251 D_fake: 0.102 KL_realB_fakeB: 0.063 
End of epoch 124 / 200 	 Time Taken: 2 sec
learning rate 0.0001505 -> 0.0001485
saving the model at the end of epoch 125, iters 4750
End of epoch 125 / 200 	 Time Taken: 7 sec
learning rate 0.0001485 -> 0.0001465
End of epoch 126 / 200 	 Time Taken: 2 sec
learning rate 0.0001465 -> 0.0001446
OrderedDict([('G_GAN', 0.33836427330970764), ('G_L1', 2.184572696685791), ('D_real', 0.36418595910072327), ('D_fake', 0.07423831522464752), ('KL_realB_fakeB', 0.08484130977838382)])
(epoch: 127, iters: 12, time: 0.757, data: 1.770) G_GAN: 0.338 G_L1: 2.185 D_real: 0.364 D_fake: 0.074 KL_realB_fakeB: 0.085 
End of epoch 127 / 200 	 Time Taken: 2 sec
learning rate 0.0001446 -> 0.0001426
End of epoch 128 / 200 	 Time Taken: 2 sec
learning rate 0.0001426 -> 0.0001406
OrderedDict([('G_GAN', 0.4111703634262085), ('G_L1', 1.5142767429351807), ('D_real', 0.2501029372215271), ('D_fake', 0.14354506134986877), ('KL_realB_fakeB', 0.1279696671284788)])
(epoch: 129, iters: 36, time: 0.057, data: 1.662) G_GAN: 0.411 G_L1: 1.514 D_real: 0.250 D_fake: 0.144 KL_realB_fakeB: 0.128 
End of epoch 129 / 200 	 Time Taken: 2 sec
learning rate 0.0001406 -> 0.0001386
saving the model at the end of epoch 130, iters 4940
End of epoch 130 / 200 	 Time Taken: 7 sec
learning rate 0.0001386 -> 0.0001366
End of epoch 131 / 200 	 Time Taken: 2 sec
learning rate 0.0001366 -> 0.0001347
OrderedDict([('G_GAN', 0.7460100054740906), ('G_L1', 1.4348764419555664), ('D_real', 0.07674124091863632), ('D_fake', 0.1354895830154419), ('KL_realB_fakeB', 0.10773350665688747)])
(epoch: 132, iters: 22, time: 0.055, data: 2.319) G_GAN: 0.746 G_L1: 1.435 D_real: 0.077 D_fake: 0.135 KL_realB_fakeB: 0.108 
saving the latest model (epoch 132, total_iters 5000)
End of epoch 132 / 200 	 Time Taken: 5 sec
learning rate 0.0001347 -> 0.0001327
End of epoch 133 / 200 	 Time Taken: 2 sec
learning rate 0.0001327 -> 0.0001307
End of epoch 134 / 200 	 Time Taken: 2 sec
learning rate 0.0001307 -> 0.0001287
OrderedDict([('G_GAN', 0.18704961240291595), ('G_L1', 1.1859219074249268), ('D_real', 0.17759491503238678), ('D_fake', 0.05834147334098816), ('KL_realB_fakeB', 0.09285183409304595)])
(epoch: 135, iters: 8, time: 0.041, data: 4.372) G_GAN: 0.187 G_L1: 1.186 D_real: 0.178 D_fake: 0.058 KL_realB_fakeB: 0.093 
saving the model at the end of epoch 135, iters 5130
End of epoch 135 / 200 	 Time Taken: 7 sec
learning rate 0.0001287 -> 0.0001267
End of epoch 136 / 200 	 Time Taken: 2 sec
learning rate 0.0001267 -> 0.0001248
OrderedDict([('G_GAN', 0.33629685640335083), ('G_L1', 1.6032699346542358), ('D_real', 0.18538494408130646), ('D_fake', 0.22919602692127228), ('KL_realB_fakeB', 0.07384809832379421)])
(epoch: 137, iters: 32, time: 0.828, data: 0.814) G_GAN: 0.336 G_L1: 1.603 D_real: 0.185 D_fake: 0.229 KL_realB_fakeB: 0.074 
End of epoch 137 / 200 	 Time Taken: 3 sec
learning rate 0.0001248 -> 0.0001228
End of epoch 138 / 200 	 Time Taken: 2 sec
learning rate 0.0001228 -> 0.0001208
End of epoch 139 / 200 	 Time Taken: 2 sec
learning rate 0.0001208 -> 0.0001188
OrderedDict([('G_GAN', 0.28722360730171204), ('G_L1', 1.354932427406311), ('D_real', 0.31765690445899963), ('D_fake', 0.21512149274349213), ('KL_realB_fakeB', 0.07988530864020385)])
(epoch: 140, iters: 18, time: 0.056, data: 2.856) G_GAN: 0.287 G_L1: 1.355 D_real: 0.318 D_fake: 0.215 KL_realB_fakeB: 0.080 
saving the model at the end of epoch 140, iters 5320
End of epoch 140 / 200 	 Time Taken: 7 sec
learning rate 0.0001188 -> 0.0001168
End of epoch 141 / 200 	 Time Taken: 2 sec
learning rate 0.0001168 -> 0.0001149
End of epoch 142 / 200 	 Time Taken: 2 sec
learning rate 0.0001149 -> 0.0001129
OrderedDict([('G_GAN', 0.2835839092731476), ('G_L1', 1.3962492942810059), ('D_real', 0.28302064538002014), ('D_fake', 0.1676635444164276), ('KL_realB_fakeB', 0.06376509430758188)])
(epoch: 143, iters: 4, time: 0.055, data: 1.426) G_GAN: 0.284 G_L1: 1.396 D_real: 0.283 D_fake: 0.168 KL_realB_fakeB: 0.064 
End of epoch 143 / 200 	 Time Taken: 2 sec
learning rate 0.0001129 -> 0.0001109
End of epoch 144 / 200 	 Time Taken: 2 sec
learning rate 0.0001109 -> 0.0001089
OrderedDict([('G_GAN', 0.2733885645866394), ('G_L1', 1.2532259225845337), ('D_real', 0.2913168668746948), ('D_fake', 0.22245164215564728), ('KL_realB_fakeB', 0.06299269787923077)])
(epoch: 145, iters: 28, time: 0.057, data: 0.473) G_GAN: 0.273 G_L1: 1.253 D_real: 0.291 D_fake: 0.222 KL_realB_fakeB: 0.063 
saving the model at the end of epoch 145, iters 5510
End of epoch 145 / 200 	 Time Taken: 7 sec
learning rate 0.0001089 -> 0.0001069
End of epoch 146 / 200 	 Time Taken: 2 sec
learning rate 0.0001069 -> 0.0001050
End of epoch 147 / 200 	 Time Taken: 2 sec
learning rate 0.0001050 -> 0.0001030
OrderedDict([('G_GAN', 0.7090185284614563), ('G_L1', 1.0659925937652588), ('D_real', 0.11804116517305374), ('D_fake', 0.06844347715377808), ('KL_realB_fakeB', 0.0820848340975291)])
(epoch: 148, iters: 14, time: 0.773, data: 2.016) G_GAN: 0.709 G_L1: 1.066 D_real: 0.118 D_fake: 0.068 KL_realB_fakeB: 0.082 
End of epoch 148 / 200 	 Time Taken: 3 sec
learning rate 0.0001030 -> 0.0001010
End of epoch 149 / 200 	 Time Taken: 2 sec
learning rate 0.0001010 -> 0.0000990
OrderedDict([('G_GAN', 0.13366374373435974), ('G_L1', 1.1545976400375366), ('D_real', 0.24254857003688812), ('D_fake', 0.14281876385211945), ('KL_realB_fakeB', 0.07291982418142678)])
(epoch: 150, iters: 38, time: 0.056, data: 2.059) G_GAN: 0.134 G_L1: 1.155 D_real: 0.243 D_fake: 0.143 KL_realB_fakeB: 0.073 
saving the model at the end of epoch 150, iters 5700
End of epoch 150 / 200 	 Time Taken: 8 sec
learning rate 0.0000990 -> 0.0000970
End of epoch 151 / 200 	 Time Taken: 2 sec
learning rate 0.0000970 -> 0.0000950
End of epoch 152 / 200 	 Time Taken: 2 sec
learning rate 0.0000950 -> 0.0000931
OrderedDict([('G_GAN', 0.3137148916721344), ('G_L1', 1.426778793334961), ('D_real', 0.17300930619239807), ('D_fake', 0.3847295641899109), ('KL_realB_fakeB', 0.07280809043052584)])
(epoch: 153, iters: 24, time: 0.054, data: 0.471) G_GAN: 0.314 G_L1: 1.427 D_real: 0.173 D_fake: 0.385 KL_realB_fakeB: 0.073 
End of epoch 153 / 200 	 Time Taken: 2 sec
learning rate 0.0000931 -> 0.0000911
End of epoch 154 / 200 	 Time Taken: 2 sec
learning rate 0.0000911 -> 0.0000891
saving the model at the end of epoch 155, iters 5890
End of epoch 155 / 200 	 Time Taken: 7 sec
learning rate 0.0000891 -> 0.0000871
OrderedDict([('G_GAN', 0.3364579379558563), ('G_L1', 1.2025814056396484), ('D_real', 0.5108454823493958), ('D_fake', 0.1008390337228775), ('KL_realB_fakeB', 0.0719717330461743)])
(epoch: 156, iters: 10, time: 0.056, data: 1.852) G_GAN: 0.336 G_L1: 1.203 D_real: 0.511 D_fake: 0.101 KL_realB_fakeB: 0.072 
End of epoch 156 / 200 	 Time Taken: 2 sec
learning rate 0.0000871 -> 0.0000851
End of epoch 157 / 200 	 Time Taken: 2 sec
learning rate 0.0000851 -> 0.0000832
OrderedDict([('G_GAN', 0.34042471647262573), ('G_L1', 1.0212922096252441), ('D_real', 0.18482816219329834), ('D_fake', 0.3010241389274597), ('KL_realB_fakeB', 0.059192586311994734)])
(epoch: 158, iters: 34, time: 0.763, data: 0.934) G_GAN: 0.340 G_L1: 1.021 D_real: 0.185 D_fake: 0.301 KL_realB_fakeB: 0.059 
End of epoch 158 / 200 	 Time Taken: 2 sec
learning rate 0.0000832 -> 0.0000812
End of epoch 159 / 200 	 Time Taken: 2 sec
learning rate 0.0000812 -> 0.0000792
saving the model at the end of epoch 160, iters 6080
End of epoch 160 / 200 	 Time Taken: 7 sec
learning rate 0.0000792 -> 0.0000772
OrderedDict([('G_GAN', 0.32586801052093506), ('G_L1', 1.4377713203430176), ('D_real', 0.12742142379283905), ('D_fake', 0.38236695528030396), ('KL_realB_fakeB', 0.06369783437681284)])
(epoch: 161, iters: 20, time: 0.059, data: 2.744) G_GAN: 0.326 G_L1: 1.438 D_real: 0.127 D_fake: 0.382 KL_realB_fakeB: 0.064 
End of epoch 161 / 200 	 Time Taken: 2 sec
learning rate 0.0000772 -> 0.0000752
End of epoch 162 / 200 	 Time Taken: 2 sec
learning rate 0.0000752 -> 0.0000733
End of epoch 163 / 200 	 Time Taken: 2 sec
learning rate 0.0000733 -> 0.0000713
OrderedDict([('G_GAN', 0.42575252056121826), ('G_L1', 1.1121960878372192), ('D_real', 0.25887569785118103), ('D_fake', 0.22563360631465912), ('KL_realB_fakeB', 0.07621908530175926)])
(epoch: 164, iters: 6, time: 0.060, data: 1.264) G_GAN: 0.426 G_L1: 1.112 D_real: 0.259 D_fake: 0.226 KL_realB_fakeB: 0.076 
End of epoch 164 / 200 	 Time Taken: 2 sec
learning rate 0.0000713 -> 0.0000693
saving the model at the end of epoch 165, iters 6270
End of epoch 165 / 200 	 Time Taken: 7 sec
learning rate 0.0000693 -> 0.0000673
OrderedDict([('G_GAN', 0.5371050238609314), ('G_L1', 1.429205298423767), ('D_real', 0.1928228735923767), ('D_fake', 0.24298955500125885), ('KL_realB_fakeB', 0.07766074527624575)])
(epoch: 166, iters: 30, time: 0.057, data: 0.862) G_GAN: 0.537 G_L1: 1.429 D_real: 0.193 D_fake: 0.243 KL_realB_fakeB: 0.078 
End of epoch 166 / 200 	 Time Taken: 2 sec
learning rate 0.0000673 -> 0.0000653
End of epoch 167 / 200 	 Time Taken: 2 sec
learning rate 0.0000653 -> 0.0000634
End of epoch 168 / 200 	 Time Taken: 2 sec
learning rate 0.0000634 -> 0.0000614
OrderedDict([('G_GAN', 0.41735121607780457), ('G_L1', 1.28946852684021), ('D_real', 0.059824541211128235), ('D_fake', 0.21330314874649048), ('KL_realB_fakeB', 0.06700486425772925)])
(epoch: 169, iters: 16, time: 0.753, data: 2.094) G_GAN: 0.417 G_L1: 1.289 D_real: 0.060 D_fake: 0.213 KL_realB_fakeB: 0.067 
End of epoch 169 / 200 	 Time Taken: 3 sec
learning rate 0.0000614 -> 0.0000594
saving the model at the end of epoch 170, iters 6460
End of epoch 170 / 200 	 Time Taken: 7 sec
learning rate 0.0000594 -> 0.0000574
End of epoch 171 / 200 	 Time Taken: 2 sec
learning rate 0.0000574 -> 0.0000554
OrderedDict([('G_GAN', 0.6586765050888062), ('G_L1', 1.2648022174835205), ('D_real', 0.04077231511473656), ('D_fake', 0.17136335372924805), ('KL_realB_fakeB', 0.09371871887146929)])
(epoch: 172, iters: 2, time: 0.041, data: 2.196) G_GAN: 0.659 G_L1: 1.265 D_real: 0.041 D_fake: 0.171 KL_realB_fakeB: 0.094 
End of epoch 172 / 200 	 Time Taken: 2 sec
learning rate 0.0000554 -> 0.0000535
End of epoch 173 / 200 	 Time Taken: 2 sec
learning rate 0.0000535 -> 0.0000515
OrderedDict([('G_GAN', 1.0543217658996582), ('G_L1', 1.0733100175857544), ('D_real', 0.03347249701619148), ('D_fake', 0.21059779822826385), ('KL_realB_fakeB', 0.06967049411682599)])
(epoch: 174, iters: 26, time: 0.057, data: 0.515) G_GAN: 1.054 G_L1: 1.073 D_real: 0.033 D_fake: 0.211 KL_realB_fakeB: 0.070 
End of epoch 174 / 200 	 Time Taken: 2 sec
learning rate 0.0000515 -> 0.0000495
saving the model at the end of epoch 175, iters 6650
End of epoch 175 / 200 	 Time Taken: 7 sec
learning rate 0.0000495 -> 0.0000475
End of epoch 176 / 200 	 Time Taken: 2 sec
learning rate 0.0000475 -> 0.0000455
OrderedDict([('G_GAN', 0.3697417974472046), ('G_L1', 1.4748412370681763), ('D_real', 0.32009220123291016), ('D_fake', 0.10073529928922653), ('KL_realB_fakeB', 0.07049821830118033)])
(epoch: 177, iters: 12, time: 0.056, data: 1.751) G_GAN: 0.370 G_L1: 1.475 D_real: 0.320 D_fake: 0.101 KL_realB_fakeB: 0.070 
End of epoch 177 / 200 	 Time Taken: 2 sec
learning rate 0.0000455 -> 0.0000436
End of epoch 178 / 200 	 Time Taken: 2 sec
learning rate 0.0000436 -> 0.0000416
OrderedDict([('G_GAN', 0.6194102764129639), ('G_L1', 1.1296319961547852), ('D_real', 0.11876342445611954), ('D_fake', 0.07869622111320496), ('KL_realB_fakeB', 0.06714706986206867)])
(epoch: 179, iters: 36, time: 0.733, data: 1.058) G_GAN: 0.619 G_L1: 1.130 D_real: 0.119 D_fake: 0.079 KL_realB_fakeB: 0.067 
End of epoch 179 / 200 	 Time Taken: 3 sec
learning rate 0.0000416 -> 0.0000396
saving the model at the end of epoch 180, iters 6840
End of epoch 180 / 200 	 Time Taken: 7 sec
learning rate 0.0000396 -> 0.0000376
End of epoch 181 / 200 	 Time Taken: 2 sec
learning rate 0.0000376 -> 0.0000356
OrderedDict([('G_GAN', 0.9139788150787354), ('G_L1', 1.3902636766433716), ('D_real', 0.03981555253267288), ('D_fake', 0.023402608931064606), ('KL_realB_fakeB', 0.07022574648014235)])
(epoch: 182, iters: 22, time: 0.056, data: 2.955) G_GAN: 0.914 G_L1: 1.390 D_real: 0.040 D_fake: 0.023 KL_realB_fakeB: 0.070 
End of epoch 182 / 200 	 Time Taken: 2 sec
learning rate 0.0000356 -> 0.0000337
End of epoch 183 / 200 	 Time Taken: 2 sec
learning rate 0.0000337 -> 0.0000317
End of epoch 184 / 200 	 Time Taken: 2 sec
learning rate 0.0000317 -> 0.0000297
OrderedDict([('G_GAN', 0.5436118245124817), ('G_L1', 1.4086601734161377), ('D_real', 0.3054426908493042), ('D_fake', 0.04870530962944031), ('KL_realB_fakeB', 0.0636560291906434)])
(epoch: 185, iters: 8, time: 0.058, data: 1.593) G_GAN: 0.544 G_L1: 1.409 D_real: 0.305 D_fake: 0.049 KL_realB_fakeB: 0.064 
saving the model at the end of epoch 185, iters 7030
End of epoch 185 / 200 	 Time Taken: 7 sec
learning rate 0.0000297 -> 0.0000277
End of epoch 186 / 200 	 Time Taken: 2 sec
learning rate 0.0000277 -> 0.0000257
OrderedDict([('G_GAN', 0.35203802585601807), ('G_L1', 1.3902149200439453), ('D_real', 0.08181939274072647), ('D_fake', 0.314052551984787), ('KL_realB_fakeB', 0.07158294511686757)])
(epoch: 187, iters: 32, time: 0.057, data: 0.821) G_GAN: 0.352 G_L1: 1.390 D_real: 0.082 D_fake: 0.314 KL_realB_fakeB: 0.072 
End of epoch 187 / 200 	 Time Taken: 2 sec
learning rate 0.0000257 -> 0.0000238
End of epoch 188 / 200 	 Time Taken: 2 sec
learning rate 0.0000238 -> 0.0000218
End of epoch 189 / 200 	 Time Taken: 2 sec
learning rate 0.0000218 -> 0.0000198
OrderedDict([('G_GAN', 0.45189112424850464), ('G_L1', 1.3794777393341064), ('D_real', 0.07136653363704681), ('D_fake', 0.36617302894592285), ('KL_realB_fakeB', 0.0588671769487946)])
(epoch: 190, iters: 18, time: 0.841, data: 2.186) G_GAN: 0.452 G_L1: 1.379 D_real: 0.071 D_fake: 0.366 KL_realB_fakeB: 0.059 
saving the model at the end of epoch 190, iters 7220
End of epoch 190 / 200 	 Time Taken: 8 sec
learning rate 0.0000198 -> 0.0000178
End of epoch 191 / 200 	 Time Taken: 2 sec
learning rate 0.0000178 -> 0.0000158
End of epoch 192 / 200 	 Time Taken: 2 sec
learning rate 0.0000158 -> 0.0000139
OrderedDict([('G_GAN', 0.3672853112220764), ('G_L1', 1.3725745677947998), ('D_real', 0.09476222097873688), ('D_fake', 0.2106638103723526), ('KL_realB_fakeB', 0.06004828224805478)])
(epoch: 193, iters: 4, time: 0.058, data: 2.264) G_GAN: 0.367 G_L1: 1.373 D_real: 0.095 D_fake: 0.211 KL_realB_fakeB: 0.060 
End of epoch 193 / 200 	 Time Taken: 2 sec
learning rate 0.0000139 -> 0.0000119
End of epoch 194 / 200 	 Time Taken: 2 sec
learning rate 0.0000119 -> 0.0000099
OrderedDict([('G_GAN', 0.6043404936790466), ('G_L1', 1.1446772813796997), ('D_real', 0.07672004401683807), ('D_fake', 0.0779862180352211), ('KL_realB_fakeB', 0.06422683214808736)])
(epoch: 195, iters: 28, time: 0.056, data: 0.644) G_GAN: 0.604 G_L1: 1.145 D_real: 0.077 D_fake: 0.078 KL_realB_fakeB: 0.064 
saving the model at the end of epoch 195, iters 7410
End of epoch 195 / 200 	 Time Taken: 7 sec
learning rate 0.0000099 -> 0.0000079
End of epoch 196 / 200 	 Time Taken: 2 sec
learning rate 0.0000079 -> 0.0000059
End of epoch 197 / 200 	 Time Taken: 2 sec
learning rate 0.0000059 -> 0.0000040
OrderedDict([('G_GAN', 0.38538745045661926), ('G_L1', 0.9533021450042725), ('D_real', 0.1849464327096939), ('D_fake', 0.169679194688797), ('KL_realB_fakeB', 0.06438773555189528)])
(epoch: 198, iters: 14, time: 0.041, data: 1.874) G_GAN: 0.385 G_L1: 0.953 D_real: 0.185 D_fake: 0.170 KL_realB_fakeB: 0.064 
End of epoch 198 / 200 	 Time Taken: 2 sec
learning rate 0.0000040 -> 0.0000020
End of epoch 199 / 200 	 Time Taken: 2 sec
learning rate 0.0000020 -> 0.0000000
OrderedDict([('G_GAN', 1.099976658821106), ('G_L1', 1.247961401939392), ('D_real', 0.05904378369450569), ('D_fake', 0.016084939241409302), ('KL_realB_fakeB', 0.07264599794329196)])
(epoch: 200, iters: 38, time: 0.803, data: 1.329) G_GAN: 1.100 G_L1: 1.248 D_real: 0.059 D_fake: 0.016 KL_realB_fakeB: 0.073 
saving the model at the end of epoch 200, iters 7600
End of epoch 200 / 200 	 Time Taken: 8 sec
