----------------- Options ---------------
               batch_size: 1                             
                    beta1: 0.5                           
          checkpoints_dir: /home/otto.tavares/public/iltbi/rxpixp2pixcycle/checkpoints
           continue_train: False                         
                crop_size: 256                           
       custom_images_path: /home/otto.tavares/public/iltbi/train/images/santa_casa_pares/	[default: None]
        custom_masks_path: None                          
       custom_paired_path: None                          
                 dataroot: /home/otto.tavares/public/iltbi/train/images/santa_casa_pares/	[default: None]
           dataset_action: False                         
     dataset_download_dir: /home/otto.tavares/public/iltbi/rxpixp2pixcycle
             dataset_mode: santacasaskfold               	[default: aligned]
             dataset_name: Shenzhen                      
                direction: AtoB                          
              display_env: main                          
             display_freq: 400                           
               display_id: -1                            	[default: 1]
            display_ncols: 4                             
             display_port: 8097                          
           display_server: http://localhost              
          display_winsize: 256                           
            download_imgs: False                         
                    epoch: latest                        
              epoch_count: 1                             
                 gan_mode: lsgan                         	[default: vanilla]
  generate_paths_data_csv: False                         
                  gpu_ids: 0                             
                init_gain: 0.02                          
                init_type: normal                        
                 input_nc: 3                             
                     isTB: False                         
                  isTrain: True                          	[default: None]
          is_resume_wandb: False                         
                      job: None                          
                lambda_L1: 50.0                          	[default: 100.0]
                load_iter: 0                             	[default: 0]
                load_size: 256                           	[default: 286]
                       lr: 0.0002                        
           lr_decay_iters: 50                            
                lr_policy: linear                        
         max_dataset_size: inf                           
                    model: pix2pix                       	[default: cycle_gan]
                 n_epochs: 100                           
           n_epochs_decay: 100                           
                  n_folds: 10                            
               n_layers_D: 3                             
                     name: santacasa_test_0_sort_4       	[default: experiment_name]
                      ndf: 64                            
                     netD: basic                         
                     netG: unet_256                      
                      ngf: 64                            
               no_dropout: False                         
                  no_flip: False                         
                  no_html: False                         
                     norm: batch                         
              num_threads: 4                             
                  num_val: 400                           
                output_nc: 3                             
                    phase: train                         
                pool_size: 0                             
               preprocess: resize_and_scale_width        	[default: resize_and_crop]
               print_freq: 100                           
                  project: p2p_santacasa                 	[default: None]
             save_by_iter: False                         
          save_epoch_freq: 5                             
         save_latest_freq: 5000                          
                     seed: 512                           	[default: 512]
           serial_batches: False                         
                     sort: 4                             	[default: 0]
                   suffix:                               
                     test: 0                             
                    token:                               
            train_dataset: True                          
         update_html_freq: 1000                          
                use_wandb: False                         
                 val_freq: 10                            	[default: 400]
                  verbose: False                         
             wandb_entity: brics-tb                      
            wandb_fold_id: None                          
----------------- End -------------------
GPU with device 0
                 images    gauss  ... all_together target
0   20220315_184023.jpg      seg  ...          seg      0
1   20220315_184432.jpg      seg  ...          seg      0
2   20220315_184701.jpg  not seg  ...          seg      0
3   20220315_184740.jpg      seg  ...          seg      0
4   20220315_185230.jpg      seg  ...          seg      0
..                  ...      ...  ...          ...    ...
83         IMG_5503.JPG  not seg  ...      not seg      0
84         IMG_5505.JPG      seg  ...          seg      0
85         IMG_5507.JPG      seg  ...          seg      0
86         IMG_5509.JPG      seg  ...          seg      0
87         IMG_5604.JPG      seg  ...          seg      0

[88 rows x 5 columns]
bins selected for val: [1, 2, 3, 4, 5, 6, 7, 8, 9]
bins selected for val: [0, 2, 3, 4, 5, 6, 7, 8, 9]
bins selected for val: [0, 1, 3, 4, 5, 6, 7, 8, 9]
bins selected for val: [0, 1, 2, 4, 5, 6, 7, 8, 9]
bins selected for val: [0, 1, 2, 3, 5, 6, 7, 8, 9]
bins selected for val: [0, 1, 2, 3, 4, 6, 7, 8, 9]
bins selected for val: [0, 1, 2, 3, 4, 5, 7, 8, 9]
bins selected for val: [0, 1, 2, 3, 4, 5, 6, 8, 9]
bins selected for val: [0, 1, 2, 3, 4, 5, 6, 7, 9]
bins selected for val: [0, 1, 2, 3, 4, 5, 6, 7, 8]
dataset [SantaCasaSkfoldDataset] was created
                 images    gauss  ... all_together target
0   20220315_184023.jpg      seg  ...          seg      0
1   20220315_184432.jpg      seg  ...          seg      0
2   20220315_184701.jpg  not seg  ...          seg      0
3   20220315_184740.jpg      seg  ...          seg      0
4   20220315_185230.jpg      seg  ...          seg      0
..                  ...      ...  ...          ...    ...
83         IMG_5503.JPG  not seg  ...      not seg      0
84         IMG_5505.JPG      seg  ...          seg      0
85         IMG_5507.JPG      seg  ...          seg      0
86         IMG_5509.JPG      seg  ...          seg      0
87         IMG_5604.JPG      seg  ...          seg      0

[88 rows x 5 columns]
bins selected for val: [1, 2, 3, 4, 5, 6, 7, 8, 9]
bins selected for val: [0, 2, 3, 4, 5, 6, 7, 8, 9]
bins selected for val: [0, 1, 3, 4, 5, 6, 7, 8, 9]
bins selected for val: [0, 1, 2, 4, 5, 6, 7, 8, 9]
bins selected for val: [0, 1, 2, 3, 5, 6, 7, 8, 9]
bins selected for val: [0, 1, 2, 3, 4, 6, 7, 8, 9]
bins selected for val: [0, 1, 2, 3, 4, 5, 7, 8, 9]
bins selected for val: [0, 1, 2, 3, 4, 5, 6, 8, 9]
bins selected for val: [0, 1, 2, 3, 4, 5, 6, 7, 9]
bins selected for val: [0, 1, 2, 3, 4, 5, 6, 7, 8]
dataset [SantaCasaSkfoldDataset] was created
The number of training images = 41
The number of val images = 5
initialize network with normal
initialize network with normal
model [Pix2PixModel] was created
---------- Networks initialized -------------
[Network G] Total number of parameters : 54.414 M
[Network D] Total number of parameters : 2.769 M
-----------------------------------------------
create web directory /home/otto.tavares/public/iltbi/rxpixp2pixcycle/checkpoints/santacasa_test_0_sort_4/web...
learning rate 0.0002000 -> 0.0002000
End of epoch 1 / 200 	 Time Taken: 3 sec
learning rate 0.0002000 -> 0.0002000
End of epoch 2 / 200 	 Time Taken: 2 sec
learning rate 0.0002000 -> 0.0002000
OrderedDict([('G_GAN', 0.27744874358177185), ('G_L1', 6.441582679748535), ('D_real', 0.25417235493659973), ('D_fake', 0.2666144371032715), ('KL_realB_fakeB', 0.26504808280642506)])
(epoch: 3, iters: 18, time: 0.052, data: 0.554) G_GAN: 0.277 G_L1: 6.442 D_real: 0.254 D_fake: 0.267 KL_realB_fakeB: 0.265 
End of epoch 3 / 200 	 Time Taken: 2 sec
learning rate 0.0002000 -> 0.0002000
End of epoch 4 / 200 	 Time Taken: 2 sec
learning rate 0.0002000 -> 0.0002000
OrderedDict([('G_GAN', 0.28338623046875), ('G_L1', 5.193352222442627), ('D_real', 0.33932411670684814), ('D_fake', 0.32216450572013855), ('KL_realB_fakeB', 0.1295635576960233)])
(epoch: 5, iters: 36, time: 0.047, data: 1.280) G_GAN: 0.283 G_L1: 5.193 D_real: 0.339 D_fake: 0.322 KL_realB_fakeB: 0.130 
saving the model at the end of epoch 5, iters 205
End of epoch 5 / 200 	 Time Taken: 7 sec
learning rate 0.0002000 -> 0.0002000
End of epoch 6 / 200 	 Time Taken: 2 sec
learning rate 0.0002000 -> 0.0002000
End of epoch 7 / 200 	 Time Taken: 3 sec
learning rate 0.0002000 -> 0.0002000
OrderedDict([('G_GAN', 0.26378825306892395), ('G_L1', 4.125614643096924), ('D_real', 0.23423819243907928), ('D_fake', 0.28717008233070374), ('KL_realB_fakeB', 0.11410749383497487)])
(epoch: 8, iters: 13, time: 0.052, data: 2.578) G_GAN: 0.264 G_L1: 4.126 D_real: 0.234 D_fake: 0.287 KL_realB_fakeB: 0.114 
End of epoch 8 / 200 	 Time Taken: 2 sec
learning rate 0.0002000 -> 0.0002000
End of epoch 9 / 200 	 Time Taken: 2 sec
learning rate 0.0002000 -> 0.0002000
OrderedDict([('G_GAN', 0.28170260787010193), ('G_L1', 4.49210786819458), ('D_real', 0.2730170786380768), ('D_fake', 0.28333982825279236), ('KL_realB_fakeB', 0.9046189404589352)])
(epoch: 10, iters: 31, time: 0.121, data: 0.983) G_GAN: 0.282 G_L1: 4.492 D_real: 0.273 D_fake: 0.283 KL_realB_fakeB: 0.905 
end of validation step
end of validation step
end of validation step
end of validation step
end of validation step
saving the model at the end of epoch 10, iters 410
End of epoch 10 / 200 	 Time Taken: 8 sec
learning rate 0.0002000 -> 0.0002000
End of epoch 11 / 200 	 Time Taken: 2 sec
learning rate 0.0002000 -> 0.0002000
End of epoch 12 / 200 	 Time Taken: 3 sec
learning rate 0.0002000 -> 0.0002000
OrderedDict([('G_GAN', 0.30092623829841614), ('G_L1', 3.6226346492767334), ('D_real', 0.30845630168914795), ('D_fake', 0.213670015335083), ('KL_realB_fakeB', 0.09333702520096986)])
(epoch: 13, iters: 8, time: 0.046, data: 2.381) G_GAN: 0.301 G_L1: 3.623 D_real: 0.308 D_fake: 0.214 KL_realB_fakeB: 0.093 
End of epoch 13 / 200 	 Time Taken: 3 sec
learning rate 0.0002000 -> 0.0002000
End of epoch 14 / 200 	 Time Taken: 2 sec
learning rate 0.0002000 -> 0.0002000
OrderedDict([('G_GAN', 0.28774282336235046), ('G_L1', 3.271101474761963), ('D_real', 0.19694872200489044), ('D_fake', 0.329440712928772), ('KL_realB_fakeB', 0.1560738773457494)])
(epoch: 15, iters: 26, time: 0.064, data: 1.130) G_GAN: 0.288 G_L1: 3.271 D_real: 0.197 D_fake: 0.329 KL_realB_fakeB: 0.156 
saving the model at the end of epoch 15, iters 615
End of epoch 15 / 200 	 Time Taken: 8 sec
learning rate 0.0002000 -> 0.0002000
End of epoch 16 / 200 	 Time Taken: 3 sec
learning rate 0.0002000 -> 0.0002000
End of epoch 17 / 200 	 Time Taken: 3 sec
learning rate 0.0002000 -> 0.0002000
OrderedDict([('G_GAN', 0.5259760618209839), ('G_L1', 3.8059468269348145), ('D_real', 0.46160513162612915), ('D_fake', 0.43413758277893066), ('KL_realB_fakeB', 0.3947985854052432)])
(epoch: 18, iters: 3, time: 0.054, data: 2.060) G_GAN: 0.526 G_L1: 3.806 D_real: 0.462 D_fake: 0.434 KL_realB_fakeB: 0.395 
End of epoch 18 / 200 	 Time Taken: 2 sec
learning rate 0.0002000 -> 0.0002000
End of epoch 19 / 200 	 Time Taken: 2 sec
learning rate 0.0002000 -> 0.0002000
OrderedDict([('G_GAN', 0.2149442881345749), ('G_L1', 3.4176132678985596), ('D_real', 0.23241190612316132), ('D_fake', 0.42321473360061646), ('KL_realB_fakeB', 0.16617610376384906)])
(epoch: 20, iters: 21, time: 0.208, data: 0.742) G_GAN: 0.215 G_L1: 3.418 D_real: 0.232 D_fake: 0.423 KL_realB_fakeB: 0.166 
end of validation step
end of validation step
end of validation step
end of validation step
end of validation step
saving the model at the end of epoch 20, iters 820
End of epoch 20 / 200 	 Time Taken: 8 sec
learning rate 0.0002000 -> 0.0002000
End of epoch 21 / 200 	 Time Taken: 2 sec
learning rate 0.0002000 -> 0.0002000
OrderedDict([('G_GAN', 0.3078896701335907), ('G_L1', 3.5645809173583984), ('D_real', 0.2264547049999237), ('D_fake', 0.210574209690094), ('KL_realB_fakeB', 0.16443689209252876)])
(epoch: 22, iters: 39, time: 0.049, data: 1.810) G_GAN: 0.308 G_L1: 3.565 D_real: 0.226 D_fake: 0.211 KL_realB_fakeB: 0.164 
End of epoch 22 / 200 	 Time Taken: 2 sec
learning rate 0.0002000 -> 0.0002000
End of epoch 23 / 200 	 Time Taken: 2 sec
learning rate 0.0002000 -> 0.0002000
End of epoch 24 / 200 	 Time Taken: 2 sec
learning rate 0.0002000 -> 0.0002000
OrderedDict([('G_GAN', 0.27641230821609497), ('G_L1', 2.835939884185791), ('D_real', 0.09760984778404236), ('D_fake', 0.4519277513027191), ('KL_realB_fakeB', 0.5329251226282007)])
(epoch: 25, iters: 16, time: 0.052, data: 2.785) G_GAN: 0.276 G_L1: 2.836 D_real: 0.098 D_fake: 0.452 KL_realB_fakeB: 0.533 
saving the model at the end of epoch 25, iters 1025
End of epoch 25 / 200 	 Time Taken: 8 sec
learning rate 0.0002000 -> 0.0002000
End of epoch 26 / 200 	 Time Taken: 2 sec
learning rate 0.0002000 -> 0.0002000
OrderedDict([('G_GAN', 0.3636782467365265), ('G_L1', 2.8413822650909424), ('D_real', 0.20511239767074585), ('D_fake', 0.31660109758377075), ('KL_realB_fakeB', 0.11619119928659406)])
(epoch: 27, iters: 34, time: 0.054, data: 1.618) G_GAN: 0.364 G_L1: 2.841 D_real: 0.205 D_fake: 0.317 KL_realB_fakeB: 0.116 
End of epoch 27 / 200 	 Time Taken: 3 sec
learning rate 0.0002000 -> 0.0002000
End of epoch 28 / 200 	 Time Taken: 3 sec
learning rate 0.0002000 -> 0.0002000
End of epoch 29 / 200 	 Time Taken: 2 sec
learning rate 0.0002000 -> 0.0002000
OrderedDict([('G_GAN', 0.27310988306999207), ('G_L1', 2.2929346561431885), ('D_real', 0.27391934394836426), ('D_fake', 0.2677881121635437), ('KL_realB_fakeB', 0.11720454879729843)])
(epoch: 30, iters: 11, time: 0.214, data: 2.492) G_GAN: 0.273 G_L1: 2.293 D_real: 0.274 D_fake: 0.268 KL_realB_fakeB: 0.117 
end of validation step
end of validation step
end of validation step
end of validation step
end of validation step
saving the model at the end of epoch 30, iters 1230
End of epoch 30 / 200 	 Time Taken: 8 sec
learning rate 0.0002000 -> 0.0002000
End of epoch 31 / 200 	 Time Taken: 3 sec
learning rate 0.0002000 -> 0.0002000
OrderedDict([('G_GAN', 0.33930906653404236), ('G_L1', 2.0139284133911133), ('D_real', 0.2986315190792084), ('D_fake', 0.2649877965450287), ('KL_realB_fakeB', 0.10652770248632662)])
(epoch: 32, iters: 29, time: 0.053, data: 1.172) G_GAN: 0.339 G_L1: 2.014 D_real: 0.299 D_fake: 0.265 KL_realB_fakeB: 0.107 
End of epoch 32 / 200 	 Time Taken: 3 sec
learning rate 0.0002000 -> 0.0002000
End of epoch 33 / 200 	 Time Taken: 2 sec
learning rate 0.0002000 -> 0.0002000
End of epoch 34 / 200 	 Time Taken: 2 sec
learning rate 0.0002000 -> 0.0002000
OrderedDict([('G_GAN', 0.7298546433448792), ('G_L1', 3.1398563385009766), ('D_real', 0.3388107717037201), ('D_fake', 0.11412865668535233), ('KL_realB_fakeB', 0.2718152059387983)])
(epoch: 35, iters: 6, time: 0.053, data: 2.118) G_GAN: 0.730 G_L1: 3.140 D_real: 0.339 D_fake: 0.114 KL_realB_fakeB: 0.272 
saving the model at the end of epoch 35, iters 1435
End of epoch 35 / 200 	 Time Taken: 8 sec
learning rate 0.0002000 -> 0.0002000
End of epoch 36 / 200 	 Time Taken: 2 sec
learning rate 0.0002000 -> 0.0002000
OrderedDict([('G_GAN', 0.263066828250885), ('G_L1', 2.197283983230591), ('D_real', 0.20433208346366882), ('D_fake', 0.33201661705970764), ('KL_realB_fakeB', 0.09416644730618809)])
(epoch: 37, iters: 24, time: 0.050, data: 0.822) G_GAN: 0.263 G_L1: 2.197 D_real: 0.204 D_fake: 0.332 KL_realB_fakeB: 0.094 
End of epoch 37 / 200 	 Time Taken: 2 sec
learning rate 0.0002000 -> 0.0002000
End of epoch 38 / 200 	 Time Taken: 2 sec
learning rate 0.0002000 -> 0.0002000
End of epoch 39 / 200 	 Time Taken: 3 sec
learning rate 0.0002000 -> 0.0002000
OrderedDict([('G_GAN', 0.6191757917404175), ('G_L1', 1.8559174537658691), ('D_real', 0.08891794085502625), ('D_fake', 0.16752474009990692), ('KL_realB_fakeB', 0.2083246144718674)])
(epoch: 40, iters: 1, time: 0.162, data: 1.628) G_GAN: 0.619 G_L1: 1.856 D_real: 0.089 D_fake: 0.168 KL_realB_fakeB: 0.208 
end of validation step
end of validation step
end of validation step
end of validation step
end of validation step
saving the model at the end of epoch 40, iters 1640
End of epoch 40 / 200 	 Time Taken: 8 sec
learning rate 0.0002000 -> 0.0002000
End of epoch 41 / 200 	 Time Taken: 2 sec
learning rate 0.0002000 -> 0.0002000
OrderedDict([('G_GAN', 0.6385484933853149), ('G_L1', 3.2718162536621094), ('D_real', 0.09431012719869614), ('D_fake', 0.07691222429275513), ('KL_realB_fakeB', 0.24999598907201862)])
(epoch: 42, iters: 19, time: 0.053, data: 0.632) G_GAN: 0.639 G_L1: 3.272 D_real: 0.094 D_fake: 0.077 KL_realB_fakeB: 0.250 
End of epoch 42 / 200 	 Time Taken: 2 sec
learning rate 0.0002000 -> 0.0002000
End of epoch 43 / 200 	 Time Taken: 2 sec
learning rate 0.0002000 -> 0.0002000
OrderedDict([('G_GAN', 0.24964383244514465), ('G_L1', 2.075579881668091), ('D_real', 0.37482404708862305), ('D_fake', 0.15222612023353577), ('KL_realB_fakeB', 0.07294261604994376)])
(epoch: 44, iters: 37, time: 0.059, data: 1.388) G_GAN: 0.250 G_L1: 2.076 D_real: 0.375 D_fake: 0.152 KL_realB_fakeB: 0.073 
End of epoch 44 / 200 	 Time Taken: 3 sec
learning rate 0.0002000 -> 0.0002000
saving the model at the end of epoch 45, iters 1845
End of epoch 45 / 200 	 Time Taken: 8 sec
learning rate 0.0002000 -> 0.0002000
End of epoch 46 / 200 	 Time Taken: 2 sec
learning rate 0.0002000 -> 0.0002000
OrderedDict([('G_GAN', 0.3872627317905426), ('G_L1', 2.6195688247680664), ('D_real', 0.307079941034317), ('D_fake', 0.1599677950143814), ('KL_realB_fakeB', 0.12092212432678895)])
(epoch: 47, iters: 14, time: 0.052, data: 2.929) G_GAN: 0.387 G_L1: 2.620 D_real: 0.307 D_fake: 0.160 KL_realB_fakeB: 0.121 
End of epoch 47 / 200 	 Time Taken: 2 sec
learning rate 0.0002000 -> 0.0002000
End of epoch 48 / 200 	 Time Taken: 2 sec
learning rate 0.0002000 -> 0.0002000
OrderedDict([('G_GAN', 0.2668406665325165), ('G_L1', 2.027231454849243), ('D_real', 0.2675999701023102), ('D_fake', 0.2568141520023346), ('KL_realB_fakeB', 0.1451602553374709)])
(epoch: 49, iters: 32, time: 0.214, data: 1.136) G_GAN: 0.267 G_L1: 2.027 D_real: 0.268 D_fake: 0.257 KL_realB_fakeB: 0.145 
End of epoch 49 / 200 	 Time Taken: 3 sec
learning rate 0.0002000 -> 0.0002000
end of validation step
end of validation step
end of validation step
end of validation step
end of validation step
saving the model at the end of epoch 50, iters 2050
End of epoch 50 / 200 	 Time Taken: 8 sec
learning rate 0.0002000 -> 0.0002000
End of epoch 51 / 200 	 Time Taken: 2 sec
learning rate 0.0002000 -> 0.0002000
OrderedDict([('G_GAN', 0.789398193359375), ('G_L1', 2.380340814590454), ('D_real', 0.10623595118522644), ('D_fake', 0.13485607504844666), ('KL_realB_fakeB', 0.29681002045224947)])
(epoch: 52, iters: 9, time: 0.051, data: 2.817) G_GAN: 0.789 G_L1: 2.380 D_real: 0.106 D_fake: 0.135 KL_realB_fakeB: 0.297 
End of epoch 52 / 200 	 Time Taken: 2 sec
learning rate 0.0002000 -> 0.0002000
End of epoch 53 / 200 	 Time Taken: 2 sec
learning rate 0.0002000 -> 0.0002000
OrderedDict([('G_GAN', 0.6126649379730225), ('G_L1', 2.4783849716186523), ('D_real', 0.10571042448282242), ('D_fake', 0.1984947919845581), ('KL_realB_fakeB', 0.07780773533776719)])
(epoch: 54, iters: 27, time: 0.056, data: 0.791) G_GAN: 0.613 G_L1: 2.478 D_real: 0.106 D_fake: 0.198 KL_realB_fakeB: 0.078 
End of epoch 54 / 200 	 Time Taken: 3 sec
learning rate 0.0002000 -> 0.0002000
saving the model at the end of epoch 55, iters 2255
End of epoch 55 / 200 	 Time Taken: 7 sec
learning rate 0.0002000 -> 0.0002000
End of epoch 56 / 200 	 Time Taken: 2 sec
learning rate 0.0002000 -> 0.0002000
OrderedDict([('G_GAN', 0.8227000832557678), ('G_L1', 1.8625808954238892), ('D_real', 0.31364303827285767), ('D_fake', 0.12025843560695648), ('KL_realB_fakeB', 0.5368173236270162)])
(epoch: 57, iters: 4, time: 0.051, data: 2.299) G_GAN: 0.823 G_L1: 1.863 D_real: 0.314 D_fake: 0.120 KL_realB_fakeB: 0.537 
End of epoch 57 / 200 	 Time Taken: 2 sec
learning rate 0.0002000 -> 0.0002000
End of epoch 58 / 200 	 Time Taken: 2 sec
learning rate 0.0002000 -> 0.0002000
OrderedDict([('G_GAN', 0.4154485762119293), ('G_L1', 2.0424447059631348), ('D_real', 0.09523296356201172), ('D_fake', 0.2940458357334137), ('KL_realB_fakeB', 0.15391322823609435)])
(epoch: 59, iters: 22, time: 0.200, data: 0.806) G_GAN: 0.415 G_L1: 2.042 D_real: 0.095 D_fake: 0.294 KL_realB_fakeB: 0.154 
End of epoch 59 / 200 	 Time Taken: 3 sec
learning rate 0.0002000 -> 0.0002000
end of validation step
end of validation step
end of validation step
end of validation step
end of validation step
saving the model at the end of epoch 60, iters 2460
End of epoch 60 / 200 	 Time Taken: 8 sec
learning rate 0.0002000 -> 0.0002000
OrderedDict([('G_GAN', 0.2711907923221588), ('G_L1', 1.5461362600326538), ('D_real', 0.2393440455198288), ('D_fake', 0.23139891028404236), ('KL_realB_fakeB', 0.08305017676605822)])
(epoch: 61, iters: 40, time: 0.037, data: 2.315) G_GAN: 0.271 G_L1: 1.546 D_real: 0.239 D_fake: 0.231 KL_realB_fakeB: 0.083 
End of epoch 61 / 200 	 Time Taken: 3 sec
learning rate 0.0002000 -> 0.0002000
End of epoch 62 / 200 	 Time Taken: 2 sec
learning rate 0.0002000 -> 0.0002000
End of epoch 63 / 200 	 Time Taken: 2 sec
learning rate 0.0002000 -> 0.0002000
OrderedDict([('G_GAN', 0.4727995991706848), ('G_L1', 1.8848127126693726), ('D_real', 0.36435842514038086), ('D_fake', 0.03551019728183746), ('KL_realB_fakeB', 0.18236757071469198)])
(epoch: 64, iters: 17, time: 0.046, data: 3.005) G_GAN: 0.473 G_L1: 1.885 D_real: 0.364 D_fake: 0.036 KL_realB_fakeB: 0.182 
End of epoch 64 / 200 	 Time Taken: 2 sec
learning rate 0.0002000 -> 0.0002000
saving the model at the end of epoch 65, iters 2665
End of epoch 65 / 200 	 Time Taken: 8 sec
learning rate 0.0002000 -> 0.0002000
OrderedDict([('G_GAN', 0.31489256024360657), ('G_L1', 2.240669012069702), ('D_real', 0.05642589554190636), ('D_fake', 0.49370384216308594), ('KL_realB_fakeB', 0.08391935992474894)])
(epoch: 66, iters: 35, time: 0.053, data: 1.554) G_GAN: 0.315 G_L1: 2.241 D_real: 0.056 D_fake: 0.494 KL_realB_fakeB: 0.084 
End of epoch 66 / 200 	 Time Taken: 2 sec
learning rate 0.0002000 -> 0.0002000
End of epoch 67 / 200 	 Time Taken: 2 sec
learning rate 0.0002000 -> 0.0002000
End of epoch 68 / 200 	 Time Taken: 2 sec
learning rate 0.0002000 -> 0.0002000
OrderedDict([('G_GAN', 0.5561570525169373), ('G_L1', 2.518606662750244), ('D_real', 0.09896263480186462), ('D_fake', 0.06504546105861664), ('KL_realB_fakeB', 0.15601029716931109)])
(epoch: 69, iters: 12, time: 0.234, data: 2.643) G_GAN: 0.556 G_L1: 2.519 D_real: 0.099 D_fake: 0.065 KL_realB_fakeB: 0.156 
End of epoch 69 / 200 	 Time Taken: 3 sec
learning rate 0.0002000 -> 0.0002000
end of validation step
end of validation step
end of validation step
end of validation step
end of validation step
saving the model at the end of epoch 70, iters 2870
End of epoch 70 / 200 	 Time Taken: 8 sec
learning rate 0.0002000 -> 0.0002000
OrderedDict([('G_GAN', 0.637360692024231), ('G_L1', 2.4217545986175537), ('D_real', 0.020164774730801582), ('D_fake', 0.11114540696144104), ('KL_realB_fakeB', 0.2502805389788363)])
(epoch: 71, iters: 30, time: 0.034, data: 1.533) G_GAN: 0.637 G_L1: 2.422 D_real: 0.020 D_fake: 0.111 KL_realB_fakeB: 0.250 
End of epoch 71 / 200 	 Time Taken: 2 sec
learning rate 0.0002000 -> 0.0002000
End of epoch 72 / 200 	 Time Taken: 2 sec
learning rate 0.0002000 -> 0.0002000
End of epoch 73 / 200 	 Time Taken: 2 sec
learning rate 0.0002000 -> 0.0002000
OrderedDict([('G_GAN', 0.7232823371887207), ('G_L1', 2.666692018508911), ('D_real', 0.2081947773694992), ('D_fake', 0.06365653872489929), ('KL_realB_fakeB', 0.2705187511290542)])
(epoch: 74, iters: 7, time: 0.054, data: 2.235) G_GAN: 0.723 G_L1: 2.667 D_real: 0.208 D_fake: 0.064 KL_realB_fakeB: 0.271 
End of epoch 74 / 200 	 Time Taken: 2 sec
learning rate 0.0002000 -> 0.0002000
saving the model at the end of epoch 75, iters 3075
End of epoch 75 / 200 	 Time Taken: 8 sec
learning rate 0.0002000 -> 0.0002000
OrderedDict([('G_GAN', 0.8304400444030762), ('G_L1', 1.8660215139389038), ('D_real', 0.19882731139659882), ('D_fake', 0.05686389282345772), ('KL_realB_fakeB', 0.31988140110687535)])
(epoch: 76, iters: 25, time: 0.050, data: 1.002) G_GAN: 0.830 G_L1: 1.866 D_real: 0.199 D_fake: 0.057 KL_realB_fakeB: 0.320 
End of epoch 76 / 200 	 Time Taken: 3 sec
learning rate 0.0002000 -> 0.0002000
End of epoch 77 / 200 	 Time Taken: 3 sec
learning rate 0.0002000 -> 0.0002000
End of epoch 78 / 200 	 Time Taken: 2 sec
learning rate 0.0002000 -> 0.0002000
OrderedDict([('G_GAN', 1.036238193511963), ('G_L1', 2.275106191635132), ('D_real', 0.08385054022073746), ('D_fake', 0.39444708824157715), ('KL_realB_fakeB', 0.0746140317921369)])
(epoch: 79, iters: 2, time: 0.278, data: 2.063) G_GAN: 1.036 G_L1: 2.275 D_real: 0.084 D_fake: 0.394 KL_realB_fakeB: 0.075 
End of epoch 79 / 200 	 Time Taken: 2 sec
learning rate 0.0002000 -> 0.0002000
end of validation step
end of validation step
end of validation step
end of validation step
end of validation step
saving the model at the end of epoch 80, iters 3280
End of epoch 80 / 200 	 Time Taken: 9 sec
learning rate 0.0002000 -> 0.0002000
OrderedDict([('G_GAN', 0.5738500952720642), ('G_L1', 2.330404281616211), ('D_real', 0.1735147088766098), ('D_fake', 0.18170984089374542), ('KL_realB_fakeB', 0.13642818529706685)])
(epoch: 81, iters: 20, time: 0.053, data: 0.947) G_GAN: 0.574 G_L1: 2.330 D_real: 0.174 D_fake: 0.182 KL_realB_fakeB: 0.136 
End of epoch 81 / 200 	 Time Taken: 3 sec
learning rate 0.0002000 -> 0.0002000
End of epoch 82 / 200 	 Time Taken: 2 sec
learning rate 0.0002000 -> 0.0002000
OrderedDict([('G_GAN', 0.38430801033973694), ('G_L1', 1.9517298936843872), ('D_real', 0.721018373966217), ('D_fake', 0.026282310485839844), ('KL_realB_fakeB', 0.07566082278833826)])
(epoch: 83, iters: 38, time: 0.052, data: 1.796) G_GAN: 0.384 G_L1: 1.952 D_real: 0.721 D_fake: 0.026 KL_realB_fakeB: 0.076 
End of epoch 83 / 200 	 Time Taken: 2 sec
learning rate 0.0002000 -> 0.0002000
End of epoch 84 / 200 	 Time Taken: 2 sec
learning rate 0.0002000 -> 0.0002000
saving the model at the end of epoch 85, iters 3485
End of epoch 85 / 200 	 Time Taken: 8 sec
learning rate 0.0002000 -> 0.0002000
OrderedDict([('G_GAN', 1.1885194778442383), ('G_L1', 2.2968873977661133), ('D_real', 0.020287398248910904), ('D_fake', 0.03512801229953766), ('KL_realB_fakeB', 0.1236567039506278)])
(epoch: 86, iters: 15, time: 0.045, data: 2.696) G_GAN: 1.189 G_L1: 2.297 D_real: 0.020 D_fake: 0.035 KL_realB_fakeB: 0.124 
End of epoch 86 / 200 	 Time Taken: 2 sec
learning rate 0.0002000 -> 0.0002000
End of epoch 87 / 200 	 Time Taken: 2 sec
learning rate 0.0002000 -> 0.0002000
OrderedDict([('G_GAN', 0.34465986490249634), ('G_L1', 1.9302152395248413), ('D_real', 0.26158928871154785), ('D_fake', 0.32358628511428833), ('KL_realB_fakeB', 0.1404726616966739)])
(epoch: 88, iters: 33, time: 0.367, data: 1.362) G_GAN: 0.345 G_L1: 1.930 D_real: 0.262 D_fake: 0.324 KL_realB_fakeB: 0.140 
End of epoch 88 / 200 	 Time Taken: 16 sec
learning rate 0.0002000 -> 0.0002000
End of epoch 89 / 200 	 Time Taken: 2 sec
learning rate 0.0002000 -> 0.0002000
end of validation step
end of validation step
end of validation step
end of validation step
end of validation step
saving the model at the end of epoch 90, iters 3690
End of epoch 90 / 200 	 Time Taken: 8 sec
learning rate 0.0002000 -> 0.0002000
OrderedDict([('G_GAN', 0.9539431929588318), ('G_L1', 2.021533250808716), ('D_real', 0.07591906189918518), ('D_fake', 0.014851661399006844), ('KL_realB_fakeB', 0.08181622933019157)])
(epoch: 91, iters: 10, time: 0.053, data: 15.926) G_GAN: 0.954 G_L1: 2.022 D_real: 0.076 D_fake: 0.015 KL_realB_fakeB: 0.082 
End of epoch 91 / 200 	 Time Taken: 2 sec
learning rate 0.0002000 -> 0.0002000
End of epoch 92 / 200 	 Time Taken: 2 sec
learning rate 0.0002000 -> 0.0002000
OrderedDict([('G_GAN', 0.7767914533615112), ('G_L1', 1.6419330835342407), ('D_real', 0.08631052076816559), ('D_fake', 0.08997845649719238), ('KL_realB_fakeB', 0.0844096426364864)])
(epoch: 93, iters: 28, time: 0.051, data: 1.172) G_GAN: 0.777 G_L1: 1.642 D_real: 0.086 D_fake: 0.090 KL_realB_fakeB: 0.084 
End of epoch 93 / 200 	 Time Taken: 2 sec
learning rate 0.0002000 -> 0.0002000
End of epoch 94 / 200 	 Time Taken: 2 sec
learning rate 0.0002000 -> 0.0002000
saving the model at the end of epoch 95, iters 3895
End of epoch 95 / 200 	 Time Taken: 7 sec
learning rate 0.0002000 -> 0.0002000
OrderedDict([('G_GAN', 0.7499023079872131), ('G_L1', 1.600020408630371), ('D_real', 0.018574777990579605), ('D_fake', 0.014036394655704498), ('KL_realB_fakeB', 0.08614530402245744)])
(epoch: 96, iters: 5, time: 0.034, data: 2.131) G_GAN: 0.750 G_L1: 1.600 D_real: 0.019 D_fake: 0.014 KL_realB_fakeB: 0.086 
End of epoch 96 / 200 	 Time Taken: 3 sec
learning rate 0.0002000 -> 0.0002000
End of epoch 97 / 200 	 Time Taken: 2 sec
learning rate 0.0002000 -> 0.0002000
OrderedDict([('G_GAN', 0.6226907968521118), ('G_L1', 1.6987615823745728), ('D_real', 0.06489958614110947), ('D_fake', 0.11294067651033401), ('KL_realB_fakeB', 0.11837721939655263)])
(epoch: 98, iters: 23, time: 0.294, data: 0.942) G_GAN: 0.623 G_L1: 1.699 D_real: 0.065 D_fake: 0.113 KL_realB_fakeB: 0.118 
End of epoch 98 / 200 	 Time Taken: 2 sec
learning rate 0.0002000 -> 0.0002000
End of epoch 99 / 200 	 Time Taken: 3 sec
learning rate 0.0002000 -> 0.0001980
OrderedDict([('G_GAN', 0.8740623593330383), ('G_L1', 1.6896318197250366), ('D_real', 0.08677393943071365), ('D_fake', 0.07361360639333725), ('KL_realB_fakeB', 0.07401886832742535)])
(epoch: 100, iters: 41, time: 0.051, data: 1.867) G_GAN: 0.874 G_L1: 1.690 D_real: 0.087 D_fake: 0.074 KL_realB_fakeB: 0.074 
end of validation step
end of validation step
end of validation step
end of validation step
end of validation step
saving the model at the end of epoch 100, iters 4100
End of epoch 100 / 200 	 Time Taken: 8 sec
learning rate 0.0001980 -> 0.0001960
End of epoch 101 / 200 	 Time Taken: 2 sec
learning rate 0.0001960 -> 0.0001941
End of epoch 102 / 200 	 Time Taken: 2 sec
learning rate 0.0001941 -> 0.0001921
OrderedDict([('G_GAN', 0.5316426753997803), ('G_L1', 2.2648508548736572), ('D_real', 0.02829308621585369), ('D_fake', 0.02587129920721054), ('KL_realB_fakeB', 0.11439784296591143)])
(epoch: 103, iters: 18, time: 0.050, data: 0.120) G_GAN: 0.532 G_L1: 2.265 D_real: 0.028 D_fake: 0.026 KL_realB_fakeB: 0.114 
End of epoch 103 / 200 	 Time Taken: 2 sec
learning rate 0.0001921 -> 0.0001901
End of epoch 104 / 200 	 Time Taken: 2 sec
learning rate 0.0001901 -> 0.0001881
OrderedDict([('G_GAN', 0.8983228206634521), ('G_L1', 1.8728286027908325), ('D_real', 0.11825340241193771), ('D_fake', 0.4797404408454895), ('KL_realB_fakeB', 0.49170709286146563)])
(epoch: 105, iters: 36, time: 0.037, data: 1.471) G_GAN: 0.898 G_L1: 1.873 D_real: 0.118 D_fake: 0.480 KL_realB_fakeB: 0.492 
saving the model at the end of epoch 105, iters 4305
End of epoch 105 / 200 	 Time Taken: 7 sec
learning rate 0.0001881 -> 0.0001861
End of epoch 106 / 200 	 Time Taken: 2 sec
learning rate 0.0001861 -> 0.0001842
End of epoch 107 / 200 	 Time Taken: 2 sec
learning rate 0.0001842 -> 0.0001822
OrderedDict([('G_GAN', 0.586345374584198), ('G_L1', 1.7984774112701416), ('D_real', 0.015989037230610847), ('D_fake', 0.5625516772270203), ('KL_realB_fakeB', 0.10743983922061454)])
(epoch: 108, iters: 13, time: 0.299, data: 2.615) G_GAN: 0.586 G_L1: 1.798 D_real: 0.016 D_fake: 0.563 KL_realB_fakeB: 0.107 
End of epoch 108 / 200 	 Time Taken: 2 sec
learning rate 0.0001822 -> 0.0001802
End of epoch 109 / 200 	 Time Taken: 2 sec
learning rate 0.0001802 -> 0.0001782
OrderedDict([('G_GAN', 0.7533142566680908), ('G_L1', 1.8736917972564697), ('D_real', 0.0342741385102272), ('D_fake', 0.05849556624889374), ('KL_realB_fakeB', 0.16444421272292536)])
(epoch: 110, iters: 31, time: 0.052, data: 1.441) G_GAN: 0.753 G_L1: 1.874 D_real: 0.034 D_fake: 0.058 KL_realB_fakeB: 0.164 
end of validation step
end of validation step
end of validation step
end of validation step
end of validation step
saving the model at the end of epoch 110, iters 4510
End of epoch 110 / 200 	 Time Taken: 8 sec
learning rate 0.0001782 -> 0.0001762
End of epoch 111 / 200 	 Time Taken: 3 sec
learning rate 0.0001762 -> 0.0001743
End of epoch 112 / 200 	 Time Taken: 3 sec
learning rate 0.0001743 -> 0.0001723
OrderedDict([('G_GAN', 1.1437920331954956), ('G_L1', 1.8015567064285278), ('D_real', 0.30657416582107544), ('D_fake', 0.10589782893657684), ('KL_realB_fakeB', 0.07379949240814693)])
(epoch: 113, iters: 8, time: 0.049, data: 2.269) G_GAN: 1.144 G_L1: 1.802 D_real: 0.307 D_fake: 0.106 KL_realB_fakeB: 0.074 
End of epoch 113 / 200 	 Time Taken: 2 sec
learning rate 0.0001723 -> 0.0001703
End of epoch 114 / 200 	 Time Taken: 3 sec
learning rate 0.0001703 -> 0.0001683
OrderedDict([('G_GAN', 0.9681779146194458), ('G_L1', 1.7382917404174805), ('D_real', 0.018180448561906815), ('D_fake', 0.02273603342473507), ('KL_realB_fakeB', 0.0791903645906615)])
(epoch: 115, iters: 26, time: 0.050, data: 0.768) G_GAN: 0.968 G_L1: 1.738 D_real: 0.018 D_fake: 0.023 KL_realB_fakeB: 0.079 
saving the model at the end of epoch 115, iters 4715
End of epoch 115 / 200 	 Time Taken: 7 sec
learning rate 0.0001683 -> 0.0001663
End of epoch 116 / 200 	 Time Taken: 3 sec
learning rate 0.0001663 -> 0.0001644
End of epoch 117 / 200 	 Time Taken: 2 sec
learning rate 0.0001644 -> 0.0001624
OrderedDict([('G_GAN', 0.30978962779045105), ('G_L1', 1.9115679264068604), ('D_real', 0.29813462495803833), ('D_fake', 0.19882871210575104), ('KL_realB_fakeB', 0.3341493204735481)])
(epoch: 118, iters: 3, time: 0.362, data: 2.169) G_GAN: 0.310 G_L1: 1.912 D_real: 0.298 D_fake: 0.199 KL_realB_fakeB: 0.334 
End of epoch 118 / 200 	 Time Taken: 2 sec
learning rate 0.0001624 -> 0.0001604
End of epoch 119 / 200 	 Time Taken: 2 sec
learning rate 0.0001604 -> 0.0001584
OrderedDict([('G_GAN', 0.647559404373169), ('G_L1', 1.7978010177612305), ('D_real', 0.15470638871192932), ('D_fake', 0.20411370694637299), ('KL_realB_fakeB', 0.09280498819512871)])
(epoch: 120, iters: 21, time: 0.058, data: 0.938) G_GAN: 0.648 G_L1: 1.798 D_real: 0.155 D_fake: 0.204 KL_realB_fakeB: 0.093 
end of validation step
end of validation step
end of validation step
end of validation step
end of validation step
saving the model at the end of epoch 120, iters 4920
End of epoch 120 / 200 	 Time Taken: 8 sec
learning rate 0.0001584 -> 0.0001564
End of epoch 121 / 200 	 Time Taken: 2 sec
learning rate 0.0001564 -> 0.0001545
OrderedDict([('G_GAN', 1.0126336812973022), ('G_L1', 1.7316648960113525), ('D_real', 0.031018270179629326), ('D_fake', 0.15162703394889832), ('KL_realB_fakeB', 0.07219351599919388)])
(epoch: 122, iters: 39, time: 0.052, data: 1.635) G_GAN: 1.013 G_L1: 1.732 D_real: 0.031 D_fake: 0.152 KL_realB_fakeB: 0.072 
saving the latest model (epoch 122, total_iters 5000)
End of epoch 122 / 200 	 Time Taken: 7 sec
learning rate 0.0001545 -> 0.0001525
End of epoch 123 / 200 	 Time Taken: 2 sec
learning rate 0.0001525 -> 0.0001505
End of epoch 124 / 200 	 Time Taken: 2 sec
learning rate 0.0001505 -> 0.0001485
OrderedDict([('G_GAN', 0.6586583852767944), ('G_L1', 1.2620493173599243), ('D_real', 0.013097530230879784), ('D_fake', 0.4116007685661316), ('KL_realB_fakeB', 0.06250338977096381)])
(epoch: 125, iters: 16, time: 0.053, data: 7.333) G_GAN: 0.659 G_L1: 1.262 D_real: 0.013 D_fake: 0.412 KL_realB_fakeB: 0.063 
saving the model at the end of epoch 125, iters 5125
End of epoch 125 / 200 	 Time Taken: 8 sec
learning rate 0.0001485 -> 0.0001465
End of epoch 126 / 200 	 Time Taken: 2 sec
learning rate 0.0001465 -> 0.0001446
OrderedDict([('G_GAN', 0.8944681286811829), ('G_L1', 1.8771413564682007), ('D_real', 0.03833172470331192), ('D_fake', 0.03750944882631302), ('KL_realB_fakeB', 0.1049134814208044)])
(epoch: 127, iters: 34, time: 0.391, data: 1.552) G_GAN: 0.894 G_L1: 1.877 D_real: 0.038 D_fake: 0.038 KL_realB_fakeB: 0.105 
End of epoch 127 / 200 	 Time Taken: 3 sec
learning rate 0.0001446 -> 0.0001426
End of epoch 128 / 200 	 Time Taken: 2 sec
learning rate 0.0001426 -> 0.0001406
End of epoch 129 / 200 	 Time Taken: 3 sec
learning rate 0.0001406 -> 0.0001386
OrderedDict([('G_GAN', 0.27458322048187256), ('G_L1', 1.2213969230651855), ('D_real', 0.23062974214553833), ('D_fake', 0.22489024698734283), ('KL_realB_fakeB', 0.07164881114180384)])
(epoch: 130, iters: 11, time: 0.050, data: 2.858) G_GAN: 0.275 G_L1: 1.221 D_real: 0.231 D_fake: 0.225 KL_realB_fakeB: 0.072 
end of validation step
end of validation step
end of validation step
end of validation step
end of validation step
saving the model at the end of epoch 130, iters 5330
End of epoch 130 / 200 	 Time Taken: 8 sec
learning rate 0.0001386 -> 0.0001366
End of epoch 131 / 200 	 Time Taken: 2 sec
learning rate 0.0001366 -> 0.0001347
OrderedDict([('G_GAN', 1.0795446634292603), ('G_L1', 1.4273207187652588), ('D_real', 0.013201417401432991), ('D_fake', 0.02858567424118519), ('KL_realB_fakeB', 0.07902480142305413)])
(epoch: 132, iters: 29, time: 0.035, data: 1.046) G_GAN: 1.080 G_L1: 1.427 D_real: 0.013 D_fake: 0.029 KL_realB_fakeB: 0.079 
End of epoch 132 / 200 	 Time Taken: 2 sec
learning rate 0.0001347 -> 0.0001327
End of epoch 133 / 200 	 Time Taken: 2 sec
learning rate 0.0001327 -> 0.0001307
End of epoch 134 / 200 	 Time Taken: 3 sec
learning rate 0.0001307 -> 0.0001287
OrderedDict([('G_GAN', 0.728771984577179), ('G_L1', 1.4362915754318237), ('D_real', 0.14523950219154358), ('D_fake', 0.0366525799036026), ('KL_realB_fakeB', 0.07257276278634701)])
(epoch: 135, iters: 6, time: 0.049, data: 2.241) G_GAN: 0.729 G_L1: 1.436 D_real: 0.145 D_fake: 0.037 KL_realB_fakeB: 0.073 
saving the model at the end of epoch 135, iters 5535
End of epoch 135 / 200 	 Time Taken: 8 sec
learning rate 0.0001287 -> 0.0001267
End of epoch 136 / 200 	 Time Taken: 2 sec
learning rate 0.0001267 -> 0.0001248
OrderedDict([('G_GAN', 0.746306836605072), ('G_L1', 1.1944876909255981), ('D_real', 0.015558157116174698), ('D_fake', 0.12149317562580109), ('KL_realB_fakeB', 0.07412845752436775)])
(epoch: 137, iters: 24, time: 0.448, data: 0.928) G_GAN: 0.746 G_L1: 1.194 D_real: 0.016 D_fake: 0.121 KL_realB_fakeB: 0.074 
End of epoch 137 / 200 	 Time Taken: 2 sec
learning rate 0.0001248 -> 0.0001228
End of epoch 138 / 200 	 Time Taken: 2 sec
learning rate 0.0001228 -> 0.0001208
End of epoch 139 / 200 	 Time Taken: 3 sec
learning rate 0.0001208 -> 0.0001188
OrderedDict([('G_GAN', 1.00359046459198), ('G_L1', 1.3010342121124268), ('D_real', 0.023614291101694107), ('D_fake', 0.022675111889839172), ('KL_realB_fakeB', 0.06380879497984426)])
(epoch: 140, iters: 1, time: 0.041, data: 2.117) G_GAN: 1.004 G_L1: 1.301 D_real: 0.024 D_fake: 0.023 KL_realB_fakeB: 0.064 
end of validation step
end of validation step
end of validation step
end of validation step
end of validation step
saving the model at the end of epoch 140, iters 5740
End of epoch 140 / 200 	 Time Taken: 8 sec
learning rate 0.0001188 -> 0.0001168
End of epoch 141 / 200 	 Time Taken: 2 sec
learning rate 0.0001168 -> 0.0001149
OrderedDict([('G_GAN', 1.0131537914276123), ('G_L1', 1.5139203071594238), ('D_real', 0.08023964613676071), ('D_fake', 0.008584464900195599), ('KL_realB_fakeB', 0.07403511042497549)])
(epoch: 142, iters: 19, time: 0.055, data: 0.606) G_GAN: 1.013 G_L1: 1.514 D_real: 0.080 D_fake: 0.009 KL_realB_fakeB: 0.074 
End of epoch 142 / 200 	 Time Taken: 2 sec
learning rate 0.0001149 -> 0.0001129
End of epoch 143 / 200 	 Time Taken: 2 sec
learning rate 0.0001129 -> 0.0001109
OrderedDict([('G_GAN', 0.6484401822090149), ('G_L1', 1.4210119247436523), ('D_real', 0.058704715222120285), ('D_fake', 0.06264108419418335), ('KL_realB_fakeB', 0.2147867050270614)])
(epoch: 144, iters: 37, time: 0.060, data: 1.546) G_GAN: 0.648 G_L1: 1.421 D_real: 0.059 D_fake: 0.063 KL_realB_fakeB: 0.215 
End of epoch 144 / 200 	 Time Taken: 2 sec
learning rate 0.0001109 -> 0.0001089
saving the model at the end of epoch 145, iters 5945
End of epoch 145 / 200 	 Time Taken: 8 sec
learning rate 0.0001089 -> 0.0001069
End of epoch 146 / 200 	 Time Taken: 2 sec
learning rate 0.0001069 -> 0.0001050
OrderedDict([('G_GAN', 0.6052209734916687), ('G_L1', 1.5353784561157227), ('D_real', 0.18372462689876556), ('D_fake', 0.008070383220911026), ('KL_realB_fakeB', 0.12991504417881528)])
(epoch: 147, iters: 14, time: 0.436, data: 2.436) G_GAN: 0.605 G_L1: 1.535 D_real: 0.184 D_fake: 0.008 KL_realB_fakeB: 0.130 
End of epoch 147 / 200 	 Time Taken: 2 sec
learning rate 0.0001050 -> 0.0001030
End of epoch 148 / 200 	 Time Taken: 2 sec
learning rate 0.0001030 -> 0.0001010
OrderedDict([('G_GAN', 0.7304702997207642), ('G_L1', 1.445548415184021), ('D_real', 0.03900246322154999), ('D_fake', 0.22374483942985535), ('KL_realB_fakeB', 0.07996565902618699)])
(epoch: 149, iters: 32, time: 0.050, data: 1.558) G_GAN: 0.730 G_L1: 1.446 D_real: 0.039 D_fake: 0.224 KL_realB_fakeB: 0.080 
End of epoch 149 / 200 	 Time Taken: 2 sec
learning rate 0.0001010 -> 0.0000990
end of validation step
end of validation step
end of validation step
end of validation step
end of validation step
saving the model at the end of epoch 150, iters 6150
End of epoch 150 / 200 	 Time Taken: 22 sec
learning rate 0.0000990 -> 0.0000970
End of epoch 151 / 200 	 Time Taken: 2 sec
learning rate 0.0000970 -> 0.0000950
OrderedDict([('G_GAN', 0.7539419531822205), ('G_L1', 1.499610424041748), ('D_real', 0.02471858635544777), ('D_fake', 0.03752773627638817), ('KL_realB_fakeB', 0.07054654126875408)])
(epoch: 152, iters: 9, time: 0.051, data: 2.322) G_GAN: 0.754 G_L1: 1.500 D_real: 0.025 D_fake: 0.038 KL_realB_fakeB: 0.071 
End of epoch 152 / 200 	 Time Taken: 2 sec
learning rate 0.0000950 -> 0.0000931
End of epoch 153 / 200 	 Time Taken: 2 sec
learning rate 0.0000931 -> 0.0000911
OrderedDict([('G_GAN', 0.7278041243553162), ('G_L1', 1.6005797386169434), ('D_real', 0.01829202100634575), ('D_fake', 0.24776369333267212), ('KL_realB_fakeB', 0.07342279101416307)])
(epoch: 154, iters: 27, time: 0.052, data: 1.073) G_GAN: 0.728 G_L1: 1.601 D_real: 0.018 D_fake: 0.248 KL_realB_fakeB: 0.073 
End of epoch 154 / 200 	 Time Taken: 2 sec
learning rate 0.0000911 -> 0.0000891
saving the model at the end of epoch 155, iters 6355
End of epoch 155 / 200 	 Time Taken: 8 sec
learning rate 0.0000891 -> 0.0000871
End of epoch 156 / 200 	 Time Taken: 2 sec
learning rate 0.0000871 -> 0.0000851
OrderedDict([('G_GAN', 0.8598224520683289), ('G_L1', 1.3287242650985718), ('D_real', 0.05962469428777695), ('D_fake', 0.01491651963442564), ('KL_realB_fakeB', 0.08095381822287036)])
(epoch: 157, iters: 4, time: 0.459, data: 1.788) G_GAN: 0.860 G_L1: 1.329 D_real: 0.060 D_fake: 0.015 KL_realB_fakeB: 0.081 
End of epoch 157 / 200 	 Time Taken: 2 sec
learning rate 0.0000851 -> 0.0000832
End of epoch 158 / 200 	 Time Taken: 2 sec
learning rate 0.0000832 -> 0.0000812
OrderedDict([('G_GAN', 0.8282144665718079), ('G_L1', 1.4621119499206543), ('D_real', 0.013088909909129143), ('D_fake', 0.050287049263715744), ('KL_realB_fakeB', 0.06946937332229963)])
(epoch: 159, iters: 22, time: 0.047, data: 1.121) G_GAN: 0.828 G_L1: 1.462 D_real: 0.013 D_fake: 0.050 KL_realB_fakeB: 0.069 
End of epoch 159 / 200 	 Time Taken: 2 sec
learning rate 0.0000812 -> 0.0000792
end of validation step
end of validation step
end of validation step
end of validation step
end of validation step
saving the model at the end of epoch 160, iters 6560
End of epoch 160 / 200 	 Time Taken: 8 sec
learning rate 0.0000792 -> 0.0000772
OrderedDict([('G_GAN', 1.084693193435669), ('G_L1', 1.4940416812896729), ('D_real', 0.012846685014665127), ('D_fake', 0.00866017211228609), ('KL_realB_fakeB', 0.05974260419550792)])
(epoch: 161, iters: 40, time: 0.053, data: 1.760) G_GAN: 1.085 G_L1: 1.494 D_real: 0.013 D_fake: 0.009 KL_realB_fakeB: 0.060 
End of epoch 161 / 200 	 Time Taken: 2 sec
learning rate 0.0000772 -> 0.0000752
End of epoch 162 / 200 	 Time Taken: 2 sec
learning rate 0.0000752 -> 0.0000733
End of epoch 163 / 200 	 Time Taken: 2 sec
learning rate 0.0000733 -> 0.0000713
OrderedDict([('G_GAN', 1.018232822418213), ('G_L1', 1.2613554000854492), ('D_real', 0.0066379341296851635), ('D_fake', 0.003759323386475444), ('KL_realB_fakeB', 0.08851535988930592)])
(epoch: 164, iters: 17, time: 0.054, data: 2.866) G_GAN: 1.018 G_L1: 1.261 D_real: 0.007 D_fake: 0.004 KL_realB_fakeB: 0.089 
End of epoch 164 / 200 	 Time Taken: 2 sec
learning rate 0.0000713 -> 0.0000693
saving the model at the end of epoch 165, iters 6765
End of epoch 165 / 200 	 Time Taken: 8 sec
learning rate 0.0000693 -> 0.0000673
OrderedDict([('G_GAN', 1.1613956689834595), ('G_L1', 1.4692655801773071), ('D_real', 0.060931991785764694), ('D_fake', 0.03540744259953499), ('KL_realB_fakeB', 0.06274286138810825)])
(epoch: 166, iters: 35, time: 0.417, data: 1.511) G_GAN: 1.161 G_L1: 1.469 D_real: 0.061 D_fake: 0.035 KL_realB_fakeB: 0.063 
End of epoch 166 / 200 	 Time Taken: 3 sec
learning rate 0.0000673 -> 0.0000653
End of epoch 167 / 200 	 Time Taken: 2 sec
learning rate 0.0000653 -> 0.0000634
End of epoch 168 / 200 	 Time Taken: 2 sec
learning rate 0.0000634 -> 0.0000614
OrderedDict([('G_GAN', 0.836178183555603), ('G_L1', 1.4864004850387573), ('D_real', 0.012524742633104324), ('D_fake', 0.011635656468570232), ('KL_realB_fakeB', 0.07001834535786924)])
(epoch: 169, iters: 12, time: 0.050, data: 3.040) G_GAN: 0.836 G_L1: 1.486 D_real: 0.013 D_fake: 0.012 KL_realB_fakeB: 0.070 
End of epoch 169 / 200 	 Time Taken: 2 sec
learning rate 0.0000614 -> 0.0000594
end of validation step
end of validation step
end of validation step
end of validation step
end of validation step
saving the model at the end of epoch 170, iters 6970
End of epoch 170 / 200 	 Time Taken: 9 sec
learning rate 0.0000594 -> 0.0000574
OrderedDict([('G_GAN', 0.9394462704658508), ('G_L1', 1.1309038400650024), ('D_real', 0.009745589457452297), ('D_fake', 0.005056590307503939), ('KL_realB_fakeB', 0.06275851901990756)])
(epoch: 171, iters: 30, time: 0.038, data: 1.200) G_GAN: 0.939 G_L1: 1.131 D_real: 0.010 D_fake: 0.005 KL_realB_fakeB: 0.063 
End of epoch 171 / 200 	 Time Taken: 2 sec
learning rate 0.0000574 -> 0.0000554
End of epoch 172 / 200 	 Time Taken: 2 sec
learning rate 0.0000554 -> 0.0000535
End of epoch 173 / 200 	 Time Taken: 3 sec
learning rate 0.0000535 -> 0.0000515
OrderedDict([('G_GAN', 0.9766944050788879), ('G_L1', 1.58980131149292), ('D_real', 0.009893852286040783), ('D_fake', 0.00890729483217001), ('KL_realB_fakeB', 0.07896143464340477)])
(epoch: 174, iters: 7, time: 0.055, data: 2.272) G_GAN: 0.977 G_L1: 1.590 D_real: 0.010 D_fake: 0.009 KL_realB_fakeB: 0.079 
End of epoch 174 / 200 	 Time Taken: 2 sec
learning rate 0.0000515 -> 0.0000495
saving the model at the end of epoch 175, iters 7175
End of epoch 175 / 200 	 Time Taken: 9 sec
learning rate 0.0000495 -> 0.0000475
OrderedDict([('G_GAN', 0.6472686529159546), ('G_L1', 1.2638124227523804), ('D_real', 0.012465238571166992), ('D_fake', 0.2921912670135498), ('KL_realB_fakeB', 0.070790550435788)])
(epoch: 176, iters: 25, time: 0.385, data: 0.834) G_GAN: 0.647 G_L1: 1.264 D_real: 0.012 D_fake: 0.292 KL_realB_fakeB: 0.071 
End of epoch 176 / 200 	 Time Taken: 3 sec
learning rate 0.0000475 -> 0.0000455
End of epoch 177 / 200 	 Time Taken: 3 sec
learning rate 0.0000455 -> 0.0000436
End of epoch 178 / 200 	 Time Taken: 3 sec
learning rate 0.0000436 -> 0.0000416
OrderedDict([('G_GAN', 1.0169857740402222), ('G_L1', 1.1175570487976074), ('D_real', 0.012831361964344978), ('D_fake', 0.044350992888212204), ('KL_realB_fakeB', 0.06058510856009442)])
(epoch: 179, iters: 2, time: 0.050, data: 2.432) G_GAN: 1.017 G_L1: 1.118 D_real: 0.013 D_fake: 0.044 KL_realB_fakeB: 0.061 
End of epoch 179 / 200 	 Time Taken: 2 sec
learning rate 0.0000416 -> 0.0000396
end of validation step
end of validation step
end of validation step
end of validation step
end of validation step
saving the model at the end of epoch 180, iters 7380
End of epoch 180 / 200 	 Time Taken: 9 sec
learning rate 0.0000396 -> 0.0000376
OrderedDict([('G_GAN', 0.8724954724311829), ('G_L1', 1.4339290857315063), ('D_real', 0.006227063946425915), ('D_fake', 0.015811458230018616), ('KL_realB_fakeB', 0.06130581432687136)])
(epoch: 181, iters: 20, time: 0.051, data: 0.745) G_GAN: 0.872 G_L1: 1.434 D_real: 0.006 D_fake: 0.016 KL_realB_fakeB: 0.061 
End of epoch 181 / 200 	 Time Taken: 2 sec
learning rate 0.0000376 -> 0.0000356
End of epoch 182 / 200 	 Time Taken: 2 sec
learning rate 0.0000356 -> 0.0000337
OrderedDict([('G_GAN', 0.9689974188804626), ('G_L1', 1.32987380027771), ('D_real', 0.015127018094062805), ('D_fake', 0.012229960411787033), ('KL_realB_fakeB', 0.06536029860271167)])
(epoch: 183, iters: 38, time: 0.049, data: 1.689) G_GAN: 0.969 G_L1: 1.330 D_real: 0.015 D_fake: 0.012 KL_realB_fakeB: 0.065 
End of epoch 183 / 200 	 Time Taken: 2 sec
learning rate 0.0000337 -> 0.0000317
End of epoch 184 / 200 	 Time Taken: 2 sec
learning rate 0.0000317 -> 0.0000297
saving the model at the end of epoch 185, iters 7585
End of epoch 185 / 200 	 Time Taken: 8 sec
learning rate 0.0000297 -> 0.0000277
OrderedDict([('G_GAN', 1.2633165121078491), ('G_L1', 1.4070719480514526), ('D_real', 0.0063308654353022575), ('D_fake', 0.02974805049598217), ('KL_realB_fakeB', 0.05704593373302871)])
(epoch: 186, iters: 15, time: 0.401, data: 2.673) G_GAN: 1.263 G_L1: 1.407 D_real: 0.006 D_fake: 0.030 KL_realB_fakeB: 0.057 
End of epoch 186 / 200 	 Time Taken: 3 sec
learning rate 0.0000277 -> 0.0000257
End of epoch 187 / 200 	 Time Taken: 2 sec
learning rate 0.0000257 -> 0.0000238
OrderedDict([('G_GAN', 1.0037959814071655), ('G_L1', 1.3889063596725464), ('D_real', 0.021575789898633957), ('D_fake', 0.003625781275331974), ('KL_realB_fakeB', 0.07076205495057751)])
(epoch: 188, iters: 33, time: 0.060, data: 1.719) G_GAN: 1.004 G_L1: 1.389 D_real: 0.022 D_fake: 0.004 KL_realB_fakeB: 0.071 
End of epoch 188 / 200 	 Time Taken: 2 sec
learning rate 0.0000238 -> 0.0000218
End of epoch 189 / 200 	 Time Taken: 2 sec
learning rate 0.0000218 -> 0.0000198
end of validation step
end of validation step
end of validation step
end of validation step
end of validation step
saving the model at the end of epoch 190, iters 7790
End of epoch 190 / 200 	 Time Taken: 9 sec
learning rate 0.0000198 -> 0.0000178
OrderedDict([('G_GAN', 0.9017987847328186), ('G_L1', 1.197063684463501), ('D_real', 0.005704904906451702), ('D_fake', 0.008683203719556332), ('KL_realB_fakeB', 0.06601221740134872)])
(epoch: 191, iters: 10, time: 0.036, data: 2.388) G_GAN: 0.902 G_L1: 1.197 D_real: 0.006 D_fake: 0.009 KL_realB_fakeB: 0.066 
End of epoch 191 / 200 	 Time Taken: 2 sec
learning rate 0.0000178 -> 0.0000158
End of epoch 192 / 200 	 Time Taken: 2 sec
learning rate 0.0000158 -> 0.0000139
OrderedDict([('G_GAN', 0.7362175583839417), ('G_L1', 1.9060773849487305), ('D_real', 0.01603195257484913), ('D_fake', 0.03765425831079483), ('KL_realB_fakeB', 0.08588191651574043)])
(epoch: 193, iters: 28, time: 0.052, data: 1.227) G_GAN: 0.736 G_L1: 1.906 D_real: 0.016 D_fake: 0.038 KL_realB_fakeB: 0.086 
End of epoch 193 / 200 	 Time Taken: 2 sec
learning rate 0.0000139 -> 0.0000119
End of epoch 194 / 200 	 Time Taken: 3 sec
learning rate 0.0000119 -> 0.0000099
saving the model at the end of epoch 195, iters 7995
End of epoch 195 / 200 	 Time Taken: 9 sec
learning rate 0.0000099 -> 0.0000079
OrderedDict([('G_GAN', 0.6071469187736511), ('G_L1', 1.4504241943359375), ('D_real', 0.005722313188016415), ('D_fake', 0.07301021367311478), ('KL_realB_fakeB', 0.060799826873251916)])
(epoch: 196, iters: 5, time: 0.477, data: 2.190) G_GAN: 0.607 G_L1: 1.450 D_real: 0.006 D_fake: 0.073 KL_realB_fakeB: 0.061 
End of epoch 196 / 200 	 Time Taken: 3 sec
learning rate 0.0000079 -> 0.0000059
End of epoch 197 / 200 	 Time Taken: 2 sec
learning rate 0.0000059 -> 0.0000040
OrderedDict([('G_GAN', 0.9789767861366272), ('G_L1', 0.9265904426574707), ('D_real', 0.008244536817073822), ('D_fake', 0.007864763028919697), ('KL_realB_fakeB', 0.06726855192484471)])
(epoch: 198, iters: 23, time: 0.061, data: 1.190) G_GAN: 0.979 G_L1: 0.927 D_real: 0.008 D_fake: 0.008 KL_realB_fakeB: 0.067 
End of epoch 198 / 200 	 Time Taken: 2 sec
learning rate 0.0000040 -> 0.0000020
End of epoch 199 / 200 	 Time Taken: 2 sec
learning rate 0.0000020 -> 0.0000000
OrderedDict([('G_GAN', 0.5845341682434082), ('G_L1', 1.3902384042739868), ('D_real', 0.04964888095855713), ('D_fake', 0.06312088668346405), ('KL_realB_fakeB', 0.05678745874931987)])
(epoch: 200, iters: 41, time: 0.050, data: 1.853) G_GAN: 0.585 G_L1: 1.390 D_real: 0.050 D_fake: 0.063 KL_realB_fakeB: 0.057 
end of validation step
end of validation step
end of validation step
end of validation step
end of validation step
saving the model at the end of epoch 200, iters 8200
End of epoch 200 / 200 	 Time Taken: 10 sec
