  0%|          | 0/9 [00:00<?, ?it/s]100%|██████████| 9/9 [00:00<00:00, 6590.21it/s]
  0%|          | 0/9 [00:00<?, ?it/s]100%|██████████| 9/9 [00:00<00:00, 7011.28it/s]
  0%|          | 0/9 [00:00<?, ?it/s]100%|██████████| 9/9 [00:00<00:00, 6542.24it/s]
  0%|          | 0/9 [00:00<?, ?it/s]100%|██████████| 9/9 [00:00<00:00, 7091.63it/s]
  0%|          | 0/9 [00:00<?, ?it/s]100%|██████████| 9/9 [00:00<00:00, 6736.03it/s]
  0%|          | 0/9 [00:00<?, ?it/s]100%|██████████| 9/9 [00:00<00:00, 6273.68it/s]
  0%|          | 0/9 [00:00<?, ?it/s]100%|██████████| 9/9 [00:00<00:00, 6676.47it/s]
  0%|          | 0/9 [00:00<?, ?it/s]100%|██████████| 9/9 [00:00<00:00, 6652.93it/s]
  0%|          | 0/9 [00:00<?, ?it/s]100%|██████████| 9/9 [00:00<00:00, 5596.55it/s]
  0%|          | 0/9 [00:00<?, ?it/s]100%|██████████| 9/9 [00:00<00:00, 7095.63it/s]
Traceback (most recent call last):
  File "/home/otto.tavares/public/iltbi/rxpixp2pixcycle/train.py", line 69, in <module>
    dataset = create_dataset(opt)  # create a dataset given opt.dataset_mode and other options
  File "/home/otto.tavares/public/iltbi/rxpixp2pixcycle/data/__init__.py", line 57, in create_dataset
    data_loader = CustomDatasetDataLoader(opt)
  File "/home/otto.tavares/public/iltbi/rxpixp2pixcycle/data/__init__.py", line 73, in __init__
    self.dataset = dataset_class(opt)
  File "/home/otto.tavares/public/iltbi/rxpixp2pixcycle/data/santacasaskfold_dataset.py", line 87, in __init__
    training_data = df.iloc[splits[opt.sort][0]]
IndexError: list index out of range
