  0%|          | 0/9 [00:00<?, ?it/s]100%|██████████| 9/9 [00:00<00:00, 14665.40it/s]
  0%|          | 0/9 [00:00<?, ?it/s]100%|██████████| 9/9 [00:00<00:00, 16484.16it/s]
  0%|          | 0/9 [00:00<?, ?it/s]100%|██████████| 9/9 [00:00<00:00, 15968.16it/s]
  0%|          | 0/9 [00:00<?, ?it/s]100%|██████████| 9/9 [00:00<00:00, 17181.95it/s]
  0%|          | 0/9 [00:00<?, ?it/s]100%|██████████| 9/9 [00:00<00:00, 16777.22it/s]
  0%|          | 0/9 [00:00<?, ?it/s]100%|██████████| 9/9 [00:00<00:00, 17174.13it/s]
  0%|          | 0/9 [00:00<?, ?it/s]100%|██████████| 9/9 [00:00<00:00, 17080.88it/s]
  0%|          | 0/9 [00:00<?, ?it/s]100%|██████████| 9/9 [00:00<00:00, 16935.28it/s]
  0%|          | 0/9 [00:00<?, ?it/s]100%|██████████| 9/9 [00:00<00:00, 16710.37it/s]
  0%|          | 0/9 [00:00<?, ?it/s]100%|██████████| 9/9 [00:00<00:00, 17508.69it/s]
Traceback (most recent call last):
  File "/home/otto.tavares/public/iltbi/rxpixp2pixcycle/train.py", line 69, in <module>
    dataset = create_dataset(opt)  # create a dataset given opt.dataset_mode and other options
  File "/home/otto.tavares/public/iltbi/rxpixp2pixcycle/data/__init__.py", line 57, in create_dataset
    data_loader = CustomDatasetDataLoader(opt)
  File "/home/otto.tavares/public/iltbi/rxpixp2pixcycle/data/__init__.py", line 73, in __init__
    self.dataset = dataset_class(opt)
  File "/home/otto.tavares/public/iltbi/rxpixp2pixcycle/data/santacasaskfold_dataset.py", line 87, in __init__
    training_data = df.iloc[splits[opt.sort][0]]
IndexError: list index out of range
