----------------- Options ---------------
               batch_size: 1                             
                    beta1: 0.5                           
          checkpoints_dir: /home/otto.tavares/public/iltbi/rxpixp2pixcycle/checkpoints
           continue_train: False                         
                crop_size: 256                           
       custom_images_path: /home/otto.tavares/public/iltbi/train/images/santa_casa_pares/	[default: None]
        custom_masks_path: None                          
       custom_paired_path: None                          
                 dataroot: /home/otto.tavares/public/iltbi/train/images/santa_casa_pares/	[default: None]
           dataset_action: False                         
     dataset_download_dir: /home/otto.tavares/public/iltbi/rxpixp2pixcycle
             dataset_mode: santacasaskfold               	[default: aligned]
             dataset_name: Shenzhen                      
                direction: AtoB                          
              display_env: main                          
             display_freq: 400                           
               display_id: 1                             
            display_ncols: 4                             
             display_port: 8097                          
           display_server: http://localhost              
          display_winsize: 256                           
            download_imgs: False                         
                    epoch: latest                        
              epoch_count: 1                             
                 gan_mode: lsgan                         	[default: vanilla]
  generate_paths_data_csv: False                         
                  gpu_ids: 0                             
                init_gain: 0.02                          
                init_type: normal                        
                 input_nc: 3                             
                     isTB: False                         
                  isTrain: True                          	[default: None]
          is_resume_wandb: False                         
                      job: None                          
                lambda_L1: 50.0                          	[default: 100.0]
                load_iter: 0                             	[default: 0]
                load_size: 256                           	[default: 286]
                       lr: 0.0002                        
           lr_decay_iters: 50                            
                lr_policy: linear                        
         max_dataset_size: inf                           
                    model: pix2pix                       	[default: cycle_gan]
                 n_epochs: 100                           
           n_epochs_decay: 100                           
                  n_folds: 10                            
               n_layers_D: 3                             
                     name: santacasa_test_0_sort_0       	[default: experiment_name]
                      ndf: 64                            
                     netD: basic                         
                     netG: unet_256                      
                      ngf: 64                            
               no_dropout: False                         
                  no_flip: False                         
                  no_html: False                         
                     norm: batch                         
              num_threads: 4                             
                  num_val: 400                           
                output_nc: 3                             
                    phase: train                         
                pool_size: 0                             
               preprocess: resize_and_scale_width        	[default: resize_and_crop]
               print_freq: 100                           
                  project: p2p_santacasa                 	[default: None]
             save_by_iter: False                         
          save_epoch_freq: 5                             
         save_latest_freq: 5000                          
                     seed: 512                           	[default: 512]
           serial_batches: False                         
                     sort: 0                             
                   suffix:                               
                     test: 0                             
                    token:                               
            train_dataset: True                          
         update_html_freq: 1000                          
                use_wandb: True                          	[default: False]
                 val_freq: 10                            	[default: 400]
                  verbose: False                         
             wandb_entity: otavares                      	[default: brics-tb]
            wandb_fold_id: wandb__id_test_0_sort_0       	[default: None]
----------------- End -------------------
GPU with device 0
                 images    gauss  ... all_together target
0   20220315_184023.jpg      seg  ...          seg      0
1   20220315_184432.jpg      seg  ...          seg      0
2   20220315_184701.jpg  not seg  ...          seg      0
3   20220315_184740.jpg      seg  ...          seg      0
4   20220315_185230.jpg      seg  ...          seg      0
..                  ...      ...  ...          ...    ...
83         IMG_5503.JPG  not seg  ...      not seg      0
84         IMG_5505.JPG      seg  ...          seg      0
85         IMG_5507.JPG      seg  ...          seg      0
86         IMG_5509.JPG      seg  ...          seg      0
87         IMG_5604.JPG      seg  ...          seg      0

[88 rows x 5 columns]
bins selected for val: [1, 2, 3, 4, 5, 6, 7, 8, 9]
bins selected for val: [0, 2, 3, 4, 5, 6, 7, 8, 9]
bins selected for val: [0, 1, 3, 4, 5, 6, 7, 8, 9]
bins selected for val: [0, 1, 2, 4, 5, 6, 7, 8, 9]
bins selected for val: [0, 1, 2, 3, 5, 6, 7, 8, 9]
bins selected for val: [0, 1, 2, 3, 4, 6, 7, 8, 9]
bins selected for val: [0, 1, 2, 3, 4, 5, 7, 8, 9]
bins selected for val: [0, 1, 2, 3, 4, 5, 6, 8, 9]
bins selected for val: [0, 1, 2, 3, 4, 5, 6, 7, 9]
bins selected for val: [0, 1, 2, 3, 4, 5, 6, 7, 8]
dataset [SantaCasaSkfoldDataset] was created
                 images    gauss  ... all_together target
0   20220315_184023.jpg      seg  ...          seg      0
1   20220315_184432.jpg      seg  ...          seg      0
2   20220315_184701.jpg  not seg  ...          seg      0
3   20220315_184740.jpg      seg  ...          seg      0
4   20220315_185230.jpg      seg  ...          seg      0
..                  ...      ...  ...          ...    ...
83         IMG_5503.JPG  not seg  ...      not seg      0
84         IMG_5505.JPG      seg  ...          seg      0
85         IMG_5507.JPG      seg  ...          seg      0
86         IMG_5509.JPG      seg  ...          seg      0
87         IMG_5604.JPG      seg  ...          seg      0

[88 rows x 5 columns]
bins selected for val: [1, 2, 3, 4, 5, 6, 7, 8, 9]
bins selected for val: [0, 2, 3, 4, 5, 6, 7, 8, 9]
bins selected for val: [0, 1, 3, 4, 5, 6, 7, 8, 9]
bins selected for val: [0, 1, 2, 4, 5, 6, 7, 8, 9]
bins selected for val: [0, 1, 2, 3, 5, 6, 7, 8, 9]
bins selected for val: [0, 1, 2, 3, 4, 6, 7, 8, 9]
bins selected for val: [0, 1, 2, 3, 4, 5, 7, 8, 9]
bins selected for val: [0, 1, 2, 3, 4, 5, 6, 8, 9]
bins selected for val: [0, 1, 2, 3, 4, 5, 6, 7, 9]
bins selected for val: [0, 1, 2, 3, 4, 5, 6, 7, 8]
dataset [SantaCasaSkfoldDataset] was created
The number of training images = 41
The number of val images = 5
initialize network with normal
initialize network with normal
model [Pix2PixModel] was created
---------- Networks initialized -------------
[Network G] Total number of parameters : 54.414 M
[Network D] Total number of parameters : 2.769 M
-----------------------------------------------
Exception in user code:
------------------------------------------------------------


Could not connect to Visdom server. 
 Trying to start a server....
Command: /usr/bin/python3 -m visdom.server -p 8097 &>/dev/null &
create web directory /home/otto.tavares/public/iltbi/rxpixp2pixcycle/checkpoints/santacasa_test_0_sort_0/web...
learning rate 0.0002000 -> 0.0002000
End of epoch 1 / 200 	 Time Taken: 5 sec
learning rate 0.0002000 -> 0.0002000
End of epoch 2 / 200 	 Time Taken: 2 sec
learning rate 0.0002000 -> 0.0002000
OrderedDict([('G_GAN', 0.4140380620956421), ('G_L1', 6.193560600280762), ('D_real', 0.3272044062614441), ('D_fake', 0.2534876763820648), ('KL_realB_fakeB', 0.10361174758904339)])
(epoch: 3, iters: 18, time: 0.040, data: 0.561) G_GAN: 0.414 G_L1: 6.194 D_real: 0.327 D_fake: 0.253 KL_realB_fakeB: 0.104 
End of epoch 3 / 200 	 Time Taken: 2 sec
learning rate 0.0002000 -> 0.0002000
End of epoch 4 / 200 	 Time Taken: 2 sec
learning rate 0.0002000 -> 0.0002000
OrderedDict([('G_GAN', 0.2585347294807434), ('G_L1', 4.981259822845459), ('D_real', 0.28133419156074524), ('D_fake', 0.2455643266439438), ('KL_realB_fakeB', 0.5132966776250849)])
(epoch: 5, iters: 36, time: 0.057, data: 1.578) G_GAN: 0.259 G_L1: 4.981 D_real: 0.281 D_fake: 0.246 KL_realB_fakeB: 0.513 
saving the model at the end of epoch 5, iters 205
End of epoch 5 / 200 	 Time Taken: 10 sec
learning rate 0.0002000 -> 0.0002000
End of epoch 6 / 200 	 Time Taken: 2 sec
learning rate 0.0002000 -> 0.0002000
End of epoch 7 / 200 	 Time Taken: 2 sec
learning rate 0.0002000 -> 0.0002000
OrderedDict([('G_GAN', 0.28454330563545227), ('G_L1', 4.7313032150268555), ('D_real', 0.2892218232154846), ('D_fake', 0.2986980974674225), ('KL_realB_fakeB', 0.9280002329196662)])
(epoch: 8, iters: 13, time: 0.055, data: 2.299) G_GAN: 0.285 G_L1: 4.731 D_real: 0.289 D_fake: 0.299 KL_realB_fakeB: 0.928 
End of epoch 8 / 200 	 Time Taken: 2 sec
learning rate 0.0002000 -> 0.0002000
End of epoch 9 / 200 	 Time Taken: 2 sec
learning rate 0.0002000 -> 0.0002000
OrderedDict([('G_GAN', 0.2795320749282837), ('G_L1', 4.218929290771484), ('D_real', 0.2377152293920517), ('D_fake', 0.24591898918151855), ('KL_realB_fakeB', 0.14210907717730364)])
(epoch: 10, iters: 31, time: 2.214, data: 1.316) G_GAN: 0.280 G_L1: 4.219 D_real: 0.238 D_fake: 0.246 KL_realB_fakeB: 0.142 
saving the model at the end of epoch 10, iters 410
End of epoch 10 / 200 	 Time Taken: 12 sec
learning rate 0.0002000 -> 0.0002000
End of epoch 11 / 200 	 Time Taken: 2 sec
learning rate 0.0002000 -> 0.0002000
End of epoch 12 / 200 	 Time Taken: 2 sec
learning rate 0.0002000 -> 0.0002000
OrderedDict([('G_GAN', 0.308725506067276), ('G_L1', 3.895796060562134), ('D_real', 0.2544868290424347), ('D_fake', 0.2625329792499542), ('KL_realB_fakeB', 0.09391696127172992)])
(epoch: 13, iters: 8, time: 0.057, data: 4.420) G_GAN: 0.309 G_L1: 3.896 D_real: 0.254 D_fake: 0.263 KL_realB_fakeB: 0.094 
End of epoch 13 / 200 	 Time Taken: 2 sec
learning rate 0.0002000 -> 0.0002000
End of epoch 14 / 200 	 Time Taken: 2 sec
learning rate 0.0002000 -> 0.0002000
OrderedDict([('G_GAN', 0.30261123180389404), ('G_L1', 3.4472737312316895), ('D_real', 0.2755593955516815), ('D_fake', 0.2064659148454666), ('KL_realB_fakeB', 0.1756948197502031)])
(epoch: 15, iters: 26, time: 0.057, data: 0.821) G_GAN: 0.303 G_L1: 3.447 D_real: 0.276 D_fake: 0.206 KL_realB_fakeB: 0.176 
saving the model at the end of epoch 15, iters 615
End of epoch 15 / 200 	 Time Taken: 9 sec
learning rate 0.0002000 -> 0.0002000
End of epoch 16 / 200 	 Time Taken: 2 sec
learning rate 0.0002000 -> 0.0002000
End of epoch 17 / 200 	 Time Taken: 2 sec
learning rate 0.0002000 -> 0.0002000
OrderedDict([('G_GAN', 0.29829075932502747), ('G_L1', 2.833787441253662), ('D_real', 0.22378264367580414), ('D_fake', 0.27710676193237305), ('KL_realB_fakeB', 0.066082501288422)])
(epoch: 18, iters: 3, time: 0.058, data: 1.850) G_GAN: 0.298 G_L1: 2.834 D_real: 0.224 D_fake: 0.277 KL_realB_fakeB: 0.066 
End of epoch 18 / 200 	 Time Taken: 2 sec
learning rate 0.0002000 -> 0.0002000
End of epoch 19 / 200 	 Time Taken: 2 sec
learning rate 0.0002000 -> 0.0002000
OrderedDict([('G_GAN', 0.2630014419555664), ('G_L1', 3.5683891773223877), ('D_real', 0.266396164894104), ('D_fake', 0.185862734913826), ('KL_realB_fakeB', 0.5063532361784745)])
(epoch: 20, iters: 21, time: 0.548, data: 0.548) G_GAN: 0.263 G_L1: 3.568 D_real: 0.266 D_fake: 0.186 KL_realB_fakeB: 0.506 
saving the model at the end of epoch 20, iters 820
End of epoch 20 / 200 	 Time Taken: 10 sec
learning rate 0.0002000 -> 0.0002000
End of epoch 21 / 200 	 Time Taken: 2 sec
learning rate 0.0002000 -> 0.0002000
OrderedDict([('G_GAN', 0.39675089716911316), ('G_L1', 4.585427761077881), ('D_real', 0.2441704422235489), ('D_fake', 0.158890962600708), ('KL_realB_fakeB', 0.33375719078860017)])
(epoch: 22, iters: 39, time: 0.055, data: 1.995) G_GAN: 0.397 G_L1: 4.585 D_real: 0.244 D_fake: 0.159 KL_realB_fakeB: 0.334 
End of epoch 22 / 200 	 Time Taken: 2 sec
learning rate 0.0002000 -> 0.0002000
End of epoch 23 / 200 	 Time Taken: 2 sec
learning rate 0.0002000 -> 0.0002000
End of epoch 24 / 200 	 Time Taken: 2 sec
learning rate 0.0002000 -> 0.0002000
OrderedDict([('G_GAN', 0.4370187819004059), ('G_L1', 2.781224250793457), ('D_real', 0.43770894408226013), ('D_fake', 0.3764941394329071), ('KL_realB_fakeB', 0.14772754774041846)])
(epoch: 25, iters: 16, time: 0.057, data: 2.565) G_GAN: 0.437 G_L1: 2.781 D_real: 0.438 D_fake: 0.376 KL_realB_fakeB: 0.148 
saving the model at the end of epoch 25, iters 1025
End of epoch 25 / 200 	 Time Taken: 9 sec
learning rate 0.0002000 -> 0.0002000
End of epoch 26 / 200 	 Time Taken: 2 sec
learning rate 0.0002000 -> 0.0002000
OrderedDict([('G_GAN', 0.3154039680957794), ('G_L1', 2.6231532096862793), ('D_real', 0.2188558727502823), ('D_fake', 0.2530710995197296), ('KL_realB_fakeB', 0.39058716116797193)])
(epoch: 27, iters: 34, time: 0.057, data: 1.204) G_GAN: 0.315 G_L1: 2.623 D_real: 0.219 D_fake: 0.253 KL_realB_fakeB: 0.391 
End of epoch 27 / 200 	 Time Taken: 2 sec
learning rate 0.0002000 -> 0.0002000
End of epoch 28 / 200 	 Time Taken: 2 sec
learning rate 0.0002000 -> 0.0002000
End of epoch 29 / 200 	 Time Taken: 2 sec
learning rate 0.0002000 -> 0.0002000
OrderedDict([('G_GAN', 0.27858611941337585), ('G_L1', 2.2402074337005615), ('D_real', 0.35793551802635193), ('D_fake', 0.1269540637731552), ('KL_realB_fakeB', 0.09937884555305927)])
(epoch: 30, iters: 11, time: 0.608, data: 2.256) G_GAN: 0.279 G_L1: 2.240 D_real: 0.358 D_fake: 0.127 KL_realB_fakeB: 0.099 
saving the model at the end of epoch 30, iters 1230
End of epoch 30 / 200 	 Time Taken: 8 sec
learning rate 0.0002000 -> 0.0002000
End of epoch 31 / 200 	 Time Taken: 2 sec
learning rate 0.0002000 -> 0.0002000
OrderedDict([('G_GAN', 0.27772194147109985), ('G_L1', 2.367946147918701), ('D_real', 0.20346924662590027), ('D_fake', 0.3933317959308624), ('KL_realB_fakeB', 0.0707991046236641)])
(epoch: 32, iters: 29, time: 0.056, data: 1.530) G_GAN: 0.278 G_L1: 2.368 D_real: 0.203 D_fake: 0.393 KL_realB_fakeB: 0.071 
End of epoch 32 / 200 	 Time Taken: 2 sec
learning rate 0.0002000 -> 0.0002000
End of epoch 33 / 200 	 Time Taken: 2 sec
learning rate 0.0002000 -> 0.0002000
End of epoch 34 / 200 	 Time Taken: 2 sec
learning rate 0.0002000 -> 0.0002000
OrderedDict([('G_GAN', 0.3661109507083893), ('G_L1', 2.889667510986328), ('D_real', 0.277656227350235), ('D_fake', 0.14671407639980316), ('KL_realB_fakeB', 0.27116952240688286)])
(epoch: 35, iters: 6, time: 0.057, data: 1.815) G_GAN: 0.366 G_L1: 2.890 D_real: 0.278 D_fake: 0.147 KL_realB_fakeB: 0.271 
saving the model at the end of epoch 35, iters 1435
End of epoch 35 / 200 	 Time Taken: 8 sec
learning rate 0.0002000 -> 0.0002000
End of epoch 36 / 200 	 Time Taken: 2 sec
learning rate 0.0002000 -> 0.0002000
OrderedDict([('G_GAN', 0.3774392902851105), ('G_L1', 3.12226939201355), ('D_real', 0.2466033697128296), ('D_fake', 0.4276603162288666), ('KL_realB_fakeB', 0.5186378899647321)])
(epoch: 37, iters: 24, time: 0.056, data: 0.718) G_GAN: 0.377 G_L1: 3.122 D_real: 0.247 D_fake: 0.428 KL_realB_fakeB: 0.519 
End of epoch 37 / 200 	 Time Taken: 2 sec
learning rate 0.0002000 -> 0.0002000
End of epoch 38 / 200 	 Time Taken: 2 sec
learning rate 0.0002000 -> 0.0002000
End of epoch 39 / 200 	 Time Taken: 2 sec
learning rate 0.0002000 -> 0.0002000
OrderedDict([('G_GAN', 0.21915781497955322), ('G_L1', 2.0047898292541504), ('D_real', 0.2654498219490051), ('D_fake', 0.06722863763570786), ('KL_realB_fakeB', 0.22064338353139684)])
(epoch: 40, iters: 1, time: 0.773, data: 1.759) G_GAN: 0.219 G_L1: 2.005 D_real: 0.265 D_fake: 0.067 KL_realB_fakeB: 0.221 
saving the model at the end of epoch 40, iters 1640
End of epoch 40 / 200 	 Time Taken: 8 sec
learning rate 0.0002000 -> 0.0002000
End of epoch 41 / 200 	 Time Taken: 2 sec
learning rate 0.0002000 -> 0.0002000
OrderedDict([('G_GAN', 0.3372519314289093), ('G_L1', 2.455655574798584), ('D_real', 0.3849935531616211), ('D_fake', 0.10852523893117905), ('KL_realB_fakeB', 0.09563626774998774)])
(epoch: 42, iters: 19, time: 0.040, data: 1.211) G_GAN: 0.337 G_L1: 2.456 D_real: 0.385 D_fake: 0.109 KL_realB_fakeB: 0.096 
End of epoch 42 / 200 	 Time Taken: 2 sec
learning rate 0.0002000 -> 0.0002000
End of epoch 43 / 200 	 Time Taken: 2 sec
learning rate 0.0002000 -> 0.0002000
OrderedDict([('G_GAN', 0.6598716974258423), ('G_L1', 2.200357675552368), ('D_real', 0.20305483043193817), ('D_fake', 0.501201331615448), ('KL_realB_fakeB', 0.11687529226976422)])
(epoch: 44, iters: 37, time: 0.056, data: 1.500) G_GAN: 0.660 G_L1: 2.200 D_real: 0.203 D_fake: 0.501 KL_realB_fakeB: 0.117 
End of epoch 44 / 200 	 Time Taken: 2 sec
learning rate 0.0002000 -> 0.0002000
saving the model at the end of epoch 45, iters 1845
End of epoch 45 / 200 	 Time Taken: 8 sec
learning rate 0.0002000 -> 0.0002000
End of epoch 46 / 200 	 Time Taken: 2 sec
learning rate 0.0002000 -> 0.0002000
OrderedDict([('G_GAN', 0.3898780047893524), ('G_L1', 2.7418200969696045), ('D_real', 0.27821123600006104), ('D_fake', 0.03490708768367767), ('KL_realB_fakeB', 0.16639309076847647)])
(epoch: 47, iters: 14, time: 0.055, data: 2.367) G_GAN: 0.390 G_L1: 2.742 D_real: 0.278 D_fake: 0.035 KL_realB_fakeB: 0.166 
End of epoch 47 / 200 	 Time Taken: 2 sec
learning rate 0.0002000 -> 0.0002000
End of epoch 48 / 200 	 Time Taken: 2 sec
learning rate 0.0002000 -> 0.0002000
OrderedDict([('G_GAN', 0.5481686592102051), ('G_L1', 2.214806318283081), ('D_real', 0.13325516879558563), ('D_fake', 0.24764934182167053), ('KL_realB_fakeB', 0.12155179796420666)])
(epoch: 49, iters: 32, time: 0.657, data: 1.213) G_GAN: 0.548 G_L1: 2.215 D_real: 0.133 D_fake: 0.248 KL_realB_fakeB: 0.122 
End of epoch 49 / 200 	 Time Taken: 3 sec
learning rate 0.0002000 -> 0.0002000
saving the model at the end of epoch 50, iters 2050
End of epoch 50 / 200 	 Time Taken: 8 sec
learning rate 0.0002000 -> 0.0002000
End of epoch 51 / 200 	 Time Taken: 3 sec
learning rate 0.0002000 -> 0.0002000
OrderedDict([('G_GAN', 0.27442601323127747), ('G_L1', 2.232032537460327), ('D_real', 0.16422535479068756), ('D_fake', 0.37972894310951233), ('KL_realB_fakeB', 0.06649535550020438)])
(epoch: 52, iters: 9, time: 0.061, data: 2.751) G_GAN: 0.274 G_L1: 2.232 D_real: 0.164 D_fake: 0.380 KL_realB_fakeB: 0.066 
End of epoch 52 / 200 	 Time Taken: 2 sec
learning rate 0.0002000 -> 0.0002000
End of epoch 53 / 200 	 Time Taken: 2 sec
learning rate 0.0002000 -> 0.0002000
OrderedDict([('G_GAN', 0.35233622789382935), ('G_L1', 1.915895938873291), ('D_real', 0.34098130464553833), ('D_fake', 0.17352750897407532), ('KL_realB_fakeB', 0.10106247176805791)])
(epoch: 54, iters: 27, time: 0.056, data: 0.908) G_GAN: 0.352 G_L1: 1.916 D_real: 0.341 D_fake: 0.174 KL_realB_fakeB: 0.101 
End of epoch 54 / 200 	 Time Taken: 2 sec
learning rate 0.0002000 -> 0.0002000
saving the model at the end of epoch 55, iters 2255
End of epoch 55 / 200 	 Time Taken: 8 sec
learning rate 0.0002000 -> 0.0002000
End of epoch 56 / 200 	 Time Taken: 2 sec
learning rate 0.0002000 -> 0.0002000
OrderedDict([('G_GAN', 0.24662832915782928), ('G_L1', 2.440917491912842), ('D_real', 0.46361273527145386), ('D_fake', 0.10740002989768982), ('KL_realB_fakeB', 0.10890833298332724)])
(epoch: 57, iters: 4, time: 0.055, data: 1.811) G_GAN: 0.247 G_L1: 2.441 D_real: 0.464 D_fake: 0.107 KL_realB_fakeB: 0.109 
End of epoch 57 / 200 	 Time Taken: 2 sec
learning rate 0.0002000 -> 0.0002000
End of epoch 58 / 200 	 Time Taken: 2 sec
learning rate 0.0002000 -> 0.0002000
OrderedDict([('G_GAN', 0.410695880651474), ('G_L1', 2.747997999191284), ('D_real', 0.20993447303771973), ('D_fake', 0.34759169816970825), ('KL_realB_fakeB', 0.1254780650183444)])
(epoch: 59, iters: 22, time: 0.649, data: 0.554) G_GAN: 0.411 G_L1: 2.748 D_real: 0.210 D_fake: 0.348 KL_realB_fakeB: 0.125 
End of epoch 59 / 200 	 Time Taken: 3 sec
learning rate 0.0002000 -> 0.0002000
saving the model at the end of epoch 60, iters 2460
End of epoch 60 / 200 	 Time Taken: 7 sec
learning rate 0.0002000 -> 0.0002000
OrderedDict([('G_GAN', 0.40700528025627136), ('G_L1', 1.8047105073928833), ('D_real', 0.21890635788440704), ('D_fake', 0.07764382660388947), ('KL_realB_fakeB', 0.08738315951980738)])
(epoch: 61, iters: 40, time: 0.055, data: 2.154) G_GAN: 0.407 G_L1: 1.805 D_real: 0.219 D_fake: 0.078 KL_realB_fakeB: 0.087 
End of epoch 61 / 200 	 Time Taken: 2 sec
learning rate 0.0002000 -> 0.0002000
End of epoch 62 / 200 	 Time Taken: 2 sec
learning rate 0.0002000 -> 0.0002000
End of epoch 63 / 200 	 Time Taken: 2 sec
learning rate 0.0002000 -> 0.0002000
OrderedDict([('G_GAN', 0.7680681943893433), ('G_L1', 2.1658952236175537), ('D_real', 0.061036478728055954), ('D_fake', 0.27111512422561646), ('KL_realB_fakeB', 0.3226560462357593)])
(epoch: 64, iters: 17, time: 0.041, data: 2.429) G_GAN: 0.768 G_L1: 2.166 D_real: 0.061 D_fake: 0.271 KL_realB_fakeB: 0.323 
End of epoch 64 / 200 	 Time Taken: 2 sec
learning rate 0.0002000 -> 0.0002000
saving the model at the end of epoch 65, iters 2665
End of epoch 65 / 200 	 Time Taken: 7 sec
learning rate 0.0002000 -> 0.0002000
OrderedDict([('G_GAN', 0.8348140120506287), ('G_L1', 2.272674083709717), ('D_real', 0.07869591563940048), ('D_fake', 0.5951439738273621), ('KL_realB_fakeB', 0.644620987483824)])
(epoch: 66, iters: 35, time: 0.056, data: 1.441) G_GAN: 0.835 G_L1: 2.273 D_real: 0.079 D_fake: 0.595 KL_realB_fakeB: 0.645 
End of epoch 66 / 200 	 Time Taken: 2 sec
learning rate 0.0002000 -> 0.0002000
End of epoch 67 / 200 	 Time Taken: 2 sec
learning rate 0.0002000 -> 0.0002000
End of epoch 68 / 200 	 Time Taken: 2 sec
learning rate 0.0002000 -> 0.0002000
OrderedDict([('G_GAN', 1.314064621925354), ('G_L1', 1.984070062637329), ('D_real', 0.09800446033477783), ('D_fake', 0.6954624652862549), ('KL_realB_fakeB', 0.10164328025314362)])
(epoch: 69, iters: 12, time: 0.867, data: 2.211) G_GAN: 1.314 G_L1: 1.984 D_real: 0.098 D_fake: 0.695 KL_realB_fakeB: 0.102 
End of epoch 69 / 200 	 Time Taken: 3 sec
learning rate 0.0002000 -> 0.0002000
saving the model at the end of epoch 70, iters 2870
End of epoch 70 / 200 	 Time Taken: 7 sec
learning rate 0.0002000 -> 0.0002000
OrderedDict([('G_GAN', 0.3730038106441498), ('G_L1', 1.5604687929153442), ('D_real', 0.2624932527542114), ('D_fake', 0.1569608598947525), ('KL_realB_fakeB', 0.12751792660251915)])
(epoch: 71, iters: 30, time: 0.052, data: 1.682) G_GAN: 0.373 G_L1: 1.560 D_real: 0.262 D_fake: 0.157 KL_realB_fakeB: 0.128 
End of epoch 71 / 200 	 Time Taken: 2 sec
learning rate 0.0002000 -> 0.0002000
End of epoch 72 / 200 	 Time Taken: 2 sec
learning rate 0.0002000 -> 0.0002000
End of epoch 73 / 200 	 Time Taken: 2 sec
learning rate 0.0002000 -> 0.0002000
OrderedDict([('G_GAN', 0.2957644462585449), ('G_L1', 1.5720148086547852), ('D_real', 0.3465714156627655), ('D_fake', 0.16275610029697418), ('KL_realB_fakeB', 0.07428313210757126)])
(epoch: 74, iters: 7, time: 0.047, data: 1.968) G_GAN: 0.296 G_L1: 1.572 D_real: 0.347 D_fake: 0.163 KL_realB_fakeB: 0.074 
End of epoch 74 / 200 	 Time Taken: 2 sec
learning rate 0.0002000 -> 0.0002000
saving the model at the end of epoch 75, iters 3075
End of epoch 75 / 200 	 Time Taken: 7 sec
learning rate 0.0002000 -> 0.0002000
OrderedDict([('G_GAN', 0.3914545476436615), ('G_L1', 1.5881561040878296), ('D_real', 0.13000227510929108), ('D_fake', 0.45485609769821167), ('KL_realB_fakeB', 0.07263198043796107)])
(epoch: 76, iters: 25, time: 0.055, data: 0.816) G_GAN: 0.391 G_L1: 1.588 D_real: 0.130 D_fake: 0.455 KL_realB_fakeB: 0.073 
End of epoch 76 / 200 	 Time Taken: 2 sec
learning rate 0.0002000 -> 0.0002000
End of epoch 77 / 200 	 Time Taken: 2 sec
learning rate 0.0002000 -> 0.0002000
End of epoch 78 / 200 	 Time Taken: 2 sec
learning rate 0.0002000 -> 0.0002000
OrderedDict([('G_GAN', 0.2937312126159668), ('G_L1', 2.134600877761841), ('D_real', 0.3117593228816986), ('D_fake', 0.16143585741519928), ('KL_realB_fakeB', 0.2243664775474994)])
(epoch: 79, iters: 2, time: 0.865, data: 1.906) G_GAN: 0.294 G_L1: 2.135 D_real: 0.312 D_fake: 0.161 KL_realB_fakeB: 0.224 
End of epoch 79 / 200 	 Time Taken: 3 sec
learning rate 0.0002000 -> 0.0002000
saving the model at the end of epoch 80, iters 3280
End of epoch 80 / 200 	 Time Taken: 7 sec
learning rate 0.0002000 -> 0.0002000
OrderedDict([('G_GAN', 0.42457982897758484), ('G_L1', 1.373423457145691), ('D_real', 0.20375587046146393), ('D_fake', 0.2424795925617218), ('KL_realB_fakeB', 0.07434988931783268)])
(epoch: 81, iters: 20, time: 0.041, data: 0.973) G_GAN: 0.425 G_L1: 1.373 D_real: 0.204 D_fake: 0.242 KL_realB_fakeB: 0.074 
End of epoch 81 / 200 	 Time Taken: 2 sec
learning rate 0.0002000 -> 0.0002000
End of epoch 82 / 200 	 Time Taken: 2 sec
learning rate 0.0002000 -> 0.0002000
OrderedDict([('G_GAN', 0.583911120891571), ('G_L1', 1.7204091548919678), ('D_real', 0.14660122990608215), ('D_fake', 0.4380691349506378), ('KL_realB_fakeB', 0.1321963372679515)])
(epoch: 83, iters: 38, time: 0.056, data: 1.553) G_GAN: 0.584 G_L1: 1.720 D_real: 0.147 D_fake: 0.438 KL_realB_fakeB: 0.132 
End of epoch 83 / 200 	 Time Taken: 2 sec
learning rate 0.0002000 -> 0.0002000
End of epoch 84 / 200 	 Time Taken: 2 sec
learning rate 0.0002000 -> 0.0002000
saving the model at the end of epoch 85, iters 3485
End of epoch 85 / 200 	 Time Taken: 7 sec
learning rate 0.0002000 -> 0.0002000
OrderedDict([('G_GAN', 0.13878262042999268), ('G_L1', 1.2979066371917725), ('D_real', 0.38794177770614624), ('D_fake', 0.12481459230184555), ('KL_realB_fakeB', 0.06278521906702869)])
(epoch: 86, iters: 15, time: 0.056, data: 2.269) G_GAN: 0.139 G_L1: 1.298 D_real: 0.388 D_fake: 0.125 KL_realB_fakeB: 0.063 
End of epoch 86 / 200 	 Time Taken: 2 sec
learning rate 0.0002000 -> 0.0002000
End of epoch 87 / 200 	 Time Taken: 2 sec
learning rate 0.0002000 -> 0.0002000
OrderedDict([('G_GAN', 0.31353437900543213), ('G_L1', 1.7355730533599854), ('D_real', 0.3529549241065979), ('D_fake', 0.19429665803909302), ('KL_realB_fakeB', 0.06576123435079327)])
(epoch: 88, iters: 33, time: 0.832, data: 1.432) G_GAN: 0.314 G_L1: 1.736 D_real: 0.353 D_fake: 0.194 KL_realB_fakeB: 0.066 
End of epoch 88 / 200 	 Time Taken: 3 sec
learning rate 0.0002000 -> 0.0002000
End of epoch 89 / 200 	 Time Taken: 2 sec
learning rate 0.0002000 -> 0.0002000
saving the model at the end of epoch 90, iters 3690
End of epoch 90 / 200 	 Time Taken: 8 sec
learning rate 0.0002000 -> 0.0002000
OrderedDict([('G_GAN', 0.3219449520111084), ('G_L1', 1.894334316253662), ('D_real', 0.31575852632522583), ('D_fake', 0.04034857824444771), ('KL_realB_fakeB', 0.16601852549307589)])
(epoch: 91, iters: 10, time: 0.041, data: 3.049) G_GAN: 0.322 G_L1: 1.894 D_real: 0.316 D_fake: 0.040 KL_realB_fakeB: 0.166 
End of epoch 91 / 200 	 Time Taken: 2 sec
learning rate 0.0002000 -> 0.0002000
End of epoch 92 / 200 	 Time Taken: 2 sec
learning rate 0.0002000 -> 0.0002000
OrderedDict([('G_GAN', 0.214546337723732), ('G_L1', 1.6370736360549927), ('D_real', 0.2835444509983063), ('D_fake', 0.1390095353126526), ('KL_realB_fakeB', 0.06418113914035893)])
(epoch: 93, iters: 28, time: 0.056, data: 1.019) G_GAN: 0.215 G_L1: 1.637 D_real: 0.284 D_fake: 0.139 KL_realB_fakeB: 0.064 
End of epoch 93 / 200 	 Time Taken: 2 sec
learning rate 0.0002000 -> 0.0002000
End of epoch 94 / 200 	 Time Taken: 2 sec
learning rate 0.0002000 -> 0.0002000
saving the model at the end of epoch 95, iters 3895
End of epoch 95 / 200 	 Time Taken: 7 sec
learning rate 0.0002000 -> 0.0002000
OrderedDict([('G_GAN', 0.2957659363746643), ('G_L1', 1.7522882223129272), ('D_real', 0.2737601399421692), ('D_fake', 0.21086396276950836), ('KL_realB_fakeB', 0.14688379696105935)])
(epoch: 96, iters: 5, time: 0.055, data: 1.905) G_GAN: 0.296 G_L1: 1.752 D_real: 0.274 D_fake: 0.211 KL_realB_fakeB: 0.147 
End of epoch 96 / 200 	 Time Taken: 2 sec
learning rate 0.0002000 -> 0.0002000
End of epoch 97 / 200 	 Time Taken: 2 sec
learning rate 0.0002000 -> 0.0002000
OrderedDict([('G_GAN', 0.3475187122821808), ('G_L1', 1.7119537591934204), ('D_real', 0.37682193517684937), ('D_fake', 0.12119655311107635), ('KL_realB_fakeB', 0.0649823389016906)])
(epoch: 98, iters: 23, time: 0.875, data: 0.694) G_GAN: 0.348 G_L1: 1.712 D_real: 0.377 D_fake: 0.121 KL_realB_fakeB: 0.065 
End of epoch 98 / 200 	 Time Taken: 3 sec
learning rate 0.0002000 -> 0.0002000
End of epoch 99 / 200 	 Time Taken: 2 sec
learning rate 0.0002000 -> 0.0001980
OrderedDict([('G_GAN', 0.37406978011131287), ('G_L1', 1.8748313188552856), ('D_real', 0.3512028157711029), ('D_fake', 0.07566333562135696), ('KL_realB_fakeB', 0.08479995179675623)])
(epoch: 100, iters: 41, time: 0.057, data: 2.473) G_GAN: 0.374 G_L1: 1.875 D_real: 0.351 D_fake: 0.076 KL_realB_fakeB: 0.085 
saving the model at the end of epoch 100, iters 4100
End of epoch 100 / 200 	 Time Taken: 7 sec
learning rate 0.0001980 -> 0.0001960
End of epoch 101 / 200 	 Time Taken: 2 sec
learning rate 0.0001960 -> 0.0001941
End of epoch 102 / 200 	 Time Taken: 2 sec
learning rate 0.0001941 -> 0.0001921
OrderedDict([('G_GAN', 0.37947115302085876), ('G_L1', 1.864030361175537), ('D_real', 0.3228134512901306), ('D_fake', 0.22113004326820374), ('KL_realB_fakeB', 0.07238582174799785)])
(epoch: 103, iters: 18, time: 0.055, data: 0.482) G_GAN: 0.379 G_L1: 1.864 D_real: 0.323 D_fake: 0.221 KL_realB_fakeB: 0.072 
End of epoch 103 / 200 	 Time Taken: 2 sec
learning rate 0.0001921 -> 0.0001901
End of epoch 104 / 200 	 Time Taken: 2 sec
learning rate 0.0001901 -> 0.0001881
OrderedDict([('G_GAN', 0.5731296539306641), ('G_L1', 1.5964720249176025), ('D_real', 0.1377038061618805), ('D_fake', 0.22988027334213257), ('KL_realB_fakeB', 0.1306117231646466)])
(epoch: 105, iters: 36, time: 0.055, data: 1.431) G_GAN: 0.573 G_L1: 1.596 D_real: 0.138 D_fake: 0.230 KL_realB_fakeB: 0.131 
saving the model at the end of epoch 105, iters 4305
End of epoch 105 / 200 	 Time Taken: 8 sec
learning rate 0.0001881 -> 0.0001861
End of epoch 106 / 200 	 Time Taken: 2 sec
learning rate 0.0001861 -> 0.0001842
End of epoch 107 / 200 	 Time Taken: 2 sec
learning rate 0.0001842 -> 0.0001822
OrderedDict([('G_GAN', 0.4329680800437927), ('G_L1', 1.305594801902771), ('D_real', 0.2664484679698944), ('D_fake', 0.21146421134471893), ('KL_realB_fakeB', 0.07239793280601182)])
(epoch: 108, iters: 13, time: 0.644, data: 2.299) G_GAN: 0.433 G_L1: 1.306 D_real: 0.266 D_fake: 0.211 KL_realB_fakeB: 0.072 
End of epoch 108 / 200 	 Time Taken: 3 sec
learning rate 0.0001822 -> 0.0001802
End of epoch 109 / 200 	 Time Taken: 2 sec
learning rate 0.0001802 -> 0.0001782
OrderedDict([('G_GAN', 0.531919002532959), ('G_L1', 1.6740113496780396), ('D_real', 0.1414012461900711), ('D_fake', 0.3187271058559418), ('KL_realB_fakeB', 0.06794822017598588)])
(epoch: 110, iters: 31, time: 0.056, data: 1.549) G_GAN: 0.532 G_L1: 1.674 D_real: 0.141 D_fake: 0.319 KL_realB_fakeB: 0.068 
saving the model at the end of epoch 110, iters 4510
End of epoch 110 / 200 	 Time Taken: 7 sec
learning rate 0.0001782 -> 0.0001762
End of epoch 111 / 200 	 Time Taken: 2 sec
learning rate 0.0001762 -> 0.0001743
End of epoch 112 / 200 	 Time Taken: 2 sec
learning rate 0.0001743 -> 0.0001723
OrderedDict([('G_GAN', 0.6836997866630554), ('G_L1', 1.632718563079834), ('D_real', 0.11152961105108261), ('D_fake', 0.045473385602235794), ('KL_realB_fakeB', 0.07648355815156913)])
(epoch: 113, iters: 8, time: 0.058, data: 1.918) G_GAN: 0.684 G_L1: 1.633 D_real: 0.112 D_fake: 0.045 KL_realB_fakeB: 0.076 
End of epoch 113 / 200 	 Time Taken: 2 sec
learning rate 0.0001723 -> 0.0001703
End of epoch 114 / 200 	 Time Taken: 2 sec
learning rate 0.0001703 -> 0.0001683
OrderedDict([('G_GAN', 0.2881399691104889), ('G_L1', 1.4550623893737793), ('D_real', 0.3118404746055603), ('D_fake', 0.09953287988901138), ('KL_realB_fakeB', 0.11884813675982038)])
(epoch: 115, iters: 26, time: 0.055, data: 0.814) G_GAN: 0.288 G_L1: 1.455 D_real: 0.312 D_fake: 0.100 KL_realB_fakeB: 0.119 
saving the model at the end of epoch 115, iters 4715
End of epoch 115 / 200 	 Time Taken: 8 sec
learning rate 0.0001683 -> 0.0001663
End of epoch 116 / 200 	 Time Taken: 2 sec
learning rate 0.0001663 -> 0.0001644
End of epoch 117 / 200 	 Time Taken: 2 sec
learning rate 0.0001644 -> 0.0001624
OrderedDict([('G_GAN', 0.5006280541419983), ('G_L1', 1.429101586341858), ('D_real', 0.1306520253419876), ('D_fake', 0.02514314092695713), ('KL_realB_fakeB', 0.19396358260721502)])
(epoch: 118, iters: 3, time: 0.870, data: 1.555) G_GAN: 0.501 G_L1: 1.429 D_real: 0.131 D_fake: 0.025 KL_realB_fakeB: 0.194 
End of epoch 118 / 200 	 Time Taken: 3 sec
learning rate 0.0001624 -> 0.0001604
End of epoch 119 / 200 	 Time Taken: 2 sec
learning rate 0.0001604 -> 0.0001584
OrderedDict([('G_GAN', 0.473778635263443), ('G_L1', 1.325237512588501), ('D_real', 0.24186788499355316), ('D_fake', 0.12958453595638275), ('KL_realB_fakeB', 0.11415238846065492)])
(epoch: 120, iters: 21, time: 0.040, data: 1.398) G_GAN: 0.474 G_L1: 1.325 D_real: 0.242 D_fake: 0.130 KL_realB_fakeB: 0.114 
saving the model at the end of epoch 120, iters 4920
End of epoch 120 / 200 	 Time Taken: 7 sec
learning rate 0.0001584 -> 0.0001564
End of epoch 121 / 200 	 Time Taken: 2 sec
learning rate 0.0001564 -> 0.0001545
OrderedDict([('G_GAN', 0.22952403128147125), ('G_L1', 1.339311122894287), ('D_real', 0.3337883949279785), ('D_fake', 0.11322426795959473), ('KL_realB_fakeB', 0.0747033500141624)])
(epoch: 122, iters: 39, time: 0.054, data: 1.478) G_GAN: 0.230 G_L1: 1.339 D_real: 0.334 D_fake: 0.113 KL_realB_fakeB: 0.075 
saving the latest model (epoch 122, total_iters 5000)
End of epoch 122 / 200 	 Time Taken: 6 sec
learning rate 0.0001545 -> 0.0001525
End of epoch 123 / 200 	 Time Taken: 2 sec
learning rate 0.0001525 -> 0.0001505
End of epoch 124 / 200 	 Time Taken: 2 sec
learning rate 0.0001505 -> 0.0001485
OrderedDict([('G_GAN', 0.4796135425567627), ('G_L1', 1.1804531812667847), ('D_real', 0.09536974132061005), ('D_fake', 0.4492572844028473), ('KL_realB_fakeB', 0.08584532536991263)])
(epoch: 125, iters: 16, time: 0.058, data: 6.711) G_GAN: 0.480 G_L1: 1.180 D_real: 0.095 D_fake: 0.449 KL_realB_fakeB: 0.086 
saving the model at the end of epoch 125, iters 5125
End of epoch 125 / 200 	 Time Taken: 7 sec
learning rate 0.0001485 -> 0.0001465
End of epoch 126 / 200 	 Time Taken: 2 sec
learning rate 0.0001465 -> 0.0001446
OrderedDict([('G_GAN', 0.29998070001602173), ('G_L1', 1.4472490549087524), ('D_real', 0.14662733674049377), ('D_fake', 0.33590251207351685), ('KL_realB_fakeB', 0.0640643332168316)])
(epoch: 127, iters: 34, time: 0.729, data: 1.225) G_GAN: 0.300 G_L1: 1.447 D_real: 0.147 D_fake: 0.336 KL_realB_fakeB: 0.064 
End of epoch 127 / 200 	 Time Taken: 3 sec
learning rate 0.0001446 -> 0.0001426
End of epoch 128 / 200 	 Time Taken: 2 sec
learning rate 0.0001426 -> 0.0001406
End of epoch 129 / 200 	 Time Taken: 2 sec
learning rate 0.0001406 -> 0.0001386
OrderedDict([('G_GAN', 0.39880359172821045), ('G_L1', 1.3577895164489746), ('D_real', 0.10523328930139542), ('D_fake', 0.3654579818248749), ('KL_realB_fakeB', 0.06949656187618906)])
(epoch: 130, iters: 11, time: 0.041, data: 2.967) G_GAN: 0.399 G_L1: 1.358 D_real: 0.105 D_fake: 0.365 KL_realB_fakeB: 0.069 
saving the model at the end of epoch 130, iters 5330
End of epoch 130 / 200 	 Time Taken: 7 sec
learning rate 0.0001386 -> 0.0001366
End of epoch 131 / 200 	 Time Taken: 2 sec
learning rate 0.0001366 -> 0.0001347
OrderedDict([('G_GAN', 0.5365177989006042), ('G_L1', 1.488129734992981), ('D_real', 0.10940160602331161), ('D_fake', 0.2973262071609497), ('KL_realB_fakeB', 0.08411225789822072)])
(epoch: 132, iters: 29, time: 0.057, data: 1.038) G_GAN: 0.537 G_L1: 1.488 D_real: 0.109 D_fake: 0.297 KL_realB_fakeB: 0.084 
End of epoch 132 / 200 	 Time Taken: 2 sec
learning rate 0.0001347 -> 0.0001327
End of epoch 133 / 200 	 Time Taken: 2 sec
learning rate 0.0001327 -> 0.0001307
End of epoch 134 / 200 	 Time Taken: 2 sec
learning rate 0.0001307 -> 0.0001287
OrderedDict([('G_GAN', 0.2542940676212311), ('G_L1', 1.3975015878677368), ('D_real', 0.26951006054878235), ('D_fake', 0.2924554646015167), ('KL_realB_fakeB', 0.05475054603776164)])
(epoch: 135, iters: 6, time: 0.056, data: 1.896) G_GAN: 0.254 G_L1: 1.398 D_real: 0.270 D_fake: 0.292 KL_realB_fakeB: 0.055 
saving the model at the end of epoch 135, iters 5535
End of epoch 135 / 200 	 Time Taken: 7 sec
learning rate 0.0001287 -> 0.0001267
End of epoch 136 / 200 	 Time Taken: 2 sec
learning rate 0.0001267 -> 0.0001248
OrderedDict([('G_GAN', 0.34524157643318176), ('G_L1', 1.3448755741119385), ('D_real', 0.20153164863586426), ('D_fake', 0.30553385615348816), ('KL_realB_fakeB', 0.10692479415729715)])
(epoch: 137, iters: 24, time: 0.771, data: 0.705) G_GAN: 0.345 G_L1: 1.345 D_real: 0.202 D_fake: 0.306 KL_realB_fakeB: 0.107 
End of epoch 137 / 200 	 Time Taken: 3 sec
learning rate 0.0001248 -> 0.0001228
End of epoch 138 / 200 	 Time Taken: 2 sec
learning rate 0.0001228 -> 0.0001208
End of epoch 139 / 200 	 Time Taken: 2 sec
learning rate 0.0001208 -> 0.0001188
OrderedDict([('G_GAN', 0.5838323831558228), ('G_L1', 1.336611032485962), ('D_real', 0.12150255590677261), ('D_fake', 0.305054247379303), ('KL_realB_fakeB', 0.07968987665610391)])
(epoch: 140, iters: 1, time: 0.044, data: 2.364) G_GAN: 0.584 G_L1: 1.337 D_real: 0.122 D_fake: 0.305 KL_realB_fakeB: 0.080 
saving the model at the end of epoch 140, iters 5740
End of epoch 140 / 200 	 Time Taken: 8 sec
learning rate 0.0001188 -> 0.0001168
End of epoch 141 / 200 	 Time Taken: 2 sec
learning rate 0.0001168 -> 0.0001149
OrderedDict([('G_GAN', 0.7351804375648499), ('G_L1', 1.1364279985427856), ('D_real', 0.17692920565605164), ('D_fake', 0.2624846398830414), ('KL_realB_fakeB', 0.11564100843952636)])
(epoch: 142, iters: 19, time: 0.041, data: 0.509) G_GAN: 0.735 G_L1: 1.136 D_real: 0.177 D_fake: 0.262 KL_realB_fakeB: 0.116 
End of epoch 142 / 200 	 Time Taken: 2 sec
learning rate 0.0001149 -> 0.0001129
End of epoch 143 / 200 	 Time Taken: 2 sec
learning rate 0.0001129 -> 0.0001109
OrderedDict([('G_GAN', 0.4000585675239563), ('G_L1', 1.22354257106781), ('D_real', 0.2373020350933075), ('D_fake', 0.25066304206848145), ('KL_realB_fakeB', 0.07363887008994884)])
(epoch: 144, iters: 37, time: 0.055, data: 1.327) G_GAN: 0.400 G_L1: 1.224 D_real: 0.237 D_fake: 0.251 KL_realB_fakeB: 0.074 
End of epoch 144 / 200 	 Time Taken: 2 sec
learning rate 0.0001109 -> 0.0001089
saving the model at the end of epoch 145, iters 5945
End of epoch 145 / 200 	 Time Taken: 7 sec
learning rate 0.0001089 -> 0.0001069
End of epoch 146 / 200 	 Time Taken: 2 sec
learning rate 0.0001069 -> 0.0001050
OrderedDict([('G_GAN', 0.7052502036094666), ('G_L1', 1.504787564277649), ('D_real', 0.07515662163496017), ('D_fake', 0.040256280452013016), ('KL_realB_fakeB', 0.06693379561276586)])
(epoch: 147, iters: 14, time: 0.922, data: 2.264) G_GAN: 0.705 G_L1: 1.505 D_real: 0.075 D_fake: 0.040 KL_realB_fakeB: 0.067 
End of epoch 147 / 200 	 Time Taken: 3 sec
learning rate 0.0001050 -> 0.0001030
End of epoch 148 / 200 	 Time Taken: 2 sec
learning rate 0.0001030 -> 0.0001010
OrderedDict([('G_GAN', 0.09213138371706009), ('G_L1', 1.0329031944274902), ('D_real', 0.48781871795654297), ('D_fake', 0.1101417988538742), ('KL_realB_fakeB', 0.07102691193279274)])
(epoch: 149, iters: 32, time: 0.040, data: 2.143) G_GAN: 0.092 G_L1: 1.033 D_real: 0.488 D_fake: 0.110 KL_realB_fakeB: 0.071 
End of epoch 149 / 200 	 Time Taken: 2 sec
learning rate 0.0001010 -> 0.0000990
saving the model at the end of epoch 150, iters 6150
End of epoch 150 / 200 	 Time Taken: 8 sec
learning rate 0.0000990 -> 0.0000970
End of epoch 151 / 200 	 Time Taken: 2 sec
learning rate 0.0000970 -> 0.0000950
OrderedDict([('G_GAN', 0.3780398964881897), ('G_L1', 1.8838658332824707), ('D_real', 0.15396396815776825), ('D_fake', 0.2802903652191162), ('KL_realB_fakeB', 0.07072145695575949)])
(epoch: 152, iters: 9, time: 0.055, data: 2.258) G_GAN: 0.378 G_L1: 1.884 D_real: 0.154 D_fake: 0.280 KL_realB_fakeB: 0.071 
End of epoch 152 / 200 	 Time Taken: 2 sec
learning rate 0.0000950 -> 0.0000931
End of epoch 153 / 200 	 Time Taken: 2 sec
learning rate 0.0000931 -> 0.0000911
OrderedDict([('G_GAN', 0.420279860496521), ('G_L1', 1.5461087226867676), ('D_real', 0.29447227716445923), ('D_fake', 0.16076409816741943), ('KL_realB_fakeB', 0.06224028086515244)])
(epoch: 154, iters: 27, time: 0.057, data: 0.949) G_GAN: 0.420 G_L1: 1.546 D_real: 0.294 D_fake: 0.161 KL_realB_fakeB: 0.062 
End of epoch 154 / 200 	 Time Taken: 2 sec
learning rate 0.0000911 -> 0.0000891
saving the model at the end of epoch 155, iters 6355
End of epoch 155 / 200 	 Time Taken: 7 sec
learning rate 0.0000891 -> 0.0000871
End of epoch 156 / 200 	 Time Taken: 2 sec
learning rate 0.0000871 -> 0.0000851
OrderedDict([('G_GAN', 0.33263638615608215), ('G_L1', 1.602604627609253), ('D_real', 0.22914822399616241), ('D_fake', 0.17110559344291687), ('KL_realB_fakeB', 0.06383260256524954)])
(epoch: 157, iters: 4, time: 1.235, data: 1.539) G_GAN: 0.333 G_L1: 1.603 D_real: 0.229 D_fake: 0.171 KL_realB_fakeB: 0.064 
End of epoch 157 / 200 	 Time Taken: 3 sec
learning rate 0.0000851 -> 0.0000832
End of epoch 158 / 200 	 Time Taken: 2 sec
learning rate 0.0000832 -> 0.0000812
OrderedDict([('G_GAN', 0.22847126424312592), ('G_L1', 0.9882326126098633), ('D_real', 0.37346091866493225), ('D_fake', 0.17269963026046753), ('KL_realB_fakeB', 0.06209554673359044)])
(epoch: 159, iters: 22, time: 0.053, data: 1.767) G_GAN: 0.228 G_L1: 0.988 D_real: 0.373 D_fake: 0.173 KL_realB_fakeB: 0.062 
End of epoch 159 / 200 	 Time Taken: 2 sec
learning rate 0.0000812 -> 0.0000792
saving the model at the end of epoch 160, iters 6560
End of epoch 160 / 200 	 Time Taken: 8 sec
learning rate 0.0000792 -> 0.0000772
OrderedDict([('G_GAN', 0.1773882359266281), ('G_L1', 1.1970399618148804), ('D_real', 0.31578829884529114), ('D_fake', 0.11474578827619553), ('KL_realB_fakeB', 0.09120547308354722)])
(epoch: 161, iters: 40, time: 0.057, data: 1.512) G_GAN: 0.177 G_L1: 1.197 D_real: 0.316 D_fake: 0.115 KL_realB_fakeB: 0.091 
End of epoch 161 / 200 	 Time Taken: 2 sec
learning rate 0.0000772 -> 0.0000752
End of epoch 162 / 200 	 Time Taken: 2 sec
learning rate 0.0000752 -> 0.0000733
End of epoch 163 / 200 	 Time Taken: 2 sec
learning rate 0.0000733 -> 0.0000713
OrderedDict([('G_GAN', 0.49054527282714844), ('G_L1', 1.4731221199035645), ('D_real', 0.1545284390449524), ('D_fake', 0.09117557853460312), ('KL_realB_fakeB', 0.09962608095627862)])
(epoch: 164, iters: 17, time: 0.045, data: 2.700) G_GAN: 0.491 G_L1: 1.473 D_real: 0.155 D_fake: 0.091 KL_realB_fakeB: 0.100 
End of epoch 164 / 200 	 Time Taken: 2 sec
learning rate 0.0000713 -> 0.0000693
saving the model at the end of epoch 165, iters 6765
End of epoch 165 / 200 	 Time Taken: 7 sec
learning rate 0.0000693 -> 0.0000673
OrderedDict([('G_GAN', 0.258989542722702), ('G_L1', 1.0143734216690063), ('D_real', 0.20392826199531555), ('D_fake', 0.30946046113967896), ('KL_realB_fakeB', 0.057401534439844755)])
(epoch: 166, iters: 35, time: 0.887, data: 1.493) G_GAN: 0.259 G_L1: 1.014 D_real: 0.204 D_fake: 0.309 KL_realB_fakeB: 0.057 
End of epoch 166 / 200 	 Time Taken: 3 sec
learning rate 0.0000673 -> 0.0000653
End of epoch 167 / 200 	 Time Taken: 2 sec
learning rate 0.0000653 -> 0.0000634
End of epoch 168 / 200 	 Time Taken: 2 sec
learning rate 0.0000634 -> 0.0000614
OrderedDict([('G_GAN', 0.41017818450927734), ('G_L1', 1.1935545206069946), ('D_real', 0.12823209166526794), ('D_fake', 0.2584485113620758), ('KL_realB_fakeB', 0.07274727912513654)])
(epoch: 169, iters: 12, time: 0.056, data: 3.198) G_GAN: 0.410 G_L1: 1.194 D_real: 0.128 D_fake: 0.258 KL_realB_fakeB: 0.073 
End of epoch 169 / 200 	 Time Taken: 2 sec
learning rate 0.0000614 -> 0.0000594
saving the model at the end of epoch 170, iters 6970
End of epoch 170 / 200 	 Time Taken: 8 sec
learning rate 0.0000594 -> 0.0000574
OrderedDict([('G_GAN', 0.4639774262905121), ('G_L1', 1.1453710794448853), ('D_real', 0.0828729197382927), ('D_fake', 0.3398924469947815), ('KL_realB_fakeB', 0.0733833873467152)])
(epoch: 171, iters: 30, time: 0.056, data: 1.122) G_GAN: 0.464 G_L1: 1.145 D_real: 0.083 D_fake: 0.340 KL_realB_fakeB: 0.073 
End of epoch 171 / 200 	 Time Taken: 2 sec
learning rate 0.0000574 -> 0.0000554
End of epoch 172 / 200 	 Time Taken: 2 sec
learning rate 0.0000554 -> 0.0000535
End of epoch 173 / 200 	 Time Taken: 2 sec
learning rate 0.0000535 -> 0.0000515
OrderedDict([('G_GAN', 0.32962051033973694), ('G_L1', 1.4018404483795166), ('D_real', 0.25026899576187134), ('D_fake', 0.20443427562713623), ('KL_realB_fakeB', 0.06821801050835574)])
(epoch: 174, iters: 7, time: 0.056, data: 2.058) G_GAN: 0.330 G_L1: 1.402 D_real: 0.250 D_fake: 0.204 KL_realB_fakeB: 0.068 
End of epoch 174 / 200 	 Time Taken: 2 sec
learning rate 0.0000515 -> 0.0000495
saving the model at the end of epoch 175, iters 7175
End of epoch 175 / 200 	 Time Taken: 8 sec
learning rate 0.0000495 -> 0.0000475
OrderedDict([('G_GAN', 0.3642779588699341), ('G_L1', 1.0839004516601562), ('D_real', 0.18817469477653503), ('D_fake', 0.2412245124578476), ('KL_realB_fakeB', 0.07565050809517414)])
(epoch: 176, iters: 25, time: 25.072, data: 0.828) G_GAN: 0.364 G_L1: 1.084 D_real: 0.188 D_fake: 0.241 KL_realB_fakeB: 0.076 
End of epoch 176 / 200 	 Time Taken: 27 sec
learning rate 0.0000475 -> 0.0000455
End of epoch 177 / 200 	 Time Taken: 2 sec
learning rate 0.0000455 -> 0.0000436
End of epoch 178 / 200 	 Time Taken: 2 sec
learning rate 0.0000436 -> 0.0000416
OrderedDict([('G_GAN', 0.29828253388404846), ('G_L1', 1.0377424955368042), ('D_real', 0.21617428958415985), ('D_fake', 0.28598979115486145), ('KL_realB_fakeB', 0.07313398111002775)])
(epoch: 179, iters: 2, time: 0.043, data: 26.601) G_GAN: 0.298 G_L1: 1.038 D_real: 0.216 D_fake: 0.286 KL_realB_fakeB: 0.073 
End of epoch 179 / 200 	 Time Taken: 2 sec
learning rate 0.0000416 -> 0.0000396
saving the model at the end of epoch 180, iters 7380
End of epoch 180 / 200 	 Time Taken: 10 sec
learning rate 0.0000396 -> 0.0000376
OrderedDict([('G_GAN', 0.23381978273391724), ('G_L1', 1.4318084716796875), ('D_real', 0.11505710333585739), ('D_fake', 0.3551706373691559), ('KL_realB_fakeB', 0.058848332812525994)])
(epoch: 181, iters: 20, time: 0.055, data: 0.450) G_GAN: 0.234 G_L1: 1.432 D_real: 0.115 D_fake: 0.355 KL_realB_fakeB: 0.059 
End of epoch 181 / 200 	 Time Taken: 2 sec
learning rate 0.0000376 -> 0.0000356
End of epoch 182 / 200 	 Time Taken: 2 sec
learning rate 0.0000356 -> 0.0000337
OrderedDict([('G_GAN', 0.3155304491519928), ('G_L1', 1.3591108322143555), ('D_real', 0.29688307642936707), ('D_fake', 0.16467301547527313), ('KL_realB_fakeB', 0.06156033632284444)])
(epoch: 183, iters: 38, time: 0.056, data: 1.356) G_GAN: 0.316 G_L1: 1.359 D_real: 0.297 D_fake: 0.165 KL_realB_fakeB: 0.062 
End of epoch 183 / 200 	 Time Taken: 2 sec
learning rate 0.0000337 -> 0.0000317
End of epoch 184 / 200 	 Time Taken: 2 sec
learning rate 0.0000317 -> 0.0000297
saving the model at the end of epoch 185, iters 7585
End of epoch 185 / 200 	 Time Taken: 9 sec
learning rate 0.0000297 -> 0.0000277
OrderedDict([('G_GAN', 0.6322476267814636), ('G_L1', 1.5185266733169556), ('D_real', 0.05176408961415291), ('D_fake', 0.08586996793746948), ('KL_realB_fakeB', 0.070728649468308)])
(epoch: 186, iters: 15, time: 0.883, data: 2.616) G_GAN: 0.632 G_L1: 1.519 D_real: 0.052 D_fake: 0.086 KL_realB_fakeB: 0.071 
End of epoch 186 / 200 	 Time Taken: 3 sec
learning rate 0.0000277 -> 0.0000257
End of epoch 187 / 200 	 Time Taken: 2 sec
learning rate 0.0000257 -> 0.0000238
OrderedDict([('G_GAN', 0.6742415428161621), ('G_L1', 1.375786542892456), ('D_real', 0.06545998901128769), ('D_fake', 0.043815892189741135), ('KL_realB_fakeB', 0.0585063089164024)])
(epoch: 188, iters: 33, time: 0.058, data: 2.073) G_GAN: 0.674 G_L1: 1.376 D_real: 0.065 D_fake: 0.044 KL_realB_fakeB: 0.059 
End of epoch 188 / 200 	 Time Taken: 2 sec
learning rate 0.0000238 -> 0.0000218
End of epoch 189 / 200 	 Time Taken: 2 sec
learning rate 0.0000218 -> 0.0000198
saving the model at the end of epoch 190, iters 7790
End of epoch 190 / 200 	 Time Taken: 9 sec
learning rate 0.0000198 -> 0.0000178
OrderedDict([('G_GAN', 0.3695054352283478), ('G_L1', 0.8380995988845825), ('D_real', 0.1553204357624054), ('D_fake', 0.1720515340566635), ('KL_realB_fakeB', 0.06860509744090258)])
(epoch: 191, iters: 10, time: 0.041, data: 2.162) G_GAN: 0.370 G_L1: 0.838 D_real: 0.155 D_fake: 0.172 KL_realB_fakeB: 0.069 
End of epoch 191 / 200 	 Time Taken: 2 sec
learning rate 0.0000178 -> 0.0000158
End of epoch 192 / 200 	 Time Taken: 2 sec
learning rate 0.0000158 -> 0.0000139
OrderedDict([('G_GAN', 0.3400474488735199), ('G_L1', 1.4440513849258423), ('D_real', 0.2753296494483948), ('D_fake', 0.18161553144454956), ('KL_realB_fakeB', 0.06203555169768667)])
(epoch: 193, iters: 28, time: 0.056, data: 0.805) G_GAN: 0.340 G_L1: 1.444 D_real: 0.275 D_fake: 0.182 KL_realB_fakeB: 0.062 
End of epoch 193 / 200 	 Time Taken: 2 sec
learning rate 0.0000139 -> 0.0000119
End of epoch 194 / 200 	 Time Taken: 2 sec
learning rate 0.0000119 -> 0.0000099
saving the model at the end of epoch 195, iters 7995
End of epoch 195 / 200 	 Time Taken: 9 sec
learning rate 0.0000099 -> 0.0000079
OrderedDict([('G_GAN', 0.4123184084892273), ('G_L1', 1.0789626836776733), ('D_real', 0.20392681658267975), ('D_fake', 0.14307917654514313), ('KL_realB_fakeB', 0.05872364661727035)])
(epoch: 196, iters: 5, time: 0.888, data: 1.915) G_GAN: 0.412 G_L1: 1.079 D_real: 0.204 D_fake: 0.143 KL_realB_fakeB: 0.059 
End of epoch 196 / 200 	 Time Taken: 3 sec
learning rate 0.0000079 -> 0.0000059
End of epoch 197 / 200 	 Time Taken: 2 sec
learning rate 0.0000059 -> 0.0000040
OrderedDict([('G_GAN', 0.4673606753349304), ('G_L1', 0.998103141784668), ('D_real', 0.15014605224132538), ('D_fake', 0.10695800930261612), ('KL_realB_fakeB', 0.06611727516872633)])
(epoch: 198, iters: 23, time: 0.057, data: 1.548) G_GAN: 0.467 G_L1: 0.998 D_real: 0.150 D_fake: 0.107 KL_realB_fakeB: 0.066 
End of epoch 198 / 200 	 Time Taken: 2 sec
learning rate 0.0000040 -> 0.0000020
End of epoch 199 / 200 	 Time Taken: 2 sec
learning rate 0.0000020 -> 0.0000000
OrderedDict([('G_GAN', 0.3346478343009949), ('G_L1', 1.1673539876937866), ('D_real', 0.1729147881269455), ('D_fake', 0.1989600658416748), ('KL_realB_fakeB', 0.060648103374626144)])
(epoch: 200, iters: 41, time: 0.057, data: 1.978) G_GAN: 0.335 G_L1: 1.167 D_real: 0.173 D_fake: 0.199 KL_realB_fakeB: 0.061 
saving the model at the end of epoch 200, iters 8200
End of epoch 200 / 200 	 Time Taken: 7 sec
