----------------- Options ---------------
               batch_size: 1                             
                    beta1: 0.5                           
          checkpoints_dir: /home/otto.tavares/public/iltbi/rxpixp2pixcycle/checkpoints
           continue_train: False                         
                crop_size: 256                           
       custom_images_path: /home/otto.tavares/public/iltbi/train/images/santa_casa_pares/	[default: None]
        custom_masks_path: None                          
       custom_paired_path: None                          
                 dataroot: /home/otto.tavares/public/iltbi/train/images/santa_casa_pares/	[default: None]
           dataset_action: False                         
     dataset_download_dir: /home/otto.tavares/public/iltbi/rxpixp2pixcycle
             dataset_mode: santacasaskfold               	[default: aligned]
             dataset_name: Shenzhen                      
                direction: AtoB                          
              display_env: main                          
             display_freq: 400                           
               display_id: -1                            	[default: 1]
            display_ncols: 4                             
             display_port: 8097                          
           display_server: http://localhost              
          display_winsize: 256                           
            download_imgs: False                         
                    epoch: latest                        
              epoch_count: 1                             
                 gan_mode: lsgan                         	[default: vanilla]
  generate_paths_data_csv: False                         
                  gpu_ids: 0                             
                init_gain: 0.02                          
                init_type: normal                        
                 input_nc: 3                             
                     isTB: False                         
                  isTrain: True                          	[default: None]
          is_resume_wandb: False                         
                      job: None                          
                lambda_L1: 50.0                          	[default: 100.0]
                load_iter: 0                             	[default: 0]
                load_size: 256                           	[default: 286]
                       lr: 0.0002                        
           lr_decay_iters: 50                            
                lr_policy: linear                        
         max_dataset_size: inf                           
                    model: pix2pix                       	[default: cycle_gan]
                 n_epochs: 100                           
           n_epochs_decay: 100                           
                  n_folds: 10                            
               n_layers_D: 3                             
                     name: santacasa_test_0_sort_0       	[default: experiment_name]
                      ndf: 64                            
                     netD: basic                         
                     netG: unet_256                      
                      ngf: 64                            
               no_dropout: False                         
                  no_flip: False                         
                  no_html: False                         
                     norm: batch                         
              num_threads: 4                             
                  num_val: 400                           
                output_nc: 3                             
                    phase: train                         
                pool_size: 0                             
               preprocess: resize_and_scale_width        	[default: resize_and_crop]
               print_freq: 100                           
                  project: p2p_santacasa                 	[default: None]
             save_by_iter: False                         
          save_epoch_freq: 5                             
         save_latest_freq: 5000                          
                     seed: 512                           	[default: 512]
           serial_batches: False                         
                     sort: 0                             
                   suffix:                               
                     test: 0                             
                    token:                               
            train_dataset: True                          
         update_html_freq: 1000                          
                use_wandb: False                         
                 val_freq: 10                            	[default: 400]
                  verbose: False                         
             wandb_entity: brics-tb                      
            wandb_fold_id: None                          
----------------- End -------------------
GPU with device 0
                 images    gauss  ... all_together target
0   20220315_184023.jpg      seg  ...          seg      0
1   20220315_184432.jpg      seg  ...          seg      0
2   20220315_184701.jpg  not seg  ...          seg      0
3   20220315_184740.jpg      seg  ...          seg      0
4   20220315_185230.jpg      seg  ...          seg      0
..                  ...      ...  ...          ...    ...
83         IMG_5503.JPG  not seg  ...      not seg      0
84         IMG_5505.JPG      seg  ...          seg      0
85         IMG_5507.JPG      seg  ...          seg      0
86         IMG_5509.JPG      seg  ...          seg      0
87         IMG_5604.JPG      seg  ...          seg      0

[88 rows x 5 columns]
bins selected for val: [1, 2, 3, 4, 5, 6, 7, 8, 9]
bins selected for val: [0, 2, 3, 4, 5, 6, 7, 8, 9]
bins selected for val: [0, 1, 3, 4, 5, 6, 7, 8, 9]
bins selected for val: [0, 1, 2, 4, 5, 6, 7, 8, 9]
bins selected for val: [0, 1, 2, 3, 5, 6, 7, 8, 9]
bins selected for val: [0, 1, 2, 3, 4, 6, 7, 8, 9]
bins selected for val: [0, 1, 2, 3, 4, 5, 7, 8, 9]
bins selected for val: [0, 1, 2, 3, 4, 5, 6, 8, 9]
bins selected for val: [0, 1, 2, 3, 4, 5, 6, 7, 9]
bins selected for val: [0, 1, 2, 3, 4, 5, 6, 7, 8]
dataset [SantaCasaSkfoldDataset] was created
                 images    gauss  ... all_together target
0   20220315_184023.jpg      seg  ...          seg      0
1   20220315_184432.jpg      seg  ...          seg      0
2   20220315_184701.jpg  not seg  ...          seg      0
3   20220315_184740.jpg      seg  ...          seg      0
4   20220315_185230.jpg      seg  ...          seg      0
..                  ...      ...  ...          ...    ...
83         IMG_5503.JPG  not seg  ...      not seg      0
84         IMG_5505.JPG      seg  ...          seg      0
85         IMG_5507.JPG      seg  ...          seg      0
86         IMG_5509.JPG      seg  ...          seg      0
87         IMG_5604.JPG      seg  ...          seg      0

[88 rows x 5 columns]
bins selected for val: [1, 2, 3, 4, 5, 6, 7, 8, 9]
bins selected for val: [0, 2, 3, 4, 5, 6, 7, 8, 9]
bins selected for val: [0, 1, 3, 4, 5, 6, 7, 8, 9]
bins selected for val: [0, 1, 2, 4, 5, 6, 7, 8, 9]
bins selected for val: [0, 1, 2, 3, 5, 6, 7, 8, 9]
bins selected for val: [0, 1, 2, 3, 4, 6, 7, 8, 9]
bins selected for val: [0, 1, 2, 3, 4, 5, 7, 8, 9]
bins selected for val: [0, 1, 2, 3, 4, 5, 6, 8, 9]
bins selected for val: [0, 1, 2, 3, 4, 5, 6, 7, 9]
bins selected for val: [0, 1, 2, 3, 4, 5, 6, 7, 8]
dataset [SantaCasaSkfoldDataset] was created
The number of training images = 41
The number of val images = 5
initialize network with normal
initialize network with normal
model [Pix2PixModel] was created
---------- Networks initialized -------------
[Network G] Total number of parameters : 54.414 M
[Network D] Total number of parameters : 2.769 M
-----------------------------------------------
create web directory /home/otto.tavares/public/iltbi/rxpixp2pixcycle/checkpoints/santacasa_test_0_sort_0/web...
learning rate 0.0002000 -> 0.0002000
End of epoch 1 / 200 	 Time Taken: 3 sec
learning rate 0.0002000 -> 0.0002000
End of epoch 2 / 200 	 Time Taken: 2 sec
learning rate 0.0002000 -> 0.0002000
OrderedDict([('G_GAN', 0.32366105914115906), ('G_L1', 4.632696628570557), ('D_real', 0.3870435059070587), ('D_fake', 0.3924850821495056), ('KL_realB_fakeB', 0.5435668670396907)])
(epoch: 3, iters: 18, time: 0.035, data: 0.504) G_GAN: 0.324 G_L1: 4.633 D_real: 0.387 D_fake: 0.392 KL_realB_fakeB: 0.544 
End of epoch 3 / 200 	 Time Taken: 2 sec
learning rate 0.0002000 -> 0.0002000
End of epoch 4 / 200 	 Time Taken: 2 sec
learning rate 0.0002000 -> 0.0002000
OrderedDict([('G_GAN', 0.2870679497718811), ('G_L1', 5.663064002990723), ('D_real', 0.24291150271892548), ('D_fake', 0.2559150457382202), ('KL_realB_fakeB', 1.1909584910964488)])
(epoch: 5, iters: 36, time: 0.040, data: 1.543) G_GAN: 0.287 G_L1: 5.663 D_real: 0.243 D_fake: 0.256 KL_realB_fakeB: 1.191 
saving the model at the end of epoch 5, iters 205
End of epoch 5 / 200 	 Time Taken: 11 sec
learning rate 0.0002000 -> 0.0002000
End of epoch 6 / 200 	 Time Taken: 2 sec
learning rate 0.0002000 -> 0.0002000
End of epoch 7 / 200 	 Time Taken: 2 sec
learning rate 0.0002000 -> 0.0002000
OrderedDict([('G_GAN', 0.29077988862991333), ('G_L1', 4.439007759094238), ('D_real', 0.2603050470352173), ('D_fake', 0.2622314393520355), ('KL_realB_fakeB', 0.15097271022069703)])
(epoch: 8, iters: 13, time: 0.048, data: 2.488) G_GAN: 0.291 G_L1: 4.439 D_real: 0.260 D_fake: 0.262 KL_realB_fakeB: 0.151 
End of epoch 8 / 200 	 Time Taken: 2 sec
learning rate 0.0002000 -> 0.0002000
End of epoch 9 / 200 	 Time Taken: 2 sec
learning rate 0.0002000 -> 0.0002000
OrderedDict([('G_GAN', 0.26585787534713745), ('G_L1', 4.038923740386963), ('D_real', 0.24232713878154755), ('D_fake', 0.30772265791893005), ('KL_realB_fakeB', 0.16783899383257275)])
(epoch: 10, iters: 31, time: 0.163, data: 1.326) G_GAN: 0.266 G_L1: 4.039 D_real: 0.242 D_fake: 0.308 KL_realB_fakeB: 0.168 
end of validation step
end of validation step
end of validation step
end of validation step
end of validation step
saving the model at the end of epoch 10, iters 410
End of epoch 10 / 200 	 Time Taken: 10 sec
learning rate 0.0002000 -> 0.0002000
End of epoch 11 / 200 	 Time Taken: 2 sec
learning rate 0.0002000 -> 0.0002000
End of epoch 12 / 200 	 Time Taken: 2 sec
learning rate 0.0002000 -> 0.0002000
OrderedDict([('G_GAN', 0.32230299711227417), ('G_L1', 4.062087059020996), ('D_real', 0.3058749735355377), ('D_fake', 0.2620781660079956), ('KL_realB_fakeB', 0.5919886500791457)])
(epoch: 13, iters: 8, time: 0.045, data: 2.451) G_GAN: 0.322 G_L1: 4.062 D_real: 0.306 D_fake: 0.262 KL_realB_fakeB: 0.592 
End of epoch 13 / 200 	 Time Taken: 3 sec
learning rate 0.0002000 -> 0.0002000
End of epoch 14 / 200 	 Time Taken: 2 sec
learning rate 0.0002000 -> 0.0002000
OrderedDict([('G_GAN', 0.9349655508995056), ('G_L1', 4.036653995513916), ('D_real', 0.8083387613296509), ('D_fake', 0.7746983766555786), ('KL_realB_fakeB', 0.18224153061580786)])
(epoch: 15, iters: 26, time: 0.043, data: 0.863) G_GAN: 0.935 G_L1: 4.037 D_real: 0.808 D_fake: 0.775 KL_realB_fakeB: 0.182 
saving the model at the end of epoch 15, iters 615
End of epoch 15 / 200 	 Time Taken: 7 sec
learning rate 0.0002000 -> 0.0002000
End of epoch 16 / 200 	 Time Taken: 2 sec
learning rate 0.0002000 -> 0.0002000
End of epoch 17 / 200 	 Time Taken: 2 sec
learning rate 0.0002000 -> 0.0002000
OrderedDict([('G_GAN', 0.4547940492630005), ('G_L1', 2.88704776763916), ('D_real', 0.2691361606121063), ('D_fake', 0.36015745997428894), ('KL_realB_fakeB', 0.10688696693476313)])
(epoch: 18, iters: 3, time: 0.044, data: 1.906) G_GAN: 0.455 G_L1: 2.887 D_real: 0.269 D_fake: 0.360 KL_realB_fakeB: 0.107 
End of epoch 18 / 200 	 Time Taken: 3 sec
learning rate 0.0002000 -> 0.0002000
End of epoch 19 / 200 	 Time Taken: 2 sec
learning rate 0.0002000 -> 0.0002000
OrderedDict([('G_GAN', 0.29745566844940186), ('G_L1', 3.020285129547119), ('D_real', 0.1842012256383896), ('D_fake', 0.2807770073413849), ('KL_realB_fakeB', 0.13039119573221894)])
(epoch: 20, iters: 21, time: 0.130, data: 0.658) G_GAN: 0.297 G_L1: 3.020 D_real: 0.184 D_fake: 0.281 KL_realB_fakeB: 0.130 
end of validation step
end of validation step
end of validation step
end of validation step
end of validation step
saving the model at the end of epoch 20, iters 820
End of epoch 20 / 200 	 Time Taken: 8 sec
learning rate 0.0002000 -> 0.0002000
End of epoch 21 / 200 	 Time Taken: 2 sec
learning rate 0.0002000 -> 0.0002000
OrderedDict([('G_GAN', 0.40204954147338867), ('G_L1', 3.1202476024627686), ('D_real', 0.28132301568984985), ('D_fake', 0.16431215405464172), ('KL_realB_fakeB', 0.1053924324920409)])
(epoch: 22, iters: 39, time: 0.037, data: 1.914) G_GAN: 0.402 G_L1: 3.120 D_real: 0.281 D_fake: 0.164 KL_realB_fakeB: 0.105 
End of epoch 22 / 200 	 Time Taken: 2 sec
learning rate 0.0002000 -> 0.0002000
End of epoch 23 / 200 	 Time Taken: 2 sec
learning rate 0.0002000 -> 0.0002000
End of epoch 24 / 200 	 Time Taken: 3 sec
learning rate 0.0002000 -> 0.0002000
OrderedDict([('G_GAN', 0.3453100025653839), ('G_L1', 3.307419538497925), ('D_real', 0.2261558473110199), ('D_fake', 0.30292609333992004), ('KL_realB_fakeB', 0.14687404481806346)])
(epoch: 25, iters: 16, time: 0.046, data: 2.698) G_GAN: 0.345 G_L1: 3.307 D_real: 0.226 D_fake: 0.303 KL_realB_fakeB: 0.147 
saving the model at the end of epoch 25, iters 1025
End of epoch 25 / 200 	 Time Taken: 8 sec
learning rate 0.0002000 -> 0.0002000
End of epoch 26 / 200 	 Time Taken: 2 sec
learning rate 0.0002000 -> 0.0002000
OrderedDict([('G_GAN', 0.23486298322677612), ('G_L1', 2.789729595184326), ('D_real', 0.2981746196746826), ('D_fake', 0.13540537655353546), ('KL_realB_fakeB', 0.11654098504320182)])
(epoch: 27, iters: 34, time: 0.044, data: 1.506) G_GAN: 0.235 G_L1: 2.790 D_real: 0.298 D_fake: 0.135 KL_realB_fakeB: 0.117 
End of epoch 27 / 200 	 Time Taken: 2 sec
learning rate 0.0002000 -> 0.0002000
End of epoch 28 / 200 	 Time Taken: 2 sec
learning rate 0.0002000 -> 0.0002000
End of epoch 29 / 200 	 Time Taken: 2 sec
learning rate 0.0002000 -> 0.0002000
OrderedDict([('G_GAN', 0.5055242776870728), ('G_L1', 2.4888064861297607), ('D_real', 0.18100915849208832), ('D_fake', 0.27701717615127563), ('KL_realB_fakeB', 0.10064369871529259)])
(epoch: 30, iters: 11, time: 0.148, data: 2.374) G_GAN: 0.506 G_L1: 2.489 D_real: 0.181 D_fake: 0.277 KL_realB_fakeB: 0.101 
end of validation step
end of validation step
end of validation step
end of validation step
end of validation step
saving the model at the end of epoch 30, iters 1230
End of epoch 30 / 200 	 Time Taken: 8 sec
learning rate 0.0002000 -> 0.0002000
End of epoch 31 / 200 	 Time Taken: 2 sec
learning rate 0.0002000 -> 0.0002000
OrderedDict([('G_GAN', 0.42496103048324585), ('G_L1', 2.1427183151245117), ('D_real', 0.1553175151348114), ('D_fake', 0.3523927927017212), ('KL_realB_fakeB', 0.29601055620671957)])
(epoch: 32, iters: 29, time: 0.052, data: 1.347) G_GAN: 0.425 G_L1: 2.143 D_real: 0.155 D_fake: 0.352 KL_realB_fakeB: 0.296 
End of epoch 32 / 200 	 Time Taken: 2 sec
learning rate 0.0002000 -> 0.0002000
End of epoch 33 / 200 	 Time Taken: 2 sec
learning rate 0.0002000 -> 0.0002000
End of epoch 34 / 200 	 Time Taken: 2 sec
learning rate 0.0002000 -> 0.0002000
OrderedDict([('G_GAN', 0.449666827917099), ('G_L1', 1.9503159523010254), ('D_real', 0.18752825260162354), ('D_fake', 0.1389847844839096), ('KL_realB_fakeB', 0.10652900107415456)])
(epoch: 35, iters: 6, time: 0.045, data: 2.109) G_GAN: 0.450 G_L1: 1.950 D_real: 0.188 D_fake: 0.139 KL_realB_fakeB: 0.107 
saving the model at the end of epoch 35, iters 1435
End of epoch 35 / 200 	 Time Taken: 8 sec
learning rate 0.0002000 -> 0.0002000
End of epoch 36 / 200 	 Time Taken: 3 sec
learning rate 0.0002000 -> 0.0002000
OrderedDict([('G_GAN', 0.23435650765895844), ('G_L1', 3.178607225418091), ('D_real', 0.2192094624042511), ('D_fake', 0.2764144539833069), ('KL_realB_fakeB', 0.08200253804710023)])
(epoch: 37, iters: 24, time: 0.045, data: 0.834) G_GAN: 0.234 G_L1: 3.179 D_real: 0.219 D_fake: 0.276 KL_realB_fakeB: 0.082 
End of epoch 37 / 200 	 Time Taken: 2 sec
learning rate 0.0002000 -> 0.0002000
End of epoch 38 / 200 	 Time Taken: 2 sec
learning rate 0.0002000 -> 0.0002000
End of epoch 39 / 200 	 Time Taken: 2 sec
learning rate 0.0002000 -> 0.0002000
OrderedDict([('G_GAN', 0.3508780300617218), ('G_L1', 2.2449328899383545), ('D_real', 0.1507187932729721), ('D_fake', 0.549809455871582), ('KL_realB_fakeB', 0.11613801936117561)])
(epoch: 40, iters: 1, time: 0.308, data: 1.872) G_GAN: 0.351 G_L1: 2.245 D_real: 0.151 D_fake: 0.550 KL_realB_fakeB: 0.116 
end of validation step
end of validation step
end of validation step
end of validation step
end of validation step
saving the model at the end of epoch 40, iters 1640
End of epoch 40 / 200 	 Time Taken: 8 sec
learning rate 0.0002000 -> 0.0002000
End of epoch 41 / 200 	 Time Taken: 2 sec
learning rate 0.0002000 -> 0.0002000
OrderedDict([('G_GAN', 0.6209749579429626), ('G_L1', 2.531388998031616), ('D_real', 0.03134722262620926), ('D_fake', 0.3645250201225281), ('KL_realB_fakeB', 0.10407350936549012)])
(epoch: 42, iters: 19, time: 0.033, data: 0.852) G_GAN: 0.621 G_L1: 2.531 D_real: 0.031 D_fake: 0.365 KL_realB_fakeB: 0.104 
End of epoch 42 / 200 	 Time Taken: 2 sec
learning rate 0.0002000 -> 0.0002000
End of epoch 43 / 200 	 Time Taken: 2 sec
learning rate 0.0002000 -> 0.0002000
OrderedDict([('G_GAN', 0.3154330849647522), ('G_L1', 2.741628408432007), ('D_real', 0.156869038939476), ('D_fake', 0.3308475911617279), ('KL_realB_fakeB', 0.0798442730879701)])
(epoch: 44, iters: 37, time: 0.045, data: 1.656) G_GAN: 0.315 G_L1: 2.742 D_real: 0.157 D_fake: 0.331 KL_realB_fakeB: 0.080 
End of epoch 44 / 200 	 Time Taken: 2 sec
learning rate 0.0002000 -> 0.0002000
saving the model at the end of epoch 45, iters 1845
End of epoch 45 / 200 	 Time Taken: 10 sec
learning rate 0.0002000 -> 0.0002000
End of epoch 46 / 200 	 Time Taken: 2 sec
learning rate 0.0002000 -> 0.0002000
OrderedDict([('G_GAN', 0.6069916486740112), ('G_L1', 2.1639411449432373), ('D_real', 0.19959726929664612), ('D_fake', 0.24744194746017456), ('KL_realB_fakeB', 0.2392607460163434)])
(epoch: 47, iters: 14, time: 0.048, data: 2.778) G_GAN: 0.607 G_L1: 2.164 D_real: 0.200 D_fake: 0.247 KL_realB_fakeB: 0.239 
End of epoch 47 / 200 	 Time Taken: 2 sec
learning rate 0.0002000 -> 0.0002000
End of epoch 48 / 200 	 Time Taken: 2 sec
learning rate 0.0002000 -> 0.0002000
OrderedDict([('G_GAN', 0.30483704805374146), ('G_L1', 2.3458056449890137), ('D_real', 0.2165871411561966), ('D_fake', 0.23434574902057648), ('KL_realB_fakeB', 0.1320018983814606)])
(epoch: 49, iters: 32, time: 0.289, data: 1.276) G_GAN: 0.305 G_L1: 2.346 D_real: 0.217 D_fake: 0.234 KL_realB_fakeB: 0.132 
End of epoch 49 / 200 	 Time Taken: 3 sec
learning rate 0.0002000 -> 0.0002000
end of validation step
end of validation step
end of validation step
end of validation step
end of validation step
saving the model at the end of epoch 50, iters 2050
End of epoch 50 / 200 	 Time Taken: 12 sec
learning rate 0.0002000 -> 0.0002000
End of epoch 51 / 200 	 Time Taken: 2 sec
learning rate 0.0002000 -> 0.0002000
OrderedDict([('G_GAN', 0.3620050549507141), ('G_L1', 1.857756495475769), ('D_real', 0.3324894607067108), ('D_fake', 0.0810699313879013), ('KL_realB_fakeB', 0.24278941060422793)])
(epoch: 52, iters: 9, time: 0.034, data: 2.778) G_GAN: 0.362 G_L1: 1.858 D_real: 0.332 D_fake: 0.081 KL_realB_fakeB: 0.243 
End of epoch 52 / 200 	 Time Taken: 2 sec
learning rate 0.0002000 -> 0.0002000
End of epoch 53 / 200 	 Time Taken: 3 sec
learning rate 0.0002000 -> 0.0002000
OrderedDict([('G_GAN', 0.5017211437225342), ('G_L1', 2.313256025314331), ('D_real', 0.234446182847023), ('D_fake', 0.35601571202278137), ('KL_realB_fakeB', 0.2680135589534969)])
(epoch: 54, iters: 27, time: 0.043, data: 0.890) G_GAN: 0.502 G_L1: 2.313 D_real: 0.234 D_fake: 0.356 KL_realB_fakeB: 0.268 
End of epoch 54 / 200 	 Time Taken: 2 sec
learning rate 0.0002000 -> 0.0002000
saving the model at the end of epoch 55, iters 2255
End of epoch 55 / 200 	 Time Taken: 8 sec
learning rate 0.0002000 -> 0.0002000
End of epoch 56 / 200 	 Time Taken: 2 sec
learning rate 0.0002000 -> 0.0002000
OrderedDict([('G_GAN', 0.5266367793083191), ('G_L1', 2.3914215564727783), ('D_real', 0.25274479389190674), ('D_fake', 0.45580577850341797), ('KL_realB_fakeB', 0.16859223266251802)])
(epoch: 57, iters: 4, time: 0.044, data: 1.833) G_GAN: 0.527 G_L1: 2.391 D_real: 0.253 D_fake: 0.456 KL_realB_fakeB: 0.169 
End of epoch 57 / 200 	 Time Taken: 2 sec
learning rate 0.0002000 -> 0.0002000
End of epoch 58 / 200 	 Time Taken: 3 sec
learning rate 0.0002000 -> 0.0002000
OrderedDict([('G_GAN', 0.25771233439445496), ('G_L1', 1.8225706815719604), ('D_real', 0.2701959013938904), ('D_fake', 0.293374240398407), ('KL_realB_fakeB', 0.12781137595573835)])
(epoch: 59, iters: 22, time: 0.330, data: 0.759) G_GAN: 0.258 G_L1: 1.823 D_real: 0.270 D_fake: 0.293 KL_realB_fakeB: 0.128 
End of epoch 59 / 200 	 Time Taken: 2 sec
learning rate 0.0002000 -> 0.0002000
end of validation step
end of validation step
end of validation step
end of validation step
end of validation step
saving the model at the end of epoch 60, iters 2460
End of epoch 60 / 200 	 Time Taken: 8 sec
learning rate 0.0002000 -> 0.0002000
OrderedDict([('G_GAN', 0.5676555633544922), ('G_L1', 2.439713954925537), ('D_real', 0.2180897444486618), ('D_fake', 0.3919185698032379), ('KL_realB_fakeB', 0.09760407473618431)])
(epoch: 61, iters: 40, time: 0.044, data: 1.827) G_GAN: 0.568 G_L1: 2.440 D_real: 0.218 D_fake: 0.392 KL_realB_fakeB: 0.098 
End of epoch 61 / 200 	 Time Taken: 2 sec
learning rate 0.0002000 -> 0.0002000
End of epoch 62 / 200 	 Time Taken: 2 sec
learning rate 0.0002000 -> 0.0002000
End of epoch 63 / 200 	 Time Taken: 3 sec
learning rate 0.0002000 -> 0.0002000
OrderedDict([('G_GAN', 0.36498039960861206), ('G_L1', 1.9643995761871338), ('D_real', 0.22731363773345947), ('D_fake', 0.20946547389030457), ('KL_realB_fakeB', 0.08696800585460987)])
(epoch: 64, iters: 17, time: 0.045, data: 2.423) G_GAN: 0.365 G_L1: 1.964 D_real: 0.227 D_fake: 0.209 KL_realB_fakeB: 0.087 
End of epoch 64 / 200 	 Time Taken: 3 sec
learning rate 0.0002000 -> 0.0002000
saving the model at the end of epoch 65, iters 2665
End of epoch 65 / 200 	 Time Taken: 8 sec
learning rate 0.0002000 -> 0.0002000
OrderedDict([('G_GAN', 0.36014482378959656), ('G_L1', 1.9556150436401367), ('D_real', 0.15091250836849213), ('D_fake', 0.23650698363780975), ('KL_realB_fakeB', 0.12459405669129289)])
(epoch: 66, iters: 35, time: 0.032, data: 1.537) G_GAN: 0.360 G_L1: 1.956 D_real: 0.151 D_fake: 0.237 KL_realB_fakeB: 0.125 
End of epoch 66 / 200 	 Time Taken: 2 sec
learning rate 0.0002000 -> 0.0002000
End of epoch 67 / 200 	 Time Taken: 2 sec
learning rate 0.0002000 -> 0.0002000
End of epoch 68 / 200 	 Time Taken: 2 sec
learning rate 0.0002000 -> 0.0002000
OrderedDict([('G_GAN', 0.3730368912220001), ('G_L1', 1.976853609085083), ('D_real', 0.07653217017650604), ('D_fake', 0.7841641306877136), ('KL_realB_fakeB', 0.1575145924448364)])
(epoch: 69, iters: 12, time: 0.301, data: 2.737) G_GAN: 0.373 G_L1: 1.977 D_real: 0.077 D_fake: 0.784 KL_realB_fakeB: 0.158 
End of epoch 69 / 200 	 Time Taken: 3 sec
learning rate 0.0002000 -> 0.0002000
end of validation step
end of validation step
end of validation step
end of validation step
end of validation step
saving the model at the end of epoch 70, iters 2870
End of epoch 70 / 200 	 Time Taken: 8 sec
learning rate 0.0002000 -> 0.0002000
OrderedDict([('G_GAN', 0.33487650752067566), ('G_L1', 2.117466449737549), ('D_real', 0.6280851364135742), ('D_fake', 0.08042850345373154), ('KL_realB_fakeB', 0.08565824051091313)])
(epoch: 71, iters: 30, time: 0.033, data: 1.274) G_GAN: 0.335 G_L1: 2.117 D_real: 0.628 D_fake: 0.080 KL_realB_fakeB: 0.086 
End of epoch 71 / 200 	 Time Taken: 3 sec
learning rate 0.0002000 -> 0.0002000
End of epoch 72 / 200 	 Time Taken: 2 sec
learning rate 0.0002000 -> 0.0002000
End of epoch 73 / 200 	 Time Taken: 2 sec
learning rate 0.0002000 -> 0.0002000
OrderedDict([('G_GAN', 0.49302613735198975), ('G_L1', 1.7983566522598267), ('D_real', 0.27141520380973816), ('D_fake', 0.36877551674842834), ('KL_realB_fakeB', 0.1227505475500951)])
(epoch: 74, iters: 7, time: 0.044, data: 2.446) G_GAN: 0.493 G_L1: 1.798 D_real: 0.271 D_fake: 0.369 KL_realB_fakeB: 0.123 
End of epoch 74 / 200 	 Time Taken: 2 sec
learning rate 0.0002000 -> 0.0002000
saving the model at the end of epoch 75, iters 3075
End of epoch 75 / 200 	 Time Taken: 8 sec
learning rate 0.0002000 -> 0.0002000
OrderedDict([('G_GAN', 0.1517772525548935), ('G_L1', 1.6668740510940552), ('D_real', 0.6053737998008728), ('D_fake', 0.10746736824512482), ('KL_realB_fakeB', 0.09248273093579482)])
(epoch: 76, iters: 25, time: 0.037, data: 0.840) G_GAN: 0.152 G_L1: 1.667 D_real: 0.605 D_fake: 0.107 KL_realB_fakeB: 0.092 
End of epoch 76 / 200 	 Time Taken: 3 sec
learning rate 0.0002000 -> 0.0002000
End of epoch 77 / 200 	 Time Taken: 2 sec
learning rate 0.0002000 -> 0.0002000
End of epoch 78 / 200 	 Time Taken: 2 sec
learning rate 0.0002000 -> 0.0002000
OrderedDict([('G_GAN', 0.4202600121498108), ('G_L1', 1.6657099723815918), ('D_real', 0.15704017877578735), ('D_fake', 0.32658326625823975), ('KL_realB_fakeB', 0.064068764798122)])
(epoch: 79, iters: 2, time: 0.226, data: 2.176) G_GAN: 0.420 G_L1: 1.666 D_real: 0.157 D_fake: 0.327 KL_realB_fakeB: 0.064 
End of epoch 79 / 200 	 Time Taken: 2 sec
learning rate 0.0002000 -> 0.0002000
end of validation step
end of validation step
end of validation step
end of validation step
end of validation step
saving the model at the end of epoch 80, iters 3280
End of epoch 80 / 200 	 Time Taken: 8 sec
learning rate 0.0002000 -> 0.0002000
OrderedDict([('G_GAN', 0.4262969493865967), ('G_L1', 1.8971761465072632), ('D_real', 0.2320314645767212), ('D_fake', 0.04048522189259529), ('KL_realB_fakeB', 0.09023469041177627)])
(epoch: 81, iters: 20, time: 0.036, data: 0.772) G_GAN: 0.426 G_L1: 1.897 D_real: 0.232 D_fake: 0.040 KL_realB_fakeB: 0.090 
End of epoch 81 / 200 	 Time Taken: 2 sec
learning rate 0.0002000 -> 0.0002000
End of epoch 82 / 200 	 Time Taken: 2 sec
learning rate 0.0002000 -> 0.0002000
OrderedDict([('G_GAN', 0.2560819089412689), ('G_L1', 2.171022891998291), ('D_real', 0.35937464237213135), ('D_fake', 0.13492266833782196), ('KL_realB_fakeB', 0.11209097646415646)])
(epoch: 83, iters: 38, time: 0.050, data: 1.718) G_GAN: 0.256 G_L1: 2.171 D_real: 0.359 D_fake: 0.135 KL_realB_fakeB: 0.112 
End of epoch 83 / 200 	 Time Taken: 2 sec
learning rate 0.0002000 -> 0.0002000
End of epoch 84 / 200 	 Time Taken: 2 sec
learning rate 0.0002000 -> 0.0002000
saving the model at the end of epoch 85, iters 3485
End of epoch 85 / 200 	 Time Taken: 9 sec
learning rate 0.0002000 -> 0.0002000
OrderedDict([('G_GAN', 0.37389862537384033), ('G_L1', 2.430936336517334), ('D_real', 0.40909621119499207), ('D_fake', 0.13678331673145294), ('KL_realB_fakeB', 0.07524746823407522)])
(epoch: 86, iters: 15, time: 0.045, data: 2.698) G_GAN: 0.374 G_L1: 2.431 D_real: 0.409 D_fake: 0.137 KL_realB_fakeB: 0.075 
End of epoch 86 / 200 	 Time Taken: 2 sec
learning rate 0.0002000 -> 0.0002000
End of epoch 87 / 200 	 Time Taken: 2 sec
learning rate 0.0002000 -> 0.0002000
OrderedDict([('G_GAN', 0.5250365734100342), ('G_L1', 2.1851274967193604), ('D_real', 0.11840387433767319), ('D_fake', 0.5464614629745483), ('KL_realB_fakeB', 0.17518289135669068)])
(epoch: 88, iters: 33, time: 0.418, data: 1.143) G_GAN: 0.525 G_L1: 2.185 D_real: 0.118 D_fake: 0.546 KL_realB_fakeB: 0.175 
End of epoch 88 / 200 	 Time Taken: 3 sec
learning rate 0.0002000 -> 0.0002000
End of epoch 89 / 200 	 Time Taken: 2 sec
learning rate 0.0002000 -> 0.0002000
end of validation step
end of validation step
end of validation step
end of validation step
end of validation step
saving the model at the end of epoch 90, iters 3690
End of epoch 90 / 200 	 Time Taken: 11 sec
learning rate 0.0002000 -> 0.0002000
OrderedDict([('G_GAN', 0.41198110580444336), ('G_L1', 1.2113302946090698), ('D_real', 0.20759069919586182), ('D_fake', 0.3005545139312744), ('KL_realB_fakeB', 0.11244863244794417)])
(epoch: 91, iters: 10, time: 0.033, data: 2.750) G_GAN: 0.412 G_L1: 1.211 D_real: 0.208 D_fake: 0.301 KL_realB_fakeB: 0.112 
End of epoch 91 / 200 	 Time Taken: 2 sec
learning rate 0.0002000 -> 0.0002000
End of epoch 92 / 200 	 Time Taken: 3 sec
learning rate 0.0002000 -> 0.0002000
OrderedDict([('G_GAN', 0.3590141534805298), ('G_L1', 2.578216314315796), ('D_real', 0.25087064504623413), ('D_fake', 0.4070906639099121), ('KL_realB_fakeB', 0.24421528572693418)])
(epoch: 93, iters: 28, time: 0.048, data: 0.928) G_GAN: 0.359 G_L1: 2.578 D_real: 0.251 D_fake: 0.407 KL_realB_fakeB: 0.244 
End of epoch 93 / 200 	 Time Taken: 2 sec
learning rate 0.0002000 -> 0.0002000
End of epoch 94 / 200 	 Time Taken: 2 sec
learning rate 0.0002000 -> 0.0002000
saving the model at the end of epoch 95, iters 3895
End of epoch 95 / 200 	 Time Taken: 9 sec
learning rate 0.0002000 -> 0.0002000
OrderedDict([('G_GAN', 0.39562079310417175), ('G_L1', 1.831634521484375), ('D_real', 0.22167976200580597), ('D_fake', 0.028510425239801407), ('KL_realB_fakeB', 0.09637284257061887)])
(epoch: 96, iters: 5, time: 0.054, data: 1.978) G_GAN: 0.396 G_L1: 1.832 D_real: 0.222 D_fake: 0.029 KL_realB_fakeB: 0.096 
End of epoch 96 / 200 	 Time Taken: 2 sec
learning rate 0.0002000 -> 0.0002000
End of epoch 97 / 200 	 Time Taken: 2 sec
learning rate 0.0002000 -> 0.0002000
OrderedDict([('G_GAN', 0.4181779623031616), ('G_L1', 1.866602897644043), ('D_real', 0.18175838887691498), ('D_fake', 0.3335346281528473), ('KL_realB_fakeB', 0.07363867137778919)])
(epoch: 98, iters: 23, time: 0.404, data: 0.715) G_GAN: 0.418 G_L1: 1.867 D_real: 0.182 D_fake: 0.334 KL_realB_fakeB: 0.074 
End of epoch 98 / 200 	 Time Taken: 3 sec
learning rate 0.0002000 -> 0.0002000
End of epoch 99 / 200 	 Time Taken: 2 sec
learning rate 0.0002000 -> 0.0001980
OrderedDict([('G_GAN', 0.26086339354515076), ('G_L1', 1.4714303016662598), ('D_real', 0.31457802653312683), ('D_fake', 0.17207211256027222), ('KL_realB_fakeB', 0.09391349548895911)])
(epoch: 100, iters: 41, time: 0.051, data: 2.299) G_GAN: 0.261 G_L1: 1.471 D_real: 0.315 D_fake: 0.172 KL_realB_fakeB: 0.094 
end of validation step
end of validation step
end of validation step
end of validation step
end of validation step
saving the model at the end of epoch 100, iters 4100
End of epoch 100 / 200 	 Time Taken: 9 sec
learning rate 0.0001980 -> 0.0001960
End of epoch 101 / 200 	 Time Taken: 2 sec
learning rate 0.0001960 -> 0.0001941
End of epoch 102 / 200 	 Time Taken: 2 sec
learning rate 0.0001941 -> 0.0001921
OrderedDict([('G_GAN', 0.5298044681549072), ('G_L1', 1.6692575216293335), ('D_real', 0.04265409708023071), ('D_fake', 0.362835168838501), ('KL_realB_fakeB', 0.13478433457812622)])
(epoch: 103, iters: 18, time: 0.039, data: 0.089) G_GAN: 0.530 G_L1: 1.669 D_real: 0.043 D_fake: 0.363 KL_realB_fakeB: 0.135 
End of epoch 103 / 200 	 Time Taken: 2 sec
learning rate 0.0001921 -> 0.0001901
End of epoch 104 / 200 	 Time Taken: 2 sec
learning rate 0.0001901 -> 0.0001881
OrderedDict([('G_GAN', 0.32404834032058716), ('G_L1', 1.656229019165039), ('D_real', 0.0983593538403511), ('D_fake', 0.43978041410446167), ('KL_realB_fakeB', 0.10431324551855001)])
(epoch: 105, iters: 36, time: 0.048, data: 1.308) G_GAN: 0.324 G_L1: 1.656 D_real: 0.098 D_fake: 0.440 KL_realB_fakeB: 0.104 
saving the model at the end of epoch 105, iters 4305
End of epoch 105 / 200 	 Time Taken: 7 sec
learning rate 0.0001881 -> 0.0001861
End of epoch 106 / 200 	 Time Taken: 2 sec
learning rate 0.0001861 -> 0.0001842
End of epoch 107 / 200 	 Time Taken: 2 sec
learning rate 0.0001842 -> 0.0001822
OrderedDict([('G_GAN', 0.41913047432899475), ('G_L1', 1.691788673400879), ('D_real', 0.40500494837760925), ('D_fake', 0.1460970789194107), ('KL_realB_fakeB', 0.09801192958593075)])
(epoch: 108, iters: 13, time: 0.296, data: 2.579) G_GAN: 0.419 G_L1: 1.692 D_real: 0.405 D_fake: 0.146 KL_realB_fakeB: 0.098 
End of epoch 108 / 200 	 Time Taken: 2 sec
learning rate 0.0001822 -> 0.0001802
End of epoch 109 / 200 	 Time Taken: 3 sec
learning rate 0.0001802 -> 0.0001782
OrderedDict([('G_GAN', 0.2830573320388794), ('G_L1', 1.5207271575927734), ('D_real', 0.4874643385410309), ('D_fake', 0.05195469409227371), ('KL_realB_fakeB', 0.06438119292707771)])
(epoch: 110, iters: 31, time: 0.047, data: 1.440) G_GAN: 0.283 G_L1: 1.521 D_real: 0.487 D_fake: 0.052 KL_realB_fakeB: 0.064 
end of validation step
end of validation step
end of validation step
end of validation step
end of validation step
saving the model at the end of epoch 110, iters 4510
End of epoch 110 / 200 	 Time Taken: 8 sec
learning rate 0.0001782 -> 0.0001762
End of epoch 111 / 200 	 Time Taken: 3 sec
learning rate 0.0001762 -> 0.0001743
End of epoch 112 / 200 	 Time Taken: 2 sec
learning rate 0.0001743 -> 0.0001723
OrderedDict([('G_GAN', 0.9242714047431946), ('G_L1', 1.6931360960006714), ('D_real', 0.056597862392663956), ('D_fake', 0.3061068654060364), ('KL_realB_fakeB', 0.08376166017322807)])
(epoch: 113, iters: 8, time: 0.047, data: 2.411) G_GAN: 0.924 G_L1: 1.693 D_real: 0.057 D_fake: 0.306 KL_realB_fakeB: 0.084 
End of epoch 113 / 200 	 Time Taken: 2 sec
learning rate 0.0001723 -> 0.0001703
End of epoch 114 / 200 	 Time Taken: 2 sec
learning rate 0.0001703 -> 0.0001683
OrderedDict([('G_GAN', 0.24295789003372192), ('G_L1', 1.2154346704483032), ('D_real', 0.22599579393863678), ('D_fake', 0.1720992773771286), ('KL_realB_fakeB', 0.08233325179133703)])
(epoch: 115, iters: 26, time: 0.037, data: 0.731) G_GAN: 0.243 G_L1: 1.215 D_real: 0.226 D_fake: 0.172 KL_realB_fakeB: 0.082 
saving the model at the end of epoch 115, iters 4715
End of epoch 115 / 200 	 Time Taken: 8 sec
learning rate 0.0001683 -> 0.0001663
End of epoch 116 / 200 	 Time Taken: 3 sec
learning rate 0.0001663 -> 0.0001644
End of epoch 117 / 200 	 Time Taken: 2 sec
learning rate 0.0001644 -> 0.0001624
OrderedDict([('G_GAN', 0.685802698135376), ('G_L1', 1.7342215776443481), ('D_real', 0.053761448711156845), ('D_fake', 0.04904727265238762), ('KL_realB_fakeB', 0.06585235854240849)])
(epoch: 118, iters: 3, time: 0.354, data: 2.044) G_GAN: 0.686 G_L1: 1.734 D_real: 0.054 D_fake: 0.049 KL_realB_fakeB: 0.066 
End of epoch 118 / 200 	 Time Taken: 2 sec
learning rate 0.0001624 -> 0.0001604
End of epoch 119 / 200 	 Time Taken: 2 sec
learning rate 0.0001604 -> 0.0001584
OrderedDict([('G_GAN', 0.4156400263309479), ('G_L1', 1.469267725944519), ('D_real', 0.05212834104895592), ('D_fake', 0.5850037932395935), ('KL_realB_fakeB', 0.07038807525538839)])
(epoch: 120, iters: 21, time: 0.047, data: 1.043) G_GAN: 0.416 G_L1: 1.469 D_real: 0.052 D_fake: 0.585 KL_realB_fakeB: 0.070 
end of validation step
end of validation step
end of validation step
end of validation step
end of validation step
saving the model at the end of epoch 120, iters 4920
End of epoch 120 / 200 	 Time Taken: 8 sec
learning rate 0.0001584 -> 0.0001564
End of epoch 121 / 200 	 Time Taken: 2 sec
learning rate 0.0001564 -> 0.0001545
OrderedDict([('G_GAN', 0.3673383295536041), ('G_L1', 1.6404204368591309), ('D_real', 0.21712727844715118), ('D_fake', 0.24201014637947083), ('KL_realB_fakeB', 0.07926957879093952)])
(epoch: 122, iters: 39, time: 0.052, data: 1.552) G_GAN: 0.367 G_L1: 1.640 D_real: 0.217 D_fake: 0.242 KL_realB_fakeB: 0.079 
saving the latest model (epoch 122, total_iters 5000)
End of epoch 122 / 200 	 Time Taken: 5 sec
learning rate 0.0001545 -> 0.0001525
End of epoch 123 / 200 	 Time Taken: 2 sec
learning rate 0.0001525 -> 0.0001505
End of epoch 124 / 200 	 Time Taken: 2 sec
learning rate 0.0001505 -> 0.0001485
OrderedDict([('G_GAN', 0.533076822757721), ('G_L1', 1.6359573602676392), ('D_real', 0.2646927535533905), ('D_fake', 0.0379796028137207), ('KL_realB_fakeB', 0.07301583447965333)])
(epoch: 125, iters: 16, time: 0.050, data: 5.334) G_GAN: 0.533 G_L1: 1.636 D_real: 0.265 D_fake: 0.038 KL_realB_fakeB: 0.073 
saving the model at the end of epoch 125, iters 5125
End of epoch 125 / 200 	 Time Taken: 7 sec
learning rate 0.0001485 -> 0.0001465
End of epoch 126 / 200 	 Time Taken: 2 sec
learning rate 0.0001465 -> 0.0001446
OrderedDict([('G_GAN', 0.33030465245246887), ('G_L1', 1.570514440536499), ('D_real', 0.16162428259849548), ('D_fake', 0.30042746663093567), ('KL_realB_fakeB', 0.06750489704105897)])
(epoch: 127, iters: 34, time: 0.447, data: 1.096) G_GAN: 0.330 G_L1: 1.571 D_real: 0.162 D_fake: 0.300 KL_realB_fakeB: 0.068 
End of epoch 127 / 200 	 Time Taken: 3 sec
learning rate 0.0001446 -> 0.0001426
End of epoch 128 / 200 	 Time Taken: 2 sec
learning rate 0.0001426 -> 0.0001406
End of epoch 129 / 200 	 Time Taken: 2 sec
learning rate 0.0001406 -> 0.0001386
OrderedDict([('G_GAN', 0.20681190490722656), ('G_L1', 1.3811028003692627), ('D_real', 0.21657706797122955), ('D_fake', 0.26170122623443604), ('KL_realB_fakeB', 0.06613889046665243)])
(epoch: 130, iters: 11, time: 0.051, data: 2.764) G_GAN: 0.207 G_L1: 1.381 D_real: 0.217 D_fake: 0.262 KL_realB_fakeB: 0.066 
end of validation step
end of validation step
end of validation step
end of validation step
end of validation step
saving the model at the end of epoch 130, iters 5330
End of epoch 130 / 200 	 Time Taken: 9 sec
learning rate 0.0001386 -> 0.0001366
End of epoch 131 / 200 	 Time Taken: 2 sec
learning rate 0.0001366 -> 0.0001347
OrderedDict([('G_GAN', 0.211282417178154), ('G_L1', 1.1167778968811035), ('D_real', 0.06208788603544235), ('D_fake', 0.6543499231338501), ('KL_realB_fakeB', 0.0689388633351016)])
(epoch: 132, iters: 29, time: 0.038, data: 1.197) G_GAN: 0.211 G_L1: 1.117 D_real: 0.062 D_fake: 0.654 KL_realB_fakeB: 0.069 
End of epoch 132 / 200 	 Time Taken: 2 sec
learning rate 0.0001347 -> 0.0001327
End of epoch 133 / 200 	 Time Taken: 2 sec
learning rate 0.0001327 -> 0.0001307
End of epoch 134 / 200 	 Time Taken: 2 sec
learning rate 0.0001307 -> 0.0001287
OrderedDict([('G_GAN', 0.5571550130844116), ('G_L1', 1.249903678894043), ('D_real', 0.19054339826107025), ('D_fake', 0.15155765414237976), ('KL_realB_fakeB', 0.0604742940398742)])
(epoch: 135, iters: 6, time: 0.051, data: 1.953) G_GAN: 0.557 G_L1: 1.250 D_real: 0.191 D_fake: 0.152 KL_realB_fakeB: 0.060 
saving the model at the end of epoch 135, iters 5535
End of epoch 135 / 200 	 Time Taken: 11 sec
learning rate 0.0001287 -> 0.0001267
End of epoch 136 / 200 	 Time Taken: 2 sec
learning rate 0.0001267 -> 0.0001248
OrderedDict([('G_GAN', 0.21455292403697968), ('G_L1', 1.2004494667053223), ('D_real', 0.2071104496717453), ('D_fake', 0.28985148668289185), ('KL_realB_fakeB', 0.07597388839262328)])
(epoch: 137, iters: 24, time: 0.444, data: 1.015) G_GAN: 0.215 G_L1: 1.200 D_real: 0.207 D_fake: 0.290 KL_realB_fakeB: 0.076 
End of epoch 137 / 200 	 Time Taken: 3 sec
learning rate 0.0001248 -> 0.0001228
End of epoch 138 / 200 	 Time Taken: 2 sec
learning rate 0.0001228 -> 0.0001208
End of epoch 139 / 200 	 Time Taken: 2 sec
learning rate 0.0001208 -> 0.0001188
OrderedDict([('G_GAN', 0.25132185220718384), ('G_L1', 1.6315549612045288), ('D_real', 0.035358693450689316), ('D_fake', 0.6189002394676208), ('KL_realB_fakeB', 0.06957799782379855)])
(epoch: 140, iters: 1, time: 0.047, data: 2.173) G_GAN: 0.251 G_L1: 1.632 D_real: 0.035 D_fake: 0.619 KL_realB_fakeB: 0.070 
end of validation step
end of validation step
end of validation step
end of validation step
end of validation step
saving the model at the end of epoch 140, iters 5740
End of epoch 140 / 200 	 Time Taken: 10 sec
learning rate 0.0001188 -> 0.0001168
End of epoch 141 / 200 	 Time Taken: 2 sec
learning rate 0.0001168 -> 0.0001149
OrderedDict([('G_GAN', 0.27990221977233887), ('G_L1', 1.4276907444000244), ('D_real', 0.22575470805168152), ('D_fake', 0.21963390707969666), ('KL_realB_fakeB', 0.06425071450617716)])
(epoch: 142, iters: 19, time: 0.046, data: 0.168) G_GAN: 0.280 G_L1: 1.428 D_real: 0.226 D_fake: 0.220 KL_realB_fakeB: 0.064 
End of epoch 142 / 200 	 Time Taken: 2 sec
learning rate 0.0001149 -> 0.0001129
End of epoch 143 / 200 	 Time Taken: 2 sec
learning rate 0.0001129 -> 0.0001109
OrderedDict([('G_GAN', 0.6486097574234009), ('G_L1', 1.6429400444030762), ('D_real', 0.23021721839904785), ('D_fake', 0.03126566484570503), ('KL_realB_fakeB', 0.06735134648319857)])
(epoch: 144, iters: 37, time: 0.050, data: 1.471) G_GAN: 0.649 G_L1: 1.643 D_real: 0.230 D_fake: 0.031 KL_realB_fakeB: 0.067 
End of epoch 144 / 200 	 Time Taken: 2 sec
learning rate 0.0001109 -> 0.0001089
saving the model at the end of epoch 145, iters 5945
End of epoch 145 / 200 	 Time Taken: 8 sec
learning rate 0.0001089 -> 0.0001069
End of epoch 146 / 200 	 Time Taken: 2 sec
learning rate 0.0001069 -> 0.0001050
OrderedDict([('G_GAN', 0.27592596411705017), ('G_L1', 1.217624545097351), ('D_real', 0.38789474964141846), ('D_fake', 0.1439230740070343), ('KL_realB_fakeB', 0.07947811653163318)])
(epoch: 147, iters: 14, time: 0.872, data: 2.658) G_GAN: 0.276 G_L1: 1.218 D_real: 0.388 D_fake: 0.144 KL_realB_fakeB: 0.079 
End of epoch 147 / 200 	 Time Taken: 3 sec
learning rate 0.0001050 -> 0.0001030
End of epoch 148 / 200 	 Time Taken: 2 sec
learning rate 0.0001030 -> 0.0001010
OrderedDict([('G_GAN', 0.33301690220832825), ('G_L1', 1.4176232814788818), ('D_real', 0.2415468692779541), ('D_fake', 0.170113667845726), ('KL_realB_fakeB', 0.0593010546816271)])
(epoch: 149, iters: 32, time: 0.049, data: 1.969) G_GAN: 0.333 G_L1: 1.418 D_real: 0.242 D_fake: 0.170 KL_realB_fakeB: 0.059 
End of epoch 149 / 200 	 Time Taken: 2 sec
learning rate 0.0001010 -> 0.0000990
end of validation step
end of validation step
end of validation step
end of validation step
end of validation step
saving the model at the end of epoch 150, iters 6150
End of epoch 150 / 200 	 Time Taken: 8 sec
learning rate 0.0000990 -> 0.0000970
End of epoch 151 / 200 	 Time Taken: 3 sec
learning rate 0.0000970 -> 0.0000950
OrderedDict([('G_GAN', 0.7051178812980652), ('G_L1', 1.2423052787780762), ('D_real', 0.060948681086301804), ('D_fake', 0.21779993176460266), ('KL_realB_fakeB', 0.06878827478415958)])
(epoch: 152, iters: 9, time: 0.037, data: 2.302) G_GAN: 0.705 G_L1: 1.242 D_real: 0.061 D_fake: 0.218 KL_realB_fakeB: 0.069 
End of epoch 152 / 200 	 Time Taken: 2 sec
learning rate 0.0000950 -> 0.0000931
End of epoch 153 / 200 	 Time Taken: 2 sec
learning rate 0.0000931 -> 0.0000911
OrderedDict([('G_GAN', 0.26426348090171814), ('G_L1', 1.4116066694259644), ('D_real', 0.1768309473991394), ('D_fake', 0.27941957116127014), ('KL_realB_fakeB', 0.09220647299697139)])
(epoch: 154, iters: 27, time: 0.049, data: 0.931) G_GAN: 0.264 G_L1: 1.412 D_real: 0.177 D_fake: 0.279 KL_realB_fakeB: 0.092 
End of epoch 154 / 200 	 Time Taken: 2 sec
learning rate 0.0000911 -> 0.0000891
saving the model at the end of epoch 155, iters 6355
End of epoch 155 / 200 	 Time Taken: 8 sec
learning rate 0.0000891 -> 0.0000871
End of epoch 156 / 200 	 Time Taken: 2 sec
learning rate 0.0000871 -> 0.0000851
OrderedDict([('G_GAN', 0.3100559711456299), ('G_L1', 1.4731824398040771), ('D_real', 0.14104939997196198), ('D_fake', 0.30189529061317444), ('KL_realB_fakeB', 0.06500085592274582)])
(epoch: 157, iters: 4, time: 0.465, data: 1.824) G_GAN: 0.310 G_L1: 1.473 D_real: 0.141 D_fake: 0.302 KL_realB_fakeB: 0.065 
End of epoch 157 / 200 	 Time Taken: 3 sec
learning rate 0.0000851 -> 0.0000832
End of epoch 158 / 200 	 Time Taken: 2 sec
learning rate 0.0000832 -> 0.0000812
OrderedDict([('G_GAN', 0.2763972580432892), ('G_L1', 1.4804075956344604), ('D_real', 0.19145318865776062), ('D_fake', 0.24475206434726715), ('KL_realB_fakeB', 0.09060493673017025)])
(epoch: 159, iters: 22, time: 0.049, data: 1.212) G_GAN: 0.276 G_L1: 1.480 D_real: 0.191 D_fake: 0.245 KL_realB_fakeB: 0.091 
End of epoch 159 / 200 	 Time Taken: 2 sec
learning rate 0.0000812 -> 0.0000792
end of validation step
end of validation step
end of validation step
end of validation step
end of validation step
saving the model at the end of epoch 160, iters 6560
End of epoch 160 / 200 	 Time Taken: 8 sec
learning rate 0.0000792 -> 0.0000772
OrderedDict([('G_GAN', 0.3332400321960449), ('G_L1', 1.2356517314910889), ('D_real', 0.19361254572868347), ('D_fake', 0.2952974736690521), ('KL_realB_fakeB', 0.06231025130087855)])
(epoch: 161, iters: 40, time: 0.050, data: 1.699) G_GAN: 0.333 G_L1: 1.236 D_real: 0.194 D_fake: 0.295 KL_realB_fakeB: 0.062 
End of epoch 161 / 200 	 Time Taken: 3 sec
learning rate 0.0000772 -> 0.0000752
End of epoch 162 / 200 	 Time Taken: 2 sec
learning rate 0.0000752 -> 0.0000733
End of epoch 163 / 200 	 Time Taken: 2 sec
learning rate 0.0000733 -> 0.0000713
OrderedDict([('G_GAN', 0.34552904963493347), ('G_L1', 1.583788514137268), ('D_real', 0.36101076006889343), ('D_fake', 0.09993112087249756), ('KL_realB_fakeB', 0.10795904323477218)])
(epoch: 164, iters: 17, time: 0.047, data: 2.932) G_GAN: 0.346 G_L1: 1.584 D_real: 0.361 D_fake: 0.100 KL_realB_fakeB: 0.108 
End of epoch 164 / 200 	 Time Taken: 2 sec
learning rate 0.0000713 -> 0.0000693
saving the model at the end of epoch 165, iters 6765
End of epoch 165 / 200 	 Time Taken: 8 sec
learning rate 0.0000693 -> 0.0000673
OrderedDict([('G_GAN', 0.5715475678443909), ('G_L1', 1.1709773540496826), ('D_real', 0.14580115675926208), ('D_fake', 0.17159153521060944), ('KL_realB_fakeB', 0.06812649029461307)])
(epoch: 166, iters: 35, time: 0.347, data: 1.529) G_GAN: 0.572 G_L1: 1.171 D_real: 0.146 D_fake: 0.172 KL_realB_fakeB: 0.068 
End of epoch 166 / 200 	 Time Taken: 3 sec
learning rate 0.0000673 -> 0.0000653
End of epoch 167 / 200 	 Time Taken: 2 sec
learning rate 0.0000653 -> 0.0000634
End of epoch 168 / 200 	 Time Taken: 2 sec
learning rate 0.0000634 -> 0.0000614
OrderedDict([('G_GAN', 0.45346584916114807), ('G_L1', 1.414631724357605), ('D_real', 0.21053946018218994), ('D_fake', 0.2023027390241623), ('KL_realB_fakeB', 0.06626420457994729)])
(epoch: 169, iters: 12, time: 0.054, data: 3.037) G_GAN: 0.453 G_L1: 1.415 D_real: 0.211 D_fake: 0.202 KL_realB_fakeB: 0.066 
End of epoch 169 / 200 	 Time Taken: 2 sec
learning rate 0.0000614 -> 0.0000594
end of validation step
end of validation step
end of validation step
end of validation step
end of validation step
saving the model at the end of epoch 170, iters 6970
End of epoch 170 / 200 	 Time Taken: 11 sec
learning rate 0.0000594 -> 0.0000574
OrderedDict([('G_GAN', 0.30557671189308167), ('G_L1', 1.2923961877822876), ('D_real', 0.1811164766550064), ('D_fake', 0.3505746126174927), ('KL_realB_fakeB', 0.055169433210456836)])
(epoch: 171, iters: 30, time: 0.048, data: 0.955) G_GAN: 0.306 G_L1: 1.292 D_real: 0.181 D_fake: 0.351 KL_realB_fakeB: 0.055 
End of epoch 171 / 200 	 Time Taken: 2 sec
learning rate 0.0000574 -> 0.0000554
End of epoch 172 / 200 	 Time Taken: 2 sec
learning rate 0.0000554 -> 0.0000535
End of epoch 173 / 200 	 Time Taken: 2 sec
learning rate 0.0000535 -> 0.0000515
OrderedDict([('G_GAN', 0.2612174153327942), ('G_L1', 1.299837589263916), ('D_real', 0.1918337494134903), ('D_fake', 0.37651893496513367), ('KL_realB_fakeB', 0.061808930541538826)])
(epoch: 174, iters: 7, time: 0.047, data: 2.157) G_GAN: 0.261 G_L1: 1.300 D_real: 0.192 D_fake: 0.377 KL_realB_fakeB: 0.062 
End of epoch 174 / 200 	 Time Taken: 2 sec
learning rate 0.0000515 -> 0.0000495
saving the model at the end of epoch 175, iters 7175
End of epoch 175 / 200 	 Time Taken: 8 sec
learning rate 0.0000495 -> 0.0000475
OrderedDict([('G_GAN', 0.29673609137535095), ('G_L1', 1.1386759281158447), ('D_real', 0.41836032271385193), ('D_fake', 0.09468364715576172), ('KL_realB_fakeB', 0.06968342553169915)])
(epoch: 176, iters: 25, time: 0.455, data: 0.916) G_GAN: 0.297 G_L1: 1.139 D_real: 0.418 D_fake: 0.095 KL_realB_fakeB: 0.070 
End of epoch 176 / 200 	 Time Taken: 2 sec
learning rate 0.0000475 -> 0.0000455
End of epoch 177 / 200 	 Time Taken: 2 sec
learning rate 0.0000455 -> 0.0000436
End of epoch 178 / 200 	 Time Taken: 3 sec
learning rate 0.0000436 -> 0.0000416
OrderedDict([('G_GAN', 0.7031181454658508), ('G_L1', 1.1409528255462646), ('D_real', 0.05275961384177208), ('D_fake', 0.3024638593196869), ('KL_realB_fakeB', 0.06955380371545197)])
(epoch: 179, iters: 2, time: 0.036, data: 2.065) G_GAN: 0.703 G_L1: 1.141 D_real: 0.053 D_fake: 0.302 KL_realB_fakeB: 0.070 
End of epoch 179 / 200 	 Time Taken: 2 sec
learning rate 0.0000416 -> 0.0000396
end of validation step
end of validation step
end of validation step
end of validation step
end of validation step
saving the model at the end of epoch 180, iters 7380
End of epoch 180 / 200 	 Time Taken: 8 sec
learning rate 0.0000396 -> 0.0000376
OrderedDict([('G_GAN', 0.44192492961883545), ('G_L1', 1.3288280963897705), ('D_real', 0.1920413225889206), ('D_fake', 0.16097211837768555), ('KL_realB_fakeB', 0.07033993007746206)])
(epoch: 181, iters: 20, time: 0.049, data: 0.707) G_GAN: 0.442 G_L1: 1.329 D_real: 0.192 D_fake: 0.161 KL_realB_fakeB: 0.070 
End of epoch 181 / 200 	 Time Taken: 2 sec
learning rate 0.0000376 -> 0.0000356
End of epoch 182 / 200 	 Time Taken: 2 sec
learning rate 0.0000356 -> 0.0000337
OrderedDict([('G_GAN', 0.374099463224411), ('G_L1', 1.5363752841949463), ('D_real', 0.15907587110996246), ('D_fake', 0.2907458543777466), ('KL_realB_fakeB', 0.06493915583841359)])
(epoch: 183, iters: 38, time: 0.046, data: 1.649) G_GAN: 0.374 G_L1: 1.536 D_real: 0.159 D_fake: 0.291 KL_realB_fakeB: 0.065 
End of epoch 183 / 200 	 Time Taken: 3 sec
learning rate 0.0000337 -> 0.0000317
End of epoch 184 / 200 	 Time Taken: 2 sec
learning rate 0.0000317 -> 0.0000297
saving the model at the end of epoch 185, iters 7585
End of epoch 185 / 200 	 Time Taken: 8 sec
learning rate 0.0000297 -> 0.0000277
OrderedDict([('G_GAN', 0.45385104417800903), ('G_L1', 1.1794233322143555), ('D_real', 0.10443013906478882), ('D_fake', 0.14979825913906097), ('KL_realB_fakeB', 0.06547666476499929)])
(epoch: 186, iters: 15, time: 0.472, data: 2.967) G_GAN: 0.454 G_L1: 1.179 D_real: 0.104 D_fake: 0.150 KL_realB_fakeB: 0.065 
End of epoch 186 / 200 	 Time Taken: 3 sec
learning rate 0.0000277 -> 0.0000257
End of epoch 187 / 200 	 Time Taken: 2 sec
learning rate 0.0000257 -> 0.0000238
OrderedDict([('G_GAN', 0.397735059261322), ('G_L1', 1.1637325286865234), ('D_real', 0.23326212167739868), ('D_fake', 0.15030628442764282), ('KL_realB_fakeB', 0.05880981361150341)])
(epoch: 188, iters: 33, time: 0.049, data: 1.678) G_GAN: 0.398 G_L1: 1.164 D_real: 0.233 D_fake: 0.150 KL_realB_fakeB: 0.059 
End of epoch 188 / 200 	 Time Taken: 3 sec
learning rate 0.0000238 -> 0.0000218
End of epoch 189 / 200 	 Time Taken: 2 sec
learning rate 0.0000218 -> 0.0000198
end of validation step
end of validation step
end of validation step
end of validation step
end of validation step
saving the model at the end of epoch 190, iters 7790
End of epoch 190 / 200 	 Time Taken: 8 sec
learning rate 0.0000198 -> 0.0000178
OrderedDict([('G_GAN', 0.3729574382305145), ('G_L1', 1.241034984588623), ('D_real', 0.16603396832942963), ('D_fake', 0.22507783770561218), ('KL_realB_fakeB', 0.06210370158115963)])
(epoch: 191, iters: 10, time: 0.060, data: 2.549) G_GAN: 0.373 G_L1: 1.241 D_real: 0.166 D_fake: 0.225 KL_realB_fakeB: 0.062 
End of epoch 191 / 200 	 Time Taken: 2 sec
learning rate 0.0000178 -> 0.0000158
End of epoch 192 / 200 	 Time Taken: 2 sec
learning rate 0.0000158 -> 0.0000139
OrderedDict([('G_GAN', 0.7822648286819458), ('G_L1', 1.5141632556915283), ('D_real', 0.021712681278586388), ('D_fake', 0.04373553767800331), ('KL_realB_fakeB', 0.07092034396421892)])
(epoch: 193, iters: 28, time: 0.052, data: 1.105) G_GAN: 0.782 G_L1: 1.514 D_real: 0.022 D_fake: 0.044 KL_realB_fakeB: 0.071 
End of epoch 193 / 200 	 Time Taken: 2 sec
learning rate 0.0000139 -> 0.0000119
End of epoch 194 / 200 	 Time Taken: 3 sec
learning rate 0.0000119 -> 0.0000099
saving the model at the end of epoch 195, iters 7995
End of epoch 195 / 200 	 Time Taken: 7 sec
learning rate 0.0000099 -> 0.0000079
OrderedDict([('G_GAN', 0.21534134447574615), ('G_L1', 0.9258471727371216), ('D_real', 0.1963139921426773), ('D_fake', 0.37348905205726624), ('KL_realB_fakeB', 0.062480824662098075)])
(epoch: 196, iters: 5, time: 0.470, data: 2.086) G_GAN: 0.215 G_L1: 0.926 D_real: 0.196 D_fake: 0.373 KL_realB_fakeB: 0.062 
End of epoch 196 / 200 	 Time Taken: 3 sec
learning rate 0.0000079 -> 0.0000059
End of epoch 197 / 200 	 Time Taken: 2 sec
learning rate 0.0000059 -> 0.0000040
OrderedDict([('G_GAN', 0.48351022601127625), ('G_L1', 1.107475757598877), ('D_real', 0.13613426685333252), ('D_fake', 0.12441550940275192), ('KL_realB_fakeB', 0.060393656134455714)])
(epoch: 198, iters: 23, time: 0.051, data: 1.063) G_GAN: 0.484 G_L1: 1.107 D_real: 0.136 D_fake: 0.124 KL_realB_fakeB: 0.060 
End of epoch 198 / 200 	 Time Taken: 2 sec
learning rate 0.0000040 -> 0.0000020
End of epoch 199 / 200 	 Time Taken: 2 sec
learning rate 0.0000020 -> 0.0000000
OrderedDict([('G_GAN', 0.35061708092689514), ('G_L1', 1.433864951133728), ('D_real', 0.15251018106937408), ('D_fake', 0.19313327968120575), ('KL_realB_fakeB', 0.06003956963833396)])
(epoch: 200, iters: 41, time: 0.051, data: 1.693) G_GAN: 0.351 G_L1: 1.434 D_real: 0.153 D_fake: 0.193 KL_realB_fakeB: 0.060 
end of validation step
end of validation step
end of validation step
end of validation step
end of validation step
saving the model at the end of epoch 200, iters 8200
End of epoch 200 / 200 	 Time Taken: 8 sec
