----------------- Options ---------------
             aspect_ratio: 1.0                           
               batch_size: 1                             
          checkpoints_dir: /home/otto.tavares/public/iltbi/rxpixp2pixcycle/checkpoints/	[default: /home/otto.tavares/public/iltbi/rxpixp2pixcycle/checkpoints]
                crop_size: 256                           
       custom_images_path: /home/otto.tavares/public/iltbi/train/images/santa_casa_pares/	[default: None]
        custom_masks_path: None                          
       custom_paired_path: None                          
                 dataroot: /home/otto.tavares/public/iltbi/train/images/santa_casa_pares/	[default: None]
           dataset_action: False                         
     dataset_download_dir: /home/otto.tavares/public/iltbi/rxpixp2pixcycle
             dataset_mode: santacasaskfold2generator     	[default: single]
             dataset_name: Shenzhen                      
                direction: AtoB                          
             display_port: 8097                          
          display_winsize: 256                           
            download_imgs: False                         
                    epoch: latest                        
                     eval: False                         
         gen_test_dataset: False                         
        gen_train_dataset: True                          	[default: False]
          gen_val_dataset: False                         
  generate_paths_data_csv: False                         
                  gpu_ids: -1                            	[default: 0]
                init_gain: 0.02                          
                init_type: normal                        
                 input_nc: 3                             
                     isTB: False                         
                  isTrain: False                         	[default: None]
          is_resume_wandb: False                         
                      job: None                          
                load_iter: 0                             	[default: 0]
                load_size: 256                           
         max_dataset_size: inf                           
                    model: test                          
             model_suffix:                               
                  n_folds: 10                            
               n_layers_D: 3                             
                     name: genkl                         	[default: experiment_name]
                      ndf: 64                            
                     netD: basic                         
                     netG: unet_256                      	[default: resnet_9blocks]
                      ngf: 64                            
               no_dropout: False                         
                  no_flip: False                         
                     norm: batch                         	[default: instance]
                 num_test: 50                            
              num_threads: 4                             
                output_nc: 3                             
                    phase: test                          
               preprocess: resize_and_scale_width        	[default: resize_and_crop]
                  project: None                          
              results_dir: /home/otto.tavares/public/iltbi/rxpixp2pixcycle/versions/v1/user.otavares.SantaCasa.pix2pix.v1_iltbi.r1/1aPRODUCAO/	[default: ./results/]
                     seed: 512                           	[default: 512]
           serial_batches: False                         
                     sort: 0                             
                   suffix:                               
                     test: 0                             
                    token:                               
                use_wandb: False                         
                  verbose: False                         
             wandb_entity: brics-tb                      
            wandb_fold_id: None                          
----------------- End -------------------
GPU with device -1
                 images    gauss  ... all_together target
0   20220315_184023.jpg      seg  ...          seg      0
1   20220315_184432.jpg      seg  ...          seg      0
2   20220315_184701.jpg  not seg  ...          seg      0
3   20220315_184740.jpg      seg  ...          seg      0
4   20220315_185230.jpg      seg  ...          seg      0
..                  ...      ...  ...          ...    ...
83         IMG_5503.JPG  not seg  ...      not seg      0
84         IMG_5505.JPG      seg  ...          seg      0
85         IMG_5507.JPG      seg  ...          seg      0
86         IMG_5509.JPG      seg  ...          seg      0
87         IMG_5604.JPG      seg  ...          seg      0

[88 rows x 5 columns]
bins selected for val: [1, 2, 3, 4, 5, 6, 7, 8, 9]
bins selected for val: [0, 2, 3, 4, 5, 6, 7, 8, 9]
bins selected for val: [0, 1, 3, 4, 5, 6, 7, 8, 9]
bins selected for val: [0, 1, 2, 4, 5, 6, 7, 8, 9]
bins selected for val: [0, 1, 2, 3, 5, 6, 7, 8, 9]
bins selected for val: [0, 1, 2, 3, 4, 6, 7, 8, 9]
bins selected for val: [0, 1, 2, 3, 4, 5, 7, 8, 9]
bins selected for val: [0, 1, 2, 3, 4, 5, 6, 8, 9]
bins selected for val: [0, 1, 2, 3, 4, 5, 6, 7, 9]
bins selected for val: [0, 1, 2, 3, 4, 5, 6, 7, 8]
Generating ILTBI TRAIN data: 41 imgs
dataset [SantaCasaSkfold2generatorDataset] was created
initialize network with normal
model [TestModel] was created
loading the model from /home/otto.tavares/public/iltbi/rxpixp2pixcycle/checkpoints/./santacasa_test_0_sort_0/latest_net_G.pth
---------- Networks initialized -------------
[Network G] Total number of parameters : 54.414 M
-----------------------------------------------
creating web directory /home/otto.tavares/public/iltbi/rxpixp2pixcycle/versions/v1/user.otavares.SantaCasa.pix2pix.v1_iltbi.r1/1aPRODUCAO/./results/santacasa_test_0_sort_0/TRAIN/
processing (0000)-th image... ['/home/otto.tavares/public/iltbi/train/images/santa_casa_pares/20220315_184023_0.png']
processing (0005)-th image... ['/home/otto.tavares/public/iltbi/train/images/santa_casa_pares/20220315_185645_0.png']
processing (0010)-th image... ['/home/otto.tavares/public/iltbi/train/images/santa_casa_pares/20220315_192525_0.png']
processing (0015)-th image... ['/home/otto.tavares/public/iltbi/train/images/santa_casa_pares/20220317_151653_0.png']
processing (0020)-th image... ['/home/otto.tavares/public/iltbi/train/images/santa_casa_pares/20220317_154934_0.png']
processing (0025)-th image... ['/home/otto.tavares/public/iltbi/train/images/santa_casa_pares/20220317_161215_0.png']
processing (0030)-th image... ['/home/otto.tavares/public/iltbi/train/images/santa_casa_pares/20220317_171250_0.png']
processing (0035)-th image... ['/home/otto.tavares/public/iltbi/train/images/santa_casa_pares/IMG_5407_0.png']
processing (0040)-th image... ['/home/otto.tavares/public/iltbi/train/images/santa_casa_pares/IMG_5604_0.png']
processing (0000)-th image... ['/home/otto.tavares/public/iltbi/train/images/santa_casa_pares/20220315_184023_1.png']
processing (0005)-th image... ['/home/otto.tavares/public/iltbi/train/images/santa_casa_pares/20220315_185645_1.png']
processing (0010)-th image... ['/home/otto.tavares/public/iltbi/train/images/santa_casa_pares/20220315_192525_1.png']
processing (0015)-th image... ['/home/otto.tavares/public/iltbi/train/images/santa_casa_pares/20220317_151653_1.png']
processing (0020)-th image... ['/home/otto.tavares/public/iltbi/train/images/santa_casa_pares/20220317_154934_1.png']
processing (0025)-th image... ['/home/otto.tavares/public/iltbi/train/images/santa_casa_pares/20220317_161215_1.png']
processing (0030)-th image... ['/home/otto.tavares/public/iltbi/train/images/santa_casa_pares/20220317_171250_1.png']
processing (0035)-th image... ['/home/otto.tavares/public/iltbi/train/images/santa_casa_pares/IMG_5407_1.png']
processing (0040)-th image... ['/home/otto.tavares/public/iltbi/train/images/santa_casa_pares/IMG_5604_1.png']
processing (0000)-th image... ['/home/otto.tavares/public/iltbi/train/images/santa_casa_pares/20220315_184023_2.png']
processing (0005)-th image... ['/home/otto.tavares/public/iltbi/train/images/santa_casa_pares/20220315_185645_2.png']
processing (0010)-th image... ['/home/otto.tavares/public/iltbi/train/images/santa_casa_pares/20220315_192525_2.png']
processing (0015)-th image... ['/home/otto.tavares/public/iltbi/train/images/santa_casa_pares/20220317_151653_2.png']
processing (0020)-th image... ['/home/otto.tavares/public/iltbi/train/images/santa_casa_pares/20220317_154934_2.png']
processing (0025)-th image... ['/home/otto.tavares/public/iltbi/train/images/santa_casa_pares/20220317_161215_2.png']
processing (0030)-th image... ['/home/otto.tavares/public/iltbi/train/images/santa_casa_pares/20220317_171250_2.png']
processing (0035)-th image... ['/home/otto.tavares/public/iltbi/train/images/santa_casa_pares/IMG_5407_2.png']
processing (0040)-th image... ['/home/otto.tavares/public/iltbi/train/images/santa_casa_pares/IMG_5604_2.png']
processing (0000)-th image... ['/home/otto.tavares/public/iltbi/train/images/santa_casa_pares/20220315_184023_3.png']
processing (0005)-th image... ['/home/otto.tavares/public/iltbi/train/images/santa_casa_pares/20220315_185645_3.png']
processing (0010)-th image... ['/home/otto.tavares/public/iltbi/train/images/santa_casa_pares/20220315_192525_3.png']
processing (0015)-th image... ['/home/otto.tavares/public/iltbi/train/images/santa_casa_pares/20220317_151653_3.png']
processing (0020)-th image... ['/home/otto.tavares/public/iltbi/train/images/santa_casa_pares/20220317_154934_3.png']
processing (0025)-th image... ['/home/otto.tavares/public/iltbi/train/images/santa_casa_pares/20220317_161215_3.png']
processing (0030)-th image... ['/home/otto.tavares/public/iltbi/train/images/santa_casa_pares/20220317_171250_3.png']
processing (0035)-th image... ['/home/otto.tavares/public/iltbi/train/images/santa_casa_pares/IMG_5407_3.png']
processing (0040)-th image... ['/home/otto.tavares/public/iltbi/train/images/santa_casa_pares/IMG_5604_3.png']
processing (0000)-th image... ['/home/otto.tavares/public/iltbi/train/images/santa_casa_pares/20220315_184023_4.png']
processing (0005)-th image... ['/home/otto.tavares/public/iltbi/train/images/santa_casa_pares/20220315_185645_4.png']
processing (0010)-th image... ['/home/otto.tavares/public/iltbi/train/images/santa_casa_pares/20220315_192525_4.png']
processing (0015)-th image... ['/home/otto.tavares/public/iltbi/train/images/santa_casa_pares/20220317_151653_4.png']
processing (0020)-th image... ['/home/otto.tavares/public/iltbi/train/images/santa_casa_pares/20220317_154934_4.png']
processing (0025)-th image... ['/home/otto.tavares/public/iltbi/train/images/santa_casa_pares/20220317_161215_4.png']
processing (0030)-th image... ['/home/otto.tavares/public/iltbi/train/images/santa_casa_pares/20220317_171250_4.png']
processing (0035)-th image... ['/home/otto.tavares/public/iltbi/train/images/santa_casa_pares/IMG_5407_4.png']
processing (0040)-th image... ['/home/otto.tavares/public/iltbi/train/images/santa_casa_pares/IMG_5604_4.png']
processing (0000)-th image... ['/home/otto.tavares/public/iltbi/train/images/santa_casa_pares/20220315_184023_5.png']
processing (0005)-th image... ['/home/otto.tavares/public/iltbi/train/images/santa_casa_pares/20220315_185645_5.png']
processing (0010)-th image... ['/home/otto.tavares/public/iltbi/train/images/santa_casa_pares/20220315_192525_5.png']
processing (0015)-th image... ['/home/otto.tavares/public/iltbi/train/images/santa_casa_pares/20220317_151653_5.png']
processing (0020)-th image... ['/home/otto.tavares/public/iltbi/train/images/santa_casa_pares/20220317_154934_5.png']
processing (0025)-th image... ['/home/otto.tavares/public/iltbi/train/images/santa_casa_pares/20220317_161215_5.png']
processing (0030)-th image... ['/home/otto.tavares/public/iltbi/train/images/santa_casa_pares/20220317_171250_5.png']
processing (0035)-th image... ['/home/otto.tavares/public/iltbi/train/images/santa_casa_pares/IMG_5407_5.png']
processing (0040)-th image... ['/home/otto.tavares/public/iltbi/train/images/santa_casa_pares/IMG_5604_5.png']
processing (0000)-th image... ['/home/otto.tavares/public/iltbi/train/images/santa_casa_pares/20220315_184023_6.png']
processing (0005)-th image... ['/home/otto.tavares/public/iltbi/train/images/santa_casa_pares/20220315_185645_6.png']
processing (0010)-th image... ['/home/otto.tavares/public/iltbi/train/images/santa_casa_pares/20220315_192525_6.png']
processing (0015)-th image... ['/home/otto.tavares/public/iltbi/train/images/santa_casa_pares/20220317_151653_6.png']
processing (0020)-th image... ['/home/otto.tavares/public/iltbi/train/images/santa_casa_pares/20220317_154934_6.png']
processing (0025)-th image... ['/home/otto.tavares/public/iltbi/train/images/santa_casa_pares/20220317_161215_6.png']
processing (0030)-th image... ['/home/otto.tavares/public/iltbi/train/images/santa_casa_pares/20220317_171250_6.png']
processing (0035)-th image... ['/home/otto.tavares/public/iltbi/train/images/santa_casa_pares/IMG_5407_6.png']
processing (0040)-th image... ['/home/otto.tavares/public/iltbi/train/images/santa_casa_pares/IMG_5604_6.png']
processing (0000)-th image... ['/home/otto.tavares/public/iltbi/train/images/santa_casa_pares/20220315_184023_7.png']
processing (0005)-th image... ['/home/otto.tavares/public/iltbi/train/images/santa_casa_pares/20220315_185645_7.png']
processing (0010)-th image... ['/home/otto.tavares/public/iltbi/train/images/santa_casa_pares/20220315_192525_7.png']
processing (0015)-th image... ['/home/otto.tavares/public/iltbi/train/images/santa_casa_pares/20220317_151653_7.png']
processing (0020)-th image... ['/home/otto.tavares/public/iltbi/train/images/santa_casa_pares/20220317_154934_7.png']
processing (0025)-th image... ['/home/otto.tavares/public/iltbi/train/images/santa_casa_pares/20220317_161215_7.png']
processing (0030)-th image... ['/home/otto.tavares/public/iltbi/train/images/santa_casa_pares/20220317_171250_7.png']
processing (0035)-th image... ['/home/otto.tavares/public/iltbi/train/images/santa_casa_pares/IMG_5407_7.png']
processing (0040)-th image... ['/home/otto.tavares/public/iltbi/train/images/santa_casa_pares/IMG_5604_7.png']
processing (0000)-th image... ['/home/otto.tavares/public/iltbi/train/images/santa_casa_pares/20220315_184023_8.png']
processing (0005)-th image... ['/home/otto.tavares/public/iltbi/train/images/santa_casa_pares/20220315_185645_8.png']
processing (0010)-th image... ['/home/otto.tavares/public/iltbi/train/images/santa_casa_pares/20220315_192525_8.png']
processing (0015)-th image... ['/home/otto.tavares/public/iltbi/train/images/santa_casa_pares/20220317_151653_8.png']
processing (0020)-th image... ['/home/otto.tavares/public/iltbi/train/images/santa_casa_pares/20220317_154934_8.png']
processing (0025)-th image... ['/home/otto.tavares/public/iltbi/train/images/santa_casa_pares/20220317_161215_8.png']
processing (0030)-th image... ['/home/otto.tavares/public/iltbi/train/images/santa_casa_pares/20220317_171250_8.png']
processing (0035)-th image... ['/home/otto.tavares/public/iltbi/train/images/santa_casa_pares/IMG_5407_8.png']
processing (0040)-th image... ['/home/otto.tavares/public/iltbi/train/images/santa_casa_pares/IMG_5604_8.png']
processing (0000)-th image... ['/home/otto.tavares/public/iltbi/train/images/santa_casa_pares/20220315_184023_9.png']
processing (0005)-th image... ['/home/otto.tavares/public/iltbi/train/images/santa_casa_pares/20220315_185645_9.png']
processing (0010)-th image... ['/home/otto.tavares/public/iltbi/train/images/santa_casa_pares/20220315_192525_9.png']
processing (0015)-th image... ['/home/otto.tavares/public/iltbi/train/images/santa_casa_pares/20220317_151653_9.png']
processing (0020)-th image... ['/home/otto.tavares/public/iltbi/train/images/santa_casa_pares/20220317_154934_9.png']
processing (0025)-th image... ['/home/otto.tavares/public/iltbi/train/images/santa_casa_pares/20220317_161215_9.png']
processing (0030)-th image... ['/home/otto.tavares/public/iltbi/train/images/santa_casa_pares/20220317_171250_9.png']
processing (0035)-th image... ['/home/otto.tavares/public/iltbi/train/images/santa_casa_pares/IMG_5407_9.png']
processing (0040)-th image... ['/home/otto.tavares/public/iltbi/train/images/santa_casa_pares/IMG_5604_9.png']
processing (0000)-th image... ['/home/otto.tavares/public/iltbi/train/images/santa_casa_pares/20220315_184023_10.png']
processing (0005)-th image... ['/home/otto.tavares/public/iltbi/train/images/santa_casa_pares/20220315_185645_10.png']
processing (0010)-th image... ['/home/otto.tavares/public/iltbi/train/images/santa_casa_pares/20220315_192525_10.png']
processing (0015)-th image... ['/home/otto.tavares/public/iltbi/train/images/santa_casa_pares/20220317_151653_10.png']
processing (0020)-th image... ['/home/otto.tavares/public/iltbi/train/images/santa_casa_pares/20220317_154934_10.png']
processing (0025)-th image... ['/home/otto.tavares/public/iltbi/train/images/santa_casa_pares/20220317_161215_10.png']
processing (0030)-th image... ['/home/otto.tavares/public/iltbi/train/images/santa_casa_pares/20220317_171250_10.png']
processing (0035)-th image... ['/home/otto.tavares/public/iltbi/train/images/santa_casa_pares/IMG_5407_10.png']
processing (0040)-th image... ['/home/otto.tavares/public/iltbi/train/images/santa_casa_pares/IMG_5604_10.png']
processing (0000)-th image... ['/home/otto.tavares/public/iltbi/train/images/santa_casa_pares/20220315_184023_11.png']
processing (0005)-th image... ['/home/otto.tavares/public/iltbi/train/images/santa_casa_pares/20220315_185645_11.png']
processing (0010)-th image... ['/home/otto.tavares/public/iltbi/train/images/santa_casa_pares/20220315_192525_11.png']
processing (0015)-th image... ['/home/otto.tavares/public/iltbi/train/images/santa_casa_pares/20220317_151653_11.png']
processing (0020)-th image... ['/home/otto.tavares/public/iltbi/train/images/santa_casa_pares/20220317_154934_11.png']
processing (0025)-th image... ['/home/otto.tavares/public/iltbi/train/images/santa_casa_pares/20220317_161215_11.png']
processing (0030)-th image... ['/home/otto.tavares/public/iltbi/train/images/santa_casa_pares/20220317_171250_11.png']
processing (0035)-th image... ['/home/otto.tavares/public/iltbi/train/images/santa_casa_pares/IMG_5407_11.png']
processing (0040)-th image... ['/home/otto.tavares/public/iltbi/train/images/santa_casa_pares/IMG_5604_11.png']
processing (0000)-th image... ['/home/otto.tavares/public/iltbi/train/images/santa_casa_pares/20220315_184023_12.png']
processing (0005)-th image... ['/home/otto.tavares/public/iltbi/train/images/santa_casa_pares/20220315_185645_12.png']
processing (0010)-th image... ['/home/otto.tavares/public/iltbi/train/images/santa_casa_pares/20220315_192525_12.png']
processing (0015)-th image... ['/home/otto.tavares/public/iltbi/train/images/santa_casa_pares/20220317_151653_12.png']
processing (0020)-th image... ['/home/otto.tavares/public/iltbi/train/images/santa_casa_pares/20220317_154934_12.png']
processing (0025)-th image... ['/home/otto.tavares/public/iltbi/train/images/santa_casa_pares/20220317_161215_12.png']
processing (0030)-th image... ['/home/otto.tavares/public/iltbi/train/images/santa_casa_pares/20220317_171250_12.png']
processing (0035)-th image... ['/home/otto.tavares/public/iltbi/train/images/santa_casa_pares/IMG_5407_12.png']
processing (0040)-th image... ['/home/otto.tavares/public/iltbi/train/images/santa_casa_pares/IMG_5604_12.png']
processing (0000)-th image... ['/home/otto.tavares/public/iltbi/train/images/santa_casa_pares/20220315_184023_13.png']
processing (0005)-th image... ['/home/otto.tavares/public/iltbi/train/images/santa_casa_pares/20220315_185645_13.png']
processing (0010)-th image... ['/home/otto.tavares/public/iltbi/train/images/santa_casa_pares/20220315_192525_13.png']
processing (0015)-th image... ['/home/otto.tavares/public/iltbi/train/images/santa_casa_pares/20220317_151653_13.png']
processing (0020)-th image... ['/home/otto.tavares/public/iltbi/train/images/santa_casa_pares/20220317_154934_13.png']
processing (0025)-th image... ['/home/otto.tavares/public/iltbi/train/images/santa_casa_pares/20220317_161215_13.png']
processing (0030)-th image... ['/home/otto.tavares/public/iltbi/train/images/santa_casa_pares/20220317_171250_13.png']
processing (0035)-th image... ['/home/otto.tavares/public/iltbi/train/images/santa_casa_pares/IMG_5407_13.png']
processing (0040)-th image... ['/home/otto.tavares/public/iltbi/train/images/santa_casa_pares/IMG_5604_13.png']
processing (0000)-th image... ['/home/otto.tavares/public/iltbi/train/images/santa_casa_pares/20220315_184023_14.png']
processing (0005)-th image... ['/home/otto.tavares/public/iltbi/train/images/santa_casa_pares/20220315_185645_14.png']
processing (0010)-th image... ['/home/otto.tavares/public/iltbi/train/images/santa_casa_pares/20220315_192525_14.png']
processing (0015)-th image... ['/home/otto.tavares/public/iltbi/train/images/santa_casa_pares/20220317_151653_14.png']
processing (0020)-th image... ['/home/otto.tavares/public/iltbi/train/images/santa_casa_pares/20220317_154934_14.png']
processing (0025)-th image... ['/home/otto.tavares/public/iltbi/train/images/santa_casa_pares/20220317_161215_14.png']
processing (0030)-th image... ['/home/otto.tavares/public/iltbi/train/images/santa_casa_pares/20220317_171250_14.png']
processing (0035)-th image... ['/home/otto.tavares/public/iltbi/train/images/santa_casa_pares/IMG_5407_14.png']
processing (0040)-th image... ['/home/otto.tavares/public/iltbi/train/images/santa_casa_pares/IMG_5604_14.png']
processing (0000)-th image... ['/home/otto.tavares/public/iltbi/train/images/santa_casa_pares/20220315_184023_15.png']
processing (0005)-th image... ['/home/otto.tavares/public/iltbi/train/images/santa_casa_pares/20220315_185645_15.png']
processing (0010)-th image... ['/home/otto.tavares/public/iltbi/train/images/santa_casa_pares/20220315_192525_15.png']
processing (0015)-th image... ['/home/otto.tavares/public/iltbi/train/images/santa_casa_pares/20220317_151653_15.png']
processing (0020)-th image... ['/home/otto.tavares/public/iltbi/train/images/santa_casa_pares/20220317_154934_15.png']
processing (0025)-th image... ['/home/otto.tavares/public/iltbi/train/images/santa_casa_pares/20220317_161215_15.png']
processing (0030)-th image... ['/home/otto.tavares/public/iltbi/train/images/santa_casa_pares/20220317_171250_15.png']
processing (0035)-th image... ['/home/otto.tavares/public/iltbi/train/images/santa_casa_pares/IMG_5407_15.png']
processing (0040)-th image... ['/home/otto.tavares/public/iltbi/train/images/santa_casa_pares/IMG_5604_15.png']
processing (0000)-th image... ['/home/otto.tavares/public/iltbi/train/images/santa_casa_pares/20220315_184023_16.png']
processing (0005)-th image... ['/home/otto.tavares/public/iltbi/train/images/santa_casa_pares/20220315_185645_16.png']
processing (0010)-th image... ['/home/otto.tavares/public/iltbi/train/images/santa_casa_pares/20220315_192525_16.png']
processing (0015)-th image... ['/home/otto.tavares/public/iltbi/train/images/santa_casa_pares/20220317_151653_16.png']
processing (0020)-th image... ['/home/otto.tavares/public/iltbi/train/images/santa_casa_pares/20220317_154934_16.png']
processing (0025)-th image... ['/home/otto.tavares/public/iltbi/train/images/santa_casa_pares/20220317_161215_16.png']
processing (0030)-th image... ['/home/otto.tavares/public/iltbi/train/images/santa_casa_pares/20220317_171250_16.png']
processing (0035)-th image... ['/home/otto.tavares/public/iltbi/train/images/santa_casa_pares/IMG_5407_16.png']
processing (0040)-th image... ['/home/otto.tavares/public/iltbi/train/images/santa_casa_pares/IMG_5604_16.png']
processing (0000)-th image... ['/home/otto.tavares/public/iltbi/train/images/santa_casa_pares/20220315_184023_17.png']
processing (0005)-th image... ['/home/otto.tavares/public/iltbi/train/images/santa_casa_pares/20220315_185645_17.png']
processing (0010)-th image... ['/home/otto.tavares/public/iltbi/train/images/santa_casa_pares/20220315_192525_17.png']
processing (0015)-th image... ['/home/otto.tavares/public/iltbi/train/images/santa_casa_pares/20220317_151653_17.png']
processing (0020)-th image... ['/home/otto.tavares/public/iltbi/train/images/santa_casa_pares/20220317_154934_17.png']
processing (0025)-th image... ['/home/otto.tavares/public/iltbi/train/images/santa_casa_pares/20220317_161215_17.png']
processing (0030)-th image... ['/home/otto.tavares/public/iltbi/train/images/santa_casa_pares/20220317_171250_17.png']
processing (0035)-th image... ['/home/otto.tavares/public/iltbi/train/images/santa_casa_pares/IMG_5407_17.png']
processing (0040)-th image... ['/home/otto.tavares/public/iltbi/train/images/santa_casa_pares/IMG_5604_17.png']
processing (0000)-th image... ['/home/otto.tavares/public/iltbi/train/images/santa_casa_pares/20220315_184023_18.png']
processing (0005)-th image... ['/home/otto.tavares/public/iltbi/train/images/santa_casa_pares/20220315_185645_18.png']
processing (0010)-th image... ['/home/otto.tavares/public/iltbi/train/images/santa_casa_pares/20220315_192525_18.png']
processing (0015)-th image... ['/home/otto.tavares/public/iltbi/train/images/santa_casa_pares/20220317_151653_18.png']
processing (0020)-th image... ['/home/otto.tavares/public/iltbi/train/images/santa_casa_pares/20220317_154934_18.png']
processing (0025)-th image... ['/home/otto.tavares/public/iltbi/train/images/santa_casa_pares/20220317_161215_18.png']
processing (0030)-th image... ['/home/otto.tavares/public/iltbi/train/images/santa_casa_pares/20220317_171250_18.png']
processing (0035)-th image... ['/home/otto.tavares/public/iltbi/train/images/santa_casa_pares/IMG_5407_18.png']
processing (0040)-th image... ['/home/otto.tavares/public/iltbi/train/images/santa_casa_pares/IMG_5604_18.png']
processing (0000)-th image... ['/home/otto.tavares/public/iltbi/train/images/santa_casa_pares/20220315_184023_19.png']
processing (0005)-th image... ['/home/otto.tavares/public/iltbi/train/images/santa_casa_pares/20220315_185645_19.png']
processing (0010)-th image... ['/home/otto.tavares/public/iltbi/train/images/santa_casa_pares/20220315_192525_19.png']
processing (0015)-th image... ['/home/otto.tavares/public/iltbi/train/images/santa_casa_pares/20220317_151653_19.png']
processing (0020)-th image... ['/home/otto.tavares/public/iltbi/train/images/santa_casa_pares/20220317_154934_19.png']
processing (0025)-th image... ['/home/otto.tavares/public/iltbi/train/images/santa_casa_pares/20220317_161215_19.png']
processing (0030)-th image... ['/home/otto.tavares/public/iltbi/train/images/santa_casa_pares/20220317_171250_19.png']
processing (0035)-th image... ['/home/otto.tavares/public/iltbi/train/images/santa_casa_pares/IMG_5407_19.png']
processing (0040)-th image... ['/home/otto.tavares/public/iltbi/train/images/santa_casa_pares/IMG_5604_19.png']
processing (0000)-th image... ['/home/otto.tavares/public/iltbi/train/images/santa_casa_pares/20220315_184023_20.png']
processing (0005)-th image... ['/home/otto.tavares/public/iltbi/train/images/santa_casa_pares/20220315_185645_20.png']
processing (0010)-th image... ['/home/otto.tavares/public/iltbi/train/images/santa_casa_pares/20220315_192525_20.png']
processing (0015)-th image... ['/home/otto.tavares/public/iltbi/train/images/santa_casa_pares/20220317_151653_20.png']
processing (0020)-th image... ['/home/otto.tavares/public/iltbi/train/images/santa_casa_pares/20220317_154934_20.png']
processing (0025)-th image... ['/home/otto.tavares/public/iltbi/train/images/santa_casa_pares/20220317_161215_20.png']
processing (0030)-th image... ['/home/otto.tavares/public/iltbi/train/images/santa_casa_pares/20220317_171250_20.png']
processing (0035)-th image... ['/home/otto.tavares/public/iltbi/train/images/santa_casa_pares/IMG_5407_20.png']
processing (0040)-th image... ['/home/otto.tavares/public/iltbi/train/images/santa_casa_pares/IMG_5604_20.png']
processing (0000)-th image... ['/home/otto.tavares/public/iltbi/train/images/santa_casa_pares/20220315_184023_21.png']
processing (0005)-th image... ['/home/otto.tavares/public/iltbi/train/images/santa_casa_pares/20220315_185645_21.png']
processing (0010)-th image... ['/home/otto.tavares/public/iltbi/train/images/santa_casa_pares/20220315_192525_21.png']
processing (0015)-th image... ['/home/otto.tavares/public/iltbi/train/images/santa_casa_pares/20220317_151653_21.png']
processing (0020)-th image... ['/home/otto.tavares/public/iltbi/train/images/santa_casa_pares/20220317_154934_21.png']
processing (0025)-th image... ['/home/otto.tavares/public/iltbi/train/images/santa_casa_pares/20220317_161215_21.png']
processing (0030)-th image... ['/home/otto.tavares/public/iltbi/train/images/santa_casa_pares/20220317_171250_21.png']
processing (0035)-th image... ['/home/otto.tavares/public/iltbi/train/images/santa_casa_pares/IMG_5407_21.png']
processing (0040)-th image... ['/home/otto.tavares/public/iltbi/train/images/santa_casa_pares/IMG_5604_21.png']
processing (0000)-th image... ['/home/otto.tavares/public/iltbi/train/images/santa_casa_pares/20220315_184023_22.png']
processing (0005)-th image... ['/home/otto.tavares/public/iltbi/train/images/santa_casa_pares/20220315_185645_22.png']
processing (0010)-th image... ['/home/otto.tavares/public/iltbi/train/images/santa_casa_pares/20220315_192525_22.png']
processing (0015)-th image... ['/home/otto.tavares/public/iltbi/train/images/santa_casa_pares/20220317_151653_22.png']
processing (0020)-th image... ['/home/otto.tavares/public/iltbi/train/images/santa_casa_pares/20220317_154934_22.png']
processing (0025)-th image... ['/home/otto.tavares/public/iltbi/train/images/santa_casa_pares/20220317_161215_22.png']
processing (0030)-th image... ['/home/otto.tavares/public/iltbi/train/images/santa_casa_pares/20220317_171250_22.png']
processing (0035)-th image... ['/home/otto.tavares/public/iltbi/train/images/santa_casa_pares/IMG_5407_22.png']