----------------- Options ---------------
             aspect_ratio: 1.0                           
               batch_size: 1                             
          checkpoints_dir: /home/otto.tavares/public/iltbi/rxpixp2pixcycle/checkpoints/	[default: /home/otto.tavares/public/iltbi/rxpixp2pixcycle/checkpoints]
                crop_size: 256                           
       custom_images_path: /home/otto.tavares/public/iltbi/train/images/santa_casa_pares/	[default: None]
        custom_masks_path: None                          
       custom_paired_path: None                          
                 dataroot: /home/otto.tavares/public/iltbi/train/images/santa_casa_pares/	[default: None]
           dataset_action: False                         
     dataset_download_dir: /home/otto.tavares/public/iltbi/rxpixp2pixcycle
             dataset_mode: santacasaskfold2generator     	[default: single]
             dataset_name: Shenzhen                      
                direction: AtoB                          
             display_port: 8097                          
          display_winsize: 256                           
            download_imgs: False                         
                    epoch: latest                        
                     eval: False                         
         gen_test_dataset: False                         
        gen_train_dataset: True                          	[default: False]
          gen_val_dataset: False                         
  generate_paths_data_csv: False                         
                  gpu_ids: -1                            	[default: 0]
                init_gain: 0.02                          
                init_type: normal                        
                 input_nc: 3                             
                     isTB: False                         
                  isTrain: False                         	[default: None]
          is_resume_wandb: False                         
                      job: None                          
                load_iter: 0                             	[default: 0]
                load_size: 256                           
         max_dataset_size: inf                           
                    model: test                          
             model_suffix:                               
                  n_folds: 10                            
               n_layers_D: 3                             
                     name: genkl                         	[default: experiment_name]
                      ndf: 64                            
                     netD: basic                         
                     netG: unet_256                      	[default: resnet_9blocks]
                      ngf: 64                            
               no_dropout: False                         
                  no_flip: False                         
                     norm: batch                         	[default: instance]
                 num_test: 50                            
              num_threads: 4                             
                output_nc: 3                             
                    phase: test                          
               preprocess: resize_and_scale_width        	[default: resize_and_crop]
                  project: None                          
              results_dir: /home/otto.tavares/public/iltbi/rxpixp2pixcycle/versions/v1/user.otavares.SantaCasa.pix2pix.v1_iltbi.r1/1aPRODUCAO/	[default: ./results/]
                     seed: 512                           	[default: 512]
           serial_batches: False                         
                     sort: 0                             
                   suffix:                               
                     test: 0                             
                    token:                               
                use_wandb: False                         
                  verbose: False                         
             wandb_entity: brics-tb                      
            wandb_fold_id: None                          
----------------- End -------------------
GPU with device -1
                 images    gauss  ... all_together target
0   20220315_184023.jpg      seg  ...          seg      0
1   20220315_184432.jpg      seg  ...          seg      0
2   20220315_184701.jpg  not seg  ...          seg      0
3   20220315_184740.jpg      seg  ...          seg      0
4   20220315_185230.jpg      seg  ...          seg      0
..                  ...      ...  ...          ...    ...
83         IMG_5503.JPG  not seg  ...      not seg      0
84         IMG_5505.JPG      seg  ...          seg      0
85         IMG_5507.JPG      seg  ...          seg      0
86         IMG_5509.JPG      seg  ...          seg      0
87         IMG_5604.JPG      seg  ...          seg      0

[88 rows x 5 columns]
bins selected for val: [1, 2, 3, 4, 5, 6, 7, 8, 9]
bins selected for val: [0, 2, 3, 4, 5, 6, 7, 8, 9]
bins selected for val: [0, 1, 3, 4, 5, 6, 7, 8, 9]
bins selected for val: [0, 1, 2, 4, 5, 6, 7, 8, 9]
bins selected for val: [0, 1, 2, 3, 5, 6, 7, 8, 9]
bins selected for val: [0, 1, 2, 3, 4, 6, 7, 8, 9]
bins selected for val: [0, 1, 2, 3, 4, 5, 7, 8, 9]
bins selected for val: [0, 1, 2, 3, 4, 5, 6, 8, 9]
bins selected for val: [0, 1, 2, 3, 4, 5, 6, 7, 9]
bins selected for val: [0, 1, 2, 3, 4, 5, 6, 7, 8]
Generating ILTBI TRAIN data: 41 imgs
dataset [SantaCasaSkfold2generatorDataset] was created
initialize network with normal
model [TestModel] was created
loading the model from /home/otto.tavares/public/iltbi/rxpixp2pixcycle/checkpoints/./santacasa_test_0_sort_0/latest_net_G.pth
---------- Networks initialized -------------
[Network G] Total number of parameters : 54.414 M
-----------------------------------------------
creating web directory /home/otto.tavares/public/iltbi/rxpixp2pixcycle/versions/v1/user.otavares.SantaCasa.pix2pix.v1_iltbi.r1/1aPRODUCAO/./results/santacasa_test_0_sort_0/TRAIN/
processing (0000)-th image... ['/home/otto.tavares/public/iltbi/train/images/santa_casa_pares/20220315_184023_0.png']
processing (0005)-th image... ['/home/otto.tavares/public/iltbi/train/images/santa_casa_pares/20220315_185645_0.png']
processing (0010)-th image... ['/home/otto.tavares/public/iltbi/train/images/santa_casa_pares/20220315_192525_0.png']
processing (0015)-th image... ['/home/otto.tavares/public/iltbi/train/images/santa_casa_pares/20220317_151653_0.png']
processing (0020)-th image... ['/home/otto.tavares/public/iltbi/train/images/santa_casa_pares/20220317_154934_0.png']
processing (0025)-th image... ['/home/otto.tavares/public/iltbi/train/images/santa_casa_pares/20220317_161215_0.png']
processing (0030)-th image... ['/home/otto.tavares/public/iltbi/train/images/santa_casa_pares/20220317_171250_0.png']
processing (0035)-th image... ['/home/otto.tavares/public/iltbi/train/images/santa_casa_pares/IMG_5407_0.png']
processing (0040)-th image... ['/home/otto.tavares/public/iltbi/train/images/santa_casa_pares/IMG_5604_0.png']
                 images    gauss  ... all_together target
0   20220315_184023.jpg      seg  ...          seg      0
1   20220315_184432.jpg      seg  ...          seg      0
2   20220315_184701.jpg  not seg  ...          seg      0
3   20220315_184740.jpg      seg  ...          seg      0
4   20220315_185230.jpg      seg  ...          seg      0
..                  ...      ...  ...          ...    ...
83         IMG_5503.JPG  not seg  ...      not seg      0
84         IMG_5505.JPG      seg  ...          seg      0
85         IMG_5507.JPG      seg  ...          seg      0
86         IMG_5509.JPG      seg  ...          seg      0
87         IMG_5604.JPG      seg  ...          seg      0

[88 rows x 5 columns]
bins selected for val: [1, 2, 3, 4, 5, 6, 7, 8, 9]
bins selected for val: [0, 2, 3, 4, 5, 6, 7, 8, 9]
bins selected for val: [0, 1, 3, 4, 5, 6, 7, 8, 9]
bins selected for val: [0, 1, 2, 4, 5, 6, 7, 8, 9]
bins selected for val: [0, 1, 2, 3, 5, 6, 7, 8, 9]
bins selected for val: [0, 1, 2, 3, 4, 6, 7, 8, 9]
bins selected for val: [0, 1, 2, 3, 4, 5, 7, 8, 9]
bins selected for val: [0, 1, 2, 3, 4, 5, 6, 8, 9]
bins selected for val: [0, 1, 2, 3, 4, 5, 6, 7, 9]
bins selected for val: [0, 1, 2, 3, 4, 5, 6, 7, 8]
Generating ILTBI TRAIN data: 40 imgs
dataset [SantaCasaSkfold2generatorDataset] was created
initialize network with normal
model [TestModel] was created
loading the model from /home/otto.tavares/public/iltbi/rxpixp2pixcycle/checkpoints/./santacasa_test_0_sort_1/latest_net_G.pth
---------- Networks initialized -------------
[Network G] Total number of parameters : 54.414 M
-----------------------------------------------
creating web directory /home/otto.tavares/public/iltbi/rxpixp2pixcycle/versions/v1/user.otavares.SantaCasa.pix2pix.v1_iltbi.r1/1aPRODUCAO/./results/santacasa_test_0_sort_1/TRAIN/
processing (0000)-th image... ['/home/otto.tavares/public/iltbi/train/images/santa_casa_pares/20220315_184023_0.png']
processing (0005)-th image... ['/home/otto.tavares/public/iltbi/train/images/santa_casa_pares/20220315_185645_0.png']
processing (0010)-th image... ['/home/otto.tavares/public/iltbi/train/images/santa_casa_pares/20220315_192525_0.png']
processing (0015)-th image... ['/home/otto.tavares/public/iltbi/train/images/santa_casa_pares/20220317_151653_0.png']
processing (0020)-th image... ['/home/otto.tavares/public/iltbi/train/images/santa_casa_pares/20220317_154454_0.png']
processing (0025)-th image... ['/home/otto.tavares/public/iltbi/train/images/santa_casa_pares/20220317_164823_0.png']
processing (0030)-th image... ['/home/otto.tavares/public/iltbi/train/images/santa_casa_pares/20220317_171901_0.png']
processing (0035)-th image... ['/home/otto.tavares/public/iltbi/train/images/santa_casa_pares/IMG_5501_0.png']
                 images    gauss  ... all_together target
0   20220315_184023.jpg      seg  ...          seg      0
1   20220315_184432.jpg      seg  ...          seg      0
2   20220315_184701.jpg  not seg  ...          seg      0
3   20220315_184740.jpg      seg  ...          seg      0
4   20220315_185230.jpg      seg  ...          seg      0
..                  ...      ...  ...          ...    ...
83         IMG_5503.JPG  not seg  ...      not seg      0
84         IMG_5505.JPG      seg  ...          seg      0
85         IMG_5507.JPG      seg  ...          seg      0
86         IMG_5509.JPG      seg  ...          seg      0
87         IMG_5604.JPG      seg  ...          seg      0

[88 rows x 5 columns]
bins selected for val: [1, 2, 3, 4, 5, 6, 7, 8, 9]
bins selected for val: [0, 2, 3, 4, 5, 6, 7, 8, 9]
bins selected for val: [0, 1, 3, 4, 5, 6, 7, 8, 9]
bins selected for val: [0, 1, 2, 4, 5, 6, 7, 8, 9]
bins selected for val: [0, 1, 2, 3, 5, 6, 7, 8, 9]
bins selected for val: [0, 1, 2, 3, 4, 6, 7, 8, 9]
bins selected for val: [0, 1, 2, 3, 4, 5, 7, 8, 9]
bins selected for val: [0, 1, 2, 3, 4, 5, 6, 8, 9]
bins selected for val: [0, 1, 2, 3, 4, 5, 6, 7, 9]
bins selected for val: [0, 1, 2, 3, 4, 5, 6, 7, 8]
Generating ILTBI TRAIN data: 38 imgs
dataset [SantaCasaSkfold2generatorDataset] was created
initialize network with normal
model [TestModel] was created
loading the model from /home/otto.tavares/public/iltbi/rxpixp2pixcycle/checkpoints/./santacasa_test_0_sort_2/latest_net_G.pth
---------- Networks initialized -------------
[Network G] Total number of parameters : 54.414 M
-----------------------------------------------
creating web directory /home/otto.tavares/public/iltbi/rxpixp2pixcycle/versions/v1/user.otavares.SantaCasa.pix2pix.v1_iltbi.r1/1aPRODUCAO/./results/santacasa_test_0_sort_2/TRAIN/
processing (0000)-th image... ['/home/otto.tavares/public/iltbi/train/images/santa_casa_pares/20220315_184023_0.png']
processing (0005)-th image... ['/home/otto.tavares/public/iltbi/train/images/santa_casa_pares/20220315_185346_0.png']
processing (0010)-th image... ['/home/otto.tavares/public/iltbi/train/images/santa_casa_pares/20220315_192116_0.png']
processing (0015)-th image... ['/home/otto.tavares/public/iltbi/train/images/santa_casa_pares/20220317_151153_0.png']
processing (0020)-th image... ['/home/otto.tavares/public/iltbi/train/images/santa_casa_pares/20220317_152741_0.png']
processing (0025)-th image... ['/home/otto.tavares/public/iltbi/train/images/santa_casa_pares/20220317_164823_0.png']
processing (0030)-th image... ['/home/otto.tavares/public/iltbi/train/images/santa_casa_pares/20220317_171250_0.png']
processing (0035)-th image... ['/home/otto.tavares/public/iltbi/train/images/santa_casa_pares/IMG_5501_0.png']
                 images    gauss  ... all_together target
0   20220315_184023.jpg      seg  ...          seg      0
1   20220315_184432.jpg      seg  ...          seg      0
2   20220315_184701.jpg  not seg  ...          seg      0
3   20220315_184740.jpg      seg  ...          seg      0
4   20220315_185230.jpg      seg  ...          seg      0
..                  ...      ...  ...          ...    ...
83         IMG_5503.JPG  not seg  ...      not seg      0
84         IMG_5505.JPG      seg  ...          seg      0
85         IMG_5507.JPG      seg  ...          seg      0
86         IMG_5509.JPG      seg  ...          seg      0
87         IMG_5604.JPG      seg  ...          seg      0

[88 rows x 5 columns]
bins selected for val: [1, 2, 3, 4, 5, 6, 7, 8, 9]
bins selected for val: [0, 2, 3, 4, 5, 6, 7, 8, 9]
bins selected for val: [0, 1, 3, 4, 5, 6, 7, 8, 9]
bins selected for val: [0, 1, 2, 4, 5, 6, 7, 8, 9]
bins selected for val: [0, 1, 2, 3, 5, 6, 7, 8, 9]
bins selected for val: [0, 1, 2, 3, 4, 6, 7, 8, 9]
bins selected for val: [0, 1, 2, 3, 4, 5, 7, 8, 9]
bins selected for val: [0, 1, 2, 3, 4, 5, 6, 8, 9]
bins selected for val: [0, 1, 2, 3, 4, 5, 6, 7, 9]
bins selected for val: [0, 1, 2, 3, 4, 5, 6, 7, 8]
Generating ILTBI TRAIN data: 42 imgs
dataset [SantaCasaSkfold2generatorDataset] was created
initialize network with normal
model [TestModel] was created
loading the model from /home/otto.tavares/public/iltbi/rxpixp2pixcycle/checkpoints/./santacasa_test_0_sort_3/latest_net_G.pth
---------- Networks initialized -------------
[Network G] Total number of parameters : 54.414 M
-----------------------------------------------
creating web directory /home/otto.tavares/public/iltbi/rxpixp2pixcycle/versions/v1/user.otavares.SantaCasa.pix2pix.v1_iltbi.r1/1aPRODUCAO/./results/santacasa_test_0_sort_3/TRAIN/
processing (0000)-th image... ['/home/otto.tavares/public/iltbi/train/images/santa_casa_pares/20220315_184023_0.png']
processing (0005)-th image... ['/home/otto.tavares/public/iltbi/train/images/santa_casa_pares/20220315_185645_0.png']
processing (0010)-th image... ['/home/otto.tavares/public/iltbi/train/images/santa_casa_pares/20220315_192652_0.png']
processing (0015)-th image... ['/home/otto.tavares/public/iltbi/train/images/santa_casa_pares/20220317_151653_0.png']
processing (0020)-th image... ['/home/otto.tavares/public/iltbi/train/images/santa_casa_pares/20220317_154454_0.png']
processing (0025)-th image... ['/home/otto.tavares/public/iltbi/train/images/santa_casa_pares/20220317_160916_0.png']
processing (0030)-th image... ['/home/otto.tavares/public/iltbi/train/images/santa_casa_pares/20220317_171020_0.png']
processing (0035)-th image... ['/home/otto.tavares/public/iltbi/train/images/santa_casa_pares/IMG_5407_0.png']
processing (0040)-th image... ['/home/otto.tavares/public/iltbi/train/images/santa_casa_pares/IMG_5509_0.png']
                 images    gauss  ... all_together target
0   20220315_184023.jpg      seg  ...          seg      0
1   20220315_184432.jpg      seg  ...          seg      0
2   20220315_184701.jpg  not seg  ...          seg      0
3   20220315_184740.jpg      seg  ...          seg      0
4   20220315_185230.jpg      seg  ...          seg      0
..                  ...      ...  ...          ...    ...
83         IMG_5503.JPG  not seg  ...      not seg      0
84         IMG_5505.JPG      seg  ...          seg      0
85         IMG_5507.JPG      seg  ...          seg      0
86         IMG_5509.JPG      seg  ...          seg      0
87         IMG_5604.JPG      seg  ...          seg      0

[88 rows x 5 columns]
bins selected for val: [1, 2, 3, 4, 5, 6, 7, 8, 9]
bins selected for val: [0, 2, 3, 4, 5, 6, 7, 8, 9]
bins selected for val: [0, 1, 3, 4, 5, 6, 7, 8, 9]
bins selected for val: [0, 1, 2, 4, 5, 6, 7, 8, 9]
bins selected for val: [0, 1, 2, 3, 5, 6, 7, 8, 9]
bins selected for val: [0, 1, 2, 3, 4, 6, 7, 8, 9]
bins selected for val: [0, 1, 2, 3, 4, 5, 7, 8, 9]
bins selected for val: [0, 1, 2, 3, 4, 5, 6, 8, 9]
bins selected for val: [0, 1, 2, 3, 4, 5, 6, 7, 9]
bins selected for val: [0, 1, 2, 3, 4, 5, 6, 7, 8]
Generating ILTBI TRAIN data: 41 imgs
dataset [SantaCasaSkfold2generatorDataset] was created
initialize network with normal
model [TestModel] was created
loading the model from /home/otto.tavares/public/iltbi/rxpixp2pixcycle/checkpoints/./santacasa_test_0_sort_4/latest_net_G.pth
---------- Networks initialized -------------
[Network G] Total number of parameters : 54.414 M
-----------------------------------------------
creating web directory /home/otto.tavares/public/iltbi/rxpixp2pixcycle/versions/v1/user.otavares.SantaCasa.pix2pix.v1_iltbi.r1/1aPRODUCAO/./results/santacasa_test_0_sort_4/TRAIN/
processing (0000)-th image... ['/home/otto.tavares/public/iltbi/train/images/santa_casa_pares/20220315_184023_0.png']
processing (0005)-th image... ['/home/otto.tavares/public/iltbi/train/images/santa_casa_pares/20220315_185346_0.png']
processing (0010)-th image... ['/home/otto.tavares/public/iltbi/train/images/santa_casa_pares/20220315_192525_0.png']
processing (0015)-th image... ['/home/otto.tavares/public/iltbi/train/images/santa_casa_pares/20220317_151653_0.png']
processing (0020)-th image... ['/home/otto.tavares/public/iltbi/train/images/santa_casa_pares/20220317_154934_0.png']
processing (0025)-th image... ['/home/otto.tavares/public/iltbi/train/images/santa_casa_pares/20220317_165249_0.png']
processing (0030)-th image... ['/home/otto.tavares/public/iltbi/train/images/santa_casa_pares/20220317_171431_0.png']
processing (0035)-th image... ['/home/otto.tavares/public/iltbi/train/images/santa_casa_pares/IMG_5408_0.png']
processing (0040)-th image... ['/home/otto.tavares/public/iltbi/train/images/santa_casa_pares/IMG_5604_0.png']
                 images    gauss  ... all_together target
0   20220315_184023.jpg      seg  ...          seg      0
1   20220315_184432.jpg      seg  ...          seg      0
2   20220315_184701.jpg  not seg  ...          seg      0
3   20220315_184740.jpg      seg  ...          seg      0
4   20220315_185230.jpg      seg  ...          seg      0
..                  ...      ...  ...          ...    ...
83         IMG_5503.JPG  not seg  ...      not seg      0
84         IMG_5505.JPG      seg  ...          seg      0
85         IMG_5507.JPG      seg  ...          seg      0
86         IMG_5509.JPG      seg  ...          seg      0
87         IMG_5604.JPG      seg  ...          seg      0

[88 rows x 5 columns]
bins selected for val: [1, 2, 3, 4, 5, 6, 7, 8, 9]
bins selected for val: [0, 2, 3, 4, 5, 6, 7, 8, 9]
bins selected for val: [0, 1, 3, 4, 5, 6, 7, 8, 9]
bins selected for val: [0, 1, 2, 4, 5, 6, 7, 8, 9]
bins selected for val: [0, 1, 2, 3, 5, 6, 7, 8, 9]
bins selected for val: [0, 1, 2, 3, 4, 6, 7, 8, 9]
bins selected for val: [0, 1, 2, 3, 4, 5, 7, 8, 9]
bins selected for val: [0, 1, 2, 3, 4, 5, 6, 8, 9]
bins selected for val: [0, 1, 2, 3, 4, 5, 6, 7, 9]
bins selected for val: [0, 1, 2, 3, 4, 5, 6, 7, 8]
Generating ILTBI TRAIN data: 42 imgs
dataset [SantaCasaSkfold2generatorDataset] was created
initialize network with normal
model [TestModel] was created
loading the model from /home/otto.tavares/public/iltbi/rxpixp2pixcycle/checkpoints/./santacasa_test_0_sort_5/latest_net_G.pth
---------- Networks initialized -------------
[Network G] Total number of parameters : 54.414 M
-----------------------------------------------
creating web directory /home/otto.tavares/public/iltbi/rxpixp2pixcycle/versions/v1/user.otavares.SantaCasa.pix2pix.v1_iltbi.r1/1aPRODUCAO/./results/santacasa_test_0_sort_5/TRAIN/
processing (0000)-th image... ['/home/otto.tavares/public/iltbi/train/images/santa_casa_pares/20220315_184023_0.png']
processing (0005)-th image... ['/home/otto.tavares/public/iltbi/train/images/santa_casa_pares/20220315_185809_0.png']
processing (0010)-th image... ['/home/otto.tavares/public/iltbi/train/images/santa_casa_pares/20220315_192652_0.png']
processing (0015)-th image... ['/home/otto.tavares/public/iltbi/train/images/santa_casa_pares/20220317_151653_0.png']
processing (0020)-th image... ['/home/otto.tavares/public/iltbi/train/images/santa_casa_pares/20220317_154454_0.png']
processing (0025)-th image... ['/home/otto.tavares/public/iltbi/train/images/santa_casa_pares/20220317_160916_0.png']
processing (0030)-th image... ['/home/otto.tavares/public/iltbi/train/images/santa_casa_pares/20220317_171020_0.png']
processing (0035)-th image... ['/home/otto.tavares/public/iltbi/train/images/santa_casa_pares/IMG_5407_0.png']
processing (0040)-th image... ['/home/otto.tavares/public/iltbi/train/images/santa_casa_pares/IMG_5509_0.png']
                 images    gauss  ... all_together target
0   20220315_184023.jpg      seg  ...          seg      0
1   20220315_184432.jpg      seg  ...          seg      0
2   20220315_184701.jpg  not seg  ...          seg      0
3   20220315_184740.jpg      seg  ...          seg      0
4   20220315_185230.jpg      seg  ...          seg      0
..                  ...      ...  ...          ...    ...
83         IMG_5503.JPG  not seg  ...      not seg      0
84         IMG_5505.JPG      seg  ...          seg      0
85         IMG_5507.JPG      seg  ...          seg      0
86         IMG_5509.JPG      seg  ...          seg      0
87         IMG_5604.JPG      seg  ...          seg      0

[88 rows x 5 columns]
bins selected for val: [1, 2, 3, 4, 5, 6, 7, 8, 9]
bins selected for val: [0, 2, 3, 4, 5, 6, 7, 8, 9]
bins selected for val: [0, 1, 3, 4, 5, 6, 7, 8, 9]
bins selected for val: [0, 1, 2, 4, 5, 6, 7, 8, 9]
bins selected for val: [0, 1, 2, 3, 5, 6, 7, 8, 9]
bins selected for val: [0, 1, 2, 3, 4, 6, 7, 8, 9]
bins selected for val: [0, 1, 2, 3, 4, 5, 7, 8, 9]
bins selected for val: [0, 1, 2, 3, 4, 5, 6, 8, 9]
bins selected for val: [0, 1, 2, 3, 4, 5, 6, 7, 9]
bins selected for val: [0, 1, 2, 3, 4, 5, 6, 7, 8]
Generating ILTBI TRAIN data: 42 imgs
dataset [SantaCasaSkfold2generatorDataset] was created
initialize network with normal
model [TestModel] was created
loading the model from /home/otto.tavares/public/iltbi/rxpixp2pixcycle/checkpoints/./santacasa_test_0_sort_6/latest_net_G.pth
---------- Networks initialized -------------
[Network G] Total number of parameters : 54.414 M
-----------------------------------------------
creating web directory /home/otto.tavares/public/iltbi/rxpixp2pixcycle/versions/v1/user.otavares.SantaCasa.pix2pix.v1_iltbi.r1/1aPRODUCAO/./results/santacasa_test_0_sort_6/TRAIN/
processing (0000)-th image... ['/home/otto.tavares/public/iltbi/train/images/santa_casa_pares/20220315_184432_0.png']
processing (0005)-th image... ['/home/otto.tavares/public/iltbi/train/images/santa_casa_pares/20220315_185809_0.png']
processing (0010)-th image... ['/home/otto.tavares/public/iltbi/train/images/santa_casa_pares/20220315_192652_0.png']
processing (0015)-th image... ['/home/otto.tavares/public/iltbi/train/images/santa_casa_pares/20220317_151653_0.png']
processing (0020)-th image... ['/home/otto.tavares/public/iltbi/train/images/santa_casa_pares/20220317_154454_0.png']
processing (0025)-th image... ['/home/otto.tavares/public/iltbi/train/images/santa_casa_pares/20220317_160916_0.png']
processing (0030)-th image... ['/home/otto.tavares/public/iltbi/train/images/santa_casa_pares/20220317_170424_0.png']
processing (0035)-th image... ['/home/otto.tavares/public/iltbi/train/images/santa_casa_pares/20220317_181158_0.png']
processing (0040)-th image... ['/home/otto.tavares/public/iltbi/train/images/santa_casa_pares/IMG_5507_0.png']
                 images    gauss  ... all_together target
0   20220315_184023.jpg      seg  ...          seg      0
1   20220315_184432.jpg      seg  ...          seg      0
2   20220315_184701.jpg  not seg  ...          seg      0
3   20220315_184740.jpg      seg  ...          seg      0
4   20220315_185230.jpg      seg  ...          seg      0
..                  ...      ...  ...          ...    ...
83         IMG_5503.JPG  not seg  ...      not seg      0
84         IMG_5505.JPG      seg  ...          seg      0
85         IMG_5507.JPG      seg  ...          seg      0
86         IMG_5509.JPG      seg  ...          seg      0
87         IMG_5604.JPG      seg  ...          seg      0

[88 rows x 5 columns]
bins selected for val: [1, 2, 3, 4, 5, 6, 7, 8, 9]
bins selected for val: [0, 2, 3, 4, 5, 6, 7, 8, 9]
bins selected for val: [0, 1, 3, 4, 5, 6, 7, 8, 9]
bins selected for val: [0, 1, 2, 4, 5, 6, 7, 8, 9]
bins selected for val: [0, 1, 2, 3, 5, 6, 7, 8, 9]
bins selected for val: [0, 1, 2, 3, 4, 6, 7, 8, 9]
bins selected for val: [0, 1, 2, 3, 4, 5, 7, 8, 9]
bins selected for val: [0, 1, 2, 3, 4, 5, 6, 8, 9]
bins selected for val: [0, 1, 2, 3, 4, 5, 6, 7, 9]
bins selected for val: [0, 1, 2, 3, 4, 5, 6, 7, 8]
Generating ILTBI TRAIN data: 39 imgs
dataset [SantaCasaSkfold2generatorDataset] was created
initialize network with normal
model [TestModel] was created
loading the model from /home/otto.tavares/public/iltbi/rxpixp2pixcycle/checkpoints/./santacasa_test_0_sort_7/latest_net_G.pth
---------- Networks initialized -------------
[Network G] Total number of parameters : 54.414 M
-----------------------------------------------
creating web directory /home/otto.tavares/public/iltbi/rxpixp2pixcycle/versions/v1/user.otavares.SantaCasa.pix2pix.v1_iltbi.r1/1aPRODUCAO/./results/santacasa_test_0_sort_7/TRAIN/
processing (0000)-th image... ['/home/otto.tavares/public/iltbi/train/images/santa_casa_pares/20220315_184023_0.png']
processing (0005)-th image... ['/home/otto.tavares/public/iltbi/train/images/santa_casa_pares/20220315_185346_0.png']
processing (0010)-th image... ['/home/otto.tavares/public/iltbi/train/images/santa_casa_pares/20220315_192525_0.png']
processing (0015)-th image... ['/home/otto.tavares/public/iltbi/train/images/santa_casa_pares/20220317_151653_0.png']
processing (0020)-th image... ['/home/otto.tavares/public/iltbi/train/images/santa_casa_pares/20220317_155520_0.png']
processing (0025)-th image... ['/home/otto.tavares/public/iltbi/train/images/santa_casa_pares/20220317_165555_0.png']
processing (0030)-th image... ['/home/otto.tavares/public/iltbi/train/images/santa_casa_pares/20220317_171901_0.png']
processing (0035)-th image... ['/home/otto.tavares/public/iltbi/train/images/santa_casa_pares/IMG_5505_0.png']
                 images    gauss  ... all_together target
0   20220315_184023.jpg      seg  ...          seg      0
1   20220315_184432.jpg      seg  ...          seg      0
2   20220315_184701.jpg  not seg  ...          seg      0
3   20220315_184740.jpg      seg  ...          seg      0
4   20220315_185230.jpg      seg  ...          seg      0
..                  ...      ...  ...          ...    ...
83         IMG_5503.JPG  not seg  ...      not seg      0
84         IMG_5505.JPG      seg  ...          seg      0
85         IMG_5507.JPG      seg  ...          seg      0
86         IMG_5509.JPG      seg  ...          seg      0
87         IMG_5604.JPG      seg  ...          seg      0

[88 rows x 5 columns]
bins selected for val: [1, 2, 3, 4, 5, 6, 7, 8, 9]
bins selected for val: [0, 2, 3, 4, 5, 6, 7, 8, 9]
bins selected for val: [0, 1, 3, 4, 5, 6, 7, 8, 9]
bins selected for val: [0, 1, 2, 4, 5, 6, 7, 8, 9]
bins selected for val: [0, 1, 2, 3, 5, 6, 7, 8, 9]
bins selected for val: [0, 1, 2, 3, 4, 6, 7, 8, 9]
bins selected for val: [0, 1, 2, 3, 4, 5, 7, 8, 9]
bins selected for val: [0, 1, 2, 3, 4, 5, 6, 8, 9]
bins selected for val: [0, 1, 2, 3, 4, 5, 6, 7, 9]
bins selected for val: [0, 1, 2, 3, 4, 5, 6, 7, 8]
Generating ILTBI TRAIN data: 43 imgs
dataset [SantaCasaSkfold2generatorDataset] was created
initialize network with normal
model [TestModel] was created
loading the model from /home/otto.tavares/public/iltbi/rxpixp2pixcycle/checkpoints/./santacasa_test_0_sort_8/latest_net_G.pth
---------- Networks initialized -------------
[Network G] Total number of parameters : 54.414 M
-----------------------------------------------
creating web directory /home/otto.tavares/public/iltbi/rxpixp2pixcycle/versions/v1/user.otavares.SantaCasa.pix2pix.v1_iltbi.r1/1aPRODUCAO/./results/santacasa_test_0_sort_8/TRAIN/
processing (0000)-th image... ['/home/otto.tavares/public/iltbi/train/images/santa_casa_pares/20220315_184023_0.png']
processing (0005)-th image... ['/home/otto.tavares/public/iltbi/train/images/santa_casa_pares/20220315_185346_0.png']
processing (0010)-th image... ['/home/otto.tavares/public/iltbi/train/images/santa_casa_pares/20220315_192525_0.png']
processing (0015)-th image... ['/home/otto.tavares/public/iltbi/train/images/santa_casa_pares/20220317_151737_0.png']
processing (0020)-th image... ['/home/otto.tavares/public/iltbi/train/images/santa_casa_pares/20220317_154934_0.png']
processing (0025)-th image... ['/home/otto.tavares/public/iltbi/train/images/santa_casa_pares/20220317_161215_0.png']
processing (0030)-th image... ['/home/otto.tavares/public/iltbi/train/images/santa_casa_pares/20220317_171020_0.png']
processing (0035)-th image... ['/home/otto.tavares/public/iltbi/train/images/santa_casa_pares/20220317_181626_0.png']
processing (0040)-th image... ['/home/otto.tavares/public/iltbi/train/images/santa_casa_pares/IMG_5507_0.png']
                 images    gauss  ... all_together target
0   20220315_184023.jpg      seg  ...          seg      0
1   20220315_184432.jpg      seg  ...          seg      0
2   20220315_184701.jpg  not seg  ...          seg      0
3   20220315_184740.jpg      seg  ...          seg      0
4   20220315_185230.jpg      seg  ...          seg      0
..                  ...      ...  ...          ...    ...
83         IMG_5503.JPG  not seg  ...      not seg      0
84         IMG_5505.JPG      seg  ...          seg      0
85         IMG_5507.JPG      seg  ...          seg      0
86         IMG_5509.JPG      seg  ...          seg      0
87         IMG_5604.JPG      seg  ...          seg      0

[88 rows x 5 columns]
bins selected for val: [1, 2, 3, 4, 5, 6, 7, 8, 9]
bins selected for val: [0, 2, 3, 4, 5, 6, 7, 8, 9]
bins selected for val: [0, 1, 3, 4, 5, 6, 7, 8, 9]
bins selected for val: [0, 1, 2, 4, 5, 6, 7, 8, 9]
bins selected for val: [0, 1, 2, 3, 5, 6, 7, 8, 9]
bins selected for val: [0, 1, 2, 3, 4, 6, 7, 8, 9]
bins selected for val: [0, 1, 2, 3, 4, 5, 7, 8, 9]
bins selected for val: [0, 1, 2, 3, 4, 5, 6, 8, 9]
bins selected for val: [0, 1, 2, 3, 4, 5, 6, 7, 9]
bins selected for val: [0, 1, 2, 3, 4, 5, 6, 7, 8]
Generating ILTBI TRAIN data: 41 imgs
dataset [SantaCasaSkfold2generatorDataset] was created
initialize network with normal
model [TestModel] was created
loading the model from /home/otto.tavares/public/iltbi/rxpixp2pixcycle/checkpoints/./santacasa_test_1_sort_0/latest_net_G.pth
---------- Networks initialized -------------
[Network G] Total number of parameters : 54.414 M
-----------------------------------------------
creating web directory /home/otto.tavares/public/iltbi/rxpixp2pixcycle/versions/v1/user.otavares.SantaCasa.pix2pix.v1_iltbi.r1/1aPRODUCAO/./results/santacasa_test_1_sort_0/TRAIN/
processing (0000)-th image... ['/home/otto.tavares/public/iltbi/train/images/santa_casa_pares/20220315_184023_0.png']
processing (0005)-th image... ['/home/otto.tavares/public/iltbi/train/images/santa_casa_pares/20220315_185645_0.png']
processing (0010)-th image... ['/home/otto.tavares/public/iltbi/train/images/santa_casa_pares/20220315_192525_0.png']
processing (0015)-th image... ['/home/otto.tavares/public/iltbi/train/images/santa_casa_pares/20220317_151653_0.png']
processing (0020)-th image... ['/home/otto.tavares/public/iltbi/train/images/santa_casa_pares/20220317_154934_0.png']
processing (0025)-th image... ['/home/otto.tavares/public/iltbi/train/images/santa_casa_pares/20220317_161215_0.png']
processing (0030)-th image... ['/home/otto.tavares/public/iltbi/train/images/santa_casa_pares/20220317_171250_0.png']
processing (0035)-th image... ['/home/otto.tavares/public/iltbi/train/images/santa_casa_pares/IMG_5407_0.png']
processing (0040)-th image... ['/home/otto.tavares/public/iltbi/train/images/santa_casa_pares/IMG_5604_0.png']
                 images    gauss  ... all_together target
0   20220315_184023.jpg      seg  ...          seg      0
1   20220315_184432.jpg      seg  ...          seg      0
2   20220315_184701.jpg  not seg  ...          seg      0
3   20220315_184740.jpg      seg  ...          seg      0
4   20220315_185230.jpg      seg  ...          seg      0
..                  ...      ...  ...          ...    ...
83         IMG_5503.JPG  not seg  ...      not seg      0
84         IMG_5505.JPG      seg  ...          seg      0
85         IMG_5507.JPG      seg  ...          seg      0
86         IMG_5509.JPG      seg  ...          seg      0
87         IMG_5604.JPG      seg  ...          seg      0

[88 rows x 5 columns]
bins selected for val: [1, 2, 3, 4, 5, 6, 7, 8, 9]
bins selected for val: [0, 2, 3, 4, 5, 6, 7, 8, 9]
bins selected for val: [0, 1, 3, 4, 5, 6, 7, 8, 9]
bins selected for val: [0, 1, 2, 4, 5, 6, 7, 8, 9]
bins selected for val: [0, 1, 2, 3, 5, 6, 7, 8, 9]
bins selected for val: [0, 1, 2, 3, 4, 6, 7, 8, 9]
bins selected for val: [0, 1, 2, 3, 4, 5, 7, 8, 9]
bins selected for val: [0, 1, 2, 3, 4, 5, 6, 8, 9]
bins selected for val: [0, 1, 2, 3, 4, 5, 6, 7, 9]
bins selected for val: [0, 1, 2, 3, 4, 5, 6, 7, 8]
Generating ILTBI TRAIN data: 39 imgs
dataset [SantaCasaSkfold2generatorDataset] was created
initialize network with normal
model [TestModel] was created
loading the model from /home/otto.tavares/public/iltbi/rxpixp2pixcycle/checkpoints/./santacasa_test_1_sort_1/latest_net_G.pth
---------- Networks initialized -------------
[Network G] Total number of parameters : 54.414 M
-----------------------------------------------
creating web directory /home/otto.tavares/public/iltbi/rxpixp2pixcycle/versions/v1/user.otavares.SantaCasa.pix2pix.v1_iltbi.r1/1aPRODUCAO/./results/santacasa_test_1_sort_1/TRAIN/
processing (0000)-th image... ['/home/otto.tavares/public/iltbi/train/images/santa_casa_pares/20220315_184023_0.png']
processing (0005)-th image... ['/home/otto.tavares/public/iltbi/train/images/santa_casa_pares/20220315_185809_0.png']
processing (0010)-th image... ['/home/otto.tavares/public/iltbi/train/images/santa_casa_pares/20220315_192525_0.png']
processing (0015)-th image... ['/home/otto.tavares/public/iltbi/train/images/santa_casa_pares/20220317_151737_0.png']
processing (0020)-th image... ['/home/otto.tavares/public/iltbi/train/images/santa_casa_pares/20220317_155520_0.png']
processing (0025)-th image... ['/home/otto.tavares/public/iltbi/train/images/santa_casa_pares/20220317_164823_0.png']
processing (0030)-th image... ['/home/otto.tavares/public/iltbi/train/images/santa_casa_pares/20220317_181158_0.png']
processing (0035)-th image... ['/home/otto.tavares/public/iltbi/train/images/santa_casa_pares/IMG_5501_0.png']
                 images    gauss  ... all_together target
0   20220315_184023.jpg      seg  ...          seg      0
1   20220315_184432.jpg      seg  ...          seg      0
2   20220315_184701.jpg  not seg  ...          seg      0
3   20220315_184740.jpg      seg  ...          seg      0
4   20220315_185230.jpg      seg  ...          seg      0
..                  ...      ...  ...          ...    ...
83         IMG_5503.JPG  not seg  ...      not seg      0
84         IMG_5505.JPG      seg  ...          seg      0
85         IMG_5507.JPG      seg  ...          seg      0
86         IMG_5509.JPG      seg  ...          seg      0
87         IMG_5604.JPG      seg  ...          seg      0

[88 rows x 5 columns]
bins selected for val: [1, 2, 3, 4, 5, 6, 7, 8, 9]
bins selected for val: [0, 2, 3, 4, 5, 6, 7, 8, 9]
bins selected for val: [0, 1, 3, 4, 5, 6, 7, 8, 9]
bins selected for val: [0, 1, 2, 4, 5, 6, 7, 8, 9]
bins selected for val: [0, 1, 2, 3, 5, 6, 7, 8, 9]
bins selected for val: [0, 1, 2, 3, 4, 6, 7, 8, 9]
bins selected for val: [0, 1, 2, 3, 4, 5, 7, 8, 9]
bins selected for val: [0, 1, 2, 3, 4, 5, 6, 8, 9]
bins selected for val: [0, 1, 2, 3, 4, 5, 6, 7, 9]
bins selected for val: [0, 1, 2, 3, 4, 5, 6, 7, 8]
Generating ILTBI TRAIN data: 37 imgs
dataset [SantaCasaSkfold2generatorDataset] was created
initialize network with normal
model [TestModel] was created
loading the model from /home/otto.tavares/public/iltbi/rxpixp2pixcycle/checkpoints/./santacasa_test_1_sort_2/latest_net_G.pth
---------- Networks initialized -------------
[Network G] Total number of parameters : 54.414 M
-----------------------------------------------
creating web directory /home/otto.tavares/public/iltbi/rxpixp2pixcycle/versions/v1/user.otavares.SantaCasa.pix2pix.v1_iltbi.r1/1aPRODUCAO/./results/santacasa_test_1_sort_2/TRAIN/
processing (0000)-th image... ['/home/otto.tavares/public/iltbi/train/images/santa_casa_pares/20220315_184023_0.png']
processing (0005)-th image... ['/home/otto.tavares/public/iltbi/train/images/santa_casa_pares/20220315_185645_0.png']
processing (0010)-th image... ['/home/otto.tavares/public/iltbi/train/images/santa_casa_pares/20220315_192319_0.png']
processing (0015)-th image... ['/home/otto.tavares/public/iltbi/train/images/santa_casa_pares/20220317_151653_0.png']
processing (0020)-th image... ['/home/otto.tavares/public/iltbi/train/images/santa_casa_pares/20220317_160237_0.png']
processing (0025)-th image... ['/home/otto.tavares/public/iltbi/train/images/santa_casa_pares/20220317_164823_0.png']
processing (0030)-th image... ['/home/otto.tavares/public/iltbi/train/images/santa_casa_pares/20220317_171431_0.png']
processing (0035)-th image... ['/home/otto.tavares/public/iltbi/train/images/santa_casa_pares/IMG_5501_0.png']
                 images    gauss  ... all_together target
0   20220315_184023.jpg      seg  ...          seg      0
1   20220315_184432.jpg      seg  ...          seg      0
2   20220315_184701.jpg  not seg  ...          seg      0
3   20220315_184740.jpg      seg  ...          seg      0
4   20220315_185230.jpg      seg  ...          seg      0
..                  ...      ...  ...          ...    ...
83         IMG_5503.JPG  not seg  ...      not seg      0
84         IMG_5505.JPG      seg  ...          seg      0
85         IMG_5507.JPG      seg  ...          seg      0
86         IMG_5509.JPG      seg  ...          seg      0
87         IMG_5604.JPG      seg  ...          seg      0

[88 rows x 5 columns]
bins selected for val: [1, 2, 3, 4, 5, 6, 7, 8, 9]
bins selected for val: [0, 2, 3, 4, 5, 6, 7, 8, 9]
bins selected for val: [0, 1, 3, 4, 5, 6, 7, 8, 9]
bins selected for val: [0, 1, 2, 4, 5, 6, 7, 8, 9]
bins selected for val: [0, 1, 2, 3, 5, 6, 7, 8, 9]
bins selected for val: [0, 1, 2, 3, 4, 6, 7, 8, 9]
bins selected for val: [0, 1, 2, 3, 4, 5, 7, 8, 9]
bins selected for val: [0, 1, 2, 3, 4, 5, 6, 8, 9]
bins selected for val: [0, 1, 2, 3, 4, 5, 6, 7, 9]
bins selected for val: [0, 1, 2, 3, 4, 5, 6, 7, 8]
Generating ILTBI TRAIN data: 41 imgs
dataset [SantaCasaSkfold2generatorDataset] was created
initialize network with normal
model [TestModel] was created
loading the model from /home/otto.tavares/public/iltbi/rxpixp2pixcycle/checkpoints/./santacasa_test_1_sort_3/latest_net_G.pth
---------- Networks initialized -------------
[Network G] Total number of parameters : 54.414 M
-----------------------------------------------
creating web directory /home/otto.tavares/public/iltbi/rxpixp2pixcycle/versions/v1/user.otavares.SantaCasa.pix2pix.v1_iltbi.r1/1aPRODUCAO/./results/santacasa_test_1_sort_3/TRAIN/
processing (0000)-th image... ['/home/otto.tavares/public/iltbi/train/images/santa_casa_pares/20220315_184023_0.png']
processing (0005)-th image... ['/home/otto.tavares/public/iltbi/train/images/santa_casa_pares/20220315_185809_0.png']
processing (0010)-th image... ['/home/otto.tavares/public/iltbi/train/images/santa_casa_pares/20220315_192652_0.png']
processing (0015)-th image... ['/home/otto.tavares/public/iltbi/train/images/santa_casa_pares/20220317_151737_0.png']
processing (0020)-th image... ['/home/otto.tavares/public/iltbi/train/images/santa_casa_pares/20220317_155520_0.png']
processing (0025)-th image... ['/home/otto.tavares/public/iltbi/train/images/santa_casa_pares/20220317_163126_0.png']
processing (0030)-th image... ['/home/otto.tavares/public/iltbi/train/images/santa_casa_pares/20220317_171250_0.png']
processing (0035)-th image... ['/home/otto.tavares/public/iltbi/train/images/santa_casa_pares/IMG_5407_0.png']
processing (0040)-th image... ['/home/otto.tavares/public/iltbi/train/images/santa_casa_pares/IMG_5604_0.png']
                 images    gauss  ... all_together target
0   20220315_184023.jpg      seg  ...          seg      0
1   20220315_184432.jpg      seg  ...          seg      0
2   20220315_184701.jpg  not seg  ...          seg      0
3   20220315_184740.jpg      seg  ...          seg      0
4   20220315_185230.jpg      seg  ...          seg      0
..                  ...      ...  ...          ...    ...
83         IMG_5503.JPG  not seg  ...      not seg      0
84         IMG_5505.JPG      seg  ...          seg      0
85         IMG_5507.JPG      seg  ...          seg      0
86         IMG_5509.JPG      seg  ...          seg      0
87         IMG_5604.JPG      seg  ...          seg      0

[88 rows x 5 columns]
bins selected for val: [1, 2, 3, 4, 5, 6, 7, 8, 9]
bins selected for val: [0, 2, 3, 4, 5, 6, 7, 8, 9]
bins selected for val: [0, 1, 3, 4, 5, 6, 7, 8, 9]
bins selected for val: [0, 1, 2, 4, 5, 6, 7, 8, 9]
bins selected for val: [0, 1, 2, 3, 5, 6, 7, 8, 9]
bins selected for val: [0, 1, 2, 3, 4, 6, 7, 8, 9]
bins selected for val: [0, 1, 2, 3, 4, 5, 7, 8, 9]
bins selected for val: [0, 1, 2, 3, 4, 5, 6, 8, 9]
bins selected for val: [0, 1, 2, 3, 4, 5, 6, 7, 9]
bins selected for val: [0, 1, 2, 3, 4, 5, 6, 7, 8]
Generating ILTBI TRAIN data: 40 imgs
dataset [SantaCasaSkfold2generatorDataset] was created
initialize network with normal
model [TestModel] was created
loading the model from /home/otto.tavares/public/iltbi/rxpixp2pixcycle/checkpoints/./santacasa_test_1_sort_4/latest_net_G.pth
---------- Networks initialized -------------
[Network G] Total number of parameters : 54.414 M
-----------------------------------------------
creating web directory /home/otto.tavares/public/iltbi/rxpixp2pixcycle/versions/v1/user.otavares.SantaCasa.pix2pix.v1_iltbi.r1/1aPRODUCAO/./results/santacasa_test_1_sort_4/TRAIN/
processing (0000)-th image... ['/home/otto.tavares/public/iltbi/train/images/santa_casa_pares/20220315_184023_0.png']
processing (0005)-th image... ['/home/otto.tavares/public/iltbi/train/images/santa_casa_pares/20220315_185645_0.png']
processing (0010)-th image... ['/home/otto.tavares/public/iltbi/train/images/santa_casa_pares/20220315_192525_0.png']
processing (0015)-th image... ['/home/otto.tavares/public/iltbi/train/images/santa_casa_pares/20220317_151737_0.png']
processing (0020)-th image... ['/home/otto.tavares/public/iltbi/train/images/santa_casa_pares/20220317_160916_0.png']
processing (0025)-th image... ['/home/otto.tavares/public/iltbi/train/images/santa_casa_pares/20220317_165249_0.png']
processing (0030)-th image... ['/home/otto.tavares/public/iltbi/train/images/santa_casa_pares/20220317_171901_0.png']
processing (0035)-th image... ['/home/otto.tavares/public/iltbi/train/images/santa_casa_pares/IMG_5408_0.png']
                 images    gauss  ... all_together target
0   20220315_184023.jpg      seg  ...          seg      0
1   20220315_184432.jpg      seg  ...          seg      0
2   20220315_184701.jpg  not seg  ...          seg      0
3   20220315_184740.jpg      seg  ...          seg      0
4   20220315_185230.jpg      seg  ...          seg      0
..                  ...      ...  ...          ...    ...
83         IMG_5503.JPG  not seg  ...      not seg      0
84         IMG_5505.JPG      seg  ...          seg      0
85         IMG_5507.JPG      seg  ...          seg      0
86         IMG_5509.JPG      seg  ...          seg      0
87         IMG_5604.JPG      seg  ...          seg      0

[88 rows x 5 columns]
bins selected for val: [1, 2, 3, 4, 5, 6, 7, 8, 9]
bins selected for val: [0, 2, 3, 4, 5, 6, 7, 8, 9]
bins selected for val: [0, 1, 3, 4, 5, 6, 7, 8, 9]
bins selected for val: [0, 1, 2, 4, 5, 6, 7, 8, 9]
bins selected for val: [0, 1, 2, 3, 5, 6, 7, 8, 9]
bins selected for val: [0, 1, 2, 3, 4, 6, 7, 8, 9]
bins selected for val: [0, 1, 2, 3, 4, 5, 7, 8, 9]
bins selected for val: [0, 1, 2, 3, 4, 5, 6, 8, 9]
bins selected for val: [0, 1, 2, 3, 4, 5, 6, 7, 9]
bins selected for val: [0, 1, 2, 3, 4, 5, 6, 7, 8]
Generating ILTBI TRAIN data: 41 imgs
dataset [SantaCasaSkfold2generatorDataset] was created
initialize network with normal
model [TestModel] was created
loading the model from /home/otto.tavares/public/iltbi/rxpixp2pixcycle/checkpoints/./santacasa_test_1_sort_5/latest_net_G.pth
---------- Networks initialized -------------
[Network G] Total number of parameters : 54.414 M
-----------------------------------------------
creating web directory /home/otto.tavares/public/iltbi/rxpixp2pixcycle/versions/v1/user.otavares.SantaCasa.pix2pix.v1_iltbi.r1/1aPRODUCAO/./results/santacasa_test_1_sort_5/TRAIN/
processing (0000)-th image... ['/home/otto.tavares/public/iltbi/train/images/santa_casa_pares/20220315_184023_0.png']
processing (0005)-th image... ['/home/otto.tavares/public/iltbi/train/images/santa_casa_pares/20220315_191225_0.png']
processing (0010)-th image... ['/home/otto.tavares/public/iltbi/train/images/santa_casa_pares/20220315_192652_0.png']
processing (0015)-th image... ['/home/otto.tavares/public/iltbi/train/images/santa_casa_pares/20220317_151737_0.png']
processing (0020)-th image... ['/home/otto.tavares/public/iltbi/train/images/santa_casa_pares/20220317_155520_0.png']
processing (0025)-th image... ['/home/otto.tavares/public/iltbi/train/images/santa_casa_pares/20220317_163126_0.png']
processing (0030)-th image... ['/home/otto.tavares/public/iltbi/train/images/santa_casa_pares/20220317_171250_0.png']
processing (0035)-th image... ['/home/otto.tavares/public/iltbi/train/images/santa_casa_pares/IMG_5407_0.png']
processing (0040)-th image... ['/home/otto.tavares/public/iltbi/train/images/santa_casa_pares/IMG_5604_0.png']
                 images    gauss  ... all_together target
0   20220315_184023.jpg      seg  ...          seg      0
1   20220315_184432.jpg      seg  ...          seg      0
2   20220315_184701.jpg  not seg  ...          seg      0
3   20220315_184740.jpg      seg  ...          seg      0
4   20220315_185230.jpg      seg  ...          seg      0
..                  ...      ...  ...          ...    ...
83         IMG_5503.JPG  not seg  ...      not seg      0
84         IMG_5505.JPG      seg  ...          seg      0
85         IMG_5507.JPG      seg  ...          seg      0
86         IMG_5509.JPG      seg  ...          seg      0
87         IMG_5604.JPG      seg  ...          seg      0

[88 rows x 5 columns]
bins selected for val: [1, 2, 3, 4, 5, 6, 7, 8, 9]
bins selected for val: [0, 2, 3, 4, 5, 6, 7, 8, 9]
bins selected for val: [0, 1, 3, 4, 5, 6, 7, 8, 9]
bins selected for val: [0, 1, 2, 4, 5, 6, 7, 8, 9]
bins selected for val: [0, 1, 2, 3, 5, 6, 7, 8, 9]
bins selected for val: [0, 1, 2, 3, 4, 6, 7, 8, 9]
bins selected for val: [0, 1, 2, 3, 4, 5, 7, 8, 9]
bins selected for val: [0, 1, 2, 3, 4, 5, 6, 8, 9]
bins selected for val: [0, 1, 2, 3, 4, 5, 6, 7, 9]
bins selected for val: [0, 1, 2, 3, 4, 5, 6, 7, 8]
Generating ILTBI TRAIN data: 41 imgs
dataset [SantaCasaSkfold2generatorDataset] was created
initialize network with normal
model [TestModel] was created
loading the model from /home/otto.tavares/public/iltbi/rxpixp2pixcycle/checkpoints/./santacasa_test_1_sort_6/latest_net_G.pth
---------- Networks initialized -------------
[Network G] Total number of parameters : 54.414 M
-----------------------------------------------
creating web directory /home/otto.tavares/public/iltbi/rxpixp2pixcycle/versions/v1/user.otavares.SantaCasa.pix2pix.v1_iltbi.r1/1aPRODUCAO/./results/santacasa_test_1_sort_6/TRAIN/
processing (0000)-th image... ['/home/otto.tavares/public/iltbi/train/images/santa_casa_pares/20220315_184432_0.png']
processing (0005)-th image... ['/home/otto.tavares/public/iltbi/train/images/santa_casa_pares/20220315_191225_0.png']
processing (0010)-th image... ['/home/otto.tavares/public/iltbi/train/images/santa_casa_pares/20220315_192652_0.png']
processing (0015)-th image... ['/home/otto.tavares/public/iltbi/train/images/santa_casa_pares/20220317_151737_0.png']
processing (0020)-th image... ['/home/otto.tavares/public/iltbi/train/images/santa_casa_pares/20220317_155520_0.png']
processing (0025)-th image... ['/home/otto.tavares/public/iltbi/train/images/santa_casa_pares/20220317_163126_0.png']
processing (0030)-th image... ['/home/otto.tavares/public/iltbi/train/images/santa_casa_pares/20220317_170424_0.png']
processing (0035)-th image... ['/home/otto.tavares/public/iltbi/train/images/santa_casa_pares/20220317_181626_0.png']
processing (0040)-th image... ['/home/otto.tavares/public/iltbi/train/images/santa_casa_pares/IMG_5509_0.png']
                 images    gauss  ... all_together target
0   20220315_184023.jpg      seg  ...          seg      0
1   20220315_184432.jpg      seg  ...          seg      0
2   20220315_184701.jpg  not seg  ...          seg      0
3   20220315_184740.jpg      seg  ...          seg      0
4   20220315_185230.jpg      seg  ...          seg      0
..                  ...      ...  ...          ...    ...
83         IMG_5503.JPG  not seg  ...      not seg      0
84         IMG_5505.JPG      seg  ...          seg      0
85         IMG_5507.JPG      seg  ...          seg      0
86         IMG_5509.JPG      seg  ...          seg      0
87         IMG_5604.JPG      seg  ...          seg      0

[88 rows x 5 columns]
bins selected for val: [1, 2, 3, 4, 5, 6, 7, 8, 9]
bins selected for val: [0, 2, 3, 4, 5, 6, 7, 8, 9]
bins selected for val: [0, 1, 3, 4, 5, 6, 7, 8, 9]
bins selected for val: [0, 1, 2, 4, 5, 6, 7, 8, 9]
bins selected for val: [0, 1, 2, 3, 5, 6, 7, 8, 9]
bins selected for val: [0, 1, 2, 3, 4, 6, 7, 8, 9]
bins selected for val: [0, 1, 2, 3, 4, 5, 7, 8, 9]
bins selected for val: [0, 1, 2, 3, 4, 5, 6, 8, 9]
bins selected for val: [0, 1, 2, 3, 4, 5, 6, 7, 9]
bins selected for val: [0, 1, 2, 3, 4, 5, 6, 7, 8]
Generating ILTBI TRAIN data: 38 imgs
dataset [SantaCasaSkfold2generatorDataset] was created
initialize network with normal
model [TestModel] was created
loading the model from /home/otto.tavares/public/iltbi/rxpixp2pixcycle/checkpoints/./santacasa_test_1_sort_7/latest_net_G.pth
---------- Networks initialized -------------
[Network G] Total number of parameters : 54.414 M
-----------------------------------------------
creating web directory /home/otto.tavares/public/iltbi/rxpixp2pixcycle/versions/v1/user.otavares.SantaCasa.pix2pix.v1_iltbi.r1/1aPRODUCAO/./results/santacasa_test_1_sort_7/TRAIN/
processing (0000)-th image... ['/home/otto.tavares/public/iltbi/train/images/santa_casa_pares/20220315_184023_0.png']
processing (0005)-th image... ['/home/otto.tavares/public/iltbi/train/images/santa_casa_pares/20220315_185645_0.png']
processing (0010)-th image... ['/home/otto.tavares/public/iltbi/train/images/santa_casa_pares/20220315_192525_0.png']
processing (0015)-th image... ['/home/otto.tavares/public/iltbi/train/images/santa_casa_pares/20220317_152741_0.png']
processing (0020)-th image... ['/home/otto.tavares/public/iltbi/train/images/santa_casa_pares/20220317_160343_0.png']
processing (0025)-th image... ['/home/otto.tavares/public/iltbi/train/images/santa_casa_pares/20220317_165555_0.png']
processing (0030)-th image... ['/home/otto.tavares/public/iltbi/train/images/santa_casa_pares/20220317_181158_0.png']
processing (0035)-th image... ['/home/otto.tavares/public/iltbi/train/images/santa_casa_pares/IMG_5507_0.png']
                 images    gauss  ... all_together target
0   20220315_184023.jpg      seg  ...          seg      0
1   20220315_184432.jpg      seg  ...          seg      0
2   20220315_184701.jpg  not seg  ...          seg      0
3   20220315_184740.jpg      seg  ...          seg      0
4   20220315_185230.jpg      seg  ...          seg      0
..                  ...      ...  ...          ...    ...
83         IMG_5503.JPG  not seg  ...      not seg      0
84         IMG_5505.JPG      seg  ...          seg      0
85         IMG_5507.JPG      seg  ...          seg      0
86         IMG_5509.JPG      seg  ...          seg      0
87         IMG_5604.JPG      seg  ...          seg      0

[88 rows x 5 columns]
bins selected for val: [1, 2, 3, 4, 5, 6, 7, 8, 9]
bins selected for val: [0, 2, 3, 4, 5, 6, 7, 8, 9]
bins selected for val: [0, 1, 3, 4, 5, 6, 7, 8, 9]
bins selected for val: [0, 1, 2, 4, 5, 6, 7, 8, 9]
bins selected for val: [0, 1, 2, 3, 5, 6, 7, 8, 9]
bins selected for val: [0, 1, 2, 3, 4, 6, 7, 8, 9]
bins selected for val: [0, 1, 2, 3, 4, 5, 7, 8, 9]
bins selected for val: [0, 1, 2, 3, 4, 5, 6, 8, 9]
bins selected for val: [0, 1, 2, 3, 4, 5, 6, 7, 9]
bins selected for val: [0, 1, 2, 3, 4, 5, 6, 7, 8]
Generating ILTBI TRAIN data: 42 imgs
dataset [SantaCasaSkfold2generatorDataset] was created
initialize network with normal
model [TestModel] was created
loading the model from /home/otto.tavares/public/iltbi/rxpixp2pixcycle/checkpoints/./santacasa_test_1_sort_8/latest_net_G.pth
---------- Networks initialized -------------
[Network G] Total number of parameters : 54.414 M
-----------------------------------------------
creating web directory /home/otto.tavares/public/iltbi/rxpixp2pixcycle/versions/v1/user.otavares.SantaCasa.pix2pix.v1_iltbi.r1/1aPRODUCAO/./results/santacasa_test_1_sort_8/TRAIN/
processing (0000)-th image... ['/home/otto.tavares/public/iltbi/train/images/santa_casa_pares/20220315_184023_0.png']
processing (0005)-th image... ['/home/otto.tavares/public/iltbi/train/images/santa_casa_pares/20220315_185645_0.png']
processing (0010)-th image... ['/home/otto.tavares/public/iltbi/train/images/santa_casa_pares/20220315_192525_0.png']
processing (0015)-th image... ['/home/otto.tavares/public/iltbi/train/images/santa_casa_pares/20220317_152019_0.png']
processing (0020)-th image... ['/home/otto.tavares/public/iltbi/train/images/santa_casa_pares/20220317_160237_0.png']
processing (0025)-th image... ['/home/otto.tavares/public/iltbi/train/images/santa_casa_pares/20220317_164454_0.png']
processing (0030)-th image... ['/home/otto.tavares/public/iltbi/train/images/santa_casa_pares/20220317_171250_0.png']
processing (0035)-th image... ['/home/otto.tavares/public/iltbi/train/images/santa_casa_pares/IMG_5303_0.png']
processing (0040)-th image... ['/home/otto.tavares/public/iltbi/train/images/santa_casa_pares/IMG_5509_0.png']
                 images    gauss  ... all_together target
0   20220315_184023.jpg      seg  ...          seg      0
1   20220315_184432.jpg      seg  ...          seg      0
2   20220315_184701.jpg  not seg  ...          seg      0
3   20220315_184740.jpg      seg  ...          seg      0
4   20220315_185230.jpg      seg  ...          seg      0
..                  ...      ...  ...          ...    ...
83         IMG_5503.JPG  not seg  ...      not seg      0
84         IMG_5505.JPG      seg  ...          seg      0
85         IMG_5507.JPG      seg  ...          seg      0
86         IMG_5509.JPG      seg  ...          seg      0
87         IMG_5604.JPG      seg  ...          seg      0

[88 rows x 5 columns]
bins selected for val: [1, 2, 3, 4, 5, 6, 7, 8, 9]
bins selected for val: [0, 2, 3, 4, 5, 6, 7, 8, 9]
bins selected for val: [0, 1, 3, 4, 5, 6, 7, 8, 9]
bins selected for val: [0, 1, 2, 4, 5, 6, 7, 8, 9]
bins selected for val: [0, 1, 2, 3, 5, 6, 7, 8, 9]
bins selected for val: [0, 1, 2, 3, 4, 6, 7, 8, 9]
bins selected for val: [0, 1, 2, 3, 4, 5, 7, 8, 9]
bins selected for val: [0, 1, 2, 3, 4, 5, 6, 8, 9]
bins selected for val: [0, 1, 2, 3, 4, 5, 6, 7, 9]
bins selected for val: [0, 1, 2, 3, 4, 5, 6, 7, 8]
Generating ILTBI TRAIN data: 40 imgs
dataset [SantaCasaSkfold2generatorDataset] was created
initialize network with normal
model [TestModel] was created
loading the model from /home/otto.tavares/public/iltbi/rxpixp2pixcycle/checkpoints/./santacasa_test_2_sort_0/latest_net_G.pth
---------- Networks initialized -------------
[Network G] Total number of parameters : 54.414 M
-----------------------------------------------
creating web directory /home/otto.tavares/public/iltbi/rxpixp2pixcycle/versions/v1/user.otavares.SantaCasa.pix2pix.v1_iltbi.r1/1aPRODUCAO/./results/santacasa_test_2_sort_0/TRAIN/
processing (0000)-th image... ['/home/otto.tavares/public/iltbi/train/images/santa_casa_pares/20220315_184023_0.png']
processing (0005)-th image... ['/home/otto.tavares/public/iltbi/train/images/santa_casa_pares/20220315_185645_0.png']
processing (0010)-th image... ['/home/otto.tavares/public/iltbi/train/images/santa_casa_pares/20220315_192525_0.png']
processing (0015)-th image... ['/home/otto.tavares/public/iltbi/train/images/santa_casa_pares/20220317_151653_0.png']
processing (0020)-th image... ['/home/otto.tavares/public/iltbi/train/images/santa_casa_pares/20220317_154454_0.png']
processing (0025)-th image... ['/home/otto.tavares/public/iltbi/train/images/santa_casa_pares/20220317_164823_0.png']
processing (0030)-th image... ['/home/otto.tavares/public/iltbi/train/images/santa_casa_pares/20220317_171901_0.png']
processing (0035)-th image... ['/home/otto.tavares/public/iltbi/train/images/santa_casa_pares/IMG_5501_0.png']
                 images    gauss  ... all_together target
0   20220315_184023.jpg      seg  ...          seg      0
1   20220315_184432.jpg      seg  ...          seg      0
2   20220315_184701.jpg  not seg  ...          seg      0
3   20220315_184740.jpg      seg  ...          seg      0
4   20220315_185230.jpg      seg  ...          seg      0
..                  ...      ...  ...          ...    ...
83         IMG_5503.JPG  not seg  ...      not seg      0
84         IMG_5505.JPG      seg  ...          seg      0
85         IMG_5507.JPG      seg  ...          seg      0
86         IMG_5509.JPG      seg  ...          seg      0
87         IMG_5604.JPG      seg  ...          seg      0

[88 rows x 5 columns]
bins selected for val: [1, 2, 3, 4, 5, 6, 7, 8, 9]
bins selected for val: [0, 2, 3, 4, 5, 6, 7, 8, 9]
bins selected for val: [0, 1, 3, 4, 5, 6, 7, 8, 9]
bins selected for val: [0, 1, 2, 4, 5, 6, 7, 8, 9]
bins selected for val: [0, 1, 2, 3, 5, 6, 7, 8, 9]
bins selected for val: [0, 1, 2, 3, 4, 6, 7, 8, 9]
bins selected for val: [0, 1, 2, 3, 4, 5, 7, 8, 9]
bins selected for val: [0, 1, 2, 3, 4, 5, 6, 8, 9]
bins selected for val: [0, 1, 2, 3, 4, 5, 6, 7, 9]
bins selected for val: [0, 1, 2, 3, 4, 5, 6, 7, 8]
Generating ILTBI TRAIN data: 39 imgs
dataset [SantaCasaSkfold2generatorDataset] was created
initialize network with normal
model [TestModel] was created
loading the model from /home/otto.tavares/public/iltbi/rxpixp2pixcycle/checkpoints/./santacasa_test_2_sort_1/latest_net_G.pth
---------- Networks initialized -------------
[Network G] Total number of parameters : 54.414 M
-----------------------------------------------
creating web directory /home/otto.tavares/public/iltbi/rxpixp2pixcycle/versions/v1/user.otavares.SantaCasa.pix2pix.v1_iltbi.r1/1aPRODUCAO/./results/santacasa_test_2_sort_1/TRAIN/
processing (0000)-th image... ['/home/otto.tavares/public/iltbi/train/images/santa_casa_pares/20220315_184023_0.png']
processing (0005)-th image... ['/home/otto.tavares/public/iltbi/train/images/santa_casa_pares/20220315_185809_0.png']
processing (0010)-th image... ['/home/otto.tavares/public/iltbi/train/images/santa_casa_pares/20220315_192525_0.png']
processing (0015)-th image... ['/home/otto.tavares/public/iltbi/train/images/santa_casa_pares/20220317_151737_0.png']
processing (0020)-th image... ['/home/otto.tavares/public/iltbi/train/images/santa_casa_pares/20220317_155520_0.png']
processing (0025)-th image... ['/home/otto.tavares/public/iltbi/train/images/santa_casa_pares/20220317_164823_0.png']
processing (0030)-th image... ['/home/otto.tavares/public/iltbi/train/images/santa_casa_pares/20220317_181158_0.png']
processing (0035)-th image... ['/home/otto.tavares/public/iltbi/train/images/santa_casa_pares/IMG_5501_0.png']
                 images    gauss  ... all_together target
0   20220315_184023.jpg      seg  ...          seg      0
1   20220315_184432.jpg      seg  ...          seg      0
2   20220315_184701.jpg  not seg  ...          seg      0
3   20220315_184740.jpg      seg  ...          seg      0
4   20220315_185230.jpg      seg  ...          seg      0
..                  ...      ...  ...          ...    ...
83         IMG_5503.JPG  not seg  ...      not seg      0
84         IMG_5505.JPG      seg  ...          seg      0
85         IMG_5507.JPG      seg  ...          seg      0
86         IMG_5509.JPG      seg  ...          seg      0
87         IMG_5604.JPG      seg  ...          seg      0

[88 rows x 5 columns]
bins selected for val: [1, 2, 3, 4, 5, 6, 7, 8, 9]
bins selected for val: [0, 2, 3, 4, 5, 6, 7, 8, 9]
bins selected for val: [0, 1, 3, 4, 5, 6, 7, 8, 9]
bins selected for val: [0, 1, 2, 4, 5, 6, 7, 8, 9]
bins selected for val: [0, 1, 2, 3, 5, 6, 7, 8, 9]
bins selected for val: [0, 1, 2, 3, 4, 6, 7, 8, 9]
bins selected for val: [0, 1, 2, 3, 4, 5, 7, 8, 9]
bins selected for val: [0, 1, 2, 3, 4, 5, 6, 8, 9]
bins selected for val: [0, 1, 2, 3, 4, 5, 6, 7, 9]
bins selected for val: [0, 1, 2, 3, 4, 5, 6, 7, 8]
Generating ILTBI TRAIN data: 36 imgs
dataset [SantaCasaSkfold2generatorDataset] was created
initialize network with normal
model [TestModel] was created
loading the model from /home/otto.tavares/public/iltbi/rxpixp2pixcycle/checkpoints/./santacasa_test_2_sort_2/latest_net_G.pth
---------- Networks initialized -------------
[Network G] Total number of parameters : 54.414 M
-----------------------------------------------
creating web directory /home/otto.tavares/public/iltbi/rxpixp2pixcycle/versions/v1/user.otavares.SantaCasa.pix2pix.v1_iltbi.r1/1aPRODUCAO/./results/santacasa_test_2_sort_2/TRAIN/
processing (0000)-th image... ['/home/otto.tavares/public/iltbi/train/images/santa_casa_pares/20220315_184023_0.png']
processing (0005)-th image... ['/home/otto.tavares/public/iltbi/train/images/santa_casa_pares/20220315_185645_0.png']
processing (0010)-th image... ['/home/otto.tavares/public/iltbi/train/images/santa_casa_pares/20220315_192319_0.png']
processing (0015)-th image... ['/home/otto.tavares/public/iltbi/train/images/santa_casa_pares/20220317_151653_0.png']
processing (0020)-th image... ['/home/otto.tavares/public/iltbi/train/images/santa_casa_pares/20220317_155520_0.png']
processing (0025)-th image... ['/home/otto.tavares/public/iltbi/train/images/santa_casa_pares/20220317_165249_0.png']
processing (0030)-th image... ['/home/otto.tavares/public/iltbi/train/images/santa_casa_pares/20220317_181158_0.png']
processing (0035)-th image... ['/home/otto.tavares/public/iltbi/train/images/santa_casa_pares/IMG_5604_0.png']
                 images    gauss  ... all_together target
0   20220315_184023.jpg      seg  ...          seg      0
1   20220315_184432.jpg      seg  ...          seg      0
2   20220315_184701.jpg  not seg  ...          seg      0
3   20220315_184740.jpg      seg  ...          seg      0
4   20220315_185230.jpg      seg  ...          seg      0
..                  ...      ...  ...          ...    ...
83         IMG_5503.JPG  not seg  ...      not seg      0
84         IMG_5505.JPG      seg  ...          seg      0
85         IMG_5507.JPG      seg  ...          seg      0
86         IMG_5509.JPG      seg  ...          seg      0
87         IMG_5604.JPG      seg  ...          seg      0

[88 rows x 5 columns]
bins selected for val: [1, 2, 3, 4, 5, 6, 7, 8, 9]
bins selected for val: [0, 2, 3, 4, 5, 6, 7, 8, 9]
bins selected for val: [0, 1, 3, 4, 5, 6, 7, 8, 9]
bins selected for val: [0, 1, 2, 4, 5, 6, 7, 8, 9]
bins selected for val: [0, 1, 2, 3, 5, 6, 7, 8, 9]
bins selected for val: [0, 1, 2, 3, 4, 6, 7, 8, 9]
bins selected for val: [0, 1, 2, 3, 4, 5, 7, 8, 9]
bins selected for val: [0, 1, 2, 3, 4, 5, 6, 8, 9]
bins selected for val: [0, 1, 2, 3, 4, 5, 6, 7, 9]
bins selected for val: [0, 1, 2, 3, 4, 5, 6, 7, 8]
