usage: generate_synth.py [-h] --dataroot DATAROOT [--name NAME]
                         [--project PROJECT] [--wandb_entity WANDB_ENTITY]
                         [--token TOKEN] [--download_imgs] [--use_wandb]
                         [--is_resume_wandb IS_RESUME_WANDB]
                         [--wandb_fold_id WANDB_FOLD_ID] [--gpu_ids GPU_IDS]
                         [--checkpoints_dir CHECKPOINTS_DIR] [--seed SEED]
                         [--n_folds N_FOLDS] [--test TEST] [--sort SORT]
                         [--job JOB] [--model MODEL] [--input_nc INPUT_NC]
                         [--output_nc OUTPUT_NC] [--ngf NGF] [--ndf NDF]
                         [--netD NETD] [--netG NETG] [--n_layers_D N_LAYERS_D]
                         [--norm NORM] [--init_type INIT_TYPE]
                         [--init_gain INIT_GAIN] [--no_dropout]
                         [--dataset_download_dir DATASET_DOWNLOAD_DIR]
                         [--dataset_name DATASET_NAME]
                         [--dataset_mode DATASET_MODE]
                         [--dataset_action DATASET_ACTION]
                         [--custom_images_path CUSTOM_IMAGES_PATH]
                         [--custom_masks_path CUSTOM_MASKS_PATH]
                         [--custom_paired_path CUSTOM_PAIRED_PATH]
                         [--generate_paths_data_csv GENERATE_PATHS_DATA_CSV]
                         [--direction DIRECTION] [--serial_batches]
                         [--num_threads NUM_THREADS] [--batch_size BATCH_SIZE]
                         [--load_size LOAD_SIZE] [--crop_size CROP_SIZE]
                         [--max_dataset_size MAX_DATASET_SIZE]
                         [--preprocess PREPROCESS] [--no_flip]
                         [--display_winsize DISPLAY_WINSIZE] [--epoch EPOCH]
                         [--load_iter LOAD_ITER] [--verbose] [--suffix SUFFIX]
                         [--isTB] [--results_dir RESULTS_DIR]
                         [--aspect_ratio ASPECT_RATIO] [--phase PHASE]
                         [--eval] [--num_test NUM_TEST]
                         [--display_port DISPLAY_PORT] [--gen_train_dataset]
                         [--gen_val_dataset] [--gen_test_dataset]
generate_synth.py: error: argument --name: expected one argument
